[2026-03-26T22:45:50.934+0000] {processor.py:161} INFO - Started process (PID=79) to work on /home/airflow/.local/lib/python3.8/site-packages/airflow/example_dags/example_short_circuit_operator.py
[2026-03-26T22:45:50.935+0000] {processor.py:830} INFO - Processing file /home/airflow/.local/lib/python3.8/site-packages/airflow/example_dags/example_short_circuit_operator.py for tasks to queue
[2026-03-26T22:45:50.936+0000] {logging_mixin.py:188} INFO - [2026-03-26T22:45:50.936+0000] {dagbag.py:538} INFO - Filling up the DagBag from /home/airflow/.local/lib/python3.8/site-packages/airflow/example_dags/example_short_circuit_operator.py
[2026-03-26T22:45:50.942+0000] {processor.py:840} INFO - DAG(s) 'example_short_circuit_operator' retrieved from /home/airflow/.local/lib/python3.8/site-packages/airflow/example_dags/example_short_circuit_operator.py
[2026-03-26T22:45:50.950+0000] {logging_mixin.py:188} INFO - [2026-03-26T22:45:50.949+0000] {dag.py:3036} INFO - Sync 1 DAGs
[2026-03-26T22:45:50.963+0000] {logging_mixin.py:188} INFO - [2026-03-26T22:45:50.962+0000] {dag.py:3823} INFO - Setting next_dagrun for example_short_circuit_operator to 2026-03-25 00:00:00+00:00, run_after=2026-03-26 00:00:00+00:00
[2026-03-26T22:45:50.977+0000] {processor.py:183} INFO - Processing /home/airflow/.local/lib/python3.8/site-packages/airflow/example_dags/example_short_circuit_operator.py took 0.045 seconds
[2026-03-26T22:46:23.459+0000] {processor.py:161} INFO - Started process (PID=134) to work on /home/airflow/.local/lib/python3.8/site-packages/airflow/example_dags/example_short_circuit_operator.py
[2026-03-26T22:46:23.460+0000] {processor.py:830} INFO - Processing file /home/airflow/.local/lib/python3.8/site-packages/airflow/example_dags/example_short_circuit_operator.py for tasks to queue
[2026-03-26T22:46:23.461+0000] {logging_mixin.py:188} INFO - [2026-03-26T22:46:23.461+0000] {dagbag.py:538} INFO - Filling up the DagBag from /home/airflow/.local/lib/python3.8/site-packages/airflow/example_dags/example_short_circuit_operator.py
[2026-03-26T22:46:23.466+0000] {processor.py:840} INFO - DAG(s) 'example_short_circuit_operator' retrieved from /home/airflow/.local/lib/python3.8/site-packages/airflow/example_dags/example_short_circuit_operator.py
[2026-03-26T22:46:23.523+0000] {logging_mixin.py:188} INFO - [2026-03-26T22:46:23.523+0000] {dag.py:3036} INFO - Sync 1 DAGs
[2026-03-26T22:46:23.533+0000] {logging_mixin.py:188} INFO - [2026-03-26T22:46:23.533+0000] {dag.py:3823} INFO - Setting next_dagrun for example_short_circuit_operator to 2026-03-25 00:00:00+00:00, run_after=2026-03-26 00:00:00+00:00
[2026-03-26T22:46:23.544+0000] {processor.py:183} INFO - Processing /home/airflow/.local/lib/python3.8/site-packages/airflow/example_dags/example_short_circuit_operator.py took 0.088 seconds
[2026-03-26T22:46:53.613+0000] {processor.py:161} INFO - Started process (PID=189) to work on /home/airflow/.local/lib/python3.8/site-packages/airflow/example_dags/example_short_circuit_operator.py
[2026-03-26T22:46:53.614+0000] {processor.py:830} INFO - Processing file /home/airflow/.local/lib/python3.8/site-packages/airflow/example_dags/example_short_circuit_operator.py for tasks to queue
[2026-03-26T22:46:53.615+0000] {logging_mixin.py:188} INFO - [2026-03-26T22:46:53.615+0000] {dagbag.py:538} INFO - Filling up the DagBag from /home/airflow/.local/lib/python3.8/site-packages/airflow/example_dags/example_short_circuit_operator.py
[2026-03-26T22:46:53.620+0000] {processor.py:840} INFO - DAG(s) 'example_short_circuit_operator' retrieved from /home/airflow/.local/lib/python3.8/site-packages/airflow/example_dags/example_short_circuit_operator.py
[2026-03-26T22:46:53.635+0000] {logging_mixin.py:188} INFO - [2026-03-26T22:46:53.635+0000] {dag.py:3036} INFO - Sync 1 DAGs
[2026-03-26T22:46:53.648+0000] {logging_mixin.py:188} INFO - [2026-03-26T22:46:53.647+0000] {dag.py:3823} INFO - Setting next_dagrun for example_short_circuit_operator to 2026-03-25 00:00:00+00:00, run_after=2026-03-26 00:00:00+00:00
[2026-03-26T22:46:53.660+0000] {processor.py:183} INFO - Processing /home/airflow/.local/lib/python3.8/site-packages/airflow/example_dags/example_short_circuit_operator.py took 0.049 seconds
[2026-03-26T22:47:24.384+0000] {processor.py:161} INFO - Started process (PID=250) to work on /home/airflow/.local/lib/python3.8/site-packages/airflow/example_dags/example_short_circuit_operator.py
[2026-03-26T22:47:24.452+0000] {processor.py:830} INFO - Processing file /home/airflow/.local/lib/python3.8/site-packages/airflow/example_dags/example_short_circuit_operator.py for tasks to queue
[2026-03-26T22:47:24.454+0000] {logging_mixin.py:188} INFO - [2026-03-26T22:47:24.454+0000] {dagbag.py:538} INFO - Filling up the DagBag from /home/airflow/.local/lib/python3.8/site-packages/airflow/example_dags/example_short_circuit_operator.py
[2026-03-26T22:47:24.460+0000] {processor.py:840} INFO - DAG(s) 'example_short_circuit_operator' retrieved from /home/airflow/.local/lib/python3.8/site-packages/airflow/example_dags/example_short_circuit_operator.py
[2026-03-26T22:47:24.479+0000] {logging_mixin.py:188} INFO - [2026-03-26T22:47:24.479+0000] {dag.py:3036} INFO - Sync 1 DAGs
[2026-03-26T22:47:24.491+0000] {logging_mixin.py:188} INFO - [2026-03-26T22:47:24.491+0000] {dag.py:3823} INFO - Setting next_dagrun for example_short_circuit_operator to 2026-03-25 00:00:00+00:00, run_after=2026-03-26 00:00:00+00:00
[2026-03-26T22:47:24.502+0000] {processor.py:183} INFO - Processing /home/airflow/.local/lib/python3.8/site-packages/airflow/example_dags/example_short_circuit_operator.py took 0.120 seconds
[2026-03-26T22:47:55.039+0000] {processor.py:161} INFO - Started process (PID=305) to work on /home/airflow/.local/lib/python3.8/site-packages/airflow/example_dags/example_short_circuit_operator.py
[2026-03-26T22:47:55.040+0000] {processor.py:830} INFO - Processing file /home/airflow/.local/lib/python3.8/site-packages/airflow/example_dags/example_short_circuit_operator.py for tasks to queue
[2026-03-26T22:47:55.041+0000] {logging_mixin.py:188} INFO - [2026-03-26T22:47:55.041+0000] {dagbag.py:538} INFO - Filling up the DagBag from /home/airflow/.local/lib/python3.8/site-packages/airflow/example_dags/example_short_circuit_operator.py
[2026-03-26T22:47:55.048+0000] {processor.py:840} INFO - DAG(s) 'example_short_circuit_operator' retrieved from /home/airflow/.local/lib/python3.8/site-packages/airflow/example_dags/example_short_circuit_operator.py
[2026-03-26T22:47:55.062+0000] {logging_mixin.py:188} INFO - [2026-03-26T22:47:55.062+0000] {dag.py:3036} INFO - Sync 1 DAGs
[2026-03-26T22:47:55.073+0000] {logging_mixin.py:188} INFO - [2026-03-26T22:47:55.073+0000] {dag.py:3823} INFO - Setting next_dagrun for example_short_circuit_operator to 2026-03-25 00:00:00+00:00, run_after=2026-03-26 00:00:00+00:00
[2026-03-26T22:47:55.083+0000] {processor.py:183} INFO - Processing /home/airflow/.local/lib/python3.8/site-packages/airflow/example_dags/example_short_circuit_operator.py took 0.046 seconds
[2026-03-26T22:48:25.587+0000] {processor.py:161} INFO - Started process (PID=359) to work on /home/airflow/.local/lib/python3.8/site-packages/airflow/example_dags/example_short_circuit_operator.py
[2026-03-26T22:48:25.588+0000] {processor.py:830} INFO - Processing file /home/airflow/.local/lib/python3.8/site-packages/airflow/example_dags/example_short_circuit_operator.py for tasks to queue
[2026-03-26T22:48:25.589+0000] {logging_mixin.py:188} INFO - [2026-03-26T22:48:25.589+0000] {dagbag.py:538} INFO - Filling up the DagBag from /home/airflow/.local/lib/python3.8/site-packages/airflow/example_dags/example_short_circuit_operator.py
[2026-03-26T22:48:25.595+0000] {processor.py:840} INFO - DAG(s) 'example_short_circuit_operator' retrieved from /home/airflow/.local/lib/python3.8/site-packages/airflow/example_dags/example_short_circuit_operator.py
[2026-03-26T22:48:25.611+0000] {logging_mixin.py:188} INFO - [2026-03-26T22:48:25.610+0000] {dag.py:3036} INFO - Sync 1 DAGs
[2026-03-26T22:48:25.622+0000] {logging_mixin.py:188} INFO - [2026-03-26T22:48:25.622+0000] {dag.py:3823} INFO - Setting next_dagrun for example_short_circuit_operator to 2026-03-25 00:00:00+00:00, run_after=2026-03-26 00:00:00+00:00
[2026-03-26T22:48:25.633+0000] {processor.py:183} INFO - Processing /home/airflow/.local/lib/python3.8/site-packages/airflow/example_dags/example_short_circuit_operator.py took 0.048 seconds
[2026-03-26T22:48:56.112+0000] {processor.py:161} INFO - Started process (PID=414) to work on /home/airflow/.local/lib/python3.8/site-packages/airflow/example_dags/example_short_circuit_operator.py
[2026-03-26T22:48:56.113+0000] {processor.py:830} INFO - Processing file /home/airflow/.local/lib/python3.8/site-packages/airflow/example_dags/example_short_circuit_operator.py for tasks to queue
[2026-03-26T22:48:56.114+0000] {logging_mixin.py:188} INFO - [2026-03-26T22:48:56.113+0000] {dagbag.py:538} INFO - Filling up the DagBag from /home/airflow/.local/lib/python3.8/site-packages/airflow/example_dags/example_short_circuit_operator.py
[2026-03-26T22:48:56.118+0000] {processor.py:840} INFO - DAG(s) 'example_short_circuit_operator' retrieved from /home/airflow/.local/lib/python3.8/site-packages/airflow/example_dags/example_short_circuit_operator.py
[2026-03-26T22:48:56.142+0000] {logging_mixin.py:188} INFO - [2026-03-26T22:48:56.142+0000] {dag.py:3036} INFO - Sync 1 DAGs
[2026-03-26T22:48:56.154+0000] {logging_mixin.py:188} INFO - [2026-03-26T22:48:56.154+0000] {dag.py:3823} INFO - Setting next_dagrun for example_short_circuit_operator to 2026-03-25 00:00:00+00:00, run_after=2026-03-26 00:00:00+00:00
[2026-03-26T22:48:56.164+0000] {processor.py:183} INFO - Processing /home/airflow/.local/lib/python3.8/site-packages/airflow/example_dags/example_short_circuit_operator.py took 0.054 seconds
[2026-03-26T22:49:26.631+0000] {processor.py:161} INFO - Started process (PID=468) to work on /home/airflow/.local/lib/python3.8/site-packages/airflow/example_dags/example_short_circuit_operator.py
[2026-03-26T22:49:26.632+0000] {processor.py:830} INFO - Processing file /home/airflow/.local/lib/python3.8/site-packages/airflow/example_dags/example_short_circuit_operator.py for tasks to queue
[2026-03-26T22:49:26.633+0000] {logging_mixin.py:188} INFO - [2026-03-26T22:49:26.633+0000] {dagbag.py:538} INFO - Filling up the DagBag from /home/airflow/.local/lib/python3.8/site-packages/airflow/example_dags/example_short_circuit_operator.py
[2026-03-26T22:49:26.638+0000] {processor.py:840} INFO - DAG(s) 'example_short_circuit_operator' retrieved from /home/airflow/.local/lib/python3.8/site-packages/airflow/example_dags/example_short_circuit_operator.py
[2026-03-26T22:49:26.652+0000] {logging_mixin.py:188} INFO - [2026-03-26T22:49:26.652+0000] {dag.py:3036} INFO - Sync 1 DAGs
[2026-03-26T22:49:26.664+0000] {logging_mixin.py:188} INFO - [2026-03-26T22:49:26.664+0000] {dag.py:3823} INFO - Setting next_dagrun for example_short_circuit_operator to 2026-03-25 00:00:00+00:00, run_after=2026-03-26 00:00:00+00:00
[2026-03-26T22:49:26.675+0000] {processor.py:183} INFO - Processing /home/airflow/.local/lib/python3.8/site-packages/airflow/example_dags/example_short_circuit_operator.py took 0.046 seconds
[2026-03-26T22:49:57.094+0000] {processor.py:161} INFO - Started process (PID=523) to work on /home/airflow/.local/lib/python3.8/site-packages/airflow/example_dags/example_short_circuit_operator.py
[2026-03-26T22:49:57.095+0000] {processor.py:830} INFO - Processing file /home/airflow/.local/lib/python3.8/site-packages/airflow/example_dags/example_short_circuit_operator.py for tasks to queue
[2026-03-26T22:49:57.096+0000] {logging_mixin.py:188} INFO - [2026-03-26T22:49:57.096+0000] {dagbag.py:538} INFO - Filling up the DagBag from /home/airflow/.local/lib/python3.8/site-packages/airflow/example_dags/example_short_circuit_operator.py
[2026-03-26T22:49:57.100+0000] {processor.py:840} INFO - DAG(s) 'example_short_circuit_operator' retrieved from /home/airflow/.local/lib/python3.8/site-packages/airflow/example_dags/example_short_circuit_operator.py
[2026-03-26T22:49:57.114+0000] {logging_mixin.py:188} INFO - [2026-03-26T22:49:57.114+0000] {dag.py:3036} INFO - Sync 1 DAGs
[2026-03-26T22:49:57.126+0000] {logging_mixin.py:188} INFO - [2026-03-26T22:49:57.126+0000] {dag.py:3823} INFO - Setting next_dagrun for example_short_circuit_operator to 2026-03-25 00:00:00+00:00, run_after=2026-03-26 00:00:00+00:00
[2026-03-26T22:49:57.136+0000] {processor.py:183} INFO - Processing /home/airflow/.local/lib/python3.8/site-packages/airflow/example_dags/example_short_circuit_operator.py took 0.044 seconds
[2026-03-26T22:50:27.752+0000] {processor.py:161} INFO - Started process (PID=578) to work on /home/airflow/.local/lib/python3.8/site-packages/airflow/example_dags/example_short_circuit_operator.py
[2026-03-26T22:50:27.753+0000] {processor.py:830} INFO - Processing file /home/airflow/.local/lib/python3.8/site-packages/airflow/example_dags/example_short_circuit_operator.py for tasks to queue
[2026-03-26T22:50:27.754+0000] {logging_mixin.py:188} INFO - [2026-03-26T22:50:27.754+0000] {dagbag.py:538} INFO - Filling up the DagBag from /home/airflow/.local/lib/python3.8/site-packages/airflow/example_dags/example_short_circuit_operator.py
[2026-03-26T22:50:27.759+0000] {processor.py:840} INFO - DAG(s) 'example_short_circuit_operator' retrieved from /home/airflow/.local/lib/python3.8/site-packages/airflow/example_dags/example_short_circuit_operator.py
[2026-03-26T22:50:27.772+0000] {logging_mixin.py:188} INFO - [2026-03-26T22:50:27.772+0000] {dag.py:3036} INFO - Sync 1 DAGs
[2026-03-26T22:50:27.783+0000] {logging_mixin.py:188} INFO - [2026-03-26T22:50:27.783+0000] {dag.py:3823} INFO - Setting next_dagrun for example_short_circuit_operator to 2026-03-25 00:00:00+00:00, run_after=2026-03-26 00:00:00+00:00
[2026-03-26T22:50:27.794+0000] {processor.py:183} INFO - Processing /home/airflow/.local/lib/python3.8/site-packages/airflow/example_dags/example_short_circuit_operator.py took 0.044 seconds
[2026-03-26T22:50:58.611+0000] {processor.py:161} INFO - Started process (PID=633) to work on /home/airflow/.local/lib/python3.8/site-packages/airflow/example_dags/example_short_circuit_operator.py
[2026-03-26T22:50:58.611+0000] {processor.py:830} INFO - Processing file /home/airflow/.local/lib/python3.8/site-packages/airflow/example_dags/example_short_circuit_operator.py for tasks to queue
[2026-03-26T22:50:58.613+0000] {logging_mixin.py:188} INFO - [2026-03-26T22:50:58.612+0000] {dagbag.py:538} INFO - Filling up the DagBag from /home/airflow/.local/lib/python3.8/site-packages/airflow/example_dags/example_short_circuit_operator.py
[2026-03-26T22:50:58.617+0000] {processor.py:840} INFO - DAG(s) 'example_short_circuit_operator' retrieved from /home/airflow/.local/lib/python3.8/site-packages/airflow/example_dags/example_short_circuit_operator.py
[2026-03-26T22:50:58.632+0000] {logging_mixin.py:188} INFO - [2026-03-26T22:50:58.632+0000] {dag.py:3036} INFO - Sync 1 DAGs
[2026-03-26T22:50:58.644+0000] {logging_mixin.py:188} INFO - [2026-03-26T22:50:58.644+0000] {dag.py:3823} INFO - Setting next_dagrun for example_short_circuit_operator to 2026-03-25 00:00:00+00:00, run_after=2026-03-26 00:00:00+00:00
[2026-03-26T22:50:58.655+0000] {processor.py:183} INFO - Processing /home/airflow/.local/lib/python3.8/site-packages/airflow/example_dags/example_short_circuit_operator.py took 0.046 seconds
[2026-03-26T22:51:29.232+0000] {processor.py:161} INFO - Started process (PID=688) to work on /home/airflow/.local/lib/python3.8/site-packages/airflow/example_dags/example_short_circuit_operator.py
[2026-03-26T22:51:29.233+0000] {processor.py:830} INFO - Processing file /home/airflow/.local/lib/python3.8/site-packages/airflow/example_dags/example_short_circuit_operator.py for tasks to queue
[2026-03-26T22:51:29.234+0000] {logging_mixin.py:188} INFO - [2026-03-26T22:51:29.234+0000] {dagbag.py:538} INFO - Filling up the DagBag from /home/airflow/.local/lib/python3.8/site-packages/airflow/example_dags/example_short_circuit_operator.py
[2026-03-26T22:51:29.239+0000] {processor.py:840} INFO - DAG(s) 'example_short_circuit_operator' retrieved from /home/airflow/.local/lib/python3.8/site-packages/airflow/example_dags/example_short_circuit_operator.py
[2026-03-26T22:51:29.252+0000] {logging_mixin.py:188} INFO - [2026-03-26T22:51:29.252+0000] {dag.py:3036} INFO - Sync 1 DAGs
[2026-03-26T22:51:29.264+0000] {logging_mixin.py:188} INFO - [2026-03-26T22:51:29.264+0000] {dag.py:3823} INFO - Setting next_dagrun for example_short_circuit_operator to 2026-03-25 00:00:00+00:00, run_after=2026-03-26 00:00:00+00:00
[2026-03-26T22:51:29.274+0000] {processor.py:183} INFO - Processing /home/airflow/.local/lib/python3.8/site-packages/airflow/example_dags/example_short_circuit_operator.py took 0.044 seconds
[2026-03-26T22:52:16.550+0000] {processor.py:161} INFO - Started process (PID=79) to work on /home/airflow/.local/lib/python3.8/site-packages/airflow/example_dags/example_short_circuit_operator.py
[2026-03-26T22:52:16.550+0000] {processor.py:830} INFO - Processing file /home/airflow/.local/lib/python3.8/site-packages/airflow/example_dags/example_short_circuit_operator.py for tasks to queue
[2026-03-26T22:52:16.552+0000] {logging_mixin.py:188} INFO - [2026-03-26T22:52:16.552+0000] {dagbag.py:538} INFO - Filling up the DagBag from /home/airflow/.local/lib/python3.8/site-packages/airflow/example_dags/example_short_circuit_operator.py
[2026-03-26T22:52:16.557+0000] {processor.py:840} INFO - DAG(s) 'example_short_circuit_operator' retrieved from /home/airflow/.local/lib/python3.8/site-packages/airflow/example_dags/example_short_circuit_operator.py
[2026-03-26T22:52:16.567+0000] {logging_mixin.py:188} INFO - [2026-03-26T22:52:16.567+0000] {dag.py:3036} INFO - Sync 1 DAGs
[2026-03-26T22:52:16.582+0000] {logging_mixin.py:188} INFO - [2026-03-26T22:52:16.582+0000] {dag.py:3823} INFO - Setting next_dagrun for example_short_circuit_operator to 2026-03-25 00:00:00+00:00, run_after=2026-03-26 00:00:00+00:00
[2026-03-26T22:52:16.594+0000] {processor.py:183} INFO - Processing /home/airflow/.local/lib/python3.8/site-packages/airflow/example_dags/example_short_circuit_operator.py took 0.048 seconds
[2026-03-26T22:52:47.395+0000] {processor.py:161} INFO - Started process (PID=134) to work on /home/airflow/.local/lib/python3.8/site-packages/airflow/example_dags/example_short_circuit_operator.py
[2026-03-26T22:52:47.396+0000] {processor.py:830} INFO - Processing file /home/airflow/.local/lib/python3.8/site-packages/airflow/example_dags/example_short_circuit_operator.py for tasks to queue
[2026-03-26T22:52:47.397+0000] {logging_mixin.py:188} INFO - [2026-03-26T22:52:47.397+0000] {dagbag.py:538} INFO - Filling up the DagBag from /home/airflow/.local/lib/python3.8/site-packages/airflow/example_dags/example_short_circuit_operator.py
[2026-03-26T22:52:47.402+0000] {processor.py:840} INFO - DAG(s) 'example_short_circuit_operator' retrieved from /home/airflow/.local/lib/python3.8/site-packages/airflow/example_dags/example_short_circuit_operator.py
[2026-03-26T22:52:47.459+0000] {logging_mixin.py:188} INFO - [2026-03-26T22:52:47.459+0000] {dag.py:3036} INFO - Sync 1 DAGs
[2026-03-26T22:52:47.470+0000] {logging_mixin.py:188} INFO - [2026-03-26T22:52:47.470+0000] {dag.py:3823} INFO - Setting next_dagrun for example_short_circuit_operator to 2026-03-25 00:00:00+00:00, run_after=2026-03-26 00:00:00+00:00
[2026-03-26T22:52:47.482+0000] {processor.py:183} INFO - Processing /home/airflow/.local/lib/python3.8/site-packages/airflow/example_dags/example_short_circuit_operator.py took 0.089 seconds
[2026-03-26T22:53:18.254+0000] {processor.py:161} INFO - Started process (PID=189) to work on /home/airflow/.local/lib/python3.8/site-packages/airflow/example_dags/example_short_circuit_operator.py
[2026-03-26T22:53:18.255+0000] {processor.py:830} INFO - Processing file /home/airflow/.local/lib/python3.8/site-packages/airflow/example_dags/example_short_circuit_operator.py for tasks to queue
[2026-03-26T22:53:18.256+0000] {logging_mixin.py:188} INFO - [2026-03-26T22:53:18.256+0000] {dagbag.py:538} INFO - Filling up the DagBag from /home/airflow/.local/lib/python3.8/site-packages/airflow/example_dags/example_short_circuit_operator.py
[2026-03-26T22:53:18.261+0000] {processor.py:840} INFO - DAG(s) 'example_short_circuit_operator' retrieved from /home/airflow/.local/lib/python3.8/site-packages/airflow/example_dags/example_short_circuit_operator.py
[2026-03-26T22:53:18.275+0000] {logging_mixin.py:188} INFO - [2026-03-26T22:53:18.275+0000] {dag.py:3036} INFO - Sync 1 DAGs
[2026-03-26T22:53:18.287+0000] {logging_mixin.py:188} INFO - [2026-03-26T22:53:18.287+0000] {dag.py:3823} INFO - Setting next_dagrun for example_short_circuit_operator to 2026-03-25 00:00:00+00:00, run_after=2026-03-26 00:00:00+00:00
[2026-03-26T22:53:18.299+0000] {processor.py:183} INFO - Processing /home/airflow/.local/lib/python3.8/site-packages/airflow/example_dags/example_short_circuit_operator.py took 0.047 seconds
[2026-03-26T22:53:48.829+0000] {processor.py:161} INFO - Started process (PID=244) to work on /home/airflow/.local/lib/python3.8/site-packages/airflow/example_dags/example_short_circuit_operator.py
[2026-03-26T22:53:48.830+0000] {processor.py:830} INFO - Processing file /home/airflow/.local/lib/python3.8/site-packages/airflow/example_dags/example_short_circuit_operator.py for tasks to queue
[2026-03-26T22:53:48.832+0000] {logging_mixin.py:188} INFO - [2026-03-26T22:53:48.831+0000] {dagbag.py:538} INFO - Filling up the DagBag from /home/airflow/.local/lib/python3.8/site-packages/airflow/example_dags/example_short_circuit_operator.py
[2026-03-26T22:53:48.839+0000] {processor.py:840} INFO - DAG(s) 'example_short_circuit_operator' retrieved from /home/airflow/.local/lib/python3.8/site-packages/airflow/example_dags/example_short_circuit_operator.py
[2026-03-26T22:53:48.852+0000] {logging_mixin.py:188} INFO - [2026-03-26T22:53:48.851+0000] {dag.py:3036} INFO - Sync 1 DAGs
[2026-03-26T22:53:48.867+0000] {logging_mixin.py:188} INFO - [2026-03-26T22:53:48.867+0000] {dag.py:3823} INFO - Setting next_dagrun for example_short_circuit_operator to 2026-03-25 00:00:00+00:00, run_after=2026-03-26 00:00:00+00:00
[2026-03-26T22:53:48.878+0000] {processor.py:183} INFO - Processing /home/airflow/.local/lib/python3.8/site-packages/airflow/example_dags/example_short_circuit_operator.py took 0.052 seconds
[2026-03-26T22:54:19.707+0000] {processor.py:161} INFO - Started process (PID=299) to work on /home/airflow/.local/lib/python3.8/site-packages/airflow/example_dags/example_short_circuit_operator.py
[2026-03-26T22:54:19.708+0000] {processor.py:830} INFO - Processing file /home/airflow/.local/lib/python3.8/site-packages/airflow/example_dags/example_short_circuit_operator.py for tasks to queue
[2026-03-26T22:54:19.710+0000] {logging_mixin.py:188} INFO - [2026-03-26T22:54:19.709+0000] {dagbag.py:538} INFO - Filling up the DagBag from /home/airflow/.local/lib/python3.8/site-packages/airflow/example_dags/example_short_circuit_operator.py
[2026-03-26T22:54:19.717+0000] {processor.py:840} INFO - DAG(s) 'example_short_circuit_operator' retrieved from /home/airflow/.local/lib/python3.8/site-packages/airflow/example_dags/example_short_circuit_operator.py
[2026-03-26T22:54:19.732+0000] {logging_mixin.py:188} INFO - [2026-03-26T22:54:19.732+0000] {dag.py:3036} INFO - Sync 1 DAGs
[2026-03-26T22:54:19.744+0000] {logging_mixin.py:188} INFO - [2026-03-26T22:54:19.744+0000] {dag.py:3823} INFO - Setting next_dagrun for example_short_circuit_operator to 2026-03-25 00:00:00+00:00, run_after=2026-03-26 00:00:00+00:00
[2026-03-26T22:54:19.758+0000] {processor.py:183} INFO - Processing /home/airflow/.local/lib/python3.8/site-packages/airflow/example_dags/example_short_circuit_operator.py took 0.053 seconds
[2026-03-26T22:54:50.282+0000] {processor.py:161} INFO - Started process (PID=354) to work on /home/airflow/.local/lib/python3.8/site-packages/airflow/example_dags/example_short_circuit_operator.py
[2026-03-26T22:54:50.282+0000] {processor.py:830} INFO - Processing file /home/airflow/.local/lib/python3.8/site-packages/airflow/example_dags/example_short_circuit_operator.py for tasks to queue
[2026-03-26T22:54:50.283+0000] {logging_mixin.py:188} INFO - [2026-03-26T22:54:50.283+0000] {dagbag.py:538} INFO - Filling up the DagBag from /home/airflow/.local/lib/python3.8/site-packages/airflow/example_dags/example_short_circuit_operator.py
[2026-03-26T22:54:50.288+0000] {processor.py:840} INFO - DAG(s) 'example_short_circuit_operator' retrieved from /home/airflow/.local/lib/python3.8/site-packages/airflow/example_dags/example_short_circuit_operator.py
[2026-03-26T22:54:50.303+0000] {logging_mixin.py:188} INFO - [2026-03-26T22:54:50.303+0000] {dag.py:3036} INFO - Sync 1 DAGs
[2026-03-26T22:54:50.315+0000] {logging_mixin.py:188} INFO - [2026-03-26T22:54:50.315+0000] {dag.py:3823} INFO - Setting next_dagrun for example_short_circuit_operator to 2026-03-25 00:00:00+00:00, run_after=2026-03-26 00:00:00+00:00
[2026-03-26T22:54:50.329+0000] {processor.py:183} INFO - Processing /home/airflow/.local/lib/python3.8/site-packages/airflow/example_dags/example_short_circuit_operator.py took 0.050 seconds
[2026-03-26T22:55:20.867+0000] {processor.py:161} INFO - Started process (PID=409) to work on /home/airflow/.local/lib/python3.8/site-packages/airflow/example_dags/example_short_circuit_operator.py
[2026-03-26T22:55:20.868+0000] {processor.py:830} INFO - Processing file /home/airflow/.local/lib/python3.8/site-packages/airflow/example_dags/example_short_circuit_operator.py for tasks to queue
[2026-03-26T22:55:20.870+0000] {logging_mixin.py:188} INFO - [2026-03-26T22:55:20.870+0000] {dagbag.py:538} INFO - Filling up the DagBag from /home/airflow/.local/lib/python3.8/site-packages/airflow/example_dags/example_short_circuit_operator.py
[2026-03-26T22:55:20.875+0000] {processor.py:840} INFO - DAG(s) 'example_short_circuit_operator' retrieved from /home/airflow/.local/lib/python3.8/site-packages/airflow/example_dags/example_short_circuit_operator.py
[2026-03-26T22:55:20.891+0000] {logging_mixin.py:188} INFO - [2026-03-26T22:55:20.891+0000] {dag.py:3036} INFO - Sync 1 DAGs
[2026-03-26T22:55:20.903+0000] {logging_mixin.py:188} INFO - [2026-03-26T22:55:20.903+0000] {dag.py:3823} INFO - Setting next_dagrun for example_short_circuit_operator to 2026-03-25 00:00:00+00:00, run_after=2026-03-26 00:00:00+00:00
[2026-03-26T22:55:20.913+0000] {processor.py:183} INFO - Processing /home/airflow/.local/lib/python3.8/site-packages/airflow/example_dags/example_short_circuit_operator.py took 0.048 seconds
[2026-03-26T22:55:51.457+0000] {processor.py:161} INFO - Started process (PID=464) to work on /home/airflow/.local/lib/python3.8/site-packages/airflow/example_dags/example_short_circuit_operator.py
[2026-03-26T22:55:51.458+0000] {processor.py:830} INFO - Processing file /home/airflow/.local/lib/python3.8/site-packages/airflow/example_dags/example_short_circuit_operator.py for tasks to queue
[2026-03-26T22:55:51.459+0000] {logging_mixin.py:188} INFO - [2026-03-26T22:55:51.459+0000] {dagbag.py:538} INFO - Filling up the DagBag from /home/airflow/.local/lib/python3.8/site-packages/airflow/example_dags/example_short_circuit_operator.py
[2026-03-26T22:55:51.463+0000] {processor.py:840} INFO - DAG(s) 'example_short_circuit_operator' retrieved from /home/airflow/.local/lib/python3.8/site-packages/airflow/example_dags/example_short_circuit_operator.py
[2026-03-26T22:55:51.478+0000] {logging_mixin.py:188} INFO - [2026-03-26T22:55:51.477+0000] {dag.py:3036} INFO - Sync 1 DAGs
[2026-03-26T22:55:51.494+0000] {logging_mixin.py:188} INFO - [2026-03-26T22:55:51.494+0000] {dag.py:3823} INFO - Setting next_dagrun for example_short_circuit_operator to 2026-03-25 00:00:00+00:00, run_after=2026-03-26 00:00:00+00:00
[2026-03-26T22:55:51.507+0000] {processor.py:183} INFO - Processing /home/airflow/.local/lib/python3.8/site-packages/airflow/example_dags/example_short_circuit_operator.py took 0.052 seconds
[2026-03-26T22:56:22.171+0000] {processor.py:161} INFO - Started process (PID=518) to work on /home/airflow/.local/lib/python3.8/site-packages/airflow/example_dags/example_short_circuit_operator.py
[2026-03-26T22:56:22.171+0000] {processor.py:830} INFO - Processing file /home/airflow/.local/lib/python3.8/site-packages/airflow/example_dags/example_short_circuit_operator.py for tasks to queue
[2026-03-26T22:56:22.173+0000] {logging_mixin.py:188} INFO - [2026-03-26T22:56:22.172+0000] {dagbag.py:538} INFO - Filling up the DagBag from /home/airflow/.local/lib/python3.8/site-packages/airflow/example_dags/example_short_circuit_operator.py
[2026-03-26T22:56:22.177+0000] {processor.py:840} INFO - DAG(s) 'example_short_circuit_operator' retrieved from /home/airflow/.local/lib/python3.8/site-packages/airflow/example_dags/example_short_circuit_operator.py
[2026-03-26T22:56:22.192+0000] {logging_mixin.py:188} INFO - [2026-03-26T22:56:22.192+0000] {dag.py:3036} INFO - Sync 1 DAGs
[2026-03-26T22:56:22.205+0000] {logging_mixin.py:188} INFO - [2026-03-26T22:56:22.205+0000] {dag.py:3823} INFO - Setting next_dagrun for example_short_circuit_operator to 2026-03-25 00:00:00+00:00, run_after=2026-03-26 00:00:00+00:00
[2026-03-26T22:56:22.215+0000] {processor.py:183} INFO - Processing /home/airflow/.local/lib/python3.8/site-packages/airflow/example_dags/example_short_circuit_operator.py took 0.047 seconds
[2026-03-26T22:56:52.855+0000] {processor.py:161} INFO - Started process (PID=573) to work on /home/airflow/.local/lib/python3.8/site-packages/airflow/example_dags/example_short_circuit_operator.py
[2026-03-26T22:56:52.856+0000] {processor.py:830} INFO - Processing file /home/airflow/.local/lib/python3.8/site-packages/airflow/example_dags/example_short_circuit_operator.py for tasks to queue
[2026-03-26T22:56:52.857+0000] {logging_mixin.py:188} INFO - [2026-03-26T22:56:52.857+0000] {dagbag.py:538} INFO - Filling up the DagBag from /home/airflow/.local/lib/python3.8/site-packages/airflow/example_dags/example_short_circuit_operator.py
[2026-03-26T22:56:52.862+0000] {processor.py:840} INFO - DAG(s) 'example_short_circuit_operator' retrieved from /home/airflow/.local/lib/python3.8/site-packages/airflow/example_dags/example_short_circuit_operator.py
[2026-03-26T22:56:52.877+0000] {logging_mixin.py:188} INFO - [2026-03-26T22:56:52.877+0000] {dag.py:3036} INFO - Sync 1 DAGs
[2026-03-26T22:56:52.890+0000] {logging_mixin.py:188} INFO - [2026-03-26T22:56:52.890+0000] {dag.py:3823} INFO - Setting next_dagrun for example_short_circuit_operator to 2026-03-25 00:00:00+00:00, run_after=2026-03-26 00:00:00+00:00
[2026-03-26T22:56:52.902+0000] {processor.py:183} INFO - Processing /home/airflow/.local/lib/python3.8/site-packages/airflow/example_dags/example_short_circuit_operator.py took 0.049 seconds
[2026-03-26T22:57:23.437+0000] {processor.py:161} INFO - Started process (PID=628) to work on /home/airflow/.local/lib/python3.8/site-packages/airflow/example_dags/example_short_circuit_operator.py
[2026-03-26T22:57:23.438+0000] {processor.py:830} INFO - Processing file /home/airflow/.local/lib/python3.8/site-packages/airflow/example_dags/example_short_circuit_operator.py for tasks to queue
[2026-03-26T22:57:23.439+0000] {logging_mixin.py:188} INFO - [2026-03-26T22:57:23.439+0000] {dagbag.py:538} INFO - Filling up the DagBag from /home/airflow/.local/lib/python3.8/site-packages/airflow/example_dags/example_short_circuit_operator.py
[2026-03-26T22:57:23.443+0000] {processor.py:840} INFO - DAG(s) 'example_short_circuit_operator' retrieved from /home/airflow/.local/lib/python3.8/site-packages/airflow/example_dags/example_short_circuit_operator.py
[2026-03-26T22:57:23.458+0000] {logging_mixin.py:188} INFO - [2026-03-26T22:57:23.458+0000] {dag.py:3036} INFO - Sync 1 DAGs
[2026-03-26T22:57:23.470+0000] {logging_mixin.py:188} INFO - [2026-03-26T22:57:23.470+0000] {dag.py:3823} INFO - Setting next_dagrun for example_short_circuit_operator to 2026-03-25 00:00:00+00:00, run_after=2026-03-26 00:00:00+00:00
[2026-03-26T22:57:23.482+0000] {processor.py:183} INFO - Processing /home/airflow/.local/lib/python3.8/site-packages/airflow/example_dags/example_short_circuit_operator.py took 0.047 seconds
[2026-03-26T22:57:54.131+0000] {processor.py:161} INFO - Started process (PID=683) to work on /home/airflow/.local/lib/python3.8/site-packages/airflow/example_dags/example_short_circuit_operator.py
[2026-03-26T22:57:54.132+0000] {processor.py:830} INFO - Processing file /home/airflow/.local/lib/python3.8/site-packages/airflow/example_dags/example_short_circuit_operator.py for tasks to queue
[2026-03-26T22:57:54.133+0000] {logging_mixin.py:188} INFO - [2026-03-26T22:57:54.133+0000] {dagbag.py:538} INFO - Filling up the DagBag from /home/airflow/.local/lib/python3.8/site-packages/airflow/example_dags/example_short_circuit_operator.py
[2026-03-26T22:57:54.138+0000] {processor.py:840} INFO - DAG(s) 'example_short_circuit_operator' retrieved from /home/airflow/.local/lib/python3.8/site-packages/airflow/example_dags/example_short_circuit_operator.py
[2026-03-26T22:57:54.153+0000] {logging_mixin.py:188} INFO - [2026-03-26T22:57:54.152+0000] {dag.py:3036} INFO - Sync 1 DAGs
[2026-03-26T22:57:54.165+0000] {logging_mixin.py:188} INFO - [2026-03-26T22:57:54.165+0000] {dag.py:3823} INFO - Setting next_dagrun for example_short_circuit_operator to 2026-03-25 00:00:00+00:00, run_after=2026-03-26 00:00:00+00:00
[2026-03-26T22:57:54.176+0000] {processor.py:183} INFO - Processing /home/airflow/.local/lib/python3.8/site-packages/airflow/example_dags/example_short_circuit_operator.py took 0.047 seconds
[2026-03-26T22:58:24.722+0000] {processor.py:161} INFO - Started process (PID=738) to work on /home/airflow/.local/lib/python3.8/site-packages/airflow/example_dags/example_short_circuit_operator.py
[2026-03-26T22:58:24.723+0000] {processor.py:830} INFO - Processing file /home/airflow/.local/lib/python3.8/site-packages/airflow/example_dags/example_short_circuit_operator.py for tasks to queue
[2026-03-26T22:58:24.724+0000] {logging_mixin.py:188} INFO - [2026-03-26T22:58:24.724+0000] {dagbag.py:538} INFO - Filling up the DagBag from /home/airflow/.local/lib/python3.8/site-packages/airflow/example_dags/example_short_circuit_operator.py
[2026-03-26T22:58:24.729+0000] {processor.py:840} INFO - DAG(s) 'example_short_circuit_operator' retrieved from /home/airflow/.local/lib/python3.8/site-packages/airflow/example_dags/example_short_circuit_operator.py
[2026-03-26T22:58:24.738+0000] {logging_mixin.py:188} INFO - [2026-03-26T22:58:24.738+0000] {dag.py:3036} INFO - Sync 1 DAGs
[2026-03-26T22:58:24.751+0000] {logging_mixin.py:188} INFO - [2026-03-26T22:58:24.751+0000] {dag.py:3823} INFO - Setting next_dagrun for example_short_circuit_operator to 2026-03-25 00:00:00+00:00, run_after=2026-03-26 00:00:00+00:00
[2026-03-26T22:58:24.762+0000] {processor.py:183} INFO - Processing /home/airflow/.local/lib/python3.8/site-packages/airflow/example_dags/example_short_circuit_operator.py took 0.042 seconds
