[2026-03-26T22:45:49.881+0000] {processor.py:161} INFO - Started process (PID=52) to work on /home/airflow/.local/lib/python3.8/site-packages/airflow/example_dags/example_python_operator.py
[2026-03-26T22:45:49.881+0000] {processor.py:830} INFO - Processing file /home/airflow/.local/lib/python3.8/site-packages/airflow/example_dags/example_python_operator.py for tasks to queue
[2026-03-26T22:45:49.882+0000] {logging_mixin.py:188} INFO - [2026-03-26T22:45:49.882+0000] {dagbag.py:538} INFO - Filling up the DagBag from /home/airflow/.local/lib/python3.8/site-packages/airflow/example_dags/example_python_operator.py
[2026-03-26T22:45:49.891+0000] {processor.py:840} INFO - DAG(s) 'example_python_operator' retrieved from /home/airflow/.local/lib/python3.8/site-packages/airflow/example_dags/example_python_operator.py
[2026-03-26T22:45:49.899+0000] {logging_mixin.py:188} INFO - [2026-03-26T22:45:49.898+0000] {dag.py:3036} INFO - Sync 1 DAGs
[2026-03-26T22:45:49.906+0000] {logging_mixin.py:188} INFO - [2026-03-26T22:45:49.906+0000] {dag.py:3823} INFO - Setting next_dagrun for example_python_operator to None, run_after=None
[2026-03-26T22:45:49.916+0000] {processor.py:183} INFO - Processing /home/airflow/.local/lib/python3.8/site-packages/airflow/example_dags/example_python_operator.py took 0.038 seconds
[2026-03-26T22:46:21.345+0000] {processor.py:161} INFO - Started process (PID=107) to work on /home/airflow/.local/lib/python3.8/site-packages/airflow/example_dags/example_python_operator.py
[2026-03-26T22:46:21.346+0000] {processor.py:830} INFO - Processing file /home/airflow/.local/lib/python3.8/site-packages/airflow/example_dags/example_python_operator.py for tasks to queue
[2026-03-26T22:46:21.348+0000] {logging_mixin.py:188} INFO - [2026-03-26T22:46:21.347+0000] {dagbag.py:538} INFO - Filling up the DagBag from /home/airflow/.local/lib/python3.8/site-packages/airflow/example_dags/example_python_operator.py
[2026-03-26T22:46:21.358+0000] {processor.py:840} INFO - DAG(s) 'example_python_operator' retrieved from /home/airflow/.local/lib/python3.8/site-packages/airflow/example_dags/example_python_operator.py
[2026-03-26T22:46:21.432+0000] {logging_mixin.py:188} INFO - [2026-03-26T22:46:21.432+0000] {dag.py:3036} INFO - Sync 1 DAGs
[2026-03-26T22:46:21.440+0000] {logging_mixin.py:188} INFO - [2026-03-26T22:46:21.440+0000] {dag.py:3823} INFO - Setting next_dagrun for example_python_operator to None, run_after=None
[2026-03-26T22:46:21.480+0000] {processor.py:183} INFO - Processing /home/airflow/.local/lib/python3.8/site-packages/airflow/example_dags/example_python_operator.py took 0.139 seconds
[2026-03-26T22:46:51.650+0000] {processor.py:161} INFO - Started process (PID=162) to work on /home/airflow/.local/lib/python3.8/site-packages/airflow/example_dags/example_python_operator.py
[2026-03-26T22:46:51.651+0000] {processor.py:830} INFO - Processing file /home/airflow/.local/lib/python3.8/site-packages/airflow/example_dags/example_python_operator.py for tasks to queue
[2026-03-26T22:46:51.652+0000] {logging_mixin.py:188} INFO - [2026-03-26T22:46:51.652+0000] {dagbag.py:538} INFO - Filling up the DagBag from /home/airflow/.local/lib/python3.8/site-packages/airflow/example_dags/example_python_operator.py
[2026-03-26T22:46:51.664+0000] {processor.py:840} INFO - DAG(s) 'example_python_operator' retrieved from /home/airflow/.local/lib/python3.8/site-packages/airflow/example_dags/example_python_operator.py
[2026-03-26T22:46:51.679+0000] {logging_mixin.py:188} INFO - [2026-03-26T22:46:51.679+0000] {dag.py:3036} INFO - Sync 1 DAGs
[2026-03-26T22:46:51.687+0000] {logging_mixin.py:188} INFO - [2026-03-26T22:46:51.686+0000] {dag.py:3823} INFO - Setting next_dagrun for example_python_operator to None, run_after=None
[2026-03-26T22:46:51.699+0000] {processor.py:183} INFO - Processing /home/airflow/.local/lib/python3.8/site-packages/airflow/example_dags/example_python_operator.py took 0.052 seconds
[2026-03-26T22:47:21.716+0000] {processor.py:161} INFO - Started process (PID=217) to work on /home/airflow/.local/lib/python3.8/site-packages/airflow/example_dags/example_python_operator.py
[2026-03-26T22:47:21.719+0000] {processor.py:830} INFO - Processing file /home/airflow/.local/lib/python3.8/site-packages/airflow/example_dags/example_python_operator.py for tasks to queue
[2026-03-26T22:47:21.720+0000] {logging_mixin.py:188} INFO - [2026-03-26T22:47:21.720+0000] {dagbag.py:538} INFO - Filling up the DagBag from /home/airflow/.local/lib/python3.8/site-packages/airflow/example_dags/example_python_operator.py
[2026-03-26T22:47:21.728+0000] {processor.py:840} INFO - DAG(s) 'example_python_operator' retrieved from /home/airflow/.local/lib/python3.8/site-packages/airflow/example_dags/example_python_operator.py
[2026-03-26T22:47:21.743+0000] {logging_mixin.py:188} INFO - [2026-03-26T22:47:21.743+0000] {dag.py:3036} INFO - Sync 1 DAGs
[2026-03-26T22:47:21.753+0000] {logging_mixin.py:188} INFO - [2026-03-26T22:47:21.753+0000] {dag.py:3823} INFO - Setting next_dagrun for example_python_operator to None, run_after=None
[2026-03-26T22:47:21.764+0000] {processor.py:183} INFO - Processing /home/airflow/.local/lib/python3.8/site-packages/airflow/example_dags/example_python_operator.py took 0.050 seconds
[2026-03-26T22:47:52.247+0000] {processor.py:161} INFO - Started process (PID=272) to work on /home/airflow/.local/lib/python3.8/site-packages/airflow/example_dags/example_python_operator.py
[2026-03-26T22:47:52.248+0000] {processor.py:830} INFO - Processing file /home/airflow/.local/lib/python3.8/site-packages/airflow/example_dags/example_python_operator.py for tasks to queue
[2026-03-26T22:47:52.249+0000] {logging_mixin.py:188} INFO - [2026-03-26T22:47:52.249+0000] {dagbag.py:538} INFO - Filling up the DagBag from /home/airflow/.local/lib/python3.8/site-packages/airflow/example_dags/example_python_operator.py
[2026-03-26T22:47:52.256+0000] {processor.py:840} INFO - DAG(s) 'example_python_operator' retrieved from /home/airflow/.local/lib/python3.8/site-packages/airflow/example_dags/example_python_operator.py
[2026-03-26T22:47:52.271+0000] {logging_mixin.py:188} INFO - [2026-03-26T22:47:52.271+0000] {dag.py:3036} INFO - Sync 1 DAGs
[2026-03-26T22:47:52.278+0000] {logging_mixin.py:188} INFO - [2026-03-26T22:47:52.278+0000] {dag.py:3823} INFO - Setting next_dagrun for example_python_operator to None, run_after=None
[2026-03-26T22:47:52.290+0000] {processor.py:183} INFO - Processing /home/airflow/.local/lib/python3.8/site-packages/airflow/example_dags/example_python_operator.py took 0.045 seconds
[2026-03-26T22:48:22.769+0000] {processor.py:161} INFO - Started process (PID=327) to work on /home/airflow/.local/lib/python3.8/site-packages/airflow/example_dags/example_python_operator.py
[2026-03-26T22:48:22.770+0000] {processor.py:830} INFO - Processing file /home/airflow/.local/lib/python3.8/site-packages/airflow/example_dags/example_python_operator.py for tasks to queue
[2026-03-26T22:48:22.771+0000] {logging_mixin.py:188} INFO - [2026-03-26T22:48:22.771+0000] {dagbag.py:538} INFO - Filling up the DagBag from /home/airflow/.local/lib/python3.8/site-packages/airflow/example_dags/example_python_operator.py
[2026-03-26T22:48:22.777+0000] {processor.py:840} INFO - DAG(s) 'example_python_operator' retrieved from /home/airflow/.local/lib/python3.8/site-packages/airflow/example_dags/example_python_operator.py
[2026-03-26T22:48:22.790+0000] {logging_mixin.py:188} INFO - [2026-03-26T22:48:22.790+0000] {dag.py:3036} INFO - Sync 1 DAGs
[2026-03-26T22:48:22.797+0000] {logging_mixin.py:188} INFO - [2026-03-26T22:48:22.797+0000] {dag.py:3823} INFO - Setting next_dagrun for example_python_operator to None, run_after=None
[2026-03-26T22:48:22.807+0000] {processor.py:183} INFO - Processing /home/airflow/.local/lib/python3.8/site-packages/airflow/example_dags/example_python_operator.py took 0.040 seconds
[2026-03-26T22:48:53.348+0000] {processor.py:161} INFO - Started process (PID=381) to work on /home/airflow/.local/lib/python3.8/site-packages/airflow/example_dags/example_python_operator.py
[2026-03-26T22:48:53.349+0000] {processor.py:830} INFO - Processing file /home/airflow/.local/lib/python3.8/site-packages/airflow/example_dags/example_python_operator.py for tasks to queue
[2026-03-26T22:48:53.350+0000] {logging_mixin.py:188} INFO - [2026-03-26T22:48:53.350+0000] {dagbag.py:538} INFO - Filling up the DagBag from /home/airflow/.local/lib/python3.8/site-packages/airflow/example_dags/example_python_operator.py
[2026-03-26T22:48:53.357+0000] {processor.py:840} INFO - DAG(s) 'example_python_operator' retrieved from /home/airflow/.local/lib/python3.8/site-packages/airflow/example_dags/example_python_operator.py
[2026-03-26T22:48:53.371+0000] {logging_mixin.py:188} INFO - [2026-03-26T22:48:53.371+0000] {dag.py:3036} INFO - Sync 1 DAGs
[2026-03-26T22:48:53.377+0000] {logging_mixin.py:188} INFO - [2026-03-26T22:48:53.377+0000] {dag.py:3823} INFO - Setting next_dagrun for example_python_operator to None, run_after=None
[2026-03-26T22:48:53.387+0000] {processor.py:183} INFO - Processing /home/airflow/.local/lib/python3.8/site-packages/airflow/example_dags/example_python_operator.py took 0.041 seconds
[2026-03-26T22:49:23.816+0000] {processor.py:161} INFO - Started process (PID=436) to work on /home/airflow/.local/lib/python3.8/site-packages/airflow/example_dags/example_python_operator.py
[2026-03-26T22:49:23.817+0000] {processor.py:830} INFO - Processing file /home/airflow/.local/lib/python3.8/site-packages/airflow/example_dags/example_python_operator.py for tasks to queue
[2026-03-26T22:49:23.818+0000] {logging_mixin.py:188} INFO - [2026-03-26T22:49:23.818+0000] {dagbag.py:538} INFO - Filling up the DagBag from /home/airflow/.local/lib/python3.8/site-packages/airflow/example_dags/example_python_operator.py
[2026-03-26T22:49:23.825+0000] {processor.py:840} INFO - DAG(s) 'example_python_operator' retrieved from /home/airflow/.local/lib/python3.8/site-packages/airflow/example_dags/example_python_operator.py
[2026-03-26T22:49:23.838+0000] {logging_mixin.py:188} INFO - [2026-03-26T22:49:23.838+0000] {dag.py:3036} INFO - Sync 1 DAGs
[2026-03-26T22:49:23.844+0000] {logging_mixin.py:188} INFO - [2026-03-26T22:49:23.844+0000] {dag.py:3823} INFO - Setting next_dagrun for example_python_operator to None, run_after=None
[2026-03-26T22:49:23.855+0000] {processor.py:183} INFO - Processing /home/airflow/.local/lib/python3.8/site-packages/airflow/example_dags/example_python_operator.py took 0.041 seconds
[2026-03-26T22:49:54.326+0000] {processor.py:161} INFO - Started process (PID=496) to work on /home/airflow/.local/lib/python3.8/site-packages/airflow/example_dags/example_python_operator.py
[2026-03-26T22:49:54.326+0000] {processor.py:830} INFO - Processing file /home/airflow/.local/lib/python3.8/site-packages/airflow/example_dags/example_python_operator.py for tasks to queue
[2026-03-26T22:49:54.327+0000] {logging_mixin.py:188} INFO - [2026-03-26T22:49:54.327+0000] {dagbag.py:538} INFO - Filling up the DagBag from /home/airflow/.local/lib/python3.8/site-packages/airflow/example_dags/example_python_operator.py
[2026-03-26T22:49:54.334+0000] {processor.py:840} INFO - DAG(s) 'example_python_operator' retrieved from /home/airflow/.local/lib/python3.8/site-packages/airflow/example_dags/example_python_operator.py
[2026-03-26T22:49:54.347+0000] {logging_mixin.py:188} INFO - [2026-03-26T22:49:54.347+0000] {dag.py:3036} INFO - Sync 1 DAGs
[2026-03-26T22:49:54.353+0000] {logging_mixin.py:188} INFO - [2026-03-26T22:49:54.353+0000] {dag.py:3823} INFO - Setting next_dagrun for example_python_operator to None, run_after=None
[2026-03-26T22:49:54.365+0000] {processor.py:183} INFO - Processing /home/airflow/.local/lib/python3.8/site-packages/airflow/example_dags/example_python_operator.py took 0.041 seconds
[2026-03-26T22:50:24.956+0000] {processor.py:161} INFO - Started process (PID=551) to work on /home/airflow/.local/lib/python3.8/site-packages/airflow/example_dags/example_python_operator.py
[2026-03-26T22:50:24.957+0000] {processor.py:830} INFO - Processing file /home/airflow/.local/lib/python3.8/site-packages/airflow/example_dags/example_python_operator.py for tasks to queue
[2026-03-26T22:50:24.958+0000] {logging_mixin.py:188} INFO - [2026-03-26T22:50:24.958+0000] {dagbag.py:538} INFO - Filling up the DagBag from /home/airflow/.local/lib/python3.8/site-packages/airflow/example_dags/example_python_operator.py
[2026-03-26T22:50:24.964+0000] {processor.py:840} INFO - DAG(s) 'example_python_operator' retrieved from /home/airflow/.local/lib/python3.8/site-packages/airflow/example_dags/example_python_operator.py
[2026-03-26T22:50:24.978+0000] {logging_mixin.py:188} INFO - [2026-03-26T22:50:24.978+0000] {dag.py:3036} INFO - Sync 1 DAGs
[2026-03-26T22:50:24.986+0000] {logging_mixin.py:188} INFO - [2026-03-26T22:50:24.986+0000] {dag.py:3823} INFO - Setting next_dagrun for example_python_operator to None, run_after=None
[2026-03-26T22:50:24.997+0000] {processor.py:183} INFO - Processing /home/airflow/.local/lib/python3.8/site-packages/airflow/example_dags/example_python_operator.py took 0.043 seconds
[2026-03-26T22:50:55.786+0000] {processor.py:161} INFO - Started process (PID=606) to work on /home/airflow/.local/lib/python3.8/site-packages/airflow/example_dags/example_python_operator.py
[2026-03-26T22:50:55.787+0000] {processor.py:830} INFO - Processing file /home/airflow/.local/lib/python3.8/site-packages/airflow/example_dags/example_python_operator.py for tasks to queue
[2026-03-26T22:50:55.788+0000] {logging_mixin.py:188} INFO - [2026-03-26T22:50:55.788+0000] {dagbag.py:538} INFO - Filling up the DagBag from /home/airflow/.local/lib/python3.8/site-packages/airflow/example_dags/example_python_operator.py
[2026-03-26T22:50:55.795+0000] {processor.py:840} INFO - DAG(s) 'example_python_operator' retrieved from /home/airflow/.local/lib/python3.8/site-packages/airflow/example_dags/example_python_operator.py
[2026-03-26T22:50:55.808+0000] {logging_mixin.py:188} INFO - [2026-03-26T22:50:55.808+0000] {dag.py:3036} INFO - Sync 1 DAGs
[2026-03-26T22:50:55.815+0000] {logging_mixin.py:188} INFO - [2026-03-26T22:50:55.815+0000] {dag.py:3823} INFO - Setting next_dagrun for example_python_operator to None, run_after=None
[2026-03-26T22:50:55.826+0000] {processor.py:183} INFO - Processing /home/airflow/.local/lib/python3.8/site-packages/airflow/example_dags/example_python_operator.py took 0.042 seconds
[2026-03-26T22:51:26.368+0000] {processor.py:161} INFO - Started process (PID=661) to work on /home/airflow/.local/lib/python3.8/site-packages/airflow/example_dags/example_python_operator.py
[2026-03-26T22:51:26.368+0000] {processor.py:830} INFO - Processing file /home/airflow/.local/lib/python3.8/site-packages/airflow/example_dags/example_python_operator.py for tasks to queue
[2026-03-26T22:51:26.369+0000] {logging_mixin.py:188} INFO - [2026-03-26T22:51:26.369+0000] {dagbag.py:538} INFO - Filling up the DagBag from /home/airflow/.local/lib/python3.8/site-packages/airflow/example_dags/example_python_operator.py
[2026-03-26T22:51:26.376+0000] {processor.py:840} INFO - DAG(s) 'example_python_operator' retrieved from /home/airflow/.local/lib/python3.8/site-packages/airflow/example_dags/example_python_operator.py
[2026-03-26T22:51:26.390+0000] {logging_mixin.py:188} INFO - [2026-03-26T22:51:26.390+0000] {dag.py:3036} INFO - Sync 1 DAGs
[2026-03-26T22:51:26.397+0000] {logging_mixin.py:188} INFO - [2026-03-26T22:51:26.397+0000] {dag.py:3823} INFO - Setting next_dagrun for example_python_operator to None, run_after=None
[2026-03-26T22:51:26.410+0000] {processor.py:183} INFO - Processing /home/airflow/.local/lib/python3.8/site-packages/airflow/example_dags/example_python_operator.py took 0.044 seconds
[2026-03-26T22:52:15.240+0000] {processor.py:161} INFO - Started process (PID=46) to work on /home/airflow/.local/lib/python3.8/site-packages/airflow/example_dags/example_python_operator.py
[2026-03-26T22:52:15.241+0000] {processor.py:830} INFO - Processing file /home/airflow/.local/lib/python3.8/site-packages/airflow/example_dags/example_python_operator.py for tasks to queue
[2026-03-26T22:52:15.243+0000] {logging_mixin.py:188} INFO - [2026-03-26T22:52:15.242+0000] {dagbag.py:538} INFO - Filling up the DagBag from /home/airflow/.local/lib/python3.8/site-packages/airflow/example_dags/example_python_operator.py
[2026-03-26T22:52:15.252+0000] {processor.py:840} INFO - DAG(s) 'example_python_operator' retrieved from /home/airflow/.local/lib/python3.8/site-packages/airflow/example_dags/example_python_operator.py
[2026-03-26T22:52:15.263+0000] {logging_mixin.py:188} INFO - [2026-03-26T22:52:15.263+0000] {dag.py:3036} INFO - Sync 1 DAGs
[2026-03-26T22:52:15.287+0000] {logging_mixin.py:188} INFO - [2026-03-26T22:52:15.287+0000] {dag.py:3823} INFO - Setting next_dagrun for example_python_operator to None, run_after=None
[2026-03-26T22:52:15.324+0000] {processor.py:183} INFO - Processing /home/airflow/.local/lib/python3.8/site-packages/airflow/example_dags/example_python_operator.py took 0.087 seconds
[2026-03-26T22:52:45.714+0000] {processor.py:161} INFO - Started process (PID=107) to work on /home/airflow/.local/lib/python3.8/site-packages/airflow/example_dags/example_python_operator.py
[2026-03-26T22:52:45.715+0000] {processor.py:830} INFO - Processing file /home/airflow/.local/lib/python3.8/site-packages/airflow/example_dags/example_python_operator.py for tasks to queue
[2026-03-26T22:52:45.716+0000] {logging_mixin.py:188} INFO - [2026-03-26T22:52:45.716+0000] {dagbag.py:538} INFO - Filling up the DagBag from /home/airflow/.local/lib/python3.8/site-packages/airflow/example_dags/example_python_operator.py
[2026-03-26T22:52:45.723+0000] {processor.py:840} INFO - DAG(s) 'example_python_operator' retrieved from /home/airflow/.local/lib/python3.8/site-packages/airflow/example_dags/example_python_operator.py
[2026-03-26T22:52:45.781+0000] {logging_mixin.py:188} INFO - [2026-03-26T22:52:45.781+0000] {dag.py:3036} INFO - Sync 1 DAGs
[2026-03-26T22:52:45.786+0000] {logging_mixin.py:188} INFO - [2026-03-26T22:52:45.786+0000] {dag.py:3823} INFO - Setting next_dagrun for example_python_operator to None, run_after=None
[2026-03-26T22:52:45.798+0000] {processor.py:183} INFO - Processing /home/airflow/.local/lib/python3.8/site-packages/airflow/example_dags/example_python_operator.py took 0.086 seconds
[2026-03-26T22:53:16.368+0000] {processor.py:161} INFO - Started process (PID=162) to work on /home/airflow/.local/lib/python3.8/site-packages/airflow/example_dags/example_python_operator.py
[2026-03-26T22:53:16.369+0000] {processor.py:830} INFO - Processing file /home/airflow/.local/lib/python3.8/site-packages/airflow/example_dags/example_python_operator.py for tasks to queue
[2026-03-26T22:53:16.370+0000] {logging_mixin.py:188} INFO - [2026-03-26T22:53:16.370+0000] {dagbag.py:538} INFO - Filling up the DagBag from /home/airflow/.local/lib/python3.8/site-packages/airflow/example_dags/example_python_operator.py
[2026-03-26T22:53:16.378+0000] {processor.py:840} INFO - DAG(s) 'example_python_operator' retrieved from /home/airflow/.local/lib/python3.8/site-packages/airflow/example_dags/example_python_operator.py
[2026-03-26T22:53:16.397+0000] {logging_mixin.py:188} INFO - [2026-03-26T22:53:16.397+0000] {dag.py:3036} INFO - Sync 1 DAGs
[2026-03-26T22:53:16.405+0000] {logging_mixin.py:188} INFO - [2026-03-26T22:53:16.405+0000] {dag.py:3823} INFO - Setting next_dagrun for example_python_operator to None, run_after=None
[2026-03-26T22:53:16.418+0000] {processor.py:183} INFO - Processing /home/airflow/.local/lib/python3.8/site-packages/airflow/example_dags/example_python_operator.py took 0.053 seconds
[2026-03-26T22:53:46.615+0000] {processor.py:161} INFO - Started process (PID=217) to work on /home/airflow/.local/lib/python3.8/site-packages/airflow/example_dags/example_python_operator.py
[2026-03-26T22:53:46.616+0000] {processor.py:830} INFO - Processing file /home/airflow/.local/lib/python3.8/site-packages/airflow/example_dags/example_python_operator.py for tasks to queue
[2026-03-26T22:53:46.617+0000] {logging_mixin.py:188} INFO - [2026-03-26T22:53:46.617+0000] {dagbag.py:538} INFO - Filling up the DagBag from /home/airflow/.local/lib/python3.8/site-packages/airflow/example_dags/example_python_operator.py
[2026-03-26T22:53:46.628+0000] {processor.py:840} INFO - DAG(s) 'example_python_operator' retrieved from /home/airflow/.local/lib/python3.8/site-packages/airflow/example_dags/example_python_operator.py
[2026-03-26T22:53:46.646+0000] {logging_mixin.py:188} INFO - [2026-03-26T22:53:46.646+0000] {dag.py:3036} INFO - Sync 1 DAGs
[2026-03-26T22:53:46.653+0000] {logging_mixin.py:188} INFO - [2026-03-26T22:53:46.652+0000] {dag.py:3823} INFO - Setting next_dagrun for example_python_operator to None, run_after=None
[2026-03-26T22:53:46.667+0000] {processor.py:183} INFO - Processing /home/airflow/.local/lib/python3.8/site-packages/airflow/example_dags/example_python_operator.py took 0.054 seconds
[2026-03-26T22:54:16.694+0000] {processor.py:161} INFO - Started process (PID=272) to work on /home/airflow/.local/lib/python3.8/site-packages/airflow/example_dags/example_python_operator.py
[2026-03-26T22:54:16.696+0000] {processor.py:830} INFO - Processing file /home/airflow/.local/lib/python3.8/site-packages/airflow/example_dags/example_python_operator.py for tasks to queue
[2026-03-26T22:54:16.697+0000] {logging_mixin.py:188} INFO - [2026-03-26T22:54:16.697+0000] {dagbag.py:538} INFO - Filling up the DagBag from /home/airflow/.local/lib/python3.8/site-packages/airflow/example_dags/example_python_operator.py
[2026-03-26T22:54:16.704+0000] {processor.py:840} INFO - DAG(s) 'example_python_operator' retrieved from /home/airflow/.local/lib/python3.8/site-packages/airflow/example_dags/example_python_operator.py
[2026-03-26T22:54:16.718+0000] {logging_mixin.py:188} INFO - [2026-03-26T22:54:16.718+0000] {dag.py:3036} INFO - Sync 1 DAGs
[2026-03-26T22:54:16.724+0000] {logging_mixin.py:188} INFO - [2026-03-26T22:54:16.724+0000] {dag.py:3823} INFO - Setting next_dagrun for example_python_operator to None, run_after=None
[2026-03-26T22:54:16.734+0000] {processor.py:183} INFO - Processing /home/airflow/.local/lib/python3.8/site-packages/airflow/example_dags/example_python_operator.py took 0.042 seconds
[2026-03-26T22:54:47.481+0000] {processor.py:161} INFO - Started process (PID=327) to work on /home/airflow/.local/lib/python3.8/site-packages/airflow/example_dags/example_python_operator.py
[2026-03-26T22:54:47.481+0000] {processor.py:830} INFO - Processing file /home/airflow/.local/lib/python3.8/site-packages/airflow/example_dags/example_python_operator.py for tasks to queue
[2026-03-26T22:54:47.482+0000] {logging_mixin.py:188} INFO - [2026-03-26T22:54:47.482+0000] {dagbag.py:538} INFO - Filling up the DagBag from /home/airflow/.local/lib/python3.8/site-packages/airflow/example_dags/example_python_operator.py
[2026-03-26T22:54:47.489+0000] {processor.py:840} INFO - DAG(s) 'example_python_operator' retrieved from /home/airflow/.local/lib/python3.8/site-packages/airflow/example_dags/example_python_operator.py
[2026-03-26T22:54:47.503+0000] {logging_mixin.py:188} INFO - [2026-03-26T22:54:47.503+0000] {dag.py:3036} INFO - Sync 1 DAGs
[2026-03-26T22:54:47.510+0000] {logging_mixin.py:188} INFO - [2026-03-26T22:54:47.510+0000] {dag.py:3823} INFO - Setting next_dagrun for example_python_operator to None, run_after=None
[2026-03-26T22:54:47.520+0000] {processor.py:183} INFO - Processing /home/airflow/.local/lib/python3.8/site-packages/airflow/example_dags/example_python_operator.py took 0.042 seconds
[2026-03-26T22:55:18.028+0000] {processor.py:161} INFO - Started process (PID=382) to work on /home/airflow/.local/lib/python3.8/site-packages/airflow/example_dags/example_python_operator.py
[2026-03-26T22:55:18.028+0000] {processor.py:830} INFO - Processing file /home/airflow/.local/lib/python3.8/site-packages/airflow/example_dags/example_python_operator.py for tasks to queue
[2026-03-26T22:55:18.030+0000] {logging_mixin.py:188} INFO - [2026-03-26T22:55:18.029+0000] {dagbag.py:538} INFO - Filling up the DagBag from /home/airflow/.local/lib/python3.8/site-packages/airflow/example_dags/example_python_operator.py
[2026-03-26T22:55:18.036+0000] {processor.py:840} INFO - DAG(s) 'example_python_operator' retrieved from /home/airflow/.local/lib/python3.8/site-packages/airflow/example_dags/example_python_operator.py
[2026-03-26T22:55:18.051+0000] {logging_mixin.py:188} INFO - [2026-03-26T22:55:18.051+0000] {dag.py:3036} INFO - Sync 1 DAGs
[2026-03-26T22:55:18.059+0000] {logging_mixin.py:188} INFO - [2026-03-26T22:55:18.059+0000] {dag.py:3823} INFO - Setting next_dagrun for example_python_operator to None, run_after=None
[2026-03-26T22:55:18.070+0000] {processor.py:183} INFO - Processing /home/airflow/.local/lib/python3.8/site-packages/airflow/example_dags/example_python_operator.py took 0.044 seconds
[2026-03-26T22:55:48.587+0000] {processor.py:161} INFO - Started process (PID=437) to work on /home/airflow/.local/lib/python3.8/site-packages/airflow/example_dags/example_python_operator.py
[2026-03-26T22:55:48.588+0000] {processor.py:830} INFO - Processing file /home/airflow/.local/lib/python3.8/site-packages/airflow/example_dags/example_python_operator.py for tasks to queue
[2026-03-26T22:55:48.589+0000] {logging_mixin.py:188} INFO - [2026-03-26T22:55:48.589+0000] {dagbag.py:538} INFO - Filling up the DagBag from /home/airflow/.local/lib/python3.8/site-packages/airflow/example_dags/example_python_operator.py
[2026-03-26T22:55:48.595+0000] {processor.py:840} INFO - DAG(s) 'example_python_operator' retrieved from /home/airflow/.local/lib/python3.8/site-packages/airflow/example_dags/example_python_operator.py
[2026-03-26T22:55:48.610+0000] {logging_mixin.py:188} INFO - [2026-03-26T22:55:48.610+0000] {dag.py:3036} INFO - Sync 1 DAGs
[2026-03-26T22:55:48.617+0000] {logging_mixin.py:188} INFO - [2026-03-26T22:55:48.617+0000] {dag.py:3823} INFO - Setting next_dagrun for example_python_operator to None, run_after=None
[2026-03-26T22:55:48.631+0000] {processor.py:183} INFO - Processing /home/airflow/.local/lib/python3.8/site-packages/airflow/example_dags/example_python_operator.py took 0.046 seconds
[2026-03-26T22:56:19.318+0000] {processor.py:161} INFO - Started process (PID=491) to work on /home/airflow/.local/lib/python3.8/site-packages/airflow/example_dags/example_python_operator.py
[2026-03-26T22:56:19.319+0000] {processor.py:830} INFO - Processing file /home/airflow/.local/lib/python3.8/site-packages/airflow/example_dags/example_python_operator.py for tasks to queue
[2026-03-26T22:56:19.320+0000] {logging_mixin.py:188} INFO - [2026-03-26T22:56:19.320+0000] {dagbag.py:538} INFO - Filling up the DagBag from /home/airflow/.local/lib/python3.8/site-packages/airflow/example_dags/example_python_operator.py
[2026-03-26T22:56:19.327+0000] {processor.py:840} INFO - DAG(s) 'example_python_operator' retrieved from /home/airflow/.local/lib/python3.8/site-packages/airflow/example_dags/example_python_operator.py
[2026-03-26T22:56:19.342+0000] {logging_mixin.py:188} INFO - [2026-03-26T22:56:19.342+0000] {dag.py:3036} INFO - Sync 1 DAGs
[2026-03-26T22:56:19.350+0000] {logging_mixin.py:188} INFO - [2026-03-26T22:56:19.350+0000] {dag.py:3823} INFO - Setting next_dagrun for example_python_operator to None, run_after=None
[2026-03-26T22:56:19.363+0000] {processor.py:183} INFO - Processing /home/airflow/.local/lib/python3.8/site-packages/airflow/example_dags/example_python_operator.py took 0.047 seconds
[2026-03-26T22:56:50.003+0000] {processor.py:161} INFO - Started process (PID=546) to work on /home/airflow/.local/lib/python3.8/site-packages/airflow/example_dags/example_python_operator.py
[2026-03-26T22:56:50.004+0000] {processor.py:830} INFO - Processing file /home/airflow/.local/lib/python3.8/site-packages/airflow/example_dags/example_python_operator.py for tasks to queue
[2026-03-26T22:56:50.005+0000] {logging_mixin.py:188} INFO - [2026-03-26T22:56:50.005+0000] {dagbag.py:538} INFO - Filling up the DagBag from /home/airflow/.local/lib/python3.8/site-packages/airflow/example_dags/example_python_operator.py
[2026-03-26T22:56:50.012+0000] {processor.py:840} INFO - DAG(s) 'example_python_operator' retrieved from /home/airflow/.local/lib/python3.8/site-packages/airflow/example_dags/example_python_operator.py
[2026-03-26T22:56:50.027+0000] {logging_mixin.py:188} INFO - [2026-03-26T22:56:50.027+0000] {dag.py:3036} INFO - Sync 1 DAGs
[2026-03-26T22:56:50.034+0000] {logging_mixin.py:188} INFO - [2026-03-26T22:56:50.034+0000] {dag.py:3823} INFO - Setting next_dagrun for example_python_operator to None, run_after=None
[2026-03-26T22:56:50.046+0000] {processor.py:183} INFO - Processing /home/airflow/.local/lib/python3.8/site-packages/airflow/example_dags/example_python_operator.py took 0.045 seconds
[2026-03-26T22:57:20.599+0000] {processor.py:161} INFO - Started process (PID=601) to work on /home/airflow/.local/lib/python3.8/site-packages/airflow/example_dags/example_python_operator.py
[2026-03-26T22:57:20.600+0000] {processor.py:830} INFO - Processing file /home/airflow/.local/lib/python3.8/site-packages/airflow/example_dags/example_python_operator.py for tasks to queue
[2026-03-26T22:57:20.601+0000] {logging_mixin.py:188} INFO - [2026-03-26T22:57:20.601+0000] {dagbag.py:538} INFO - Filling up the DagBag from /home/airflow/.local/lib/python3.8/site-packages/airflow/example_dags/example_python_operator.py
[2026-03-26T22:57:20.608+0000] {processor.py:840} INFO - DAG(s) 'example_python_operator' retrieved from /home/airflow/.local/lib/python3.8/site-packages/airflow/example_dags/example_python_operator.py
[2026-03-26T22:57:20.622+0000] {logging_mixin.py:188} INFO - [2026-03-26T22:57:20.622+0000] {dag.py:3036} INFO - Sync 1 DAGs
[2026-03-26T22:57:20.629+0000] {logging_mixin.py:188} INFO - [2026-03-26T22:57:20.629+0000] {dag.py:3823} INFO - Setting next_dagrun for example_python_operator to None, run_after=None
[2026-03-26T22:57:20.640+0000] {processor.py:183} INFO - Processing /home/airflow/.local/lib/python3.8/site-packages/airflow/example_dags/example_python_operator.py took 0.043 seconds
[2026-03-26T22:57:51.297+0000] {processor.py:161} INFO - Started process (PID=656) to work on /home/airflow/.local/lib/python3.8/site-packages/airflow/example_dags/example_python_operator.py
[2026-03-26T22:57:51.298+0000] {processor.py:830} INFO - Processing file /home/airflow/.local/lib/python3.8/site-packages/airflow/example_dags/example_python_operator.py for tasks to queue
[2026-03-26T22:57:51.299+0000] {logging_mixin.py:188} INFO - [2026-03-26T22:57:51.299+0000] {dagbag.py:538} INFO - Filling up the DagBag from /home/airflow/.local/lib/python3.8/site-packages/airflow/example_dags/example_python_operator.py
[2026-03-26T22:57:51.306+0000] {processor.py:840} INFO - DAG(s) 'example_python_operator' retrieved from /home/airflow/.local/lib/python3.8/site-packages/airflow/example_dags/example_python_operator.py
[2026-03-26T22:57:51.320+0000] {logging_mixin.py:188} INFO - [2026-03-26T22:57:51.320+0000] {dag.py:3036} INFO - Sync 1 DAGs
[2026-03-26T22:57:51.327+0000] {logging_mixin.py:188} INFO - [2026-03-26T22:57:51.326+0000] {dag.py:3823} INFO - Setting next_dagrun for example_python_operator to None, run_after=None
[2026-03-26T22:57:51.336+0000] {processor.py:183} INFO - Processing /home/airflow/.local/lib/python3.8/site-packages/airflow/example_dags/example_python_operator.py took 0.041 seconds
[2026-03-26T22:58:21.867+0000] {processor.py:161} INFO - Started process (PID=711) to work on /home/airflow/.local/lib/python3.8/site-packages/airflow/example_dags/example_python_operator.py
[2026-03-26T22:58:21.868+0000] {processor.py:830} INFO - Processing file /home/airflow/.local/lib/python3.8/site-packages/airflow/example_dags/example_python_operator.py for tasks to queue
[2026-03-26T22:58:21.869+0000] {logging_mixin.py:188} INFO - [2026-03-26T22:58:21.869+0000] {dagbag.py:538} INFO - Filling up the DagBag from /home/airflow/.local/lib/python3.8/site-packages/airflow/example_dags/example_python_operator.py
[2026-03-26T22:58:21.876+0000] {processor.py:840} INFO - DAG(s) 'example_python_operator' retrieved from /home/airflow/.local/lib/python3.8/site-packages/airflow/example_dags/example_python_operator.py
[2026-03-26T22:58:21.895+0000] {logging_mixin.py:188} INFO - [2026-03-26T22:58:21.895+0000] {dag.py:3036} INFO - Sync 1 DAGs
[2026-03-26T22:58:21.903+0000] {logging_mixin.py:188} INFO - [2026-03-26T22:58:21.903+0000] {dag.py:3823} INFO - Setting next_dagrun for example_python_operator to None, run_after=None
[2026-03-26T22:58:21.915+0000] {processor.py:183} INFO - Processing /home/airflow/.local/lib/python3.8/site-packages/airflow/example_dags/example_python_operator.py took 0.050 seconds
