[2026-03-26T22:45:50.356+0000] {processor.py:161} INFO - Started process (PID=62) to work on /home/airflow/.local/lib/python3.8/site-packages/airflow/example_dags/example_python_decorator.py
[2026-03-26T22:45:50.357+0000] {processor.py:830} INFO - Processing file /home/airflow/.local/lib/python3.8/site-packages/airflow/example_dags/example_python_decorator.py for tasks to queue
[2026-03-26T22:45:50.359+0000] {logging_mixin.py:188} INFO - [2026-03-26T22:45:50.359+0000] {dagbag.py:538} INFO - Filling up the DagBag from /home/airflow/.local/lib/python3.8/site-packages/airflow/example_dags/example_python_decorator.py
[2026-03-26T22:45:50.384+0000] {processor.py:840} INFO - DAG(s) 'example_python_decorator' retrieved from /home/airflow/.local/lib/python3.8/site-packages/airflow/example_dags/example_python_decorator.py
[2026-03-26T22:45:50.392+0000] {logging_mixin.py:188} INFO - [2026-03-26T22:45:50.392+0000] {dag.py:3036} INFO - Sync 1 DAGs
[2026-03-26T22:45:50.401+0000] {logging_mixin.py:188} INFO - [2026-03-26T22:45:50.400+0000] {dag.py:3823} INFO - Setting next_dagrun for example_python_decorator to None, run_after=None
[2026-03-26T22:45:50.412+0000] {processor.py:183} INFO - Processing /home/airflow/.local/lib/python3.8/site-packages/airflow/example_dags/example_python_decorator.py took 0.059 seconds
[2026-03-26T22:46:22.351+0000] {processor.py:161} INFO - Started process (PID=117) to work on /home/airflow/.local/lib/python3.8/site-packages/airflow/example_dags/example_python_decorator.py
[2026-03-26T22:46:22.353+0000] {processor.py:830} INFO - Processing file /home/airflow/.local/lib/python3.8/site-packages/airflow/example_dags/example_python_decorator.py for tasks to queue
[2026-03-26T22:46:22.354+0000] {logging_mixin.py:188} INFO - [2026-03-26T22:46:22.354+0000] {dagbag.py:538} INFO - Filling up the DagBag from /home/airflow/.local/lib/python3.8/site-packages/airflow/example_dags/example_python_decorator.py
[2026-03-26T22:46:22.363+0000] {processor.py:840} INFO - DAG(s) 'example_python_decorator' retrieved from /home/airflow/.local/lib/python3.8/site-packages/airflow/example_dags/example_python_decorator.py
[2026-03-26T22:46:22.431+0000] {logging_mixin.py:188} INFO - [2026-03-26T22:46:22.431+0000] {dag.py:3036} INFO - Sync 1 DAGs
[2026-03-26T22:46:22.438+0000] {logging_mixin.py:188} INFO - [2026-03-26T22:46:22.438+0000] {dag.py:3823} INFO - Setting next_dagrun for example_python_decorator to None, run_after=None
[2026-03-26T22:46:22.452+0000] {processor.py:183} INFO - Processing /home/airflow/.local/lib/python3.8/site-packages/airflow/example_dags/example_python_decorator.py took 0.109 seconds
[2026-03-26T22:46:53.028+0000] {processor.py:161} INFO - Started process (PID=172) to work on /home/airflow/.local/lib/python3.8/site-packages/airflow/example_dags/example_python_decorator.py
[2026-03-26T22:46:53.029+0000] {processor.py:830} INFO - Processing file /home/airflow/.local/lib/python3.8/site-packages/airflow/example_dags/example_python_decorator.py for tasks to queue
[2026-03-26T22:46:53.031+0000] {logging_mixin.py:188} INFO - [2026-03-26T22:46:53.030+0000] {dagbag.py:538} INFO - Filling up the DagBag from /home/airflow/.local/lib/python3.8/site-packages/airflow/example_dags/example_python_decorator.py
[2026-03-26T22:46:53.042+0000] {processor.py:840} INFO - DAG(s) 'example_python_decorator' retrieved from /home/airflow/.local/lib/python3.8/site-packages/airflow/example_dags/example_python_decorator.py
[2026-03-26T22:46:53.058+0000] {logging_mixin.py:188} INFO - [2026-03-26T22:46:53.058+0000] {dag.py:3036} INFO - Sync 1 DAGs
[2026-03-26T22:46:53.065+0000] {logging_mixin.py:188} INFO - [2026-03-26T22:46:53.064+0000] {dag.py:3823} INFO - Setting next_dagrun for example_python_decorator to None, run_after=None
[2026-03-26T22:46:53.077+0000] {processor.py:183} INFO - Processing /home/airflow/.local/lib/python3.8/site-packages/airflow/example_dags/example_python_decorator.py took 0.051 seconds
[2026-03-26T22:47:23.237+0000] {processor.py:161} INFO - Started process (PID=227) to work on /home/airflow/.local/lib/python3.8/site-packages/airflow/example_dags/example_python_decorator.py
[2026-03-26T22:47:23.238+0000] {processor.py:830} INFO - Processing file /home/airflow/.local/lib/python3.8/site-packages/airflow/example_dags/example_python_decorator.py for tasks to queue
[2026-03-26T22:47:23.240+0000] {logging_mixin.py:188} INFO - [2026-03-26T22:47:23.240+0000] {dagbag.py:538} INFO - Filling up the DagBag from /home/airflow/.local/lib/python3.8/site-packages/airflow/example_dags/example_python_decorator.py
[2026-03-26T22:47:23.248+0000] {processor.py:840} INFO - DAG(s) 'example_python_decorator' retrieved from /home/airflow/.local/lib/python3.8/site-packages/airflow/example_dags/example_python_decorator.py
[2026-03-26T22:47:23.261+0000] {logging_mixin.py:188} INFO - [2026-03-26T22:47:23.261+0000] {dag.py:3036} INFO - Sync 1 DAGs
[2026-03-26T22:47:23.268+0000] {logging_mixin.py:188} INFO - [2026-03-26T22:47:23.268+0000] {dag.py:3823} INFO - Setting next_dagrun for example_python_decorator to None, run_after=None
[2026-03-26T22:47:23.279+0000] {processor.py:183} INFO - Processing /home/airflow/.local/lib/python3.8/site-packages/airflow/example_dags/example_python_decorator.py took 0.045 seconds
[2026-03-26T22:47:53.568+0000] {processor.py:161} INFO - Started process (PID=282) to work on /home/airflow/.local/lib/python3.8/site-packages/airflow/example_dags/example_python_decorator.py
[2026-03-26T22:47:53.569+0000] {processor.py:830} INFO - Processing file /home/airflow/.local/lib/python3.8/site-packages/airflow/example_dags/example_python_decorator.py for tasks to queue
[2026-03-26T22:47:53.570+0000] {logging_mixin.py:188} INFO - [2026-03-26T22:47:53.570+0000] {dagbag.py:538} INFO - Filling up the DagBag from /home/airflow/.local/lib/python3.8/site-packages/airflow/example_dags/example_python_decorator.py
[2026-03-26T22:47:53.578+0000] {processor.py:840} INFO - DAG(s) 'example_python_decorator' retrieved from /home/airflow/.local/lib/python3.8/site-packages/airflow/example_dags/example_python_decorator.py
[2026-03-26T22:47:53.591+0000] {logging_mixin.py:188} INFO - [2026-03-26T22:47:53.591+0000] {dag.py:3036} INFO - Sync 1 DAGs
[2026-03-26T22:47:53.598+0000] {logging_mixin.py:188} INFO - [2026-03-26T22:47:53.598+0000] {dag.py:3823} INFO - Setting next_dagrun for example_python_decorator to None, run_after=None
[2026-03-26T22:47:53.609+0000] {processor.py:183} INFO - Processing /home/airflow/.local/lib/python3.8/site-packages/airflow/example_dags/example_python_decorator.py took 0.043 seconds
[2026-03-26T22:48:24.053+0000] {processor.py:161} INFO - Started process (PID=338) to work on /home/airflow/.local/lib/python3.8/site-packages/airflow/example_dags/example_python_decorator.py
[2026-03-26T22:48:24.053+0000] {processor.py:830} INFO - Processing file /home/airflow/.local/lib/python3.8/site-packages/airflow/example_dags/example_python_decorator.py for tasks to queue
[2026-03-26T22:48:24.055+0000] {logging_mixin.py:188} INFO - [2026-03-26T22:48:24.054+0000] {dagbag.py:538} INFO - Filling up the DagBag from /home/airflow/.local/lib/python3.8/site-packages/airflow/example_dags/example_python_decorator.py
[2026-03-26T22:48:24.064+0000] {processor.py:840} INFO - DAG(s) 'example_python_decorator' retrieved from /home/airflow/.local/lib/python3.8/site-packages/airflow/example_dags/example_python_decorator.py
[2026-03-26T22:48:24.079+0000] {logging_mixin.py:188} INFO - [2026-03-26T22:48:24.079+0000] {dag.py:3036} INFO - Sync 1 DAGs
[2026-03-26T22:48:24.088+0000] {logging_mixin.py:188} INFO - [2026-03-26T22:48:24.088+0000] {dag.py:3823} INFO - Setting next_dagrun for example_python_decorator to None, run_after=None
[2026-03-26T22:48:24.098+0000] {processor.py:183} INFO - Processing /home/airflow/.local/lib/python3.8/site-packages/airflow/example_dags/example_python_decorator.py took 0.048 seconds
[2026-03-26T22:48:54.633+0000] {processor.py:161} INFO - Started process (PID=397) to work on /home/airflow/.local/lib/python3.8/site-packages/airflow/example_dags/example_python_decorator.py
[2026-03-26T22:48:54.633+0000] {processor.py:830} INFO - Processing file /home/airflow/.local/lib/python3.8/site-packages/airflow/example_dags/example_python_decorator.py for tasks to queue
[2026-03-26T22:48:54.635+0000] {logging_mixin.py:188} INFO - [2026-03-26T22:48:54.634+0000] {dagbag.py:538} INFO - Filling up the DagBag from /home/airflow/.local/lib/python3.8/site-packages/airflow/example_dags/example_python_decorator.py
[2026-03-26T22:48:54.643+0000] {processor.py:840} INFO - DAG(s) 'example_python_decorator' retrieved from /home/airflow/.local/lib/python3.8/site-packages/airflow/example_dags/example_python_decorator.py
[2026-03-26T22:48:54.659+0000] {logging_mixin.py:188} INFO - [2026-03-26T22:48:54.659+0000] {dag.py:3036} INFO - Sync 1 DAGs
[2026-03-26T22:48:54.667+0000] {logging_mixin.py:188} INFO - [2026-03-26T22:48:54.666+0000] {dag.py:3823} INFO - Setting next_dagrun for example_python_decorator to None, run_after=None
[2026-03-26T22:48:54.678+0000] {processor.py:183} INFO - Processing /home/airflow/.local/lib/python3.8/site-packages/airflow/example_dags/example_python_decorator.py took 0.048 seconds
[2026-03-26T22:49:25.109+0000] {processor.py:161} INFO - Started process (PID=451) to work on /home/airflow/.local/lib/python3.8/site-packages/airflow/example_dags/example_python_decorator.py
[2026-03-26T22:49:25.110+0000] {processor.py:830} INFO - Processing file /home/airflow/.local/lib/python3.8/site-packages/airflow/example_dags/example_python_decorator.py for tasks to queue
[2026-03-26T22:49:25.111+0000] {logging_mixin.py:188} INFO - [2026-03-26T22:49:25.111+0000] {dagbag.py:538} INFO - Filling up the DagBag from /home/airflow/.local/lib/python3.8/site-packages/airflow/example_dags/example_python_decorator.py
[2026-03-26T22:49:25.119+0000] {processor.py:840} INFO - DAG(s) 'example_python_decorator' retrieved from /home/airflow/.local/lib/python3.8/site-packages/airflow/example_dags/example_python_decorator.py
[2026-03-26T22:49:25.133+0000] {logging_mixin.py:188} INFO - [2026-03-26T22:49:25.133+0000] {dag.py:3036} INFO - Sync 1 DAGs
[2026-03-26T22:49:25.140+0000] {logging_mixin.py:188} INFO - [2026-03-26T22:49:25.140+0000] {dag.py:3823} INFO - Setting next_dagrun for example_python_decorator to None, run_after=None
[2026-03-26T22:49:25.151+0000] {processor.py:183} INFO - Processing /home/airflow/.local/lib/python3.8/site-packages/airflow/example_dags/example_python_decorator.py took 0.044 seconds
[2026-03-26T22:49:55.607+0000] {processor.py:161} INFO - Started process (PID=506) to work on /home/airflow/.local/lib/python3.8/site-packages/airflow/example_dags/example_python_decorator.py
[2026-03-26T22:49:55.608+0000] {processor.py:830} INFO - Processing file /home/airflow/.local/lib/python3.8/site-packages/airflow/example_dags/example_python_decorator.py for tasks to queue
[2026-03-26T22:49:55.609+0000] {logging_mixin.py:188} INFO - [2026-03-26T22:49:55.609+0000] {dagbag.py:538} INFO - Filling up the DagBag from /home/airflow/.local/lib/python3.8/site-packages/airflow/example_dags/example_python_decorator.py
[2026-03-26T22:49:55.617+0000] {processor.py:840} INFO - DAG(s) 'example_python_decorator' retrieved from /home/airflow/.local/lib/python3.8/site-packages/airflow/example_dags/example_python_decorator.py
[2026-03-26T22:49:55.631+0000] {logging_mixin.py:188} INFO - [2026-03-26T22:49:55.631+0000] {dag.py:3036} INFO - Sync 1 DAGs
[2026-03-26T22:49:55.638+0000] {logging_mixin.py:188} INFO - [2026-03-26T22:49:55.638+0000] {dag.py:3823} INFO - Setting next_dagrun for example_python_decorator to None, run_after=None
[2026-03-26T22:49:55.648+0000] {processor.py:183} INFO - Processing /home/airflow/.local/lib/python3.8/site-packages/airflow/example_dags/example_python_decorator.py took 0.044 seconds
[2026-03-26T22:50:26.272+0000] {processor.py:161} INFO - Started process (PID=561) to work on /home/airflow/.local/lib/python3.8/site-packages/airflow/example_dags/example_python_decorator.py
[2026-03-26T22:50:26.273+0000] {processor.py:830} INFO - Processing file /home/airflow/.local/lib/python3.8/site-packages/airflow/example_dags/example_python_decorator.py for tasks to queue
[2026-03-26T22:50:26.274+0000] {logging_mixin.py:188} INFO - [2026-03-26T22:50:26.274+0000] {dagbag.py:538} INFO - Filling up the DagBag from /home/airflow/.local/lib/python3.8/site-packages/airflow/example_dags/example_python_decorator.py
[2026-03-26T22:50:26.282+0000] {processor.py:840} INFO - DAG(s) 'example_python_decorator' retrieved from /home/airflow/.local/lib/python3.8/site-packages/airflow/example_dags/example_python_decorator.py
[2026-03-26T22:50:26.297+0000] {logging_mixin.py:188} INFO - [2026-03-26T22:50:26.297+0000] {dag.py:3036} INFO - Sync 1 DAGs
[2026-03-26T22:50:26.304+0000] {logging_mixin.py:188} INFO - [2026-03-26T22:50:26.304+0000] {dag.py:3823} INFO - Setting next_dagrun for example_python_decorator to None, run_after=None
[2026-03-26T22:50:26.316+0000] {processor.py:183} INFO - Processing /home/airflow/.local/lib/python3.8/site-packages/airflow/example_dags/example_python_decorator.py took 0.047 seconds
[2026-03-26T22:50:57.066+0000] {processor.py:161} INFO - Started process (PID=616) to work on /home/airflow/.local/lib/python3.8/site-packages/airflow/example_dags/example_python_decorator.py
[2026-03-26T22:50:57.067+0000] {processor.py:830} INFO - Processing file /home/airflow/.local/lib/python3.8/site-packages/airflow/example_dags/example_python_decorator.py for tasks to queue
[2026-03-26T22:50:57.068+0000] {logging_mixin.py:188} INFO - [2026-03-26T22:50:57.068+0000] {dagbag.py:538} INFO - Filling up the DagBag from /home/airflow/.local/lib/python3.8/site-packages/airflow/example_dags/example_python_decorator.py
[2026-03-26T22:50:57.076+0000] {processor.py:840} INFO - DAG(s) 'example_python_decorator' retrieved from /home/airflow/.local/lib/python3.8/site-packages/airflow/example_dags/example_python_decorator.py
[2026-03-26T22:50:57.091+0000] {logging_mixin.py:188} INFO - [2026-03-26T22:50:57.091+0000] {dag.py:3036} INFO - Sync 1 DAGs
[2026-03-26T22:50:57.098+0000] {logging_mixin.py:188} INFO - [2026-03-26T22:50:57.097+0000] {dag.py:3823} INFO - Setting next_dagrun for example_python_decorator to None, run_after=None
[2026-03-26T22:50:57.110+0000] {processor.py:183} INFO - Processing /home/airflow/.local/lib/python3.8/site-packages/airflow/example_dags/example_python_decorator.py took 0.045 seconds
[2026-03-26T22:51:27.651+0000] {processor.py:161} INFO - Started process (PID=671) to work on /home/airflow/.local/lib/python3.8/site-packages/airflow/example_dags/example_python_decorator.py
[2026-03-26T22:51:27.652+0000] {processor.py:830} INFO - Processing file /home/airflow/.local/lib/python3.8/site-packages/airflow/example_dags/example_python_decorator.py for tasks to queue
[2026-03-26T22:51:27.653+0000] {logging_mixin.py:188} INFO - [2026-03-26T22:51:27.653+0000] {dagbag.py:538} INFO - Filling up the DagBag from /home/airflow/.local/lib/python3.8/site-packages/airflow/example_dags/example_python_decorator.py
[2026-03-26T22:51:27.661+0000] {processor.py:840} INFO - DAG(s) 'example_python_decorator' retrieved from /home/airflow/.local/lib/python3.8/site-packages/airflow/example_dags/example_python_decorator.py
[2026-03-26T22:51:27.675+0000] {logging_mixin.py:188} INFO - [2026-03-26T22:51:27.675+0000] {dag.py:3036} INFO - Sync 1 DAGs
[2026-03-26T22:51:27.682+0000] {logging_mixin.py:188} INFO - [2026-03-26T22:51:27.682+0000] {dag.py:3823} INFO - Setting next_dagrun for example_python_decorator to None, run_after=None
[2026-03-26T22:51:27.693+0000] {processor.py:183} INFO - Processing /home/airflow/.local/lib/python3.8/site-packages/airflow/example_dags/example_python_decorator.py took 0.044 seconds
[2026-03-26T22:52:15.684+0000] {processor.py:161} INFO - Started process (PID=62) to work on /home/airflow/.local/lib/python3.8/site-packages/airflow/example_dags/example_python_decorator.py
[2026-03-26T22:52:15.689+0000] {processor.py:830} INFO - Processing file /home/airflow/.local/lib/python3.8/site-packages/airflow/example_dags/example_python_decorator.py for tasks to queue
[2026-03-26T22:52:15.690+0000] {logging_mixin.py:188} INFO - [2026-03-26T22:52:15.690+0000] {dagbag.py:538} INFO - Filling up the DagBag from /home/airflow/.local/lib/python3.8/site-packages/airflow/example_dags/example_python_decorator.py
[2026-03-26T22:52:15.702+0000] {processor.py:840} INFO - DAG(s) 'example_python_decorator' retrieved from /home/airflow/.local/lib/python3.8/site-packages/airflow/example_dags/example_python_decorator.py
[2026-03-26T22:52:15.714+0000] {logging_mixin.py:188} INFO - [2026-03-26T22:52:15.714+0000] {dag.py:3036} INFO - Sync 1 DAGs
[2026-03-26T22:52:15.722+0000] {logging_mixin.py:188} INFO - [2026-03-26T22:52:15.722+0000] {dag.py:3823} INFO - Setting next_dagrun for example_python_decorator to None, run_after=None
[2026-03-26T22:52:15.735+0000] {processor.py:183} INFO - Processing /home/airflow/.local/lib/python3.8/site-packages/airflow/example_dags/example_python_decorator.py took 0.053 seconds
[2026-03-26T22:52:46.215+0000] {processor.py:161} INFO - Started process (PID=117) to work on /home/airflow/.local/lib/python3.8/site-packages/airflow/example_dags/example_python_decorator.py
[2026-03-26T22:52:46.215+0000] {processor.py:830} INFO - Processing file /home/airflow/.local/lib/python3.8/site-packages/airflow/example_dags/example_python_decorator.py for tasks to queue
[2026-03-26T22:52:46.217+0000] {logging_mixin.py:188} INFO - [2026-03-26T22:52:46.216+0000] {dagbag.py:538} INFO - Filling up the DagBag from /home/airflow/.local/lib/python3.8/site-packages/airflow/example_dags/example_python_decorator.py
[2026-03-26T22:52:46.225+0000] {processor.py:840} INFO - DAG(s) 'example_python_decorator' retrieved from /home/airflow/.local/lib/python3.8/site-packages/airflow/example_dags/example_python_decorator.py
[2026-03-26T22:52:46.279+0000] {logging_mixin.py:188} INFO - [2026-03-26T22:52:46.279+0000] {dag.py:3036} INFO - Sync 1 DAGs
[2026-03-26T22:52:46.285+0000] {logging_mixin.py:188} INFO - [2026-03-26T22:52:46.284+0000] {dag.py:3823} INFO - Setting next_dagrun for example_python_decorator to None, run_after=None
[2026-03-26T22:52:46.295+0000] {processor.py:183} INFO - Processing /home/airflow/.local/lib/python3.8/site-packages/airflow/example_dags/example_python_decorator.py took 0.083 seconds
[2026-03-26T22:53:16.710+0000] {processor.py:161} INFO - Started process (PID=172) to work on /home/airflow/.local/lib/python3.8/site-packages/airflow/example_dags/example_python_decorator.py
[2026-03-26T22:53:16.711+0000] {processor.py:830} INFO - Processing file /home/airflow/.local/lib/python3.8/site-packages/airflow/example_dags/example_python_decorator.py for tasks to queue
[2026-03-26T22:53:16.713+0000] {logging_mixin.py:188} INFO - [2026-03-26T22:53:16.713+0000] {dagbag.py:538} INFO - Filling up the DagBag from /home/airflow/.local/lib/python3.8/site-packages/airflow/example_dags/example_python_decorator.py
[2026-03-26T22:53:16.725+0000] {processor.py:840} INFO - DAG(s) 'example_python_decorator' retrieved from /home/airflow/.local/lib/python3.8/site-packages/airflow/example_dags/example_python_decorator.py
[2026-03-26T22:53:16.745+0000] {logging_mixin.py:188} INFO - [2026-03-26T22:53:16.745+0000] {dag.py:3036} INFO - Sync 1 DAGs
[2026-03-26T22:53:16.754+0000] {logging_mixin.py:188} INFO - [2026-03-26T22:53:16.754+0000] {dag.py:3823} INFO - Setting next_dagrun for example_python_decorator to None, run_after=None
[2026-03-26T22:53:16.768+0000] {processor.py:183} INFO - Processing /home/airflow/.local/lib/python3.8/site-packages/airflow/example_dags/example_python_decorator.py took 0.061 seconds
[2026-03-26T22:53:47.001+0000] {processor.py:161} INFO - Started process (PID=227) to work on /home/airflow/.local/lib/python3.8/site-packages/airflow/example_dags/example_python_decorator.py
[2026-03-26T22:53:47.002+0000] {processor.py:830} INFO - Processing file /home/airflow/.local/lib/python3.8/site-packages/airflow/example_dags/example_python_decorator.py for tasks to queue
[2026-03-26T22:53:47.004+0000] {logging_mixin.py:188} INFO - [2026-03-26T22:53:47.003+0000] {dagbag.py:538} INFO - Filling up the DagBag from /home/airflow/.local/lib/python3.8/site-packages/airflow/example_dags/example_python_decorator.py
[2026-03-26T22:53:47.016+0000] {processor.py:840} INFO - DAG(s) 'example_python_decorator' retrieved from /home/airflow/.local/lib/python3.8/site-packages/airflow/example_dags/example_python_decorator.py
[2026-03-26T22:53:47.038+0000] {logging_mixin.py:188} INFO - [2026-03-26T22:53:47.037+0000] {dag.py:3036} INFO - Sync 1 DAGs
[2026-03-26T22:53:47.047+0000] {logging_mixin.py:188} INFO - [2026-03-26T22:53:47.047+0000] {dag.py:3823} INFO - Setting next_dagrun for example_python_decorator to None, run_after=None
[2026-03-26T22:53:47.067+0000] {processor.py:183} INFO - Processing /home/airflow/.local/lib/python3.8/site-packages/airflow/example_dags/example_python_decorator.py took 0.069 seconds
[2026-03-26T22:54:17.102+0000] {processor.py:161} INFO - Started process (PID=282) to work on /home/airflow/.local/lib/python3.8/site-packages/airflow/example_dags/example_python_decorator.py
[2026-03-26T22:54:17.103+0000] {processor.py:830} INFO - Processing file /home/airflow/.local/lib/python3.8/site-packages/airflow/example_dags/example_python_decorator.py for tasks to queue
[2026-03-26T22:54:17.104+0000] {logging_mixin.py:188} INFO - [2026-03-26T22:54:17.104+0000] {dagbag.py:538} INFO - Filling up the DagBag from /home/airflow/.local/lib/python3.8/site-packages/airflow/example_dags/example_python_decorator.py
[2026-03-26T22:54:17.113+0000] {processor.py:840} INFO - DAG(s) 'example_python_decorator' retrieved from /home/airflow/.local/lib/python3.8/site-packages/airflow/example_dags/example_python_decorator.py
[2026-03-26T22:54:17.129+0000] {logging_mixin.py:188} INFO - [2026-03-26T22:54:17.129+0000] {dag.py:3036} INFO - Sync 1 DAGs
[2026-03-26T22:54:17.135+0000] {logging_mixin.py:188} INFO - [2026-03-26T22:54:17.135+0000] {dag.py:3823} INFO - Setting next_dagrun for example_python_decorator to None, run_after=None
[2026-03-26T22:54:17.147+0000] {processor.py:183} INFO - Processing /home/airflow/.local/lib/python3.8/site-packages/airflow/example_dags/example_python_decorator.py took 0.048 seconds
[2026-03-26T22:54:47.764+0000] {processor.py:161} INFO - Started process (PID=337) to work on /home/airflow/.local/lib/python3.8/site-packages/airflow/example_dags/example_python_decorator.py
[2026-03-26T22:54:47.765+0000] {processor.py:830} INFO - Processing file /home/airflow/.local/lib/python3.8/site-packages/airflow/example_dags/example_python_decorator.py for tasks to queue
[2026-03-26T22:54:47.766+0000] {logging_mixin.py:188} INFO - [2026-03-26T22:54:47.766+0000] {dagbag.py:538} INFO - Filling up the DagBag from /home/airflow/.local/lib/python3.8/site-packages/airflow/example_dags/example_python_decorator.py
[2026-03-26T22:54:47.775+0000] {processor.py:840} INFO - DAG(s) 'example_python_decorator' retrieved from /home/airflow/.local/lib/python3.8/site-packages/airflow/example_dags/example_python_decorator.py
[2026-03-26T22:54:47.788+0000] {logging_mixin.py:188} INFO - [2026-03-26T22:54:47.788+0000] {dag.py:3036} INFO - Sync 1 DAGs
[2026-03-26T22:54:47.795+0000] {logging_mixin.py:188} INFO - [2026-03-26T22:54:47.795+0000] {dag.py:3823} INFO - Setting next_dagrun for example_python_decorator to None, run_after=None
[2026-03-26T22:54:47.806+0000] {processor.py:183} INFO - Processing /home/airflow/.local/lib/python3.8/site-packages/airflow/example_dags/example_python_decorator.py took 0.044 seconds
[2026-03-26T22:55:18.335+0000] {processor.py:161} INFO - Started process (PID=392) to work on /home/airflow/.local/lib/python3.8/site-packages/airflow/example_dags/example_python_decorator.py
[2026-03-26T22:55:18.336+0000] {processor.py:830} INFO - Processing file /home/airflow/.local/lib/python3.8/site-packages/airflow/example_dags/example_python_decorator.py for tasks to queue
[2026-03-26T22:55:18.337+0000] {logging_mixin.py:188} INFO - [2026-03-26T22:55:18.337+0000] {dagbag.py:538} INFO - Filling up the DagBag from /home/airflow/.local/lib/python3.8/site-packages/airflow/example_dags/example_python_decorator.py
[2026-03-26T22:55:18.346+0000] {processor.py:840} INFO - DAG(s) 'example_python_decorator' retrieved from /home/airflow/.local/lib/python3.8/site-packages/airflow/example_dags/example_python_decorator.py
[2026-03-26T22:55:18.360+0000] {logging_mixin.py:188} INFO - [2026-03-26T22:55:18.360+0000] {dag.py:3036} INFO - Sync 1 DAGs
[2026-03-26T22:55:18.367+0000] {logging_mixin.py:188} INFO - [2026-03-26T22:55:18.367+0000] {dag.py:3823} INFO - Setting next_dagrun for example_python_decorator to None, run_after=None
[2026-03-26T22:55:18.379+0000] {processor.py:183} INFO - Processing /home/airflow/.local/lib/python3.8/site-packages/airflow/example_dags/example_python_decorator.py took 0.047 seconds
[2026-03-26T22:55:48.892+0000] {processor.py:161} INFO - Started process (PID=447) to work on /home/airflow/.local/lib/python3.8/site-packages/airflow/example_dags/example_python_decorator.py
[2026-03-26T22:55:48.892+0000] {processor.py:830} INFO - Processing file /home/airflow/.local/lib/python3.8/site-packages/airflow/example_dags/example_python_decorator.py for tasks to queue
[2026-03-26T22:55:48.893+0000] {logging_mixin.py:188} INFO - [2026-03-26T22:55:48.893+0000] {dagbag.py:538} INFO - Filling up the DagBag from /home/airflow/.local/lib/python3.8/site-packages/airflow/example_dags/example_python_decorator.py
[2026-03-26T22:55:48.901+0000] {processor.py:840} INFO - DAG(s) 'example_python_decorator' retrieved from /home/airflow/.local/lib/python3.8/site-packages/airflow/example_dags/example_python_decorator.py
[2026-03-26T22:55:48.915+0000] {logging_mixin.py:188} INFO - [2026-03-26T22:55:48.915+0000] {dag.py:3036} INFO - Sync 1 DAGs
[2026-03-26T22:55:48.922+0000] {logging_mixin.py:188} INFO - [2026-03-26T22:55:48.922+0000] {dag.py:3823} INFO - Setting next_dagrun for example_python_decorator to None, run_after=None
[2026-03-26T22:55:48.932+0000] {processor.py:183} INFO - Processing /home/airflow/.local/lib/python3.8/site-packages/airflow/example_dags/example_python_decorator.py took 0.043 seconds
[2026-03-26T22:56:19.630+0000] {processor.py:161} INFO - Started process (PID=501) to work on /home/airflow/.local/lib/python3.8/site-packages/airflow/example_dags/example_python_decorator.py
[2026-03-26T22:56:19.631+0000] {processor.py:830} INFO - Processing file /home/airflow/.local/lib/python3.8/site-packages/airflow/example_dags/example_python_decorator.py for tasks to queue
[2026-03-26T22:56:19.632+0000] {logging_mixin.py:188} INFO - [2026-03-26T22:56:19.632+0000] {dagbag.py:538} INFO - Filling up the DagBag from /home/airflow/.local/lib/python3.8/site-packages/airflow/example_dags/example_python_decorator.py
[2026-03-26T22:56:19.640+0000] {processor.py:840} INFO - DAG(s) 'example_python_decorator' retrieved from /home/airflow/.local/lib/python3.8/site-packages/airflow/example_dags/example_python_decorator.py
[2026-03-26T22:56:19.652+0000] {logging_mixin.py:188} INFO - [2026-03-26T22:56:19.652+0000] {dag.py:3036} INFO - Sync 1 DAGs
[2026-03-26T22:56:19.659+0000] {logging_mixin.py:188} INFO - [2026-03-26T22:56:19.659+0000] {dag.py:3823} INFO - Setting next_dagrun for example_python_decorator to None, run_after=None
[2026-03-26T22:56:19.672+0000] {processor.py:183} INFO - Processing /home/airflow/.local/lib/python3.8/site-packages/airflow/example_dags/example_python_decorator.py took 0.045 seconds
[2026-03-26T22:56:50.301+0000] {processor.py:161} INFO - Started process (PID=556) to work on /home/airflow/.local/lib/python3.8/site-packages/airflow/example_dags/example_python_decorator.py
[2026-03-26T22:56:50.302+0000] {processor.py:830} INFO - Processing file /home/airflow/.local/lib/python3.8/site-packages/airflow/example_dags/example_python_decorator.py for tasks to queue
[2026-03-26T22:56:50.303+0000] {logging_mixin.py:188} INFO - [2026-03-26T22:56:50.303+0000] {dagbag.py:538} INFO - Filling up the DagBag from /home/airflow/.local/lib/python3.8/site-packages/airflow/example_dags/example_python_decorator.py
[2026-03-26T22:56:50.311+0000] {processor.py:840} INFO - DAG(s) 'example_python_decorator' retrieved from /home/airflow/.local/lib/python3.8/site-packages/airflow/example_dags/example_python_decorator.py
[2026-03-26T22:56:50.325+0000] {logging_mixin.py:188} INFO - [2026-03-26T22:56:50.324+0000] {dag.py:3036} INFO - Sync 1 DAGs
[2026-03-26T22:56:50.331+0000] {logging_mixin.py:188} INFO - [2026-03-26T22:56:50.331+0000] {dag.py:3823} INFO - Setting next_dagrun for example_python_decorator to None, run_after=None
[2026-03-26T22:56:50.343+0000] {processor.py:183} INFO - Processing /home/airflow/.local/lib/python3.8/site-packages/airflow/example_dags/example_python_decorator.py took 0.044 seconds
[2026-03-26T22:57:20.896+0000] {processor.py:161} INFO - Started process (PID=611) to work on /home/airflow/.local/lib/python3.8/site-packages/airflow/example_dags/example_python_decorator.py
[2026-03-26T22:57:20.896+0000] {processor.py:830} INFO - Processing file /home/airflow/.local/lib/python3.8/site-packages/airflow/example_dags/example_python_decorator.py for tasks to queue
[2026-03-26T22:57:20.898+0000] {logging_mixin.py:188} INFO - [2026-03-26T22:57:20.897+0000] {dagbag.py:538} INFO - Filling up the DagBag from /home/airflow/.local/lib/python3.8/site-packages/airflow/example_dags/example_python_decorator.py
[2026-03-26T22:57:20.906+0000] {processor.py:840} INFO - DAG(s) 'example_python_decorator' retrieved from /home/airflow/.local/lib/python3.8/site-packages/airflow/example_dags/example_python_decorator.py
[2026-03-26T22:57:20.919+0000] {logging_mixin.py:188} INFO - [2026-03-26T22:57:20.919+0000] {dag.py:3036} INFO - Sync 1 DAGs
[2026-03-26T22:57:20.926+0000] {logging_mixin.py:188} INFO - [2026-03-26T22:57:20.926+0000] {dag.py:3823} INFO - Setting next_dagrun for example_python_decorator to None, run_after=None
[2026-03-26T22:57:20.938+0000] {processor.py:183} INFO - Processing /home/airflow/.local/lib/python3.8/site-packages/airflow/example_dags/example_python_decorator.py took 0.045 seconds
[2026-03-26T22:57:51.599+0000] {processor.py:161} INFO - Started process (PID=666) to work on /home/airflow/.local/lib/python3.8/site-packages/airflow/example_dags/example_python_decorator.py
[2026-03-26T22:57:51.600+0000] {processor.py:830} INFO - Processing file /home/airflow/.local/lib/python3.8/site-packages/airflow/example_dags/example_python_decorator.py for tasks to queue
[2026-03-26T22:57:51.601+0000] {logging_mixin.py:188} INFO - [2026-03-26T22:57:51.601+0000] {dagbag.py:538} INFO - Filling up the DagBag from /home/airflow/.local/lib/python3.8/site-packages/airflow/example_dags/example_python_decorator.py
[2026-03-26T22:57:51.610+0000] {processor.py:840} INFO - DAG(s) 'example_python_decorator' retrieved from /home/airflow/.local/lib/python3.8/site-packages/airflow/example_dags/example_python_decorator.py
[2026-03-26T22:57:51.623+0000] {logging_mixin.py:188} INFO - [2026-03-26T22:57:51.623+0000] {dag.py:3036} INFO - Sync 1 DAGs
[2026-03-26T22:57:51.630+0000] {logging_mixin.py:188} INFO - [2026-03-26T22:57:51.630+0000] {dag.py:3823} INFO - Setting next_dagrun for example_python_decorator to None, run_after=None
[2026-03-26T22:57:51.641+0000] {processor.py:183} INFO - Processing /home/airflow/.local/lib/python3.8/site-packages/airflow/example_dags/example_python_decorator.py took 0.045 seconds
[2026-03-26T22:58:22.168+0000] {processor.py:161} INFO - Started process (PID=721) to work on /home/airflow/.local/lib/python3.8/site-packages/airflow/example_dags/example_python_decorator.py
[2026-03-26T22:58:22.169+0000] {processor.py:830} INFO - Processing file /home/airflow/.local/lib/python3.8/site-packages/airflow/example_dags/example_python_decorator.py for tasks to queue
[2026-03-26T22:58:22.171+0000] {logging_mixin.py:188} INFO - [2026-03-26T22:58:22.170+0000] {dagbag.py:538} INFO - Filling up the DagBag from /home/airflow/.local/lib/python3.8/site-packages/airflow/example_dags/example_python_decorator.py
[2026-03-26T22:58:22.179+0000] {processor.py:840} INFO - DAG(s) 'example_python_decorator' retrieved from /home/airflow/.local/lib/python3.8/site-packages/airflow/example_dags/example_python_decorator.py
[2026-03-26T22:58:22.192+0000] {logging_mixin.py:188} INFO - [2026-03-26T22:58:22.192+0000] {dag.py:3036} INFO - Sync 1 DAGs
[2026-03-26T22:58:22.199+0000] {logging_mixin.py:188} INFO - [2026-03-26T22:58:22.199+0000] {dag.py:3823} INFO - Setting next_dagrun for example_python_decorator to None, run_after=None
[2026-03-26T22:58:22.209+0000] {processor.py:183} INFO - Processing /home/airflow/.local/lib/python3.8/site-packages/airflow/example_dags/example_python_decorator.py took 0.043 seconds
