[2026-03-26T22:45:50.003+0000] {processor.py:161} INFO - Started process (PID=55) to work on /home/airflow/.local/lib/python3.8/site-packages/airflow/example_dags/example_latest_only_with_trigger.py
[2026-03-26T22:45:50.004+0000] {processor.py:830} INFO - Processing file /home/airflow/.local/lib/python3.8/site-packages/airflow/example_dags/example_latest_only_with_trigger.py for tasks to queue
[2026-03-26T22:45:50.005+0000] {logging_mixin.py:188} INFO - [2026-03-26T22:45:50.005+0000] {dagbag.py:538} INFO - Filling up the DagBag from /home/airflow/.local/lib/python3.8/site-packages/airflow/example_dags/example_latest_only_with_trigger.py
[2026-03-26T22:45:50.011+0000] {processor.py:840} INFO - DAG(s) 'latest_only_with_trigger' retrieved from /home/airflow/.local/lib/python3.8/site-packages/airflow/example_dags/example_latest_only_with_trigger.py
[2026-03-26T22:45:50.020+0000] {logging_mixin.py:188} INFO - [2026-03-26T22:45:50.020+0000] {dag.py:3036} INFO - Sync 1 DAGs
[2026-03-26T22:45:50.036+0000] {logging_mixin.py:188} INFO - [2026-03-26T22:45:50.036+0000] {dag.py:3823} INFO - Setting next_dagrun for latest_only_with_trigger to 2026-03-26 16:00:00+00:00, run_after=2026-03-26 20:00:00+00:00
[2026-03-26T22:45:50.048+0000] {processor.py:183} INFO - Processing /home/airflow/.local/lib/python3.8/site-packages/airflow/example_dags/example_latest_only_with_trigger.py took 0.047 seconds
[2026-03-26T22:46:21.665+0000] {processor.py:161} INFO - Started process (PID=110) to work on /home/airflow/.local/lib/python3.8/site-packages/airflow/example_dags/example_latest_only_with_trigger.py
[2026-03-26T22:46:21.673+0000] {processor.py:830} INFO - Processing file /home/airflow/.local/lib/python3.8/site-packages/airflow/example_dags/example_latest_only_with_trigger.py for tasks to queue
[2026-03-26T22:46:21.675+0000] {logging_mixin.py:188} INFO - [2026-03-26T22:46:21.675+0000] {dagbag.py:538} INFO - Filling up the DagBag from /home/airflow/.local/lib/python3.8/site-packages/airflow/example_dags/example_latest_only_with_trigger.py
[2026-03-26T22:46:21.681+0000] {processor.py:840} INFO - DAG(s) 'latest_only_with_trigger' retrieved from /home/airflow/.local/lib/python3.8/site-packages/airflow/example_dags/example_latest_only_with_trigger.py
[2026-03-26T22:46:21.756+0000] {logging_mixin.py:188} INFO - [2026-03-26T22:46:21.756+0000] {dag.py:3036} INFO - Sync 1 DAGs
[2026-03-26T22:46:21.768+0000] {logging_mixin.py:188} INFO - [2026-03-26T22:46:21.768+0000] {dag.py:3823} INFO - Setting next_dagrun for latest_only_with_trigger to 2026-03-26 16:00:00+00:00, run_after=2026-03-26 20:00:00+00:00
[2026-03-26T22:46:21.779+0000] {processor.py:183} INFO - Processing /home/airflow/.local/lib/python3.8/site-packages/airflow/example_dags/example_latest_only_with_trigger.py took 0.120 seconds
[2026-03-26T22:46:52.722+0000] {processor.py:161} INFO - Started process (PID=165) to work on /home/airflow/.local/lib/python3.8/site-packages/airflow/example_dags/example_latest_only_with_trigger.py
[2026-03-26T22:46:52.723+0000] {processor.py:830} INFO - Processing file /home/airflow/.local/lib/python3.8/site-packages/airflow/example_dags/example_latest_only_with_trigger.py for tasks to queue
[2026-03-26T22:46:52.724+0000] {logging_mixin.py:188} INFO - [2026-03-26T22:46:52.724+0000] {dagbag.py:538} INFO - Filling up the DagBag from /home/airflow/.local/lib/python3.8/site-packages/airflow/example_dags/example_latest_only_with_trigger.py
[2026-03-26T22:46:52.727+0000] {processor.py:840} INFO - DAG(s) 'latest_only_with_trigger' retrieved from /home/airflow/.local/lib/python3.8/site-packages/airflow/example_dags/example_latest_only_with_trigger.py
[2026-03-26T22:46:52.741+0000] {logging_mixin.py:188} INFO - [2026-03-26T22:46:52.741+0000] {dag.py:3036} INFO - Sync 1 DAGs
[2026-03-26T22:46:52.755+0000] {logging_mixin.py:188} INFO - [2026-03-26T22:46:52.755+0000] {dag.py:3823} INFO - Setting next_dagrun for latest_only_with_trigger to 2026-03-26 16:00:00+00:00, run_after=2026-03-26 20:00:00+00:00
[2026-03-26T22:46:52.798+0000] {processor.py:183} INFO - Processing /home/airflow/.local/lib/python3.8/site-packages/airflow/example_dags/example_latest_only_with_trigger.py took 0.078 seconds
[2026-03-26T22:47:22.858+0000] {processor.py:161} INFO - Started process (PID=220) to work on /home/airflow/.local/lib/python3.8/site-packages/airflow/example_dags/example_latest_only_with_trigger.py
[2026-03-26T22:47:22.862+0000] {processor.py:830} INFO - Processing file /home/airflow/.local/lib/python3.8/site-packages/airflow/example_dags/example_latest_only_with_trigger.py for tasks to queue
[2026-03-26T22:47:22.863+0000] {logging_mixin.py:188} INFO - [2026-03-26T22:47:22.863+0000] {dagbag.py:538} INFO - Filling up the DagBag from /home/airflow/.local/lib/python3.8/site-packages/airflow/example_dags/example_latest_only_with_trigger.py
[2026-03-26T22:47:22.867+0000] {processor.py:840} INFO - DAG(s) 'latest_only_with_trigger' retrieved from /home/airflow/.local/lib/python3.8/site-packages/airflow/example_dags/example_latest_only_with_trigger.py
[2026-03-26T22:47:22.891+0000] {logging_mixin.py:188} INFO - [2026-03-26T22:47:22.891+0000] {dag.py:3036} INFO - Sync 1 DAGs
[2026-03-26T22:47:22.909+0000] {logging_mixin.py:188} INFO - [2026-03-26T22:47:22.909+0000] {dag.py:3823} INFO - Setting next_dagrun for latest_only_with_trigger to 2026-03-26 16:00:00+00:00, run_after=2026-03-26 20:00:00+00:00
[2026-03-26T22:47:22.927+0000] {processor.py:183} INFO - Processing /home/airflow/.local/lib/python3.8/site-packages/airflow/example_dags/example_latest_only_with_trigger.py took 0.073 seconds
[2026-03-26T22:47:53.310+0000] {processor.py:161} INFO - Started process (PID=275) to work on /home/airflow/.local/lib/python3.8/site-packages/airflow/example_dags/example_latest_only_with_trigger.py
[2026-03-26T22:47:53.311+0000] {processor.py:830} INFO - Processing file /home/airflow/.local/lib/python3.8/site-packages/airflow/example_dags/example_latest_only_with_trigger.py for tasks to queue
[2026-03-26T22:47:53.312+0000] {logging_mixin.py:188} INFO - [2026-03-26T22:47:53.312+0000] {dagbag.py:538} INFO - Filling up the DagBag from /home/airflow/.local/lib/python3.8/site-packages/airflow/example_dags/example_latest_only_with_trigger.py
[2026-03-26T22:47:53.316+0000] {processor.py:840} INFO - DAG(s) 'latest_only_with_trigger' retrieved from /home/airflow/.local/lib/python3.8/site-packages/airflow/example_dags/example_latest_only_with_trigger.py
[2026-03-26T22:47:53.330+0000] {logging_mixin.py:188} INFO - [2026-03-26T22:47:53.330+0000] {dag.py:3036} INFO - Sync 1 DAGs
[2026-03-26T22:47:53.344+0000] {logging_mixin.py:188} INFO - [2026-03-26T22:47:53.344+0000] {dag.py:3823} INFO - Setting next_dagrun for latest_only_with_trigger to 2026-03-26 16:00:00+00:00, run_after=2026-03-26 20:00:00+00:00
[2026-03-26T22:47:53.355+0000] {processor.py:183} INFO - Processing /home/airflow/.local/lib/python3.8/site-packages/airflow/example_dags/example_latest_only_with_trigger.py took 0.047 seconds
[2026-03-26T22:48:23.828+0000] {processor.py:161} INFO - Started process (PID=330) to work on /home/airflow/.local/lib/python3.8/site-packages/airflow/example_dags/example_latest_only_with_trigger.py
[2026-03-26T22:48:23.829+0000] {processor.py:830} INFO - Processing file /home/airflow/.local/lib/python3.8/site-packages/airflow/example_dags/example_latest_only_with_trigger.py for tasks to queue
[2026-03-26T22:48:23.831+0000] {logging_mixin.py:188} INFO - [2026-03-26T22:48:23.830+0000] {dagbag.py:538} INFO - Filling up the DagBag from /home/airflow/.local/lib/python3.8/site-packages/airflow/example_dags/example_latest_only_with_trigger.py
[2026-03-26T22:48:23.836+0000] {processor.py:840} INFO - DAG(s) 'latest_only_with_trigger' retrieved from /home/airflow/.local/lib/python3.8/site-packages/airflow/example_dags/example_latest_only_with_trigger.py
[2026-03-26T22:48:23.851+0000] {logging_mixin.py:188} INFO - [2026-03-26T22:48:23.851+0000] {dag.py:3036} INFO - Sync 1 DAGs
[2026-03-26T22:48:23.862+0000] {logging_mixin.py:188} INFO - [2026-03-26T22:48:23.862+0000] {dag.py:3823} INFO - Setting next_dagrun for latest_only_with_trigger to 2026-03-26 16:00:00+00:00, run_after=2026-03-26 20:00:00+00:00
[2026-03-26T22:48:23.874+0000] {processor.py:183} INFO - Processing /home/airflow/.local/lib/python3.8/site-packages/airflow/example_dags/example_latest_only_with_trigger.py took 0.049 seconds
[2026-03-26T22:48:54.408+0000] {processor.py:161} INFO - Started process (PID=390) to work on /home/airflow/.local/lib/python3.8/site-packages/airflow/example_dags/example_latest_only_with_trigger.py
[2026-03-26T22:48:54.408+0000] {processor.py:830} INFO - Processing file /home/airflow/.local/lib/python3.8/site-packages/airflow/example_dags/example_latest_only_with_trigger.py for tasks to queue
[2026-03-26T22:48:54.409+0000] {logging_mixin.py:188} INFO - [2026-03-26T22:48:54.409+0000] {dagbag.py:538} INFO - Filling up the DagBag from /home/airflow/.local/lib/python3.8/site-packages/airflow/example_dags/example_latest_only_with_trigger.py
[2026-03-26T22:48:54.413+0000] {processor.py:840} INFO - DAG(s) 'latest_only_with_trigger' retrieved from /home/airflow/.local/lib/python3.8/site-packages/airflow/example_dags/example_latest_only_with_trigger.py
[2026-03-26T22:48:54.427+0000] {logging_mixin.py:188} INFO - [2026-03-26T22:48:54.427+0000] {dag.py:3036} INFO - Sync 1 DAGs
[2026-03-26T22:48:54.439+0000] {logging_mixin.py:188} INFO - [2026-03-26T22:48:54.439+0000] {dag.py:3823} INFO - Setting next_dagrun for latest_only_with_trigger to 2026-03-26 16:00:00+00:00, run_after=2026-03-26 20:00:00+00:00
[2026-03-26T22:48:54.450+0000] {processor.py:183} INFO - Processing /home/airflow/.local/lib/python3.8/site-packages/airflow/example_dags/example_latest_only_with_trigger.py took 0.044 seconds
[2026-03-26T22:49:24.878+0000] {processor.py:161} INFO - Started process (PID=444) to work on /home/airflow/.local/lib/python3.8/site-packages/airflow/example_dags/example_latest_only_with_trigger.py
[2026-03-26T22:49:24.878+0000] {processor.py:830} INFO - Processing file /home/airflow/.local/lib/python3.8/site-packages/airflow/example_dags/example_latest_only_with_trigger.py for tasks to queue
[2026-03-26T22:49:24.879+0000] {logging_mixin.py:188} INFO - [2026-03-26T22:49:24.879+0000] {dagbag.py:538} INFO - Filling up the DagBag from /home/airflow/.local/lib/python3.8/site-packages/airflow/example_dags/example_latest_only_with_trigger.py
[2026-03-26T22:49:24.883+0000] {processor.py:840} INFO - DAG(s) 'latest_only_with_trigger' retrieved from /home/airflow/.local/lib/python3.8/site-packages/airflow/example_dags/example_latest_only_with_trigger.py
[2026-03-26T22:49:24.898+0000] {logging_mixin.py:188} INFO - [2026-03-26T22:49:24.898+0000] {dag.py:3036} INFO - Sync 1 DAGs
[2026-03-26T22:49:24.910+0000] {logging_mixin.py:188} INFO - [2026-03-26T22:49:24.910+0000] {dag.py:3823} INFO - Setting next_dagrun for latest_only_with_trigger to 2026-03-26 16:00:00+00:00, run_after=2026-03-26 20:00:00+00:00
[2026-03-26T22:49:24.922+0000] {processor.py:183} INFO - Processing /home/airflow/.local/lib/python3.8/site-packages/airflow/example_dags/example_latest_only_with_trigger.py took 0.046 seconds
[2026-03-26T22:49:55.385+0000] {processor.py:161} INFO - Started process (PID=499) to work on /home/airflow/.local/lib/python3.8/site-packages/airflow/example_dags/example_latest_only_with_trigger.py
[2026-03-26T22:49:55.385+0000] {processor.py:830} INFO - Processing file /home/airflow/.local/lib/python3.8/site-packages/airflow/example_dags/example_latest_only_with_trigger.py for tasks to queue
[2026-03-26T22:49:55.386+0000] {logging_mixin.py:188} INFO - [2026-03-26T22:49:55.386+0000] {dagbag.py:538} INFO - Filling up the DagBag from /home/airflow/.local/lib/python3.8/site-packages/airflow/example_dags/example_latest_only_with_trigger.py
[2026-03-26T22:49:55.390+0000] {processor.py:840} INFO - DAG(s) 'latest_only_with_trigger' retrieved from /home/airflow/.local/lib/python3.8/site-packages/airflow/example_dags/example_latest_only_with_trigger.py
[2026-03-26T22:49:55.404+0000] {logging_mixin.py:188} INFO - [2026-03-26T22:49:55.403+0000] {dag.py:3036} INFO - Sync 1 DAGs
[2026-03-26T22:49:55.415+0000] {logging_mixin.py:188} INFO - [2026-03-26T22:49:55.415+0000] {dag.py:3823} INFO - Setting next_dagrun for latest_only_with_trigger to 2026-03-26 16:00:00+00:00, run_after=2026-03-26 20:00:00+00:00
[2026-03-26T22:49:55.425+0000] {processor.py:183} INFO - Processing /home/airflow/.local/lib/python3.8/site-packages/airflow/example_dags/example_latest_only_with_trigger.py took 0.044 seconds
[2026-03-26T22:50:26.018+0000] {processor.py:161} INFO - Started process (PID=554) to work on /home/airflow/.local/lib/python3.8/site-packages/airflow/example_dags/example_latest_only_with_trigger.py
[2026-03-26T22:50:26.018+0000] {processor.py:830} INFO - Processing file /home/airflow/.local/lib/python3.8/site-packages/airflow/example_dags/example_latest_only_with_trigger.py for tasks to queue
[2026-03-26T22:50:26.019+0000] {logging_mixin.py:188} INFO - [2026-03-26T22:50:26.019+0000] {dagbag.py:538} INFO - Filling up the DagBag from /home/airflow/.local/lib/python3.8/site-packages/airflow/example_dags/example_latest_only_with_trigger.py
[2026-03-26T22:50:26.023+0000] {processor.py:840} INFO - DAG(s) 'latest_only_with_trigger' retrieved from /home/airflow/.local/lib/python3.8/site-packages/airflow/example_dags/example_latest_only_with_trigger.py
[2026-03-26T22:50:26.035+0000] {logging_mixin.py:188} INFO - [2026-03-26T22:50:26.035+0000] {dag.py:3036} INFO - Sync 1 DAGs
[2026-03-26T22:50:26.047+0000] {logging_mixin.py:188} INFO - [2026-03-26T22:50:26.047+0000] {dag.py:3823} INFO - Setting next_dagrun for latest_only_with_trigger to 2026-03-26 16:00:00+00:00, run_after=2026-03-26 20:00:00+00:00
[2026-03-26T22:50:26.057+0000] {processor.py:183} INFO - Processing /home/airflow/.local/lib/python3.8/site-packages/airflow/example_dags/example_latest_only_with_trigger.py took 0.041 seconds
[2026-03-26T22:50:56.851+0000] {processor.py:161} INFO - Started process (PID=609) to work on /home/airflow/.local/lib/python3.8/site-packages/airflow/example_dags/example_latest_only_with_trigger.py
[2026-03-26T22:50:56.852+0000] {processor.py:830} INFO - Processing file /home/airflow/.local/lib/python3.8/site-packages/airflow/example_dags/example_latest_only_with_trigger.py for tasks to queue
[2026-03-26T22:50:56.853+0000] {logging_mixin.py:188} INFO - [2026-03-26T22:50:56.853+0000] {dagbag.py:538} INFO - Filling up the DagBag from /home/airflow/.local/lib/python3.8/site-packages/airflow/example_dags/example_latest_only_with_trigger.py
[2026-03-26T22:50:56.857+0000] {processor.py:840} INFO - DAG(s) 'latest_only_with_trigger' retrieved from /home/airflow/.local/lib/python3.8/site-packages/airflow/example_dags/example_latest_only_with_trigger.py
[2026-03-26T22:50:56.871+0000] {logging_mixin.py:188} INFO - [2026-03-26T22:50:56.871+0000] {dag.py:3036} INFO - Sync 1 DAGs
[2026-03-26T22:50:56.882+0000] {logging_mixin.py:188} INFO - [2026-03-26T22:50:56.882+0000] {dag.py:3823} INFO - Setting next_dagrun for latest_only_with_trigger to 2026-03-26 16:00:00+00:00, run_after=2026-03-26 20:00:00+00:00
[2026-03-26T22:50:56.892+0000] {processor.py:183} INFO - Processing /home/airflow/.local/lib/python3.8/site-packages/airflow/example_dags/example_latest_only_with_trigger.py took 0.045 seconds
[2026-03-26T22:51:27.430+0000] {processor.py:161} INFO - Started process (PID=664) to work on /home/airflow/.local/lib/python3.8/site-packages/airflow/example_dags/example_latest_only_with_trigger.py
[2026-03-26T22:51:27.432+0000] {processor.py:830} INFO - Processing file /home/airflow/.local/lib/python3.8/site-packages/airflow/example_dags/example_latest_only_with_trigger.py for tasks to queue
[2026-03-26T22:51:27.433+0000] {logging_mixin.py:188} INFO - [2026-03-26T22:51:27.433+0000] {dagbag.py:538} INFO - Filling up the DagBag from /home/airflow/.local/lib/python3.8/site-packages/airflow/example_dags/example_latest_only_with_trigger.py
[2026-03-26T22:51:27.436+0000] {processor.py:840} INFO - DAG(s) 'latest_only_with_trigger' retrieved from /home/airflow/.local/lib/python3.8/site-packages/airflow/example_dags/example_latest_only_with_trigger.py
[2026-03-26T22:51:27.449+0000] {logging_mixin.py:188} INFO - [2026-03-26T22:51:27.449+0000] {dag.py:3036} INFO - Sync 1 DAGs
[2026-03-26T22:51:27.461+0000] {logging_mixin.py:188} INFO - [2026-03-26T22:51:27.461+0000] {dag.py:3823} INFO - Setting next_dagrun for latest_only_with_trigger to 2026-03-26 16:00:00+00:00, run_after=2026-03-26 20:00:00+00:00
[2026-03-26T22:51:27.472+0000] {processor.py:183} INFO - Processing /home/airflow/.local/lib/python3.8/site-packages/airflow/example_dags/example_latest_only_with_trigger.py took 0.043 seconds
[2026-03-26T22:52:15.377+0000] {processor.py:161} INFO - Started process (PID=49) to work on /home/airflow/.local/lib/python3.8/site-packages/airflow/example_dags/example_latest_only_with_trigger.py
[2026-03-26T22:52:15.378+0000] {processor.py:830} INFO - Processing file /home/airflow/.local/lib/python3.8/site-packages/airflow/example_dags/example_latest_only_with_trigger.py for tasks to queue
[2026-03-26T22:52:15.379+0000] {logging_mixin.py:188} INFO - [2026-03-26T22:52:15.379+0000] {dagbag.py:538} INFO - Filling up the DagBag from /home/airflow/.local/lib/python3.8/site-packages/airflow/example_dags/example_latest_only_with_trigger.py
[2026-03-26T22:52:15.386+0000] {processor.py:840} INFO - DAG(s) 'latest_only_with_trigger' retrieved from /home/airflow/.local/lib/python3.8/site-packages/airflow/example_dags/example_latest_only_with_trigger.py
[2026-03-26T22:52:15.396+0000] {logging_mixin.py:188} INFO - [2026-03-26T22:52:15.396+0000] {dag.py:3036} INFO - Sync 1 DAGs
[2026-03-26T22:52:15.411+0000] {logging_mixin.py:188} INFO - [2026-03-26T22:52:15.411+0000] {dag.py:3823} INFO - Setting next_dagrun for latest_only_with_trigger to 2026-03-26 16:00:00+00:00, run_after=2026-03-26 20:00:00+00:00
[2026-03-26T22:52:15.423+0000] {processor.py:183} INFO - Processing /home/airflow/.local/lib/python3.8/site-packages/airflow/example_dags/example_latest_only_with_trigger.py took 0.050 seconds
[2026-03-26T22:52:45.840+0000] {processor.py:161} INFO - Started process (PID=110) to work on /home/airflow/.local/lib/python3.8/site-packages/airflow/example_dags/example_latest_only_with_trigger.py
[2026-03-26T22:52:45.840+0000] {processor.py:830} INFO - Processing file /home/airflow/.local/lib/python3.8/site-packages/airflow/example_dags/example_latest_only_with_trigger.py for tasks to queue
[2026-03-26T22:52:45.842+0000] {logging_mixin.py:188} INFO - [2026-03-26T22:52:45.842+0000] {dagbag.py:538} INFO - Filling up the DagBag from /home/airflow/.local/lib/python3.8/site-packages/airflow/example_dags/example_latest_only_with_trigger.py
[2026-03-26T22:52:45.846+0000] {processor.py:840} INFO - DAG(s) 'latest_only_with_trigger' retrieved from /home/airflow/.local/lib/python3.8/site-packages/airflow/example_dags/example_latest_only_with_trigger.py
[2026-03-26T22:52:45.904+0000] {logging_mixin.py:188} INFO - [2026-03-26T22:52:45.903+0000] {dag.py:3036} INFO - Sync 1 DAGs
[2026-03-26T22:52:45.914+0000] {logging_mixin.py:188} INFO - [2026-03-26T22:52:45.914+0000] {dag.py:3823} INFO - Setting next_dagrun for latest_only_with_trigger to 2026-03-26 16:00:00+00:00, run_after=2026-03-26 20:00:00+00:00
[2026-03-26T22:52:45.926+0000] {processor.py:183} INFO - Processing /home/airflow/.local/lib/python3.8/site-packages/airflow/example_dags/example_latest_only_with_trigger.py took 0.088 seconds
[2026-03-26T22:53:16.471+0000] {processor.py:161} INFO - Started process (PID=165) to work on /home/airflow/.local/lib/python3.8/site-packages/airflow/example_dags/example_latest_only_with_trigger.py
[2026-03-26T22:53:16.472+0000] {processor.py:830} INFO - Processing file /home/airflow/.local/lib/python3.8/site-packages/airflow/example_dags/example_latest_only_with_trigger.py for tasks to queue
[2026-03-26T22:53:16.474+0000] {logging_mixin.py:188} INFO - [2026-03-26T22:53:16.473+0000] {dagbag.py:538} INFO - Filling up the DagBag from /home/airflow/.local/lib/python3.8/site-packages/airflow/example_dags/example_latest_only_with_trigger.py
[2026-03-26T22:53:16.478+0000] {processor.py:840} INFO - DAG(s) 'latest_only_with_trigger' retrieved from /home/airflow/.local/lib/python3.8/site-packages/airflow/example_dags/example_latest_only_with_trigger.py
[2026-03-26T22:53:16.494+0000] {logging_mixin.py:188} INFO - [2026-03-26T22:53:16.494+0000] {dag.py:3036} INFO - Sync 1 DAGs
[2026-03-26T22:53:16.507+0000] {logging_mixin.py:188} INFO - [2026-03-26T22:53:16.507+0000] {dag.py:3823} INFO - Setting next_dagrun for latest_only_with_trigger to 2026-03-26 16:00:00+00:00, run_after=2026-03-26 20:00:00+00:00
[2026-03-26T22:53:16.517+0000] {processor.py:183} INFO - Processing /home/airflow/.local/lib/python3.8/site-packages/airflow/example_dags/example_latest_only_with_trigger.py took 0.049 seconds
[2026-03-26T22:53:46.734+0000] {processor.py:161} INFO - Started process (PID=220) to work on /home/airflow/.local/lib/python3.8/site-packages/airflow/example_dags/example_latest_only_with_trigger.py
[2026-03-26T22:53:46.735+0000] {processor.py:830} INFO - Processing file /home/airflow/.local/lib/python3.8/site-packages/airflow/example_dags/example_latest_only_with_trigger.py for tasks to queue
[2026-03-26T22:53:46.736+0000] {logging_mixin.py:188} INFO - [2026-03-26T22:53:46.736+0000] {dagbag.py:538} INFO - Filling up the DagBag from /home/airflow/.local/lib/python3.8/site-packages/airflow/example_dags/example_latest_only_with_trigger.py
[2026-03-26T22:53:46.740+0000] {processor.py:840} INFO - DAG(s) 'latest_only_with_trigger' retrieved from /home/airflow/.local/lib/python3.8/site-packages/airflow/example_dags/example_latest_only_with_trigger.py
[2026-03-26T22:53:46.753+0000] {logging_mixin.py:188} INFO - [2026-03-26T22:53:46.753+0000] {dag.py:3036} INFO - Sync 1 DAGs
[2026-03-26T22:53:46.766+0000] {logging_mixin.py:188} INFO - [2026-03-26T22:53:46.766+0000] {dag.py:3823} INFO - Setting next_dagrun for latest_only_with_trigger to 2026-03-26 16:00:00+00:00, run_after=2026-03-26 20:00:00+00:00
[2026-03-26T22:53:46.777+0000] {processor.py:183} INFO - Processing /home/airflow/.local/lib/python3.8/site-packages/airflow/example_dags/example_latest_only_with_trigger.py took 0.045 seconds
[2026-03-26T22:54:16.794+0000] {processor.py:161} INFO - Started process (PID=275) to work on /home/airflow/.local/lib/python3.8/site-packages/airflow/example_dags/example_latest_only_with_trigger.py
[2026-03-26T22:54:16.795+0000] {processor.py:830} INFO - Processing file /home/airflow/.local/lib/python3.8/site-packages/airflow/example_dags/example_latest_only_with_trigger.py for tasks to queue
[2026-03-26T22:54:16.796+0000] {logging_mixin.py:188} INFO - [2026-03-26T22:54:16.796+0000] {dagbag.py:538} INFO - Filling up the DagBag from /home/airflow/.local/lib/python3.8/site-packages/airflow/example_dags/example_latest_only_with_trigger.py
[2026-03-26T22:54:16.800+0000] {processor.py:840} INFO - DAG(s) 'latest_only_with_trigger' retrieved from /home/airflow/.local/lib/python3.8/site-packages/airflow/example_dags/example_latest_only_with_trigger.py
[2026-03-26T22:54:16.814+0000] {logging_mixin.py:188} INFO - [2026-03-26T22:54:16.814+0000] {dag.py:3036} INFO - Sync 1 DAGs
[2026-03-26T22:54:16.826+0000] {logging_mixin.py:188} INFO - [2026-03-26T22:54:16.825+0000] {dag.py:3823} INFO - Setting next_dagrun for latest_only_with_trigger to 2026-03-26 16:00:00+00:00, run_after=2026-03-26 20:00:00+00:00
[2026-03-26T22:54:16.835+0000] {processor.py:183} INFO - Processing /home/airflow/.local/lib/python3.8/site-packages/airflow/example_dags/example_latest_only_with_trigger.py took 0.043 seconds
[2026-03-26T22:54:47.570+0000] {processor.py:161} INFO - Started process (PID=330) to work on /home/airflow/.local/lib/python3.8/site-packages/airflow/example_dags/example_latest_only_with_trigger.py
[2026-03-26T22:54:47.570+0000] {processor.py:830} INFO - Processing file /home/airflow/.local/lib/python3.8/site-packages/airflow/example_dags/example_latest_only_with_trigger.py for tasks to queue
[2026-03-26T22:54:47.571+0000] {logging_mixin.py:188} INFO - [2026-03-26T22:54:47.571+0000] {dagbag.py:538} INFO - Filling up the DagBag from /home/airflow/.local/lib/python3.8/site-packages/airflow/example_dags/example_latest_only_with_trigger.py
[2026-03-26T22:54:47.575+0000] {processor.py:840} INFO - DAG(s) 'latest_only_with_trigger' retrieved from /home/airflow/.local/lib/python3.8/site-packages/airflow/example_dags/example_latest_only_with_trigger.py
[2026-03-26T22:54:47.588+0000] {logging_mixin.py:188} INFO - [2026-03-26T22:54:47.588+0000] {dag.py:3036} INFO - Sync 1 DAGs
[2026-03-26T22:54:47.600+0000] {logging_mixin.py:188} INFO - [2026-03-26T22:54:47.600+0000] {dag.py:3823} INFO - Setting next_dagrun for latest_only_with_trigger to 2026-03-26 16:00:00+00:00, run_after=2026-03-26 20:00:00+00:00
[2026-03-26T22:54:47.610+0000] {processor.py:183} INFO - Processing /home/airflow/.local/lib/python3.8/site-packages/airflow/example_dags/example_latest_only_with_trigger.py took 0.043 seconds
[2026-03-26T22:55:18.122+0000] {processor.py:161} INFO - Started process (PID=385) to work on /home/airflow/.local/lib/python3.8/site-packages/airflow/example_dags/example_latest_only_with_trigger.py
[2026-03-26T22:55:18.123+0000] {processor.py:830} INFO - Processing file /home/airflow/.local/lib/python3.8/site-packages/airflow/example_dags/example_latest_only_with_trigger.py for tasks to queue
[2026-03-26T22:55:18.125+0000] {logging_mixin.py:188} INFO - [2026-03-26T22:55:18.124+0000] {dagbag.py:538} INFO - Filling up the DagBag from /home/airflow/.local/lib/python3.8/site-packages/airflow/example_dags/example_latest_only_with_trigger.py
[2026-03-26T22:55:18.129+0000] {processor.py:840} INFO - DAG(s) 'latest_only_with_trigger' retrieved from /home/airflow/.local/lib/python3.8/site-packages/airflow/example_dags/example_latest_only_with_trigger.py
[2026-03-26T22:55:18.143+0000] {logging_mixin.py:188} INFO - [2026-03-26T22:55:18.143+0000] {dag.py:3036} INFO - Sync 1 DAGs
[2026-03-26T22:55:18.156+0000] {logging_mixin.py:188} INFO - [2026-03-26T22:55:18.155+0000] {dag.py:3823} INFO - Setting next_dagrun for latest_only_with_trigger to 2026-03-26 16:00:00+00:00, run_after=2026-03-26 20:00:00+00:00
[2026-03-26T22:55:18.167+0000] {processor.py:183} INFO - Processing /home/airflow/.local/lib/python3.8/site-packages/airflow/example_dags/example_latest_only_with_trigger.py took 0.047 seconds
[2026-03-26T22:55:48.687+0000] {processor.py:161} INFO - Started process (PID=440) to work on /home/airflow/.local/lib/python3.8/site-packages/airflow/example_dags/example_latest_only_with_trigger.py
[2026-03-26T22:55:48.688+0000] {processor.py:830} INFO - Processing file /home/airflow/.local/lib/python3.8/site-packages/airflow/example_dags/example_latest_only_with_trigger.py for tasks to queue
[2026-03-26T22:55:48.689+0000] {logging_mixin.py:188} INFO - [2026-03-26T22:55:48.689+0000] {dagbag.py:538} INFO - Filling up the DagBag from /home/airflow/.local/lib/python3.8/site-packages/airflow/example_dags/example_latest_only_with_trigger.py
[2026-03-26T22:55:48.693+0000] {processor.py:840} INFO - DAG(s) 'latest_only_with_trigger' retrieved from /home/airflow/.local/lib/python3.8/site-packages/airflow/example_dags/example_latest_only_with_trigger.py
[2026-03-26T22:55:48.708+0000] {logging_mixin.py:188} INFO - [2026-03-26T22:55:48.708+0000] {dag.py:3036} INFO - Sync 1 DAGs
[2026-03-26T22:55:48.721+0000] {logging_mixin.py:188} INFO - [2026-03-26T22:55:48.720+0000] {dag.py:3823} INFO - Setting next_dagrun for latest_only_with_trigger to 2026-03-26 16:00:00+00:00, run_after=2026-03-26 20:00:00+00:00
[2026-03-26T22:55:48.734+0000] {processor.py:183} INFO - Processing /home/airflow/.local/lib/python3.8/site-packages/airflow/example_dags/example_latest_only_with_trigger.py took 0.050 seconds
[2026-03-26T22:56:19.423+0000] {processor.py:161} INFO - Started process (PID=494) to work on /home/airflow/.local/lib/python3.8/site-packages/airflow/example_dags/example_latest_only_with_trigger.py
[2026-03-26T22:56:19.424+0000] {processor.py:830} INFO - Processing file /home/airflow/.local/lib/python3.8/site-packages/airflow/example_dags/example_latest_only_with_trigger.py for tasks to queue
[2026-03-26T22:56:19.426+0000] {logging_mixin.py:188} INFO - [2026-03-26T22:56:19.426+0000] {dagbag.py:538} INFO - Filling up the DagBag from /home/airflow/.local/lib/python3.8/site-packages/airflow/example_dags/example_latest_only_with_trigger.py
[2026-03-26T22:56:19.430+0000] {processor.py:840} INFO - DAG(s) 'latest_only_with_trigger' retrieved from /home/airflow/.local/lib/python3.8/site-packages/airflow/example_dags/example_latest_only_with_trigger.py
[2026-03-26T22:56:19.444+0000] {logging_mixin.py:188} INFO - [2026-03-26T22:56:19.444+0000] {dag.py:3036} INFO - Sync 1 DAGs
[2026-03-26T22:56:19.456+0000] {logging_mixin.py:188} INFO - [2026-03-26T22:56:19.456+0000] {dag.py:3823} INFO - Setting next_dagrun for latest_only_with_trigger to 2026-03-26 16:00:00+00:00, run_after=2026-03-26 20:00:00+00:00
[2026-03-26T22:56:19.466+0000] {processor.py:183} INFO - Processing /home/airflow/.local/lib/python3.8/site-packages/airflow/example_dags/example_latest_only_with_trigger.py took 0.047 seconds
[2026-03-26T22:56:50.104+0000] {processor.py:161} INFO - Started process (PID=549) to work on /home/airflow/.local/lib/python3.8/site-packages/airflow/example_dags/example_latest_only_with_trigger.py
[2026-03-26T22:56:50.105+0000] {processor.py:830} INFO - Processing file /home/airflow/.local/lib/python3.8/site-packages/airflow/example_dags/example_latest_only_with_trigger.py for tasks to queue
[2026-03-26T22:56:50.106+0000] {logging_mixin.py:188} INFO - [2026-03-26T22:56:50.106+0000] {dagbag.py:538} INFO - Filling up the DagBag from /home/airflow/.local/lib/python3.8/site-packages/airflow/example_dags/example_latest_only_with_trigger.py
[2026-03-26T22:56:50.111+0000] {processor.py:840} INFO - DAG(s) 'latest_only_with_trigger' retrieved from /home/airflow/.local/lib/python3.8/site-packages/airflow/example_dags/example_latest_only_with_trigger.py
[2026-03-26T22:56:50.126+0000] {logging_mixin.py:188} INFO - [2026-03-26T22:56:50.126+0000] {dag.py:3036} INFO - Sync 1 DAGs
[2026-03-26T22:56:50.138+0000] {logging_mixin.py:188} INFO - [2026-03-26T22:56:50.138+0000] {dag.py:3823} INFO - Setting next_dagrun for latest_only_with_trigger to 2026-03-26 16:00:00+00:00, run_after=2026-03-26 20:00:00+00:00
[2026-03-26T22:56:50.149+0000] {processor.py:183} INFO - Processing /home/airflow/.local/lib/python3.8/site-packages/airflow/example_dags/example_latest_only_with_trigger.py took 0.047 seconds
[2026-03-26T22:57:20.700+0000] {processor.py:161} INFO - Started process (PID=604) to work on /home/airflow/.local/lib/python3.8/site-packages/airflow/example_dags/example_latest_only_with_trigger.py
[2026-03-26T22:57:20.700+0000] {processor.py:830} INFO - Processing file /home/airflow/.local/lib/python3.8/site-packages/airflow/example_dags/example_latest_only_with_trigger.py for tasks to queue
[2026-03-26T22:57:20.701+0000] {logging_mixin.py:188} INFO - [2026-03-26T22:57:20.701+0000] {dagbag.py:538} INFO - Filling up the DagBag from /home/airflow/.local/lib/python3.8/site-packages/airflow/example_dags/example_latest_only_with_trigger.py
[2026-03-26T22:57:20.705+0000] {processor.py:840} INFO - DAG(s) 'latest_only_with_trigger' retrieved from /home/airflow/.local/lib/python3.8/site-packages/airflow/example_dags/example_latest_only_with_trigger.py
[2026-03-26T22:57:20.719+0000] {logging_mixin.py:188} INFO - [2026-03-26T22:57:20.718+0000] {dag.py:3036} INFO - Sync 1 DAGs
[2026-03-26T22:57:20.731+0000] {logging_mixin.py:188} INFO - [2026-03-26T22:57:20.731+0000] {dag.py:3823} INFO - Setting next_dagrun for latest_only_with_trigger to 2026-03-26 16:00:00+00:00, run_after=2026-03-26 20:00:00+00:00
[2026-03-26T22:57:20.745+0000] {processor.py:183} INFO - Processing /home/airflow/.local/lib/python3.8/site-packages/airflow/example_dags/example_latest_only_with_trigger.py took 0.048 seconds
[2026-03-26T22:57:51.399+0000] {processor.py:161} INFO - Started process (PID=659) to work on /home/airflow/.local/lib/python3.8/site-packages/airflow/example_dags/example_latest_only_with_trigger.py
[2026-03-26T22:57:51.400+0000] {processor.py:830} INFO - Processing file /home/airflow/.local/lib/python3.8/site-packages/airflow/example_dags/example_latest_only_with_trigger.py for tasks to queue
[2026-03-26T22:57:51.401+0000] {logging_mixin.py:188} INFO - [2026-03-26T22:57:51.401+0000] {dagbag.py:538} INFO - Filling up the DagBag from /home/airflow/.local/lib/python3.8/site-packages/airflow/example_dags/example_latest_only_with_trigger.py
[2026-03-26T22:57:51.405+0000] {processor.py:840} INFO - DAG(s) 'latest_only_with_trigger' retrieved from /home/airflow/.local/lib/python3.8/site-packages/airflow/example_dags/example_latest_only_with_trigger.py
[2026-03-26T22:57:51.419+0000] {logging_mixin.py:188} INFO - [2026-03-26T22:57:51.419+0000] {dag.py:3036} INFO - Sync 1 DAGs
[2026-03-26T22:57:51.433+0000] {logging_mixin.py:188} INFO - [2026-03-26T22:57:51.433+0000] {dag.py:3823} INFO - Setting next_dagrun for latest_only_with_trigger to 2026-03-26 16:00:00+00:00, run_after=2026-03-26 20:00:00+00:00
[2026-03-26T22:57:51.443+0000] {processor.py:183} INFO - Processing /home/airflow/.local/lib/python3.8/site-packages/airflow/example_dags/example_latest_only_with_trigger.py took 0.047 seconds
[2026-03-26T22:58:21.967+0000] {processor.py:161} INFO - Started process (PID=714) to work on /home/airflow/.local/lib/python3.8/site-packages/airflow/example_dags/example_latest_only_with_trigger.py
[2026-03-26T22:58:21.968+0000] {processor.py:830} INFO - Processing file /home/airflow/.local/lib/python3.8/site-packages/airflow/example_dags/example_latest_only_with_trigger.py for tasks to queue
[2026-03-26T22:58:21.969+0000] {logging_mixin.py:188} INFO - [2026-03-26T22:58:21.969+0000] {dagbag.py:538} INFO - Filling up the DagBag from /home/airflow/.local/lib/python3.8/site-packages/airflow/example_dags/example_latest_only_with_trigger.py
[2026-03-26T22:58:21.973+0000] {processor.py:840} INFO - DAG(s) 'latest_only_with_trigger' retrieved from /home/airflow/.local/lib/python3.8/site-packages/airflow/example_dags/example_latest_only_with_trigger.py
[2026-03-26T22:58:21.987+0000] {logging_mixin.py:188} INFO - [2026-03-26T22:58:21.987+0000] {dag.py:3036} INFO - Sync 1 DAGs
[2026-03-26T22:58:22.000+0000] {logging_mixin.py:188} INFO - [2026-03-26T22:58:21.999+0000] {dag.py:3823} INFO - Setting next_dagrun for latest_only_with_trigger to 2026-03-26 16:00:00+00:00, run_after=2026-03-26 20:00:00+00:00
[2026-03-26T22:58:22.010+0000] {processor.py:183} INFO - Processing /home/airflow/.local/lib/python3.8/site-packages/airflow/example_dags/example_latest_only_with_trigger.py took 0.046 seconds
