[2026-03-26T22:45:49.833+0000] {processor.py:161} INFO - Started process (PID=51) to work on /home/airflow/.local/lib/python3.8/site-packages/airflow/example_dags/example_params_trigger_ui.py
[2026-03-26T22:45:49.834+0000] {processor.py:830} INFO - Processing file /home/airflow/.local/lib/python3.8/site-packages/airflow/example_dags/example_params_trigger_ui.py for tasks to queue
[2026-03-26T22:45:49.835+0000] {logging_mixin.py:188} INFO - [2026-03-26T22:45:49.835+0000] {dagbag.py:538} INFO - Filling up the DagBag from /home/airflow/.local/lib/python3.8/site-packages/airflow/example_dags/example_params_trigger_ui.py
[2026-03-26T22:45:49.846+0000] {processor.py:840} INFO - DAG(s) 'example_params_trigger_ui' retrieved from /home/airflow/.local/lib/python3.8/site-packages/airflow/example_dags/example_params_trigger_ui.py
[2026-03-26T22:45:49.855+0000] {logging_mixin.py:188} INFO - [2026-03-26T22:45:49.855+0000] {dag.py:3036} INFO - Sync 1 DAGs
[2026-03-26T22:45:49.863+0000] {logging_mixin.py:188} INFO - [2026-03-26T22:45:49.863+0000] {dag.py:3823} INFO - Setting next_dagrun for example_params_trigger_ui to None, run_after=None
[2026-03-26T22:45:49.874+0000] {processor.py:183} INFO - Processing /home/airflow/.local/lib/python3.8/site-packages/airflow/example_dags/example_params_trigger_ui.py took 0.043 seconds
[2026-03-26T22:46:21.335+0000] {processor.py:161} INFO - Started process (PID=106) to work on /home/airflow/.local/lib/python3.8/site-packages/airflow/example_dags/example_params_trigger_ui.py
[2026-03-26T22:46:21.336+0000] {processor.py:830} INFO - Processing file /home/airflow/.local/lib/python3.8/site-packages/airflow/example_dags/example_params_trigger_ui.py for tasks to queue
[2026-03-26T22:46:21.337+0000] {logging_mixin.py:188} INFO - [2026-03-26T22:46:21.337+0000] {dagbag.py:538} INFO - Filling up the DagBag from /home/airflow/.local/lib/python3.8/site-packages/airflow/example_dags/example_params_trigger_ui.py
[2026-03-26T22:46:21.346+0000] {processor.py:840} INFO - DAG(s) 'example_params_trigger_ui' retrieved from /home/airflow/.local/lib/python3.8/site-packages/airflow/example_dags/example_params_trigger_ui.py
[2026-03-26T22:46:21.446+0000] {logging_mixin.py:188} INFO - [2026-03-26T22:46:21.445+0000] {dag.py:3036} INFO - Sync 1 DAGs
[2026-03-26T22:46:21.451+0000] {logging_mixin.py:188} INFO - [2026-03-26T22:46:21.451+0000] {dag.py:3823} INFO - Setting next_dagrun for example_params_trigger_ui to None, run_after=None
[2026-03-26T22:46:21.476+0000] {processor.py:183} INFO - Processing /home/airflow/.local/lib/python3.8/site-packages/airflow/example_dags/example_params_trigger_ui.py took 0.145 seconds
[2026-03-26T22:46:51.626+0000] {processor.py:161} INFO - Started process (PID=161) to work on /home/airflow/.local/lib/python3.8/site-packages/airflow/example_dags/example_params_trigger_ui.py
[2026-03-26T22:46:51.627+0000] {processor.py:830} INFO - Processing file /home/airflow/.local/lib/python3.8/site-packages/airflow/example_dags/example_params_trigger_ui.py for tasks to queue
[2026-03-26T22:46:51.628+0000] {logging_mixin.py:188} INFO - [2026-03-26T22:46:51.628+0000] {dagbag.py:538} INFO - Filling up the DagBag from /home/airflow/.local/lib/python3.8/site-packages/airflow/example_dags/example_params_trigger_ui.py
[2026-03-26T22:46:51.637+0000] {processor.py:840} INFO - DAG(s) 'example_params_trigger_ui' retrieved from /home/airflow/.local/lib/python3.8/site-packages/airflow/example_dags/example_params_trigger_ui.py
[2026-03-26T22:46:51.663+0000] {logging_mixin.py:188} INFO - [2026-03-26T22:46:51.663+0000] {dag.py:3036} INFO - Sync 1 DAGs
[2026-03-26T22:46:51.672+0000] {logging_mixin.py:188} INFO - [2026-03-26T22:46:51.672+0000] {dag.py:3823} INFO - Setting next_dagrun for example_params_trigger_ui to None, run_after=None
[2026-03-26T22:46:51.685+0000] {processor.py:183} INFO - Processing /home/airflow/.local/lib/python3.8/site-packages/airflow/example_dags/example_params_trigger_ui.py took 0.062 seconds
[2026-03-26T22:47:21.709+0000] {processor.py:161} INFO - Started process (PID=216) to work on /home/airflow/.local/lib/python3.8/site-packages/airflow/example_dags/example_params_trigger_ui.py
[2026-03-26T22:47:21.712+0000] {processor.py:830} INFO - Processing file /home/airflow/.local/lib/python3.8/site-packages/airflow/example_dags/example_params_trigger_ui.py for tasks to queue
[2026-03-26T22:47:21.714+0000] {logging_mixin.py:188} INFO - [2026-03-26T22:47:21.713+0000] {dagbag.py:538} INFO - Filling up the DagBag from /home/airflow/.local/lib/python3.8/site-packages/airflow/example_dags/example_params_trigger_ui.py
[2026-03-26T22:47:21.722+0000] {processor.py:840} INFO - DAG(s) 'example_params_trigger_ui' retrieved from /home/airflow/.local/lib/python3.8/site-packages/airflow/example_dags/example_params_trigger_ui.py
[2026-03-26T22:47:21.754+0000] {logging_mixin.py:188} INFO - [2026-03-26T22:47:21.753+0000] {dag.py:3036} INFO - Sync 1 DAGs
[2026-03-26T22:47:21.760+0000] {logging_mixin.py:188} INFO - [2026-03-26T22:47:21.760+0000] {dag.py:3823} INFO - Setting next_dagrun for example_params_trigger_ui to None, run_after=None
[2026-03-26T22:47:21.772+0000] {processor.py:183} INFO - Processing /home/airflow/.local/lib/python3.8/site-packages/airflow/example_dags/example_params_trigger_ui.py took 0.066 seconds
[2026-03-26T22:47:52.213+0000] {processor.py:161} INFO - Started process (PID=271) to work on /home/airflow/.local/lib/python3.8/site-packages/airflow/example_dags/example_params_trigger_ui.py
[2026-03-26T22:47:52.213+0000] {processor.py:830} INFO - Processing file /home/airflow/.local/lib/python3.8/site-packages/airflow/example_dags/example_params_trigger_ui.py for tasks to queue
[2026-03-26T22:47:52.214+0000] {logging_mixin.py:188} INFO - [2026-03-26T22:47:52.214+0000] {dagbag.py:538} INFO - Filling up the DagBag from /home/airflow/.local/lib/python3.8/site-packages/airflow/example_dags/example_params_trigger_ui.py
[2026-03-26T22:47:52.223+0000] {processor.py:840} INFO - DAG(s) 'example_params_trigger_ui' retrieved from /home/airflow/.local/lib/python3.8/site-packages/airflow/example_dags/example_params_trigger_ui.py
[2026-03-26T22:47:52.249+0000] {logging_mixin.py:188} INFO - [2026-03-26T22:47:52.248+0000] {dag.py:3036} INFO - Sync 1 DAGs
[2026-03-26T22:47:52.255+0000] {logging_mixin.py:188} INFO - [2026-03-26T22:47:52.255+0000] {dag.py:3823} INFO - Setting next_dagrun for example_params_trigger_ui to None, run_after=None
[2026-03-26T22:47:52.267+0000] {processor.py:183} INFO - Processing /home/airflow/.local/lib/python3.8/site-packages/airflow/example_dags/example_params_trigger_ui.py took 0.057 seconds
[2026-03-26T22:48:22.740+0000] {processor.py:161} INFO - Started process (PID=326) to work on /home/airflow/.local/lib/python3.8/site-packages/airflow/example_dags/example_params_trigger_ui.py
[2026-03-26T22:48:22.741+0000] {processor.py:830} INFO - Processing file /home/airflow/.local/lib/python3.8/site-packages/airflow/example_dags/example_params_trigger_ui.py for tasks to queue
[2026-03-26T22:48:22.742+0000] {logging_mixin.py:188} INFO - [2026-03-26T22:48:22.742+0000] {dagbag.py:538} INFO - Filling up the DagBag from /home/airflow/.local/lib/python3.8/site-packages/airflow/example_dags/example_params_trigger_ui.py
[2026-03-26T22:48:22.750+0000] {processor.py:840} INFO - DAG(s) 'example_params_trigger_ui' retrieved from /home/airflow/.local/lib/python3.8/site-packages/airflow/example_dags/example_params_trigger_ui.py
[2026-03-26T22:48:22.776+0000] {logging_mixin.py:188} INFO - [2026-03-26T22:48:22.776+0000] {dag.py:3036} INFO - Sync 1 DAGs
[2026-03-26T22:48:22.782+0000] {logging_mixin.py:188} INFO - [2026-03-26T22:48:22.782+0000] {dag.py:3823} INFO - Setting next_dagrun for example_params_trigger_ui to None, run_after=None
[2026-03-26T22:48:22.792+0000] {processor.py:183} INFO - Processing /home/airflow/.local/lib/python3.8/site-packages/airflow/example_dags/example_params_trigger_ui.py took 0.055 seconds
[2026-03-26T22:48:53.316+0000] {processor.py:161} INFO - Started process (PID=380) to work on /home/airflow/.local/lib/python3.8/site-packages/airflow/example_dags/example_params_trigger_ui.py
[2026-03-26T22:48:53.316+0000] {processor.py:830} INFO - Processing file /home/airflow/.local/lib/python3.8/site-packages/airflow/example_dags/example_params_trigger_ui.py for tasks to queue
[2026-03-26T22:48:53.317+0000] {logging_mixin.py:188} INFO - [2026-03-26T22:48:53.317+0000] {dagbag.py:538} INFO - Filling up the DagBag from /home/airflow/.local/lib/python3.8/site-packages/airflow/example_dags/example_params_trigger_ui.py
[2026-03-26T22:48:53.325+0000] {processor.py:840} INFO - DAG(s) 'example_params_trigger_ui' retrieved from /home/airflow/.local/lib/python3.8/site-packages/airflow/example_dags/example_params_trigger_ui.py
[2026-03-26T22:48:53.353+0000] {logging_mixin.py:188} INFO - [2026-03-26T22:48:53.353+0000] {dag.py:3036} INFO - Sync 1 DAGs
[2026-03-26T22:48:53.360+0000] {logging_mixin.py:188} INFO - [2026-03-26T22:48:53.360+0000] {dag.py:3823} INFO - Setting next_dagrun for example_params_trigger_ui to None, run_after=None
[2026-03-26T22:48:53.371+0000] {processor.py:183} INFO - Processing /home/airflow/.local/lib/python3.8/site-packages/airflow/example_dags/example_params_trigger_ui.py took 0.057 seconds
[2026-03-26T22:49:23.781+0000] {processor.py:161} INFO - Started process (PID=435) to work on /home/airflow/.local/lib/python3.8/site-packages/airflow/example_dags/example_params_trigger_ui.py
[2026-03-26T22:49:23.782+0000] {processor.py:830} INFO - Processing file /home/airflow/.local/lib/python3.8/site-packages/airflow/example_dags/example_params_trigger_ui.py for tasks to queue
[2026-03-26T22:49:23.783+0000] {logging_mixin.py:188} INFO - [2026-03-26T22:49:23.783+0000] {dagbag.py:538} INFO - Filling up the DagBag from /home/airflow/.local/lib/python3.8/site-packages/airflow/example_dags/example_params_trigger_ui.py
[2026-03-26T22:49:23.792+0000] {processor.py:840} INFO - DAG(s) 'example_params_trigger_ui' retrieved from /home/airflow/.local/lib/python3.8/site-packages/airflow/example_dags/example_params_trigger_ui.py
[2026-03-26T22:49:23.816+0000] {logging_mixin.py:188} INFO - [2026-03-26T22:49:23.816+0000] {dag.py:3036} INFO - Sync 1 DAGs
[2026-03-26T22:49:23.823+0000] {logging_mixin.py:188} INFO - [2026-03-26T22:49:23.823+0000] {dag.py:3823} INFO - Setting next_dagrun for example_params_trigger_ui to None, run_after=None
[2026-03-26T22:49:23.834+0000] {processor.py:183} INFO - Processing /home/airflow/.local/lib/python3.8/site-packages/airflow/example_dags/example_params_trigger_ui.py took 0.055 seconds
[2026-03-26T22:49:54.291+0000] {processor.py:161} INFO - Started process (PID=495) to work on /home/airflow/.local/lib/python3.8/site-packages/airflow/example_dags/example_params_trigger_ui.py
[2026-03-26T22:49:54.292+0000] {processor.py:830} INFO - Processing file /home/airflow/.local/lib/python3.8/site-packages/airflow/example_dags/example_params_trigger_ui.py for tasks to queue
[2026-03-26T22:49:54.293+0000] {logging_mixin.py:188} INFO - [2026-03-26T22:49:54.293+0000] {dagbag.py:538} INFO - Filling up the DagBag from /home/airflow/.local/lib/python3.8/site-packages/airflow/example_dags/example_params_trigger_ui.py
[2026-03-26T22:49:54.301+0000] {processor.py:840} INFO - DAG(s) 'example_params_trigger_ui' retrieved from /home/airflow/.local/lib/python3.8/site-packages/airflow/example_dags/example_params_trigger_ui.py
[2026-03-26T22:49:54.326+0000] {logging_mixin.py:188} INFO - [2026-03-26T22:49:54.326+0000] {dag.py:3036} INFO - Sync 1 DAGs
[2026-03-26T22:49:54.333+0000] {logging_mixin.py:188} INFO - [2026-03-26T22:49:54.333+0000] {dag.py:3823} INFO - Setting next_dagrun for example_params_trigger_ui to None, run_after=None
[2026-03-26T22:49:54.343+0000] {processor.py:183} INFO - Processing /home/airflow/.local/lib/python3.8/site-packages/airflow/example_dags/example_params_trigger_ui.py took 0.054 seconds
[2026-03-26T22:50:24.921+0000] {processor.py:161} INFO - Started process (PID=550) to work on /home/airflow/.local/lib/python3.8/site-packages/airflow/example_dags/example_params_trigger_ui.py
[2026-03-26T22:50:24.922+0000] {processor.py:830} INFO - Processing file /home/airflow/.local/lib/python3.8/site-packages/airflow/example_dags/example_params_trigger_ui.py for tasks to queue
[2026-03-26T22:50:24.923+0000] {logging_mixin.py:188} INFO - [2026-03-26T22:50:24.923+0000] {dagbag.py:538} INFO - Filling up the DagBag from /home/airflow/.local/lib/python3.8/site-packages/airflow/example_dags/example_params_trigger_ui.py
[2026-03-26T22:50:24.932+0000] {processor.py:840} INFO - DAG(s) 'example_params_trigger_ui' retrieved from /home/airflow/.local/lib/python3.8/site-packages/airflow/example_dags/example_params_trigger_ui.py
[2026-03-26T22:50:24.957+0000] {logging_mixin.py:188} INFO - [2026-03-26T22:50:24.957+0000] {dag.py:3036} INFO - Sync 1 DAGs
[2026-03-26T22:50:24.963+0000] {logging_mixin.py:188} INFO - [2026-03-26T22:50:24.963+0000] {dag.py:3823} INFO - Setting next_dagrun for example_params_trigger_ui to None, run_after=None
[2026-03-26T22:50:24.974+0000] {processor.py:183} INFO - Processing /home/airflow/.local/lib/python3.8/site-packages/airflow/example_dags/example_params_trigger_ui.py took 0.055 seconds
[2026-03-26T22:50:55.753+0000] {processor.py:161} INFO - Started process (PID=605) to work on /home/airflow/.local/lib/python3.8/site-packages/airflow/example_dags/example_params_trigger_ui.py
[2026-03-26T22:50:55.753+0000] {processor.py:830} INFO - Processing file /home/airflow/.local/lib/python3.8/site-packages/airflow/example_dags/example_params_trigger_ui.py for tasks to queue
[2026-03-26T22:50:55.755+0000] {logging_mixin.py:188} INFO - [2026-03-26T22:50:55.755+0000] {dagbag.py:538} INFO - Filling up the DagBag from /home/airflow/.local/lib/python3.8/site-packages/airflow/example_dags/example_params_trigger_ui.py
[2026-03-26T22:50:55.763+0000] {processor.py:840} INFO - DAG(s) 'example_params_trigger_ui' retrieved from /home/airflow/.local/lib/python3.8/site-packages/airflow/example_dags/example_params_trigger_ui.py
[2026-03-26T22:50:55.788+0000] {logging_mixin.py:188} INFO - [2026-03-26T22:50:55.788+0000] {dag.py:3036} INFO - Sync 1 DAGs
[2026-03-26T22:50:55.795+0000] {logging_mixin.py:188} INFO - [2026-03-26T22:50:55.795+0000] {dag.py:3823} INFO - Setting next_dagrun for example_params_trigger_ui to None, run_after=None
[2026-03-26T22:50:55.806+0000] {processor.py:183} INFO - Processing /home/airflow/.local/lib/python3.8/site-packages/airflow/example_dags/example_params_trigger_ui.py took 0.056 seconds
[2026-03-26T22:51:26.333+0000] {processor.py:161} INFO - Started process (PID=660) to work on /home/airflow/.local/lib/python3.8/site-packages/airflow/example_dags/example_params_trigger_ui.py
[2026-03-26T22:51:26.333+0000] {processor.py:830} INFO - Processing file /home/airflow/.local/lib/python3.8/site-packages/airflow/example_dags/example_params_trigger_ui.py for tasks to queue
[2026-03-26T22:51:26.335+0000] {logging_mixin.py:188} INFO - [2026-03-26T22:51:26.334+0000] {dagbag.py:538} INFO - Filling up the DagBag from /home/airflow/.local/lib/python3.8/site-packages/airflow/example_dags/example_params_trigger_ui.py
[2026-03-26T22:51:26.342+0000] {processor.py:840} INFO - DAG(s) 'example_params_trigger_ui' retrieved from /home/airflow/.local/lib/python3.8/site-packages/airflow/example_dags/example_params_trigger_ui.py
[2026-03-26T22:51:26.367+0000] {logging_mixin.py:188} INFO - [2026-03-26T22:51:26.367+0000] {dag.py:3036} INFO - Sync 1 DAGs
[2026-03-26T22:51:26.375+0000] {logging_mixin.py:188} INFO - [2026-03-26T22:51:26.374+0000] {dag.py:3823} INFO - Setting next_dagrun for example_params_trigger_ui to None, run_after=None
[2026-03-26T22:51:26.386+0000] {processor.py:183} INFO - Processing /home/airflow/.local/lib/python3.8/site-packages/airflow/example_dags/example_params_trigger_ui.py took 0.055 seconds
[2026-03-26T22:52:15.195+0000] {processor.py:161} INFO - Started process (PID=45) to work on /home/airflow/.local/lib/python3.8/site-packages/airflow/example_dags/example_params_trigger_ui.py
[2026-03-26T22:52:15.197+0000] {processor.py:830} INFO - Processing file /home/airflow/.local/lib/python3.8/site-packages/airflow/example_dags/example_params_trigger_ui.py for tasks to queue
[2026-03-26T22:52:15.198+0000] {logging_mixin.py:188} INFO - [2026-03-26T22:52:15.198+0000] {dagbag.py:538} INFO - Filling up the DagBag from /home/airflow/.local/lib/python3.8/site-packages/airflow/example_dags/example_params_trigger_ui.py
[2026-03-26T22:52:15.209+0000] {processor.py:840} INFO - DAG(s) 'example_params_trigger_ui' retrieved from /home/airflow/.local/lib/python3.8/site-packages/airflow/example_dags/example_params_trigger_ui.py
[2026-03-26T22:52:15.219+0000] {logging_mixin.py:188} INFO - [2026-03-26T22:52:15.219+0000] {dag.py:3036} INFO - Sync 1 DAGs
[2026-03-26T22:52:15.227+0000] {logging_mixin.py:188} INFO - [2026-03-26T22:52:15.227+0000] {dag.py:3823} INFO - Setting next_dagrun for example_params_trigger_ui to None, run_after=None
[2026-03-26T22:52:15.238+0000] {processor.py:183} INFO - Processing /home/airflow/.local/lib/python3.8/site-packages/airflow/example_dags/example_params_trigger_ui.py took 0.047 seconds
[2026-03-26T22:52:45.622+0000] {processor.py:161} INFO - Started process (PID=106) to work on /home/airflow/.local/lib/python3.8/site-packages/airflow/example_dags/example_params_trigger_ui.py
[2026-03-26T22:52:45.622+0000] {processor.py:830} INFO - Processing file /home/airflow/.local/lib/python3.8/site-packages/airflow/example_dags/example_params_trigger_ui.py for tasks to queue
[2026-03-26T22:52:45.624+0000] {logging_mixin.py:188} INFO - [2026-03-26T22:52:45.623+0000] {dagbag.py:538} INFO - Filling up the DagBag from /home/airflow/.local/lib/python3.8/site-packages/airflow/example_dags/example_params_trigger_ui.py
[2026-03-26T22:52:45.632+0000] {processor.py:840} INFO - DAG(s) 'example_params_trigger_ui' retrieved from /home/airflow/.local/lib/python3.8/site-packages/airflow/example_dags/example_params_trigger_ui.py
[2026-03-26T22:52:45.704+0000] {logging_mixin.py:188} INFO - [2026-03-26T22:52:45.704+0000] {dag.py:3036} INFO - Sync 1 DAGs
[2026-03-26T22:52:45.711+0000] {logging_mixin.py:188} INFO - [2026-03-26T22:52:45.710+0000] {dag.py:3823} INFO - Setting next_dagrun for example_params_trigger_ui to None, run_after=None
[2026-03-26T22:52:45.723+0000] {processor.py:183} INFO - Processing /home/airflow/.local/lib/python3.8/site-packages/airflow/example_dags/example_params_trigger_ui.py took 0.104 seconds
[2026-03-26T22:53:16.318+0000] {processor.py:161} INFO - Started process (PID=161) to work on /home/airflow/.local/lib/python3.8/site-packages/airflow/example_dags/example_params_trigger_ui.py
[2026-03-26T22:53:16.320+0000] {processor.py:830} INFO - Processing file /home/airflow/.local/lib/python3.8/site-packages/airflow/example_dags/example_params_trigger_ui.py for tasks to queue
[2026-03-26T22:53:16.322+0000] {logging_mixin.py:188} INFO - [2026-03-26T22:53:16.321+0000] {dagbag.py:538} INFO - Filling up the DagBag from /home/airflow/.local/lib/python3.8/site-packages/airflow/example_dags/example_params_trigger_ui.py
[2026-03-26T22:53:16.332+0000] {processor.py:840} INFO - DAG(s) 'example_params_trigger_ui' retrieved from /home/airflow/.local/lib/python3.8/site-packages/airflow/example_dags/example_params_trigger_ui.py
[2026-03-26T22:53:16.365+0000] {logging_mixin.py:188} INFO - [2026-03-26T22:53:16.364+0000] {dag.py:3036} INFO - Sync 1 DAGs
[2026-03-26T22:53:16.373+0000] {logging_mixin.py:188} INFO - [2026-03-26T22:53:16.372+0000] {dag.py:3823} INFO - Setting next_dagrun for example_params_trigger_ui to None, run_after=None
[2026-03-26T22:53:16.384+0000] {processor.py:183} INFO - Processing /home/airflow/.local/lib/python3.8/site-packages/airflow/example_dags/example_params_trigger_ui.py took 0.072 seconds
[2026-03-26T22:53:46.544+0000] {processor.py:161} INFO - Started process (PID=216) to work on /home/airflow/.local/lib/python3.8/site-packages/airflow/example_dags/example_params_trigger_ui.py
[2026-03-26T22:53:46.544+0000] {processor.py:830} INFO - Processing file /home/airflow/.local/lib/python3.8/site-packages/airflow/example_dags/example_params_trigger_ui.py for tasks to queue
[2026-03-26T22:53:46.546+0000] {logging_mixin.py:188} INFO - [2026-03-26T22:53:46.546+0000] {dagbag.py:538} INFO - Filling up the DagBag from /home/airflow/.local/lib/python3.8/site-packages/airflow/example_dags/example_params_trigger_ui.py
[2026-03-26T22:53:46.555+0000] {processor.py:840} INFO - DAG(s) 'example_params_trigger_ui' retrieved from /home/airflow/.local/lib/python3.8/site-packages/airflow/example_dags/example_params_trigger_ui.py
[2026-03-26T22:53:46.581+0000] {logging_mixin.py:188} INFO - [2026-03-26T22:53:46.581+0000] {dag.py:3036} INFO - Sync 1 DAGs
[2026-03-26T22:53:46.588+0000] {logging_mixin.py:188} INFO - [2026-03-26T22:53:46.588+0000] {dag.py:3823} INFO - Setting next_dagrun for example_params_trigger_ui to None, run_after=None
[2026-03-26T22:53:46.600+0000] {processor.py:183} INFO - Processing /home/airflow/.local/lib/python3.8/site-packages/airflow/example_dags/example_params_trigger_ui.py took 0.059 seconds
[2026-03-26T22:54:16.626+0000] {processor.py:161} INFO - Started process (PID=271) to work on /home/airflow/.local/lib/python3.8/site-packages/airflow/example_dags/example_params_trigger_ui.py
[2026-03-26T22:54:16.627+0000] {processor.py:830} INFO - Processing file /home/airflow/.local/lib/python3.8/site-packages/airflow/example_dags/example_params_trigger_ui.py for tasks to queue
[2026-03-26T22:54:16.628+0000] {logging_mixin.py:188} INFO - [2026-03-26T22:54:16.628+0000] {dagbag.py:538} INFO - Filling up the DagBag from /home/airflow/.local/lib/python3.8/site-packages/airflow/example_dags/example_params_trigger_ui.py
[2026-03-26T22:54:16.637+0000] {processor.py:840} INFO - DAG(s) 'example_params_trigger_ui' retrieved from /home/airflow/.local/lib/python3.8/site-packages/airflow/example_dags/example_params_trigger_ui.py
[2026-03-26T22:54:16.664+0000] {logging_mixin.py:188} INFO - [2026-03-26T22:54:16.663+0000] {dag.py:3036} INFO - Sync 1 DAGs
[2026-03-26T22:54:16.670+0000] {logging_mixin.py:188} INFO - [2026-03-26T22:54:16.670+0000] {dag.py:3823} INFO - Setting next_dagrun for example_params_trigger_ui to None, run_after=None
[2026-03-26T22:54:16.681+0000] {processor.py:183} INFO - Processing /home/airflow/.local/lib/python3.8/site-packages/airflow/example_dags/example_params_trigger_ui.py took 0.057 seconds
[2026-03-26T22:54:47.445+0000] {processor.py:161} INFO - Started process (PID=326) to work on /home/airflow/.local/lib/python3.8/site-packages/airflow/example_dags/example_params_trigger_ui.py
[2026-03-26T22:54:47.446+0000] {processor.py:830} INFO - Processing file /home/airflow/.local/lib/python3.8/site-packages/airflow/example_dags/example_params_trigger_ui.py for tasks to queue
[2026-03-26T22:54:47.447+0000] {logging_mixin.py:188} INFO - [2026-03-26T22:54:47.447+0000] {dagbag.py:538} INFO - Filling up the DagBag from /home/airflow/.local/lib/python3.8/site-packages/airflow/example_dags/example_params_trigger_ui.py
[2026-03-26T22:54:47.455+0000] {processor.py:840} INFO - DAG(s) 'example_params_trigger_ui' retrieved from /home/airflow/.local/lib/python3.8/site-packages/airflow/example_dags/example_params_trigger_ui.py
[2026-03-26T22:54:47.481+0000] {logging_mixin.py:188} INFO - [2026-03-26T22:54:47.481+0000] {dag.py:3036} INFO - Sync 1 DAGs
[2026-03-26T22:54:47.488+0000] {logging_mixin.py:188} INFO - [2026-03-26T22:54:47.487+0000] {dag.py:3823} INFO - Setting next_dagrun for example_params_trigger_ui to None, run_after=None
[2026-03-26T22:54:47.498+0000] {processor.py:183} INFO - Processing /home/airflow/.local/lib/python3.8/site-packages/airflow/example_dags/example_params_trigger_ui.py took 0.055 seconds
[2026-03-26T22:55:17.987+0000] {processor.py:161} INFO - Started process (PID=381) to work on /home/airflow/.local/lib/python3.8/site-packages/airflow/example_dags/example_params_trigger_ui.py
[2026-03-26T22:55:17.987+0000] {processor.py:830} INFO - Processing file /home/airflow/.local/lib/python3.8/site-packages/airflow/example_dags/example_params_trigger_ui.py for tasks to queue
[2026-03-26T22:55:17.988+0000] {logging_mixin.py:188} INFO - [2026-03-26T22:55:17.988+0000] {dagbag.py:538} INFO - Filling up the DagBag from /home/airflow/.local/lib/python3.8/site-packages/airflow/example_dags/example_params_trigger_ui.py
[2026-03-26T22:55:17.999+0000] {processor.py:840} INFO - DAG(s) 'example_params_trigger_ui' retrieved from /home/airflow/.local/lib/python3.8/site-packages/airflow/example_dags/example_params_trigger_ui.py
[2026-03-26T22:55:18.027+0000] {logging_mixin.py:188} INFO - [2026-03-26T22:55:18.027+0000] {dag.py:3036} INFO - Sync 1 DAGs
[2026-03-26T22:55:18.034+0000] {logging_mixin.py:188} INFO - [2026-03-26T22:55:18.034+0000] {dag.py:3823} INFO - Setting next_dagrun for example_params_trigger_ui to None, run_after=None
[2026-03-26T22:55:18.046+0000] {processor.py:183} INFO - Processing /home/airflow/.local/lib/python3.8/site-packages/airflow/example_dags/example_params_trigger_ui.py took 0.062 seconds
[2026-03-26T22:55:48.555+0000] {processor.py:161} INFO - Started process (PID=436) to work on /home/airflow/.local/lib/python3.8/site-packages/airflow/example_dags/example_params_trigger_ui.py
[2026-03-26T22:55:48.555+0000] {processor.py:830} INFO - Processing file /home/airflow/.local/lib/python3.8/site-packages/airflow/example_dags/example_params_trigger_ui.py for tasks to queue
[2026-03-26T22:55:48.557+0000] {logging_mixin.py:188} INFO - [2026-03-26T22:55:48.556+0000] {dagbag.py:538} INFO - Filling up the DagBag from /home/airflow/.local/lib/python3.8/site-packages/airflow/example_dags/example_params_trigger_ui.py
[2026-03-26T22:55:48.565+0000] {processor.py:840} INFO - DAG(s) 'example_params_trigger_ui' retrieved from /home/airflow/.local/lib/python3.8/site-packages/airflow/example_dags/example_params_trigger_ui.py
[2026-03-26T22:55:48.591+0000] {logging_mixin.py:188} INFO - [2026-03-26T22:55:48.591+0000] {dag.py:3036} INFO - Sync 1 DAGs
[2026-03-26T22:55:48.597+0000] {logging_mixin.py:188} INFO - [2026-03-26T22:55:48.597+0000] {dag.py:3823} INFO - Setting next_dagrun for example_params_trigger_ui to None, run_after=None
[2026-03-26T22:55:48.609+0000] {processor.py:183} INFO - Processing /home/airflow/.local/lib/python3.8/site-packages/airflow/example_dags/example_params_trigger_ui.py took 0.057 seconds
[2026-03-26T22:56:19.287+0000] {processor.py:161} INFO - Started process (PID=490) to work on /home/airflow/.local/lib/python3.8/site-packages/airflow/example_dags/example_params_trigger_ui.py
[2026-03-26T22:56:19.288+0000] {processor.py:830} INFO - Processing file /home/airflow/.local/lib/python3.8/site-packages/airflow/example_dags/example_params_trigger_ui.py for tasks to queue
[2026-03-26T22:56:19.289+0000] {logging_mixin.py:188} INFO - [2026-03-26T22:56:19.289+0000] {dagbag.py:538} INFO - Filling up the DagBag from /home/airflow/.local/lib/python3.8/site-packages/airflow/example_dags/example_params_trigger_ui.py
[2026-03-26T22:56:19.298+0000] {processor.py:840} INFO - DAG(s) 'example_params_trigger_ui' retrieved from /home/airflow/.local/lib/python3.8/site-packages/airflow/example_dags/example_params_trigger_ui.py
[2026-03-26T22:56:19.324+0000] {logging_mixin.py:188} INFO - [2026-03-26T22:56:19.324+0000] {dag.py:3036} INFO - Sync 1 DAGs
[2026-03-26T22:56:19.332+0000] {logging_mixin.py:188} INFO - [2026-03-26T22:56:19.331+0000] {dag.py:3823} INFO - Setting next_dagrun for example_params_trigger_ui to None, run_after=None
[2026-03-26T22:56:19.345+0000] {processor.py:183} INFO - Processing /home/airflow/.local/lib/python3.8/site-packages/airflow/example_dags/example_params_trigger_ui.py took 0.060 seconds
[2026-03-26T22:56:49.977+0000] {processor.py:161} INFO - Started process (PID=545) to work on /home/airflow/.local/lib/python3.8/site-packages/airflow/example_dags/example_params_trigger_ui.py
[2026-03-26T22:56:49.977+0000] {processor.py:830} INFO - Processing file /home/airflow/.local/lib/python3.8/site-packages/airflow/example_dags/example_params_trigger_ui.py for tasks to queue
[2026-03-26T22:56:49.979+0000] {logging_mixin.py:188} INFO - [2026-03-26T22:56:49.979+0000] {dagbag.py:538} INFO - Filling up the DagBag from /home/airflow/.local/lib/python3.8/site-packages/airflow/example_dags/example_params_trigger_ui.py
[2026-03-26T22:56:49.987+0000] {processor.py:840} INFO - DAG(s) 'example_params_trigger_ui' retrieved from /home/airflow/.local/lib/python3.8/site-packages/airflow/example_dags/example_params_trigger_ui.py
[2026-03-26T22:56:50.014+0000] {logging_mixin.py:188} INFO - [2026-03-26T22:56:50.014+0000] {dag.py:3036} INFO - Sync 1 DAGs
[2026-03-26T22:56:50.021+0000] {logging_mixin.py:188} INFO - [2026-03-26T22:56:50.021+0000] {dag.py:3823} INFO - Setting next_dagrun for example_params_trigger_ui to None, run_after=None
[2026-03-26T22:56:50.033+0000] {processor.py:183} INFO - Processing /home/airflow/.local/lib/python3.8/site-packages/airflow/example_dags/example_params_trigger_ui.py took 0.059 seconds
[2026-03-26T22:57:20.566+0000] {processor.py:161} INFO - Started process (PID=600) to work on /home/airflow/.local/lib/python3.8/site-packages/airflow/example_dags/example_params_trigger_ui.py
[2026-03-26T22:57:20.567+0000] {processor.py:830} INFO - Processing file /home/airflow/.local/lib/python3.8/site-packages/airflow/example_dags/example_params_trigger_ui.py for tasks to queue
[2026-03-26T22:57:20.568+0000] {logging_mixin.py:188} INFO - [2026-03-26T22:57:20.568+0000] {dagbag.py:538} INFO - Filling up the DagBag from /home/airflow/.local/lib/python3.8/site-packages/airflow/example_dags/example_params_trigger_ui.py
[2026-03-26T22:57:20.577+0000] {processor.py:840} INFO - DAG(s) 'example_params_trigger_ui' retrieved from /home/airflow/.local/lib/python3.8/site-packages/airflow/example_dags/example_params_trigger_ui.py
[2026-03-26T22:57:20.604+0000] {logging_mixin.py:188} INFO - [2026-03-26T22:57:20.604+0000] {dag.py:3036} INFO - Sync 1 DAGs
[2026-03-26T22:57:20.612+0000] {logging_mixin.py:188} INFO - [2026-03-26T22:57:20.611+0000] {dag.py:3823} INFO - Setting next_dagrun for example_params_trigger_ui to None, run_after=None
[2026-03-26T22:57:20.624+0000] {processor.py:183} INFO - Processing /home/airflow/.local/lib/python3.8/site-packages/airflow/example_dags/example_params_trigger_ui.py took 0.061 seconds
[2026-03-26T22:57:51.259+0000] {processor.py:161} INFO - Started process (PID=655) to work on /home/airflow/.local/lib/python3.8/site-packages/airflow/example_dags/example_params_trigger_ui.py
[2026-03-26T22:57:51.260+0000] {processor.py:830} INFO - Processing file /home/airflow/.local/lib/python3.8/site-packages/airflow/example_dags/example_params_trigger_ui.py for tasks to queue
[2026-03-26T22:57:51.261+0000] {logging_mixin.py:188} INFO - [2026-03-26T22:57:51.261+0000] {dagbag.py:538} INFO - Filling up the DagBag from /home/airflow/.local/lib/python3.8/site-packages/airflow/example_dags/example_params_trigger_ui.py
[2026-03-26T22:57:51.270+0000] {processor.py:840} INFO - DAG(s) 'example_params_trigger_ui' retrieved from /home/airflow/.local/lib/python3.8/site-packages/airflow/example_dags/example_params_trigger_ui.py
[2026-03-26T22:57:51.297+0000] {logging_mixin.py:188} INFO - [2026-03-26T22:57:51.297+0000] {dag.py:3036} INFO - Sync 1 DAGs
[2026-03-26T22:57:51.305+0000] {logging_mixin.py:188} INFO - [2026-03-26T22:57:51.304+0000] {dag.py:3823} INFO - Setting next_dagrun for example_params_trigger_ui to None, run_after=None
[2026-03-26T22:57:51.316+0000] {processor.py:183} INFO - Processing /home/airflow/.local/lib/python3.8/site-packages/airflow/example_dags/example_params_trigger_ui.py took 0.059 seconds
[2026-03-26T22:58:21.831+0000] {processor.py:161} INFO - Started process (PID=710) to work on /home/airflow/.local/lib/python3.8/site-packages/airflow/example_dags/example_params_trigger_ui.py
[2026-03-26T22:58:21.832+0000] {processor.py:830} INFO - Processing file /home/airflow/.local/lib/python3.8/site-packages/airflow/example_dags/example_params_trigger_ui.py for tasks to queue
[2026-03-26T22:58:21.833+0000] {logging_mixin.py:188} INFO - [2026-03-26T22:58:21.833+0000] {dagbag.py:538} INFO - Filling up the DagBag from /home/airflow/.local/lib/python3.8/site-packages/airflow/example_dags/example_params_trigger_ui.py
[2026-03-26T22:58:21.842+0000] {processor.py:840} INFO - DAG(s) 'example_params_trigger_ui' retrieved from /home/airflow/.local/lib/python3.8/site-packages/airflow/example_dags/example_params_trigger_ui.py
[2026-03-26T22:58:21.868+0000] {logging_mixin.py:188} INFO - [2026-03-26T22:58:21.868+0000] {dag.py:3036} INFO - Sync 1 DAGs
[2026-03-26T22:58:21.875+0000] {logging_mixin.py:188} INFO - [2026-03-26T22:58:21.875+0000] {dag.py:3823} INFO - Setting next_dagrun for example_params_trigger_ui to None, run_after=None
[2026-03-26T22:58:21.889+0000] {processor.py:183} INFO - Processing /home/airflow/.local/lib/python3.8/site-packages/airflow/example_dags/example_params_trigger_ui.py took 0.060 seconds
