[2026-03-26T22:45:49.762+0000] {processor.py:161} INFO - Started process (PID=48) to work on /home/airflow/.local/lib/python3.8/site-packages/airflow/example_dags/example_latest_only.py
[2026-03-26T22:45:49.763+0000] {processor.py:830} INFO - Processing file /home/airflow/.local/lib/python3.8/site-packages/airflow/example_dags/example_latest_only.py for tasks to queue
[2026-03-26T22:45:49.764+0000] {logging_mixin.py:188} INFO - [2026-03-26T22:45:49.764+0000] {dagbag.py:538} INFO - Filling up the DagBag from /home/airflow/.local/lib/python3.8/site-packages/airflow/example_dags/example_latest_only.py
[2026-03-26T22:45:49.772+0000] {processor.py:840} INFO - DAG(s) 'latest_only' retrieved from /home/airflow/.local/lib/python3.8/site-packages/airflow/example_dags/example_latest_only.py
[2026-03-26T22:45:49.781+0000] {logging_mixin.py:188} INFO - [2026-03-26T22:45:49.781+0000] {dag.py:3036} INFO - Sync 1 DAGs
[2026-03-26T22:45:49.794+0000] {logging_mixin.py:188} INFO - [2026-03-26T22:45:49.794+0000] {dag.py:3823} INFO - Setting next_dagrun for latest_only to 2026-03-26 16:00:00+00:00, run_after=2026-03-26 20:00:00+00:00
[2026-03-26T22:45:49.807+0000] {processor.py:183} INFO - Processing /home/airflow/.local/lib/python3.8/site-packages/airflow/example_dags/example_latest_only.py took 0.048 seconds
[2026-03-26T22:46:21.069+0000] {processor.py:161} INFO - Started process (PID=103) to work on /home/airflow/.local/lib/python3.8/site-packages/airflow/example_dags/example_latest_only.py
[2026-03-26T22:46:21.070+0000] {processor.py:830} INFO - Processing file /home/airflow/.local/lib/python3.8/site-packages/airflow/example_dags/example_latest_only.py for tasks to queue
[2026-03-26T22:46:21.072+0000] {logging_mixin.py:188} INFO - [2026-03-26T22:46:21.072+0000] {dagbag.py:538} INFO - Filling up the DagBag from /home/airflow/.local/lib/python3.8/site-packages/airflow/example_dags/example_latest_only.py
[2026-03-26T22:46:21.075+0000] {processor.py:840} INFO - DAG(s) 'latest_only' retrieved from /home/airflow/.local/lib/python3.8/site-packages/airflow/example_dags/example_latest_only.py
[2026-03-26T22:46:21.145+0000] {logging_mixin.py:188} INFO - [2026-03-26T22:46:21.145+0000] {dag.py:3036} INFO - Sync 1 DAGs
[2026-03-26T22:46:21.157+0000] {logging_mixin.py:188} INFO - [2026-03-26T22:46:21.157+0000] {dag.py:3823} INFO - Setting next_dagrun for latest_only to 2026-03-26 16:00:00+00:00, run_after=2026-03-26 20:00:00+00:00
[2026-03-26T22:46:21.183+0000] {processor.py:183} INFO - Processing /home/airflow/.local/lib/python3.8/site-packages/airflow/example_dags/example_latest_only.py took 0.116 seconds
[2026-03-26T22:46:51.477+0000] {processor.py:161} INFO - Started process (PID=158) to work on /home/airflow/.local/lib/python3.8/site-packages/airflow/example_dags/example_latest_only.py
[2026-03-26T22:46:51.478+0000] {processor.py:830} INFO - Processing file /home/airflow/.local/lib/python3.8/site-packages/airflow/example_dags/example_latest_only.py for tasks to queue
[2026-03-26T22:46:51.479+0000] {logging_mixin.py:188} INFO - [2026-03-26T22:46:51.479+0000] {dagbag.py:538} INFO - Filling up the DagBag from /home/airflow/.local/lib/python3.8/site-packages/airflow/example_dags/example_latest_only.py
[2026-03-26T22:46:51.483+0000] {processor.py:840} INFO - DAG(s) 'latest_only' retrieved from /home/airflow/.local/lib/python3.8/site-packages/airflow/example_dags/example_latest_only.py
[2026-03-26T22:46:51.500+0000] {logging_mixin.py:188} INFO - [2026-03-26T22:46:51.500+0000] {dag.py:3036} INFO - Sync 1 DAGs
[2026-03-26T22:46:51.521+0000] {logging_mixin.py:188} INFO - [2026-03-26T22:46:51.521+0000] {dag.py:3823} INFO - Setting next_dagrun for latest_only to 2026-03-26 16:00:00+00:00, run_after=2026-03-26 20:00:00+00:00
[2026-03-26T22:46:51.545+0000] {processor.py:183} INFO - Processing /home/airflow/.local/lib/python3.8/site-packages/airflow/example_dags/example_latest_only.py took 0.070 seconds
[2026-03-26T22:47:21.595+0000] {processor.py:161} INFO - Started process (PID=213) to work on /home/airflow/.local/lib/python3.8/site-packages/airflow/example_dags/example_latest_only.py
[2026-03-26T22:47:21.595+0000] {processor.py:830} INFO - Processing file /home/airflow/.local/lib/python3.8/site-packages/airflow/example_dags/example_latest_only.py for tasks to queue
[2026-03-26T22:47:21.596+0000] {logging_mixin.py:188} INFO - [2026-03-26T22:47:21.596+0000] {dagbag.py:538} INFO - Filling up the DagBag from /home/airflow/.local/lib/python3.8/site-packages/airflow/example_dags/example_latest_only.py
[2026-03-26T22:47:21.600+0000] {processor.py:840} INFO - DAG(s) 'latest_only' retrieved from /home/airflow/.local/lib/python3.8/site-packages/airflow/example_dags/example_latest_only.py
[2026-03-26T22:47:21.613+0000] {logging_mixin.py:188} INFO - [2026-03-26T22:47:21.613+0000] {dag.py:3036} INFO - Sync 1 DAGs
[2026-03-26T22:47:21.625+0000] {logging_mixin.py:188} INFO - [2026-03-26T22:47:21.625+0000] {dag.py:3823} INFO - Setting next_dagrun for latest_only to 2026-03-26 16:00:00+00:00, run_after=2026-03-26 20:00:00+00:00
[2026-03-26T22:47:21.637+0000] {processor.py:183} INFO - Processing /home/airflow/.local/lib/python3.8/site-packages/airflow/example_dags/example_latest_only.py took 0.045 seconds
[2026-03-26T22:47:52.131+0000] {processor.py:161} INFO - Started process (PID=268) to work on /home/airflow/.local/lib/python3.8/site-packages/airflow/example_dags/example_latest_only.py
[2026-03-26T22:47:52.132+0000] {processor.py:830} INFO - Processing file /home/airflow/.local/lib/python3.8/site-packages/airflow/example_dags/example_latest_only.py for tasks to queue
[2026-03-26T22:47:52.133+0000] {logging_mixin.py:188} INFO - [2026-03-26T22:47:52.133+0000] {dagbag.py:538} INFO - Filling up the DagBag from /home/airflow/.local/lib/python3.8/site-packages/airflow/example_dags/example_latest_only.py
[2026-03-26T22:47:52.137+0000] {processor.py:840} INFO - DAG(s) 'latest_only' retrieved from /home/airflow/.local/lib/python3.8/site-packages/airflow/example_dags/example_latest_only.py
[2026-03-26T22:47:52.150+0000] {logging_mixin.py:188} INFO - [2026-03-26T22:47:52.150+0000] {dag.py:3036} INFO - Sync 1 DAGs
[2026-03-26T22:47:52.163+0000] {logging_mixin.py:188} INFO - [2026-03-26T22:47:52.163+0000] {dag.py:3823} INFO - Setting next_dagrun for latest_only to 2026-03-26 16:00:00+00:00, run_after=2026-03-26 20:00:00+00:00
[2026-03-26T22:47:52.174+0000] {processor.py:183} INFO - Processing /home/airflow/.local/lib/python3.8/site-packages/airflow/example_dags/example_latest_only.py took 0.046 seconds
[2026-03-26T22:48:22.661+0000] {processor.py:161} INFO - Started process (PID=323) to work on /home/airflow/.local/lib/python3.8/site-packages/airflow/example_dags/example_latest_only.py
[2026-03-26T22:48:22.661+0000] {processor.py:830} INFO - Processing file /home/airflow/.local/lib/python3.8/site-packages/airflow/example_dags/example_latest_only.py for tasks to queue
[2026-03-26T22:48:22.662+0000] {logging_mixin.py:188} INFO - [2026-03-26T22:48:22.662+0000] {dagbag.py:538} INFO - Filling up the DagBag from /home/airflow/.local/lib/python3.8/site-packages/airflow/example_dags/example_latest_only.py
[2026-03-26T22:48:22.666+0000] {processor.py:840} INFO - DAG(s) 'latest_only' retrieved from /home/airflow/.local/lib/python3.8/site-packages/airflow/example_dags/example_latest_only.py
[2026-03-26T22:48:22.680+0000] {logging_mixin.py:188} INFO - [2026-03-26T22:48:22.680+0000] {dag.py:3036} INFO - Sync 1 DAGs
[2026-03-26T22:48:22.691+0000] {logging_mixin.py:188} INFO - [2026-03-26T22:48:22.691+0000] {dag.py:3823} INFO - Setting next_dagrun for latest_only to 2026-03-26 16:00:00+00:00, run_after=2026-03-26 20:00:00+00:00
[2026-03-26T22:48:22.701+0000] {processor.py:183} INFO - Processing /home/airflow/.local/lib/python3.8/site-packages/airflow/example_dags/example_latest_only.py took 0.042 seconds
[2026-03-26T22:48:53.236+0000] {processor.py:161} INFO - Started process (PID=377) to work on /home/airflow/.local/lib/python3.8/site-packages/airflow/example_dags/example_latest_only.py
[2026-03-26T22:48:53.237+0000] {processor.py:830} INFO - Processing file /home/airflow/.local/lib/python3.8/site-packages/airflow/example_dags/example_latest_only.py for tasks to queue
[2026-03-26T22:48:53.238+0000] {logging_mixin.py:188} INFO - [2026-03-26T22:48:53.238+0000] {dagbag.py:538} INFO - Filling up the DagBag from /home/airflow/.local/lib/python3.8/site-packages/airflow/example_dags/example_latest_only.py
[2026-03-26T22:48:53.242+0000] {processor.py:840} INFO - DAG(s) 'latest_only' retrieved from /home/airflow/.local/lib/python3.8/site-packages/airflow/example_dags/example_latest_only.py
[2026-03-26T22:48:53.254+0000] {logging_mixin.py:188} INFO - [2026-03-26T22:48:53.254+0000] {dag.py:3036} INFO - Sync 1 DAGs
[2026-03-26T22:48:53.267+0000] {logging_mixin.py:188} INFO - [2026-03-26T22:48:53.266+0000] {dag.py:3823} INFO - Setting next_dagrun for latest_only to 2026-03-26 16:00:00+00:00, run_after=2026-03-26 20:00:00+00:00
[2026-03-26T22:48:53.277+0000] {processor.py:183} INFO - Processing /home/airflow/.local/lib/python3.8/site-packages/airflow/example_dags/example_latest_only.py took 0.043 seconds
[2026-03-26T22:49:23.704+0000] {processor.py:161} INFO - Started process (PID=432) to work on /home/airflow/.local/lib/python3.8/site-packages/airflow/example_dags/example_latest_only.py
[2026-03-26T22:49:23.704+0000] {processor.py:830} INFO - Processing file /home/airflow/.local/lib/python3.8/site-packages/airflow/example_dags/example_latest_only.py for tasks to queue
[2026-03-26T22:49:23.706+0000] {logging_mixin.py:188} INFO - [2026-03-26T22:49:23.705+0000] {dagbag.py:538} INFO - Filling up the DagBag from /home/airflow/.local/lib/python3.8/site-packages/airflow/example_dags/example_latest_only.py
[2026-03-26T22:49:23.709+0000] {processor.py:840} INFO - DAG(s) 'latest_only' retrieved from /home/airflow/.local/lib/python3.8/site-packages/airflow/example_dags/example_latest_only.py
[2026-03-26T22:49:23.723+0000] {logging_mixin.py:188} INFO - [2026-03-26T22:49:23.723+0000] {dag.py:3036} INFO - Sync 1 DAGs
[2026-03-26T22:49:23.735+0000] {logging_mixin.py:188} INFO - [2026-03-26T22:49:23.735+0000] {dag.py:3823} INFO - Setting next_dagrun for latest_only to 2026-03-26 16:00:00+00:00, run_after=2026-03-26 20:00:00+00:00
[2026-03-26T22:49:23.745+0000] {processor.py:183} INFO - Processing /home/airflow/.local/lib/python3.8/site-packages/airflow/example_dags/example_latest_only.py took 0.044 seconds
[2026-03-26T22:49:54.213+0000] {processor.py:161} INFO - Started process (PID=492) to work on /home/airflow/.local/lib/python3.8/site-packages/airflow/example_dags/example_latest_only.py
[2026-03-26T22:49:54.214+0000] {processor.py:830} INFO - Processing file /home/airflow/.local/lib/python3.8/site-packages/airflow/example_dags/example_latest_only.py for tasks to queue
[2026-03-26T22:49:54.215+0000] {logging_mixin.py:188} INFO - [2026-03-26T22:49:54.215+0000] {dagbag.py:538} INFO - Filling up the DagBag from /home/airflow/.local/lib/python3.8/site-packages/airflow/example_dags/example_latest_only.py
[2026-03-26T22:49:54.219+0000] {processor.py:840} INFO - DAG(s) 'latest_only' retrieved from /home/airflow/.local/lib/python3.8/site-packages/airflow/example_dags/example_latest_only.py
[2026-03-26T22:49:54.231+0000] {logging_mixin.py:188} INFO - [2026-03-26T22:49:54.231+0000] {dag.py:3036} INFO - Sync 1 DAGs
[2026-03-26T22:49:54.244+0000] {logging_mixin.py:188} INFO - [2026-03-26T22:49:54.244+0000] {dag.py:3823} INFO - Setting next_dagrun for latest_only to 2026-03-26 16:00:00+00:00, run_after=2026-03-26 20:00:00+00:00
[2026-03-26T22:49:54.254+0000] {processor.py:183} INFO - Processing /home/airflow/.local/lib/python3.8/site-packages/airflow/example_dags/example_latest_only.py took 0.043 seconds
[2026-03-26T22:50:24.843+0000] {processor.py:161} INFO - Started process (PID=547) to work on /home/airflow/.local/lib/python3.8/site-packages/airflow/example_dags/example_latest_only.py
[2026-03-26T22:50:24.844+0000] {processor.py:830} INFO - Processing file /home/airflow/.local/lib/python3.8/site-packages/airflow/example_dags/example_latest_only.py for tasks to queue
[2026-03-26T22:50:24.845+0000] {logging_mixin.py:188} INFO - [2026-03-26T22:50:24.845+0000] {dagbag.py:538} INFO - Filling up the DagBag from /home/airflow/.local/lib/python3.8/site-packages/airflow/example_dags/example_latest_only.py
[2026-03-26T22:50:24.849+0000] {processor.py:840} INFO - DAG(s) 'latest_only' retrieved from /home/airflow/.local/lib/python3.8/site-packages/airflow/example_dags/example_latest_only.py
[2026-03-26T22:50:24.862+0000] {logging_mixin.py:188} INFO - [2026-03-26T22:50:24.861+0000] {dag.py:3036} INFO - Sync 1 DAGs
[2026-03-26T22:50:24.873+0000] {logging_mixin.py:188} INFO - [2026-03-26T22:50:24.873+0000] {dag.py:3823} INFO - Setting next_dagrun for latest_only to 2026-03-26 16:00:00+00:00, run_after=2026-03-26 20:00:00+00:00
[2026-03-26T22:50:24.885+0000] {processor.py:183} INFO - Processing /home/airflow/.local/lib/python3.8/site-packages/airflow/example_dags/example_latest_only.py took 0.044 seconds
[2026-03-26T22:50:55.672+0000] {processor.py:161} INFO - Started process (PID=602) to work on /home/airflow/.local/lib/python3.8/site-packages/airflow/example_dags/example_latest_only.py
[2026-03-26T22:50:55.673+0000] {processor.py:830} INFO - Processing file /home/airflow/.local/lib/python3.8/site-packages/airflow/example_dags/example_latest_only.py for tasks to queue
[2026-03-26T22:50:55.674+0000] {logging_mixin.py:188} INFO - [2026-03-26T22:50:55.674+0000] {dagbag.py:538} INFO - Filling up the DagBag from /home/airflow/.local/lib/python3.8/site-packages/airflow/example_dags/example_latest_only.py
[2026-03-26T22:50:55.677+0000] {processor.py:840} INFO - DAG(s) 'latest_only' retrieved from /home/airflow/.local/lib/python3.8/site-packages/airflow/example_dags/example_latest_only.py
[2026-03-26T22:50:55.691+0000] {logging_mixin.py:188} INFO - [2026-03-26T22:50:55.691+0000] {dag.py:3036} INFO - Sync 1 DAGs
[2026-03-26T22:50:55.704+0000] {logging_mixin.py:188} INFO - [2026-03-26T22:50:55.704+0000] {dag.py:3823} INFO - Setting next_dagrun for latest_only to 2026-03-26 16:00:00+00:00, run_after=2026-03-26 20:00:00+00:00
[2026-03-26T22:50:55.714+0000] {processor.py:183} INFO - Processing /home/airflow/.local/lib/python3.8/site-packages/airflow/example_dags/example_latest_only.py took 0.044 seconds
[2026-03-26T22:51:26.255+0000] {processor.py:161} INFO - Started process (PID=657) to work on /home/airflow/.local/lib/python3.8/site-packages/airflow/example_dags/example_latest_only.py
[2026-03-26T22:51:26.256+0000] {processor.py:830} INFO - Processing file /home/airflow/.local/lib/python3.8/site-packages/airflow/example_dags/example_latest_only.py for tasks to queue
[2026-03-26T22:51:26.257+0000] {logging_mixin.py:188} INFO - [2026-03-26T22:51:26.257+0000] {dagbag.py:538} INFO - Filling up the DagBag from /home/airflow/.local/lib/python3.8/site-packages/airflow/example_dags/example_latest_only.py
[2026-03-26T22:51:26.263+0000] {processor.py:840} INFO - DAG(s) 'latest_only' retrieved from /home/airflow/.local/lib/python3.8/site-packages/airflow/example_dags/example_latest_only.py
[2026-03-26T22:51:26.276+0000] {logging_mixin.py:188} INFO - [2026-03-26T22:51:26.276+0000] {dag.py:3036} INFO - Sync 1 DAGs
[2026-03-26T22:51:26.288+0000] {logging_mixin.py:188} INFO - [2026-03-26T22:51:26.288+0000] {dag.py:3823} INFO - Setting next_dagrun for latest_only to 2026-03-26 16:00:00+00:00, run_after=2026-03-26 20:00:00+00:00
[2026-03-26T22:51:26.299+0000] {processor.py:183} INFO - Processing /home/airflow/.local/lib/python3.8/site-packages/airflow/example_dags/example_latest_only.py took 0.046 seconds
[2026-03-26T22:52:15.115+0000] {processor.py:161} INFO - Started process (PID=42) to work on /home/airflow/.local/lib/python3.8/site-packages/airflow/example_dags/example_latest_only.py
[2026-03-26T22:52:15.115+0000] {processor.py:830} INFO - Processing file /home/airflow/.local/lib/python3.8/site-packages/airflow/example_dags/example_latest_only.py for tasks to queue
[2026-03-26T22:52:15.117+0000] {logging_mixin.py:188} INFO - [2026-03-26T22:52:15.117+0000] {dagbag.py:538} INFO - Filling up the DagBag from /home/airflow/.local/lib/python3.8/site-packages/airflow/example_dags/example_latest_only.py
[2026-03-26T22:52:15.122+0000] {processor.py:840} INFO - DAG(s) 'latest_only' retrieved from /home/airflow/.local/lib/python3.8/site-packages/airflow/example_dags/example_latest_only.py
[2026-03-26T22:52:15.131+0000] {logging_mixin.py:188} INFO - [2026-03-26T22:52:15.130+0000] {dag.py:3036} INFO - Sync 1 DAGs
[2026-03-26T22:52:15.144+0000] {logging_mixin.py:188} INFO - [2026-03-26T22:52:15.144+0000] {dag.py:3823} INFO - Setting next_dagrun for latest_only to 2026-03-26 16:00:00+00:00, run_after=2026-03-26 20:00:00+00:00
[2026-03-26T22:52:15.155+0000] {processor.py:183} INFO - Processing /home/airflow/.local/lib/python3.8/site-packages/airflow/example_dags/example_latest_only.py took 0.043 seconds
[2026-03-26T22:52:45.416+0000] {processor.py:161} INFO - Started process (PID=97) to work on /home/airflow/.local/lib/python3.8/site-packages/airflow/example_dags/example_latest_only.py
[2026-03-26T22:52:45.417+0000] {processor.py:830} INFO - Processing file /home/airflow/.local/lib/python3.8/site-packages/airflow/example_dags/example_latest_only.py for tasks to queue
[2026-03-26T22:52:45.418+0000] {logging_mixin.py:188} INFO - [2026-03-26T22:52:45.418+0000] {dagbag.py:538} INFO - Filling up the DagBag from /home/airflow/.local/lib/python3.8/site-packages/airflow/example_dags/example_latest_only.py
[2026-03-26T22:52:45.422+0000] {processor.py:840} INFO - DAG(s) 'latest_only' retrieved from /home/airflow/.local/lib/python3.8/site-packages/airflow/example_dags/example_latest_only.py
[2026-03-26T22:52:45.477+0000] {logging_mixin.py:188} INFO - [2026-03-26T22:52:45.477+0000] {dag.py:3036} INFO - Sync 1 DAGs
[2026-03-26T22:52:45.487+0000] {logging_mixin.py:188} INFO - [2026-03-26T22:52:45.487+0000] {dag.py:3823} INFO - Setting next_dagrun for latest_only to 2026-03-26 16:00:00+00:00, run_after=2026-03-26 20:00:00+00:00
[2026-03-26T22:52:45.499+0000] {processor.py:183} INFO - Processing /home/airflow/.local/lib/python3.8/site-packages/airflow/example_dags/example_latest_only.py took 0.085 seconds
[2026-03-26T22:53:16.219+0000] {processor.py:161} INFO - Started process (PID=158) to work on /home/airflow/.local/lib/python3.8/site-packages/airflow/example_dags/example_latest_only.py
[2026-03-26T22:53:16.220+0000] {processor.py:830} INFO - Processing file /home/airflow/.local/lib/python3.8/site-packages/airflow/example_dags/example_latest_only.py for tasks to queue
[2026-03-26T22:53:16.221+0000] {logging_mixin.py:188} INFO - [2026-03-26T22:53:16.221+0000] {dagbag.py:538} INFO - Filling up the DagBag from /home/airflow/.local/lib/python3.8/site-packages/airflow/example_dags/example_latest_only.py
[2026-03-26T22:53:16.226+0000] {processor.py:840} INFO - DAG(s) 'latest_only' retrieved from /home/airflow/.local/lib/python3.8/site-packages/airflow/example_dags/example_latest_only.py
[2026-03-26T22:53:16.245+0000] {logging_mixin.py:188} INFO - [2026-03-26T22:53:16.244+0000] {dag.py:3036} INFO - Sync 1 DAGs
[2026-03-26T22:53:16.258+0000] {logging_mixin.py:188} INFO - [2026-03-26T22:53:16.257+0000] {dag.py:3823} INFO - Setting next_dagrun for latest_only to 2026-03-26 16:00:00+00:00, run_after=2026-03-26 20:00:00+00:00
[2026-03-26T22:53:16.273+0000] {processor.py:183} INFO - Processing /home/airflow/.local/lib/python3.8/site-packages/airflow/example_dags/example_latest_only.py took 0.057 seconds
[2026-03-26T22:53:46.406+0000] {processor.py:161} INFO - Started process (PID=213) to work on /home/airflow/.local/lib/python3.8/site-packages/airflow/example_dags/example_latest_only.py
[2026-03-26T22:53:46.407+0000] {processor.py:830} INFO - Processing file /home/airflow/.local/lib/python3.8/site-packages/airflow/example_dags/example_latest_only.py for tasks to queue
[2026-03-26T22:53:46.411+0000] {logging_mixin.py:188} INFO - [2026-03-26T22:53:46.410+0000] {dagbag.py:538} INFO - Filling up the DagBag from /home/airflow/.local/lib/python3.8/site-packages/airflow/example_dags/example_latest_only.py
[2026-03-26T22:53:46.415+0000] {processor.py:840} INFO - DAG(s) 'latest_only' retrieved from /home/airflow/.local/lib/python3.8/site-packages/airflow/example_dags/example_latest_only.py
[2026-03-26T22:53:46.429+0000] {logging_mixin.py:188} INFO - [2026-03-26T22:53:46.429+0000] {dag.py:3036} INFO - Sync 1 DAGs
[2026-03-26T22:53:46.447+0000] {logging_mixin.py:188} INFO - [2026-03-26T22:53:46.445+0000] {dag.py:3823} INFO - Setting next_dagrun for latest_only to 2026-03-26 16:00:00+00:00, run_after=2026-03-26 20:00:00+00:00
[2026-03-26T22:53:46.459+0000] {processor.py:183} INFO - Processing /home/airflow/.local/lib/python3.8/site-packages/airflow/example_dags/example_latest_only.py took 0.057 seconds
[2026-03-26T22:54:16.511+0000] {processor.py:161} INFO - Started process (PID=268) to work on /home/airflow/.local/lib/python3.8/site-packages/airflow/example_dags/example_latest_only.py
[2026-03-26T22:54:16.512+0000] {processor.py:830} INFO - Processing file /home/airflow/.local/lib/python3.8/site-packages/airflow/example_dags/example_latest_only.py for tasks to queue
[2026-03-26T22:54:16.514+0000] {logging_mixin.py:188} INFO - [2026-03-26T22:54:16.514+0000] {dagbag.py:538} INFO - Filling up the DagBag from /home/airflow/.local/lib/python3.8/site-packages/airflow/example_dags/example_latest_only.py
[2026-03-26T22:54:16.517+0000] {processor.py:840} INFO - DAG(s) 'latest_only' retrieved from /home/airflow/.local/lib/python3.8/site-packages/airflow/example_dags/example_latest_only.py
[2026-03-26T22:54:16.531+0000] {logging_mixin.py:188} INFO - [2026-03-26T22:54:16.531+0000] {dag.py:3036} INFO - Sync 1 DAGs
[2026-03-26T22:54:16.544+0000] {logging_mixin.py:188} INFO - [2026-03-26T22:54:16.544+0000] {dag.py:3823} INFO - Setting next_dagrun for latest_only to 2026-03-26 16:00:00+00:00, run_after=2026-03-26 20:00:00+00:00
[2026-03-26T22:54:16.555+0000] {processor.py:183} INFO - Processing /home/airflow/.local/lib/python3.8/site-packages/airflow/example_dags/example_latest_only.py took 0.046 seconds
[2026-03-26T22:54:47.366+0000] {processor.py:161} INFO - Started process (PID=323) to work on /home/airflow/.local/lib/python3.8/site-packages/airflow/example_dags/example_latest_only.py
[2026-03-26T22:54:47.366+0000] {processor.py:830} INFO - Processing file /home/airflow/.local/lib/python3.8/site-packages/airflow/example_dags/example_latest_only.py for tasks to queue
[2026-03-26T22:54:47.368+0000] {logging_mixin.py:188} INFO - [2026-03-26T22:54:47.368+0000] {dagbag.py:538} INFO - Filling up the DagBag from /home/airflow/.local/lib/python3.8/site-packages/airflow/example_dags/example_latest_only.py
[2026-03-26T22:54:47.372+0000] {processor.py:840} INFO - DAG(s) 'latest_only' retrieved from /home/airflow/.local/lib/python3.8/site-packages/airflow/example_dags/example_latest_only.py
[2026-03-26T22:54:47.386+0000] {logging_mixin.py:188} INFO - [2026-03-26T22:54:47.386+0000] {dag.py:3036} INFO - Sync 1 DAGs
[2026-03-26T22:54:47.398+0000] {logging_mixin.py:188} INFO - [2026-03-26T22:54:47.398+0000] {dag.py:3823} INFO - Setting next_dagrun for latest_only to 2026-03-26 16:00:00+00:00, run_after=2026-03-26 20:00:00+00:00
[2026-03-26T22:54:47.408+0000] {processor.py:183} INFO - Processing /home/airflow/.local/lib/python3.8/site-packages/airflow/example_dags/example_latest_only.py took 0.045 seconds
[2026-03-26T22:55:17.906+0000] {processor.py:161} INFO - Started process (PID=378) to work on /home/airflow/.local/lib/python3.8/site-packages/airflow/example_dags/example_latest_only.py
[2026-03-26T22:55:17.907+0000] {processor.py:830} INFO - Processing file /home/airflow/.local/lib/python3.8/site-packages/airflow/example_dags/example_latest_only.py for tasks to queue
[2026-03-26T22:55:17.908+0000] {logging_mixin.py:188} INFO - [2026-03-26T22:55:17.908+0000] {dagbag.py:538} INFO - Filling up the DagBag from /home/airflow/.local/lib/python3.8/site-packages/airflow/example_dags/example_latest_only.py
[2026-03-26T22:55:17.912+0000] {processor.py:840} INFO - DAG(s) 'latest_only' retrieved from /home/airflow/.local/lib/python3.8/site-packages/airflow/example_dags/example_latest_only.py
[2026-03-26T22:55:17.927+0000] {logging_mixin.py:188} INFO - [2026-03-26T22:55:17.927+0000] {dag.py:3036} INFO - Sync 1 DAGs
[2026-03-26T22:55:17.939+0000] {logging_mixin.py:188} INFO - [2026-03-26T22:55:17.939+0000] {dag.py:3823} INFO - Setting next_dagrun for latest_only to 2026-03-26 16:00:00+00:00, run_after=2026-03-26 20:00:00+00:00
[2026-03-26T22:55:17.953+0000] {processor.py:183} INFO - Processing /home/airflow/.local/lib/python3.8/site-packages/airflow/example_dags/example_latest_only.py took 0.049 seconds
[2026-03-26T22:55:48.468+0000] {processor.py:161} INFO - Started process (PID=433) to work on /home/airflow/.local/lib/python3.8/site-packages/airflow/example_dags/example_latest_only.py
[2026-03-26T22:55:48.468+0000] {processor.py:830} INFO - Processing file /home/airflow/.local/lib/python3.8/site-packages/airflow/example_dags/example_latest_only.py for tasks to queue
[2026-03-26T22:55:48.470+0000] {logging_mixin.py:188} INFO - [2026-03-26T22:55:48.469+0000] {dagbag.py:538} INFO - Filling up the DagBag from /home/airflow/.local/lib/python3.8/site-packages/airflow/example_dags/example_latest_only.py
[2026-03-26T22:55:48.473+0000] {processor.py:840} INFO - DAG(s) 'latest_only' retrieved from /home/airflow/.local/lib/python3.8/site-packages/airflow/example_dags/example_latest_only.py
[2026-03-26T22:55:48.488+0000] {logging_mixin.py:188} INFO - [2026-03-26T22:55:48.488+0000] {dag.py:3036} INFO - Sync 1 DAGs
[2026-03-26T22:55:48.501+0000] {logging_mixin.py:188} INFO - [2026-03-26T22:55:48.501+0000] {dag.py:3823} INFO - Setting next_dagrun for latest_only to 2026-03-26 16:00:00+00:00, run_after=2026-03-26 20:00:00+00:00
[2026-03-26T22:55:48.512+0000] {processor.py:183} INFO - Processing /home/airflow/.local/lib/python3.8/site-packages/airflow/example_dags/example_latest_only.py took 0.047 seconds
[2026-03-26T22:56:19.206+0000] {processor.py:161} INFO - Started process (PID=487) to work on /home/airflow/.local/lib/python3.8/site-packages/airflow/example_dags/example_latest_only.py
[2026-03-26T22:56:19.207+0000] {processor.py:830} INFO - Processing file /home/airflow/.local/lib/python3.8/site-packages/airflow/example_dags/example_latest_only.py for tasks to queue
[2026-03-26T22:56:19.208+0000] {logging_mixin.py:188} INFO - [2026-03-26T22:56:19.208+0000] {dagbag.py:538} INFO - Filling up the DagBag from /home/airflow/.local/lib/python3.8/site-packages/airflow/example_dags/example_latest_only.py
[2026-03-26T22:56:19.212+0000] {processor.py:840} INFO - DAG(s) 'latest_only' retrieved from /home/airflow/.local/lib/python3.8/site-packages/airflow/example_dags/example_latest_only.py
[2026-03-26T22:56:19.225+0000] {logging_mixin.py:188} INFO - [2026-03-26T22:56:19.224+0000] {dag.py:3036} INFO - Sync 1 DAGs
[2026-03-26T22:56:19.238+0000] {logging_mixin.py:188} INFO - [2026-03-26T22:56:19.238+0000] {dag.py:3823} INFO - Setting next_dagrun for latest_only to 2026-03-26 16:00:00+00:00, run_after=2026-03-26 20:00:00+00:00
[2026-03-26T22:56:19.248+0000] {processor.py:183} INFO - Processing /home/airflow/.local/lib/python3.8/site-packages/airflow/example_dags/example_latest_only.py took 0.044 seconds
[2026-03-26T22:56:49.885+0000] {processor.py:161} INFO - Started process (PID=542) to work on /home/airflow/.local/lib/python3.8/site-packages/airflow/example_dags/example_latest_only.py
[2026-03-26T22:56:49.885+0000] {processor.py:830} INFO - Processing file /home/airflow/.local/lib/python3.8/site-packages/airflow/example_dags/example_latest_only.py for tasks to queue
[2026-03-26T22:56:49.886+0000] {logging_mixin.py:188} INFO - [2026-03-26T22:56:49.886+0000] {dagbag.py:538} INFO - Filling up the DagBag from /home/airflow/.local/lib/python3.8/site-packages/airflow/example_dags/example_latest_only.py
[2026-03-26T22:56:49.890+0000] {processor.py:840} INFO - DAG(s) 'latest_only' retrieved from /home/airflow/.local/lib/python3.8/site-packages/airflow/example_dags/example_latest_only.py
[2026-03-26T22:56:49.904+0000] {logging_mixin.py:188} INFO - [2026-03-26T22:56:49.904+0000] {dag.py:3036} INFO - Sync 1 DAGs
[2026-03-26T22:56:49.917+0000] {logging_mixin.py:188} INFO - [2026-03-26T22:56:49.917+0000] {dag.py:3823} INFO - Setting next_dagrun for latest_only to 2026-03-26 16:00:00+00:00, run_after=2026-03-26 20:00:00+00:00
[2026-03-26T22:56:49.928+0000] {processor.py:183} INFO - Processing /home/airflow/.local/lib/python3.8/site-packages/airflow/example_dags/example_latest_only.py took 0.046 seconds
[2026-03-26T22:57:20.482+0000] {processor.py:161} INFO - Started process (PID=597) to work on /home/airflow/.local/lib/python3.8/site-packages/airflow/example_dags/example_latest_only.py
[2026-03-26T22:57:20.483+0000] {processor.py:830} INFO - Processing file /home/airflow/.local/lib/python3.8/site-packages/airflow/example_dags/example_latest_only.py for tasks to queue
[2026-03-26T22:57:20.484+0000] {logging_mixin.py:188} INFO - [2026-03-26T22:57:20.484+0000] {dagbag.py:538} INFO - Filling up the DagBag from /home/airflow/.local/lib/python3.8/site-packages/airflow/example_dags/example_latest_only.py
[2026-03-26T22:57:20.488+0000] {processor.py:840} INFO - DAG(s) 'latest_only' retrieved from /home/airflow/.local/lib/python3.8/site-packages/airflow/example_dags/example_latest_only.py
[2026-03-26T22:57:20.502+0000] {logging_mixin.py:188} INFO - [2026-03-26T22:57:20.502+0000] {dag.py:3036} INFO - Sync 1 DAGs
[2026-03-26T22:57:20.514+0000] {logging_mixin.py:188} INFO - [2026-03-26T22:57:20.514+0000] {dag.py:3823} INFO - Setting next_dagrun for latest_only to 2026-03-26 16:00:00+00:00, run_after=2026-03-26 20:00:00+00:00
[2026-03-26T22:57:20.525+0000] {processor.py:183} INFO - Processing /home/airflow/.local/lib/python3.8/site-packages/airflow/example_dags/example_latest_only.py took 0.045 seconds
[2026-03-26T22:57:51.177+0000] {processor.py:161} INFO - Started process (PID=652) to work on /home/airflow/.local/lib/python3.8/site-packages/airflow/example_dags/example_latest_only.py
[2026-03-26T22:57:51.177+0000] {processor.py:830} INFO - Processing file /home/airflow/.local/lib/python3.8/site-packages/airflow/example_dags/example_latest_only.py for tasks to queue
[2026-03-26T22:57:51.178+0000] {logging_mixin.py:188} INFO - [2026-03-26T22:57:51.178+0000] {dagbag.py:538} INFO - Filling up the DagBag from /home/airflow/.local/lib/python3.8/site-packages/airflow/example_dags/example_latest_only.py
[2026-03-26T22:57:51.182+0000] {processor.py:840} INFO - DAG(s) 'latest_only' retrieved from /home/airflow/.local/lib/python3.8/site-packages/airflow/example_dags/example_latest_only.py
[2026-03-26T22:57:51.196+0000] {logging_mixin.py:188} INFO - [2026-03-26T22:57:51.196+0000] {dag.py:3036} INFO - Sync 1 DAGs
[2026-03-26T22:57:51.209+0000] {logging_mixin.py:188} INFO - [2026-03-26T22:57:51.209+0000] {dag.py:3823} INFO - Setting next_dagrun for latest_only to 2026-03-26 16:00:00+00:00, run_after=2026-03-26 20:00:00+00:00
[2026-03-26T22:57:51.219+0000] {processor.py:183} INFO - Processing /home/airflow/.local/lib/python3.8/site-packages/airflow/example_dags/example_latest_only.py took 0.045 seconds
[2026-03-26T22:58:21.743+0000] {processor.py:161} INFO - Started process (PID=707) to work on /home/airflow/.local/lib/python3.8/site-packages/airflow/example_dags/example_latest_only.py
[2026-03-26T22:58:21.746+0000] {processor.py:830} INFO - Processing file /home/airflow/.local/lib/python3.8/site-packages/airflow/example_dags/example_latest_only.py for tasks to queue
[2026-03-26T22:58:21.747+0000] {logging_mixin.py:188} INFO - [2026-03-26T22:58:21.747+0000] {dagbag.py:538} INFO - Filling up the DagBag from /home/airflow/.local/lib/python3.8/site-packages/airflow/example_dags/example_latest_only.py
[2026-03-26T22:58:21.751+0000] {processor.py:840} INFO - DAG(s) 'latest_only' retrieved from /home/airflow/.local/lib/python3.8/site-packages/airflow/example_dags/example_latest_only.py
[2026-03-26T22:58:21.767+0000] {logging_mixin.py:188} INFO - [2026-03-26T22:58:21.767+0000] {dag.py:3036} INFO - Sync 1 DAGs
[2026-03-26T22:58:21.780+0000] {logging_mixin.py:188} INFO - [2026-03-26T22:58:21.780+0000] {dag.py:3823} INFO - Setting next_dagrun for latest_only to 2026-03-26 16:00:00+00:00, run_after=2026-03-26 20:00:00+00:00
[2026-03-26T22:58:21.791+0000] {processor.py:183} INFO - Processing /home/airflow/.local/lib/python3.8/site-packages/airflow/example_dags/example_latest_only.py took 0.050 seconds
