[2026-03-26T22:45:50.129+0000] {processor.py:161} INFO - Started process (PID=58) to work on /home/airflow/.local/lib/python3.8/site-packages/airflow/example_dags/example_xcomargs.py
[2026-03-26T22:45:50.129+0000] {processor.py:830} INFO - Processing file /home/airflow/.local/lib/python3.8/site-packages/airflow/example_dags/example_xcomargs.py for tasks to queue
[2026-03-26T22:45:50.131+0000] {logging_mixin.py:188} INFO - [2026-03-26T22:45:50.131+0000] {dagbag.py:538} INFO - Filling up the DagBag from /home/airflow/.local/lib/python3.8/site-packages/airflow/example_dags/example_xcomargs.py
[2026-03-26T22:45:50.138+0000] {processor.py:840} INFO - DAG(s) 'example_xcom_args_with_operators', 'example_xcom_args' retrieved from /home/airflow/.local/lib/python3.8/site-packages/airflow/example_dags/example_xcomargs.py
[2026-03-26T22:45:50.147+0000] {logging_mixin.py:188} INFO - [2026-03-26T22:45:50.147+0000] {dag.py:3036} INFO - Sync 2 DAGs
[2026-03-26T22:45:50.155+0000] {logging_mixin.py:188} INFO - [2026-03-26T22:45:50.155+0000] {dag.py:3823} INFO - Setting next_dagrun for example_xcom_args to None, run_after=None
[2026-03-26T22:45:50.157+0000] {logging_mixin.py:188} INFO - [2026-03-26T22:45:50.157+0000] {dag.py:3823} INFO - Setting next_dagrun for example_xcom_args_with_operators to None, run_after=None
[2026-03-26T22:45:50.168+0000] {processor.py:183} INFO - Processing /home/airflow/.local/lib/python3.8/site-packages/airflow/example_dags/example_xcomargs.py took 0.041 seconds
[2026-03-26T22:46:22.004+0000] {processor.py:161} INFO - Started process (PID=113) to work on /home/airflow/.local/lib/python3.8/site-packages/airflow/example_dags/example_xcomargs.py
[2026-03-26T22:46:22.005+0000] {processor.py:830} INFO - Processing file /home/airflow/.local/lib/python3.8/site-packages/airflow/example_dags/example_xcomargs.py for tasks to queue
[2026-03-26T22:46:22.007+0000] {logging_mixin.py:188} INFO - [2026-03-26T22:46:22.006+0000] {dagbag.py:538} INFO - Filling up the DagBag from /home/airflow/.local/lib/python3.8/site-packages/airflow/example_dags/example_xcomargs.py
[2026-03-26T22:46:22.014+0000] {processor.py:840} INFO - DAG(s) 'example_xcom_args_with_operators', 'example_xcom_args' retrieved from /home/airflow/.local/lib/python3.8/site-packages/airflow/example_dags/example_xcomargs.py
[2026-03-26T22:46:22.103+0000] {logging_mixin.py:188} INFO - [2026-03-26T22:46:22.103+0000] {dag.py:3036} INFO - Sync 2 DAGs
[2026-03-26T22:46:22.109+0000] {logging_mixin.py:188} INFO - [2026-03-26T22:46:22.109+0000] {dag.py:3823} INFO - Setting next_dagrun for example_xcom_args to None, run_after=None
[2026-03-26T22:46:22.111+0000] {logging_mixin.py:188} INFO - [2026-03-26T22:46:22.111+0000] {dag.py:3823} INFO - Setting next_dagrun for example_xcom_args_with_operators to None, run_after=None
[2026-03-26T22:46:22.139+0000] {processor.py:183} INFO - Processing /home/airflow/.local/lib/python3.8/site-packages/airflow/example_dags/example_xcomargs.py took 0.138 seconds
[2026-03-26T22:46:52.896+0000] {processor.py:161} INFO - Started process (PID=168) to work on /home/airflow/.local/lib/python3.8/site-packages/airflow/example_dags/example_xcomargs.py
[2026-03-26T22:46:52.896+0000] {processor.py:830} INFO - Processing file /home/airflow/.local/lib/python3.8/site-packages/airflow/example_dags/example_xcomargs.py for tasks to queue
[2026-03-26T22:46:52.898+0000] {logging_mixin.py:188} INFO - [2026-03-26T22:46:52.897+0000] {dagbag.py:538} INFO - Filling up the DagBag from /home/airflow/.local/lib/python3.8/site-packages/airflow/example_dags/example_xcomargs.py
[2026-03-26T22:46:52.903+0000] {processor.py:840} INFO - DAG(s) 'example_xcom_args_with_operators', 'example_xcom_args' retrieved from /home/airflow/.local/lib/python3.8/site-packages/airflow/example_dags/example_xcomargs.py
[2026-03-26T22:46:52.919+0000] {logging_mixin.py:188} INFO - [2026-03-26T22:46:52.919+0000] {dag.py:3036} INFO - Sync 2 DAGs
[2026-03-26T22:46:52.926+0000] {logging_mixin.py:188} INFO - [2026-03-26T22:46:52.926+0000] {dag.py:3823} INFO - Setting next_dagrun for example_xcom_args to None, run_after=None
[2026-03-26T22:46:52.928+0000] {logging_mixin.py:188} INFO - [2026-03-26T22:46:52.928+0000] {dag.py:3823} INFO - Setting next_dagrun for example_xcom_args_with_operators to None, run_after=None
[2026-03-26T22:46:52.939+0000] {processor.py:183} INFO - Processing /home/airflow/.local/lib/python3.8/site-packages/airflow/example_dags/example_xcomargs.py took 0.046 seconds
[2026-03-26T22:47:23.014+0000] {processor.py:161} INFO - Started process (PID=223) to work on /home/airflow/.local/lib/python3.8/site-packages/airflow/example_dags/example_xcomargs.py
[2026-03-26T22:47:23.015+0000] {processor.py:830} INFO - Processing file /home/airflow/.local/lib/python3.8/site-packages/airflow/example_dags/example_xcomargs.py for tasks to queue
[2026-03-26T22:47:23.017+0000] {logging_mixin.py:188} INFO - [2026-03-26T22:47:23.017+0000] {dagbag.py:538} INFO - Filling up the DagBag from /home/airflow/.local/lib/python3.8/site-packages/airflow/example_dags/example_xcomargs.py
[2026-03-26T22:47:23.023+0000] {processor.py:840} INFO - DAG(s) 'example_xcom_args_with_operators', 'example_xcom_args' retrieved from /home/airflow/.local/lib/python3.8/site-packages/airflow/example_dags/example_xcomargs.py
[2026-03-26T22:47:23.043+0000] {logging_mixin.py:188} INFO - [2026-03-26T22:47:23.043+0000] {dag.py:3036} INFO - Sync 2 DAGs
[2026-03-26T22:47:23.052+0000] {logging_mixin.py:188} INFO - [2026-03-26T22:47:23.052+0000] {dag.py:3823} INFO - Setting next_dagrun for example_xcom_args to None, run_after=None
[2026-03-26T22:47:23.055+0000] {logging_mixin.py:188} INFO - [2026-03-26T22:47:23.055+0000] {dag.py:3823} INFO - Setting next_dagrun for example_xcom_args_with_operators to None, run_after=None
[2026-03-26T22:47:23.073+0000] {processor.py:183} INFO - Processing /home/airflow/.local/lib/python3.8/site-packages/airflow/example_dags/example_xcomargs.py took 0.062 seconds
[2026-03-26T22:47:53.416+0000] {processor.py:161} INFO - Started process (PID=278) to work on /home/airflow/.local/lib/python3.8/site-packages/airflow/example_dags/example_xcomargs.py
[2026-03-26T22:47:53.416+0000] {processor.py:830} INFO - Processing file /home/airflow/.local/lib/python3.8/site-packages/airflow/example_dags/example_xcomargs.py for tasks to queue
[2026-03-26T22:47:53.417+0000] {logging_mixin.py:188} INFO - [2026-03-26T22:47:53.417+0000] {dagbag.py:538} INFO - Filling up the DagBag from /home/airflow/.local/lib/python3.8/site-packages/airflow/example_dags/example_xcomargs.py
[2026-03-26T22:47:53.423+0000] {processor.py:840} INFO - DAG(s) 'example_xcom_args_with_operators', 'example_xcom_args' retrieved from /home/airflow/.local/lib/python3.8/site-packages/airflow/example_dags/example_xcomargs.py
[2026-03-26T22:47:53.438+0000] {logging_mixin.py:188} INFO - [2026-03-26T22:47:53.438+0000] {dag.py:3036} INFO - Sync 2 DAGs
[2026-03-26T22:47:53.445+0000] {logging_mixin.py:188} INFO - [2026-03-26T22:47:53.445+0000] {dag.py:3823} INFO - Setting next_dagrun for example_xcom_args to None, run_after=None
[2026-03-26T22:47:53.447+0000] {logging_mixin.py:188} INFO - [2026-03-26T22:47:53.447+0000] {dag.py:3823} INFO - Setting next_dagrun for example_xcom_args_with_operators to None, run_after=None
[2026-03-26T22:47:53.456+0000] {processor.py:183} INFO - Processing /home/airflow/.local/lib/python3.8/site-packages/airflow/example_dags/example_xcomargs.py took 0.043 seconds
[2026-03-26T22:48:23.928+0000] {processor.py:161} INFO - Started process (PID=333) to work on /home/airflow/.local/lib/python3.8/site-packages/airflow/example_dags/example_xcomargs.py
[2026-03-26T22:48:23.929+0000] {processor.py:830} INFO - Processing file /home/airflow/.local/lib/python3.8/site-packages/airflow/example_dags/example_xcomargs.py for tasks to queue
[2026-03-26T22:48:23.930+0000] {logging_mixin.py:188} INFO - [2026-03-26T22:48:23.930+0000] {dagbag.py:538} INFO - Filling up the DagBag from /home/airflow/.local/lib/python3.8/site-packages/airflow/example_dags/example_xcomargs.py
[2026-03-26T22:48:23.935+0000] {processor.py:840} INFO - DAG(s) 'example_xcom_args', 'example_xcom_args_with_operators' retrieved from /home/airflow/.local/lib/python3.8/site-packages/airflow/example_dags/example_xcomargs.py
[2026-03-26T22:48:23.949+0000] {logging_mixin.py:188} INFO - [2026-03-26T22:48:23.949+0000] {dag.py:3036} INFO - Sync 2 DAGs
[2026-03-26T22:48:23.956+0000] {logging_mixin.py:188} INFO - [2026-03-26T22:48:23.956+0000] {dag.py:3823} INFO - Setting next_dagrun for example_xcom_args to None, run_after=None
[2026-03-26T22:48:23.958+0000] {logging_mixin.py:188} INFO - [2026-03-26T22:48:23.958+0000] {dag.py:3823} INFO - Setting next_dagrun for example_xcom_args_with_operators to None, run_after=None
[2026-03-26T22:48:23.967+0000] {processor.py:183} INFO - Processing /home/airflow/.local/lib/python3.8/site-packages/airflow/example_dags/example_xcomargs.py took 0.041 seconds
[2026-03-26T22:48:54.508+0000] {processor.py:161} INFO - Started process (PID=393) to work on /home/airflow/.local/lib/python3.8/site-packages/airflow/example_dags/example_xcomargs.py
[2026-03-26T22:48:54.508+0000] {processor.py:830} INFO - Processing file /home/airflow/.local/lib/python3.8/site-packages/airflow/example_dags/example_xcomargs.py for tasks to queue
[2026-03-26T22:48:54.509+0000] {logging_mixin.py:188} INFO - [2026-03-26T22:48:54.509+0000] {dagbag.py:538} INFO - Filling up the DagBag from /home/airflow/.local/lib/python3.8/site-packages/airflow/example_dags/example_xcomargs.py
[2026-03-26T22:48:54.514+0000] {processor.py:840} INFO - DAG(s) 'example_xcom_args', 'example_xcom_args_with_operators' retrieved from /home/airflow/.local/lib/python3.8/site-packages/airflow/example_dags/example_xcomargs.py
[2026-03-26T22:48:54.528+0000] {logging_mixin.py:188} INFO - [2026-03-26T22:48:54.528+0000] {dag.py:3036} INFO - Sync 2 DAGs
[2026-03-26T22:48:54.535+0000] {logging_mixin.py:188} INFO - [2026-03-26T22:48:54.535+0000] {dag.py:3823} INFO - Setting next_dagrun for example_xcom_args to None, run_after=None
[2026-03-26T22:48:54.537+0000] {logging_mixin.py:188} INFO - [2026-03-26T22:48:54.537+0000] {dag.py:3823} INFO - Setting next_dagrun for example_xcom_args_with_operators to None, run_after=None
[2026-03-26T22:48:54.546+0000] {processor.py:183} INFO - Processing /home/airflow/.local/lib/python3.8/site-packages/airflow/example_dags/example_xcomargs.py took 0.041 seconds
[2026-03-26T22:49:24.983+0000] {processor.py:161} INFO - Started process (PID=447) to work on /home/airflow/.local/lib/python3.8/site-packages/airflow/example_dags/example_xcomargs.py
[2026-03-26T22:49:24.983+0000] {processor.py:830} INFO - Processing file /home/airflow/.local/lib/python3.8/site-packages/airflow/example_dags/example_xcomargs.py for tasks to queue
[2026-03-26T22:49:24.984+0000] {logging_mixin.py:188} INFO - [2026-03-26T22:49:24.984+0000] {dagbag.py:538} INFO - Filling up the DagBag from /home/airflow/.local/lib/python3.8/site-packages/airflow/example_dags/example_xcomargs.py
[2026-03-26T22:49:24.989+0000] {processor.py:840} INFO - DAG(s) 'example_xcom_args', 'example_xcom_args_with_operators' retrieved from /home/airflow/.local/lib/python3.8/site-packages/airflow/example_dags/example_xcomargs.py
[2026-03-26T22:49:25.004+0000] {logging_mixin.py:188} INFO - [2026-03-26T22:49:25.004+0000] {dag.py:3036} INFO - Sync 2 DAGs
[2026-03-26T22:49:25.010+0000] {logging_mixin.py:188} INFO - [2026-03-26T22:49:25.010+0000] {dag.py:3823} INFO - Setting next_dagrun for example_xcom_args to None, run_after=None
[2026-03-26T22:49:25.013+0000] {logging_mixin.py:188} INFO - [2026-03-26T22:49:25.012+0000] {dag.py:3823} INFO - Setting next_dagrun for example_xcom_args_with_operators to None, run_after=None
[2026-03-26T22:49:25.022+0000] {processor.py:183} INFO - Processing /home/airflow/.local/lib/python3.8/site-packages/airflow/example_dags/example_xcomargs.py took 0.042 seconds
[2026-03-26T22:49:55.484+0000] {processor.py:161} INFO - Started process (PID=502) to work on /home/airflow/.local/lib/python3.8/site-packages/airflow/example_dags/example_xcomargs.py
[2026-03-26T22:49:55.484+0000] {processor.py:830} INFO - Processing file /home/airflow/.local/lib/python3.8/site-packages/airflow/example_dags/example_xcomargs.py for tasks to queue
[2026-03-26T22:49:55.485+0000] {logging_mixin.py:188} INFO - [2026-03-26T22:49:55.485+0000] {dagbag.py:538} INFO - Filling up the DagBag from /home/airflow/.local/lib/python3.8/site-packages/airflow/example_dags/example_xcomargs.py
[2026-03-26T22:49:55.490+0000] {processor.py:840} INFO - DAG(s) 'example_xcom_args', 'example_xcom_args_with_operators' retrieved from /home/airflow/.local/lib/python3.8/site-packages/airflow/example_dags/example_xcomargs.py
[2026-03-26T22:49:55.505+0000] {logging_mixin.py:188} INFO - [2026-03-26T22:49:55.505+0000] {dag.py:3036} INFO - Sync 2 DAGs
[2026-03-26T22:49:55.512+0000] {logging_mixin.py:188} INFO - [2026-03-26T22:49:55.512+0000] {dag.py:3823} INFO - Setting next_dagrun for example_xcom_args to None, run_after=None
[2026-03-26T22:49:55.514+0000] {logging_mixin.py:188} INFO - [2026-03-26T22:49:55.514+0000] {dag.py:3823} INFO - Setting next_dagrun for example_xcom_args_with_operators to None, run_after=None
[2026-03-26T22:49:55.523+0000] {processor.py:183} INFO - Processing /home/airflow/.local/lib/python3.8/site-packages/airflow/example_dags/example_xcomargs.py took 0.042 seconds
[2026-03-26T22:50:26.120+0000] {processor.py:161} INFO - Started process (PID=557) to work on /home/airflow/.local/lib/python3.8/site-packages/airflow/example_dags/example_xcomargs.py
[2026-03-26T22:50:26.121+0000] {processor.py:830} INFO - Processing file /home/airflow/.local/lib/python3.8/site-packages/airflow/example_dags/example_xcomargs.py for tasks to queue
[2026-03-26T22:50:26.122+0000] {logging_mixin.py:188} INFO - [2026-03-26T22:50:26.122+0000] {dagbag.py:538} INFO - Filling up the DagBag from /home/airflow/.local/lib/python3.8/site-packages/airflow/example_dags/example_xcomargs.py
[2026-03-26T22:50:26.127+0000] {processor.py:840} INFO - DAG(s) 'example_xcom_args_with_operators', 'example_xcom_args' retrieved from /home/airflow/.local/lib/python3.8/site-packages/airflow/example_dags/example_xcomargs.py
[2026-03-26T22:50:26.143+0000] {logging_mixin.py:188} INFO - [2026-03-26T22:50:26.143+0000] {dag.py:3036} INFO - Sync 2 DAGs
[2026-03-26T22:50:26.150+0000] {logging_mixin.py:188} INFO - [2026-03-26T22:50:26.149+0000] {dag.py:3823} INFO - Setting next_dagrun for example_xcom_args to None, run_after=None
[2026-03-26T22:50:26.152+0000] {logging_mixin.py:188} INFO - [2026-03-26T22:50:26.151+0000] {dag.py:3823} INFO - Setting next_dagrun for example_xcom_args_with_operators to None, run_after=None
[2026-03-26T22:50:26.161+0000] {processor.py:183} INFO - Processing /home/airflow/.local/lib/python3.8/site-packages/airflow/example_dags/example_xcomargs.py took 0.043 seconds
[2026-03-26T22:50:56.949+0000] {processor.py:161} INFO - Started process (PID=612) to work on /home/airflow/.local/lib/python3.8/site-packages/airflow/example_dags/example_xcomargs.py
[2026-03-26T22:50:56.949+0000] {processor.py:830} INFO - Processing file /home/airflow/.local/lib/python3.8/site-packages/airflow/example_dags/example_xcomargs.py for tasks to queue
[2026-03-26T22:50:56.950+0000] {logging_mixin.py:188} INFO - [2026-03-26T22:50:56.950+0000] {dagbag.py:538} INFO - Filling up the DagBag from /home/airflow/.local/lib/python3.8/site-packages/airflow/example_dags/example_xcomargs.py
[2026-03-26T22:50:56.955+0000] {processor.py:840} INFO - DAG(s) 'example_xcom_args_with_operators', 'example_xcom_args' retrieved from /home/airflow/.local/lib/python3.8/site-packages/airflow/example_dags/example_xcomargs.py
[2026-03-26T22:50:56.969+0000] {logging_mixin.py:188} INFO - [2026-03-26T22:50:56.969+0000] {dag.py:3036} INFO - Sync 2 DAGs
[2026-03-26T22:50:56.976+0000] {logging_mixin.py:188} INFO - [2026-03-26T22:50:56.976+0000] {dag.py:3823} INFO - Setting next_dagrun for example_xcom_args to None, run_after=None
[2026-03-26T22:50:56.978+0000] {logging_mixin.py:188} INFO - [2026-03-26T22:50:56.978+0000] {dag.py:3823} INFO - Setting next_dagrun for example_xcom_args_with_operators to None, run_after=None
[2026-03-26T22:50:56.987+0000] {processor.py:183} INFO - Processing /home/airflow/.local/lib/python3.8/site-packages/airflow/example_dags/example_xcomargs.py took 0.041 seconds
[2026-03-26T22:51:27.529+0000] {processor.py:161} INFO - Started process (PID=667) to work on /home/airflow/.local/lib/python3.8/site-packages/airflow/example_dags/example_xcomargs.py
[2026-03-26T22:51:27.529+0000] {processor.py:830} INFO - Processing file /home/airflow/.local/lib/python3.8/site-packages/airflow/example_dags/example_xcomargs.py for tasks to queue
[2026-03-26T22:51:27.530+0000] {logging_mixin.py:188} INFO - [2026-03-26T22:51:27.530+0000] {dagbag.py:538} INFO - Filling up the DagBag from /home/airflow/.local/lib/python3.8/site-packages/airflow/example_dags/example_xcomargs.py
[2026-03-26T22:51:27.535+0000] {processor.py:840} INFO - DAG(s) 'example_xcom_args', 'example_xcom_args_with_operators' retrieved from /home/airflow/.local/lib/python3.8/site-packages/airflow/example_dags/example_xcomargs.py
[2026-03-26T22:51:27.550+0000] {logging_mixin.py:188} INFO - [2026-03-26T22:51:27.549+0000] {dag.py:3036} INFO - Sync 2 DAGs
[2026-03-26T22:51:27.557+0000] {logging_mixin.py:188} INFO - [2026-03-26T22:51:27.556+0000] {dag.py:3823} INFO - Setting next_dagrun for example_xcom_args to None, run_after=None
[2026-03-26T22:51:27.558+0000] {logging_mixin.py:188} INFO - [2026-03-26T22:51:27.558+0000] {dag.py:3823} INFO - Setting next_dagrun for example_xcom_args_with_operators to None, run_after=None
[2026-03-26T22:51:27.567+0000] {processor.py:183} INFO - Processing /home/airflow/.local/lib/python3.8/site-packages/airflow/example_dags/example_xcomargs.py took 0.041 seconds
[2026-03-26T22:52:15.469+0000] {processor.py:161} INFO - Started process (PID=52) to work on /home/airflow/.local/lib/python3.8/site-packages/airflow/example_dags/example_xcomargs.py
[2026-03-26T22:52:15.471+0000] {processor.py:830} INFO - Processing file /home/airflow/.local/lib/python3.8/site-packages/airflow/example_dags/example_xcomargs.py for tasks to queue
[2026-03-26T22:52:15.472+0000] {logging_mixin.py:188} INFO - [2026-03-26T22:52:15.472+0000] {dagbag.py:538} INFO - Filling up the DagBag from /home/airflow/.local/lib/python3.8/site-packages/airflow/example_dags/example_xcomargs.py
[2026-03-26T22:52:15.480+0000] {processor.py:840} INFO - DAG(s) 'example_xcom_args', 'example_xcom_args_with_operators' retrieved from /home/airflow/.local/lib/python3.8/site-packages/airflow/example_dags/example_xcomargs.py
[2026-03-26T22:52:15.489+0000] {logging_mixin.py:188} INFO - [2026-03-26T22:52:15.489+0000] {dag.py:3036} INFO - Sync 2 DAGs
[2026-03-26T22:52:15.498+0000] {logging_mixin.py:188} INFO - [2026-03-26T22:52:15.497+0000] {dag.py:3823} INFO - Setting next_dagrun for example_xcom_args to None, run_after=None
[2026-03-26T22:52:15.500+0000] {logging_mixin.py:188} INFO - [2026-03-26T22:52:15.499+0000] {dag.py:3823} INFO - Setting next_dagrun for example_xcom_args_with_operators to None, run_after=None
[2026-03-26T22:52:15.511+0000] {processor.py:183} INFO - Processing /home/airflow/.local/lib/python3.8/site-packages/airflow/example_dags/example_xcomargs.py took 0.044 seconds
[2026-03-26T22:52:46.004+0000] {processor.py:161} INFO - Started process (PID=113) to work on /home/airflow/.local/lib/python3.8/site-packages/airflow/example_dags/example_xcomargs.py
[2026-03-26T22:52:46.004+0000] {processor.py:830} INFO - Processing file /home/airflow/.local/lib/python3.8/site-packages/airflow/example_dags/example_xcomargs.py for tasks to queue
[2026-03-26T22:52:46.005+0000] {logging_mixin.py:188} INFO - [2026-03-26T22:52:46.005+0000] {dagbag.py:538} INFO - Filling up the DagBag from /home/airflow/.local/lib/python3.8/site-packages/airflow/example_dags/example_xcomargs.py
[2026-03-26T22:52:46.011+0000] {processor.py:840} INFO - DAG(s) 'example_xcom_args', 'example_xcom_args_with_operators' retrieved from /home/airflow/.local/lib/python3.8/site-packages/airflow/example_dags/example_xcomargs.py
[2026-03-26T22:52:46.073+0000] {logging_mixin.py:188} INFO - [2026-03-26T22:52:46.073+0000] {dag.py:3036} INFO - Sync 2 DAGs
[2026-03-26T22:52:46.079+0000] {logging_mixin.py:188} INFO - [2026-03-26T22:52:46.079+0000] {dag.py:3823} INFO - Setting next_dagrun for example_xcom_args to None, run_after=None
[2026-03-26T22:52:46.080+0000] {logging_mixin.py:188} INFO - [2026-03-26T22:52:46.080+0000] {dag.py:3823} INFO - Setting next_dagrun for example_xcom_args_with_operators to None, run_after=None
[2026-03-26T22:52:46.093+0000] {processor.py:183} INFO - Processing /home/airflow/.local/lib/python3.8/site-packages/airflow/example_dags/example_xcomargs.py took 0.092 seconds
[2026-03-26T22:53:16.556+0000] {processor.py:161} INFO - Started process (PID=168) to work on /home/airflow/.local/lib/python3.8/site-packages/airflow/example_dags/example_xcomargs.py
[2026-03-26T22:53:16.557+0000] {processor.py:830} INFO - Processing file /home/airflow/.local/lib/python3.8/site-packages/airflow/example_dags/example_xcomargs.py for tasks to queue
[2026-03-26T22:53:16.558+0000] {logging_mixin.py:188} INFO - [2026-03-26T22:53:16.558+0000] {dagbag.py:538} INFO - Filling up the DagBag from /home/airflow/.local/lib/python3.8/site-packages/airflow/example_dags/example_xcomargs.py
[2026-03-26T22:53:16.564+0000] {processor.py:840} INFO - DAG(s) 'example_xcom_args', 'example_xcom_args_with_operators' retrieved from /home/airflow/.local/lib/python3.8/site-packages/airflow/example_dags/example_xcomargs.py
[2026-03-26T22:53:16.586+0000] {logging_mixin.py:188} INFO - [2026-03-26T22:53:16.586+0000] {dag.py:3036} INFO - Sync 2 DAGs
[2026-03-26T22:53:16.593+0000] {logging_mixin.py:188} INFO - [2026-03-26T22:53:16.593+0000] {dag.py:3823} INFO - Setting next_dagrun for example_xcom_args to None, run_after=None
[2026-03-26T22:53:16.595+0000] {logging_mixin.py:188} INFO - [2026-03-26T22:53:16.595+0000] {dag.py:3823} INFO - Setting next_dagrun for example_xcom_args_with_operators to None, run_after=None
[2026-03-26T22:53:16.611+0000] {processor.py:183} INFO - Processing /home/airflow/.local/lib/python3.8/site-packages/airflow/example_dags/example_xcomargs.py took 0.057 seconds
[2026-03-26T22:53:46.845+0000] {processor.py:161} INFO - Started process (PID=223) to work on /home/airflow/.local/lib/python3.8/site-packages/airflow/example_dags/example_xcomargs.py
[2026-03-26T22:53:46.846+0000] {processor.py:830} INFO - Processing file /home/airflow/.local/lib/python3.8/site-packages/airflow/example_dags/example_xcomargs.py for tasks to queue
[2026-03-26T22:53:46.847+0000] {logging_mixin.py:188} INFO - [2026-03-26T22:53:46.847+0000] {dagbag.py:538} INFO - Filling up the DagBag from /home/airflow/.local/lib/python3.8/site-packages/airflow/example_dags/example_xcomargs.py
[2026-03-26T22:53:46.852+0000] {processor.py:840} INFO - DAG(s) 'example_xcom_args', 'example_xcom_args_with_operators' retrieved from /home/airflow/.local/lib/python3.8/site-packages/airflow/example_dags/example_xcomargs.py
[2026-03-26T22:53:46.870+0000] {logging_mixin.py:188} INFO - [2026-03-26T22:53:46.870+0000] {dag.py:3036} INFO - Sync 2 DAGs
[2026-03-26T22:53:46.878+0000] {logging_mixin.py:188} INFO - [2026-03-26T22:53:46.878+0000] {dag.py:3823} INFO - Setting next_dagrun for example_xcom_args to None, run_after=None
[2026-03-26T22:53:46.880+0000] {logging_mixin.py:188} INFO - [2026-03-26T22:53:46.880+0000] {dag.py:3823} INFO - Setting next_dagrun for example_xcom_args_with_operators to None, run_after=None
[2026-03-26T22:53:46.891+0000] {processor.py:183} INFO - Processing /home/airflow/.local/lib/python3.8/site-packages/airflow/example_dags/example_xcomargs.py took 0.049 seconds
[2026-03-26T22:54:16.911+0000] {processor.py:161} INFO - Started process (PID=278) to work on /home/airflow/.local/lib/python3.8/site-packages/airflow/example_dags/example_xcomargs.py
[2026-03-26T22:54:16.913+0000] {processor.py:830} INFO - Processing file /home/airflow/.local/lib/python3.8/site-packages/airflow/example_dags/example_xcomargs.py for tasks to queue
[2026-03-26T22:54:16.915+0000] {logging_mixin.py:188} INFO - [2026-03-26T22:54:16.914+0000] {dagbag.py:538} INFO - Filling up the DagBag from /home/airflow/.local/lib/python3.8/site-packages/airflow/example_dags/example_xcomargs.py
[2026-03-26T22:54:16.920+0000] {processor.py:840} INFO - DAG(s) 'example_xcom_args_with_operators', 'example_xcom_args' retrieved from /home/airflow/.local/lib/python3.8/site-packages/airflow/example_dags/example_xcomargs.py
[2026-03-26T22:54:16.936+0000] {logging_mixin.py:188} INFO - [2026-03-26T22:54:16.935+0000] {dag.py:3036} INFO - Sync 2 DAGs
[2026-03-26T22:54:16.943+0000] {logging_mixin.py:188} INFO - [2026-03-26T22:54:16.943+0000] {dag.py:3823} INFO - Setting next_dagrun for example_xcom_args to None, run_after=None
[2026-03-26T22:54:16.945+0000] {logging_mixin.py:188} INFO - [2026-03-26T22:54:16.945+0000] {dag.py:3823} INFO - Setting next_dagrun for example_xcom_args_with_operators to None, run_after=None
[2026-03-26T22:54:16.954+0000] {processor.py:183} INFO - Processing /home/airflow/.local/lib/python3.8/site-packages/airflow/example_dags/example_xcomargs.py took 0.045 seconds
[2026-03-26T22:54:47.646+0000] {processor.py:161} INFO - Started process (PID=333) to work on /home/airflow/.local/lib/python3.8/site-packages/airflow/example_dags/example_xcomargs.py
[2026-03-26T22:54:47.646+0000] {processor.py:830} INFO - Processing file /home/airflow/.local/lib/python3.8/site-packages/airflow/example_dags/example_xcomargs.py for tasks to queue
[2026-03-26T22:54:47.647+0000] {logging_mixin.py:188} INFO - [2026-03-26T22:54:47.647+0000] {dagbag.py:538} INFO - Filling up the DagBag from /home/airflow/.local/lib/python3.8/site-packages/airflow/example_dags/example_xcomargs.py
[2026-03-26T22:54:47.652+0000] {processor.py:840} INFO - DAG(s) 'example_xcom_args_with_operators', 'example_xcom_args' retrieved from /home/airflow/.local/lib/python3.8/site-packages/airflow/example_dags/example_xcomargs.py
[2026-03-26T22:54:47.667+0000] {logging_mixin.py:188} INFO - [2026-03-26T22:54:47.667+0000] {dag.py:3036} INFO - Sync 2 DAGs
[2026-03-26T22:54:47.675+0000] {logging_mixin.py:188} INFO - [2026-03-26T22:54:47.675+0000] {dag.py:3823} INFO - Setting next_dagrun for example_xcom_args to None, run_after=None
[2026-03-26T22:54:47.677+0000] {logging_mixin.py:188} INFO - [2026-03-26T22:54:47.676+0000] {dag.py:3823} INFO - Setting next_dagrun for example_xcom_args_with_operators to None, run_after=None
[2026-03-26T22:54:47.686+0000] {processor.py:183} INFO - Processing /home/airflow/.local/lib/python3.8/site-packages/airflow/example_dags/example_xcomargs.py took 0.043 seconds
[2026-03-26T22:55:18.201+0000] {processor.py:161} INFO - Started process (PID=388) to work on /home/airflow/.local/lib/python3.8/site-packages/airflow/example_dags/example_xcomargs.py
[2026-03-26T22:55:18.202+0000] {processor.py:830} INFO - Processing file /home/airflow/.local/lib/python3.8/site-packages/airflow/example_dags/example_xcomargs.py for tasks to queue
[2026-03-26T22:55:18.204+0000] {logging_mixin.py:188} INFO - [2026-03-26T22:55:18.203+0000] {dagbag.py:538} INFO - Filling up the DagBag from /home/airflow/.local/lib/python3.8/site-packages/airflow/example_dags/example_xcomargs.py
[2026-03-26T22:55:18.209+0000] {processor.py:840} INFO - DAG(s) 'example_xcom_args', 'example_xcom_args_with_operators' retrieved from /home/airflow/.local/lib/python3.8/site-packages/airflow/example_dags/example_xcomargs.py
[2026-03-26T22:55:18.225+0000] {logging_mixin.py:188} INFO - [2026-03-26T22:55:18.225+0000] {dag.py:3036} INFO - Sync 2 DAGs
[2026-03-26T22:55:18.234+0000] {logging_mixin.py:188} INFO - [2026-03-26T22:55:18.234+0000] {dag.py:3823} INFO - Setting next_dagrun for example_xcom_args to None, run_after=None
[2026-03-26T22:55:18.236+0000] {logging_mixin.py:188} INFO - [2026-03-26T22:55:18.236+0000] {dag.py:3823} INFO - Setting next_dagrun for example_xcom_args_with_operators to None, run_after=None
[2026-03-26T22:55:18.248+0000] {processor.py:183} INFO - Processing /home/airflow/.local/lib/python3.8/site-packages/airflow/example_dags/example_xcomargs.py took 0.050 seconds
[2026-03-26T22:55:48.763+0000] {processor.py:161} INFO - Started process (PID=443) to work on /home/airflow/.local/lib/python3.8/site-packages/airflow/example_dags/example_xcomargs.py
[2026-03-26T22:55:48.763+0000] {processor.py:830} INFO - Processing file /home/airflow/.local/lib/python3.8/site-packages/airflow/example_dags/example_xcomargs.py for tasks to queue
[2026-03-26T22:55:48.764+0000] {logging_mixin.py:188} INFO - [2026-03-26T22:55:48.764+0000] {dagbag.py:538} INFO - Filling up the DagBag from /home/airflow/.local/lib/python3.8/site-packages/airflow/example_dags/example_xcomargs.py
[2026-03-26T22:55:48.770+0000] {processor.py:840} INFO - DAG(s) 'example_xcom_args', 'example_xcom_args_with_operators' retrieved from /home/airflow/.local/lib/python3.8/site-packages/airflow/example_dags/example_xcomargs.py
[2026-03-26T22:55:48.786+0000] {logging_mixin.py:188} INFO - [2026-03-26T22:55:48.786+0000] {dag.py:3036} INFO - Sync 2 DAGs
[2026-03-26T22:55:48.794+0000] {logging_mixin.py:188} INFO - [2026-03-26T22:55:48.794+0000] {dag.py:3823} INFO - Setting next_dagrun for example_xcom_args to None, run_after=None
[2026-03-26T22:55:48.796+0000] {logging_mixin.py:188} INFO - [2026-03-26T22:55:48.796+0000] {dag.py:3823} INFO - Setting next_dagrun for example_xcom_args_with_operators to None, run_after=None
[2026-03-26T22:55:48.807+0000] {processor.py:183} INFO - Processing /home/airflow/.local/lib/python3.8/site-packages/airflow/example_dags/example_xcomargs.py took 0.046 seconds
[2026-03-26T22:56:19.510+0000] {processor.py:161} INFO - Started process (PID=497) to work on /home/airflow/.local/lib/python3.8/site-packages/airflow/example_dags/example_xcomargs.py
[2026-03-26T22:56:19.511+0000] {processor.py:830} INFO - Processing file /home/airflow/.local/lib/python3.8/site-packages/airflow/example_dags/example_xcomargs.py for tasks to queue
[2026-03-26T22:56:19.512+0000] {logging_mixin.py:188} INFO - [2026-03-26T22:56:19.512+0000] {dagbag.py:538} INFO - Filling up the DagBag from /home/airflow/.local/lib/python3.8/site-packages/airflow/example_dags/example_xcomargs.py
[2026-03-26T22:56:19.517+0000] {processor.py:840} INFO - DAG(s) 'example_xcom_args_with_operators', 'example_xcom_args' retrieved from /home/airflow/.local/lib/python3.8/site-packages/airflow/example_dags/example_xcomargs.py
[2026-03-26T22:56:19.532+0000] {logging_mixin.py:188} INFO - [2026-03-26T22:56:19.532+0000] {dag.py:3036} INFO - Sync 2 DAGs
[2026-03-26T22:56:19.539+0000] {logging_mixin.py:188} INFO - [2026-03-26T22:56:19.539+0000] {dag.py:3823} INFO - Setting next_dagrun for example_xcom_args to None, run_after=None
[2026-03-26T22:56:19.541+0000] {logging_mixin.py:188} INFO - [2026-03-26T22:56:19.541+0000] {dag.py:3823} INFO - Setting next_dagrun for example_xcom_args_with_operators to None, run_after=None
[2026-03-26T22:56:19.549+0000] {processor.py:183} INFO - Processing /home/airflow/.local/lib/python3.8/site-packages/airflow/example_dags/example_xcomargs.py took 0.042 seconds
[2026-03-26T22:56:50.178+0000] {processor.py:161} INFO - Started process (PID=552) to work on /home/airflow/.local/lib/python3.8/site-packages/airflow/example_dags/example_xcomargs.py
[2026-03-26T22:56:50.179+0000] {processor.py:830} INFO - Processing file /home/airflow/.local/lib/python3.8/site-packages/airflow/example_dags/example_xcomargs.py for tasks to queue
[2026-03-26T22:56:50.180+0000] {logging_mixin.py:188} INFO - [2026-03-26T22:56:50.180+0000] {dagbag.py:538} INFO - Filling up the DagBag from /home/airflow/.local/lib/python3.8/site-packages/airflow/example_dags/example_xcomargs.py
[2026-03-26T22:56:50.185+0000] {processor.py:840} INFO - DAG(s) 'example_xcom_args', 'example_xcom_args_with_operators' retrieved from /home/airflow/.local/lib/python3.8/site-packages/airflow/example_dags/example_xcomargs.py
[2026-03-26T22:56:50.202+0000] {logging_mixin.py:188} INFO - [2026-03-26T22:56:50.202+0000] {dag.py:3036} INFO - Sync 2 DAGs
[2026-03-26T22:56:50.209+0000] {logging_mixin.py:188} INFO - [2026-03-26T22:56:50.209+0000] {dag.py:3823} INFO - Setting next_dagrun for example_xcom_args to None, run_after=None
[2026-03-26T22:56:50.211+0000] {logging_mixin.py:188} INFO - [2026-03-26T22:56:50.211+0000] {dag.py:3823} INFO - Setting next_dagrun for example_xcom_args_with_operators to None, run_after=None
[2026-03-26T22:56:50.220+0000] {processor.py:183} INFO - Processing /home/airflow/.local/lib/python3.8/site-packages/airflow/example_dags/example_xcomargs.py took 0.044 seconds
[2026-03-26T22:57:20.767+0000] {processor.py:161} INFO - Started process (PID=607) to work on /home/airflow/.local/lib/python3.8/site-packages/airflow/example_dags/example_xcomargs.py
[2026-03-26T22:57:20.768+0000] {processor.py:830} INFO - Processing file /home/airflow/.local/lib/python3.8/site-packages/airflow/example_dags/example_xcomargs.py for tasks to queue
[2026-03-26T22:57:20.769+0000] {logging_mixin.py:188} INFO - [2026-03-26T22:57:20.769+0000] {dagbag.py:538} INFO - Filling up the DagBag from /home/airflow/.local/lib/python3.8/site-packages/airflow/example_dags/example_xcomargs.py
[2026-03-26T22:57:20.774+0000] {processor.py:840} INFO - DAG(s) 'example_xcom_args_with_operators', 'example_xcom_args' retrieved from /home/airflow/.local/lib/python3.8/site-packages/airflow/example_dags/example_xcomargs.py
[2026-03-26T22:57:20.791+0000] {logging_mixin.py:188} INFO - [2026-03-26T22:57:20.791+0000] {dag.py:3036} INFO - Sync 2 DAGs
[2026-03-26T22:57:20.798+0000] {logging_mixin.py:188} INFO - [2026-03-26T22:57:20.798+0000] {dag.py:3823} INFO - Setting next_dagrun for example_xcom_args to None, run_after=None
[2026-03-26T22:57:20.800+0000] {logging_mixin.py:188} INFO - [2026-03-26T22:57:20.800+0000] {dag.py:3823} INFO - Setting next_dagrun for example_xcom_args_with_operators to None, run_after=None
[2026-03-26T22:57:20.812+0000] {processor.py:183} INFO - Processing /home/airflow/.local/lib/python3.8/site-packages/airflow/example_dags/example_xcomargs.py took 0.047 seconds
[2026-03-26T22:57:51.475+0000] {processor.py:161} INFO - Started process (PID=662) to work on /home/airflow/.local/lib/python3.8/site-packages/airflow/example_dags/example_xcomargs.py
[2026-03-26T22:57:51.476+0000] {processor.py:830} INFO - Processing file /home/airflow/.local/lib/python3.8/site-packages/airflow/example_dags/example_xcomargs.py for tasks to queue
[2026-03-26T22:57:51.477+0000] {logging_mixin.py:188} INFO - [2026-03-26T22:57:51.477+0000] {dagbag.py:538} INFO - Filling up the DagBag from /home/airflow/.local/lib/python3.8/site-packages/airflow/example_dags/example_xcomargs.py
[2026-03-26T22:57:51.482+0000] {processor.py:840} INFO - DAG(s) 'example_xcom_args', 'example_xcom_args_with_operators' retrieved from /home/airflow/.local/lib/python3.8/site-packages/airflow/example_dags/example_xcomargs.py
[2026-03-26T22:57:51.498+0000] {logging_mixin.py:188} INFO - [2026-03-26T22:57:51.498+0000] {dag.py:3036} INFO - Sync 2 DAGs
[2026-03-26T22:57:51.506+0000] {logging_mixin.py:188} INFO - [2026-03-26T22:57:51.506+0000] {dag.py:3823} INFO - Setting next_dagrun for example_xcom_args to None, run_after=None
[2026-03-26T22:57:51.508+0000] {logging_mixin.py:188} INFO - [2026-03-26T22:57:51.508+0000] {dag.py:3823} INFO - Setting next_dagrun for example_xcom_args_with_operators to None, run_after=None
[2026-03-26T22:57:51.518+0000] {processor.py:183} INFO - Processing /home/airflow/.local/lib/python3.8/site-packages/airflow/example_dags/example_xcomargs.py took 0.046 seconds
[2026-03-26T22:58:22.040+0000] {processor.py:161} INFO - Started process (PID=717) to work on /home/airflow/.local/lib/python3.8/site-packages/airflow/example_dags/example_xcomargs.py
[2026-03-26T22:58:22.041+0000] {processor.py:830} INFO - Processing file /home/airflow/.local/lib/python3.8/site-packages/airflow/example_dags/example_xcomargs.py for tasks to queue
[2026-03-26T22:58:22.043+0000] {logging_mixin.py:188} INFO - [2026-03-26T22:58:22.043+0000] {dagbag.py:538} INFO - Filling up the DagBag from /home/airflow/.local/lib/python3.8/site-packages/airflow/example_dags/example_xcomargs.py
[2026-03-26T22:58:22.048+0000] {processor.py:840} INFO - DAG(s) 'example_xcom_args', 'example_xcom_args_with_operators' retrieved from /home/airflow/.local/lib/python3.8/site-packages/airflow/example_dags/example_xcomargs.py
[2026-03-26T22:58:22.063+0000] {logging_mixin.py:188} INFO - [2026-03-26T22:58:22.063+0000] {dag.py:3036} INFO - Sync 2 DAGs
[2026-03-26T22:58:22.071+0000] {logging_mixin.py:188} INFO - [2026-03-26T22:58:22.071+0000] {dag.py:3823} INFO - Setting next_dagrun for example_xcom_args to None, run_after=None
[2026-03-26T22:58:22.073+0000] {logging_mixin.py:188} INFO - [2026-03-26T22:58:22.073+0000] {dag.py:3823} INFO - Setting next_dagrun for example_xcom_args_with_operators to None, run_after=None
[2026-03-26T22:58:22.082+0000] {processor.py:183} INFO - Processing /home/airflow/.local/lib/python3.8/site-packages/airflow/example_dags/example_xcomargs.py took 0.046 seconds
