[2026-03-26T22:45:50.992+0000] {processor.py:161} INFO - Started process (PID=81) to work on /home/airflow/.local/lib/python3.8/site-packages/airflow/example_dags/example_branch_datetime_operator.py
[2026-03-26T22:45:50.992+0000] {processor.py:830} INFO - Processing file /home/airflow/.local/lib/python3.8/site-packages/airflow/example_dags/example_branch_datetime_operator.py for tasks to queue
[2026-03-26T22:45:50.994+0000] {logging_mixin.py:188} INFO - [2026-03-26T22:45:50.993+0000] {dagbag.py:538} INFO - Filling up the DagBag from /home/airflow/.local/lib/python3.8/site-packages/airflow/example_dags/example_branch_datetime_operator.py
[2026-03-26T22:45:51.000+0000] {processor.py:840} INFO - DAG(s) 'example_branch_datetime_operator_2', 'example_branch_datetime_operator_3', 'example_branch_datetime_operator' retrieved from /home/airflow/.local/lib/python3.8/site-packages/airflow/example_dags/example_branch_datetime_operator.py
[2026-03-26T22:45:51.009+0000] {logging_mixin.py:188} INFO - [2026-03-26T22:45:51.009+0000] {dag.py:3036} INFO - Sync 3 DAGs
[2026-03-26T22:45:51.023+0000] {logging_mixin.py:188} INFO - [2026-03-26T22:45:51.023+0000] {dag.py:3823} INFO - Setting next_dagrun for example_branch_datetime_operator to 2026-03-25 00:00:00+00:00, run_after=2026-03-26 00:00:00+00:00
[2026-03-26T22:45:51.026+0000] {logging_mixin.py:188} INFO - [2026-03-26T22:45:51.026+0000] {dag.py:3823} INFO - Setting next_dagrun for example_branch_datetime_operator_2 to 2026-03-25 00:00:00+00:00, run_after=2026-03-26 00:00:00+00:00
[2026-03-26T22:45:51.027+0000] {logging_mixin.py:188} INFO - [2026-03-26T22:45:51.027+0000] {dag.py:3823} INFO - Setting next_dagrun for example_branch_datetime_operator_3 to 2026-03-25 00:00:00+00:00, run_after=2026-03-26 00:00:00+00:00
[2026-03-26T22:45:51.038+0000] {processor.py:183} INFO - Processing /home/airflow/.local/lib/python3.8/site-packages/airflow/example_dags/example_branch_datetime_operator.py took 0.049 seconds
[2026-03-26T22:46:23.694+0000] {processor.py:161} INFO - Started process (PID=136) to work on /home/airflow/.local/lib/python3.8/site-packages/airflow/example_dags/example_branch_datetime_operator.py
[2026-03-26T22:46:23.695+0000] {processor.py:830} INFO - Processing file /home/airflow/.local/lib/python3.8/site-packages/airflow/example_dags/example_branch_datetime_operator.py for tasks to queue
[2026-03-26T22:46:23.696+0000] {logging_mixin.py:188} INFO - [2026-03-26T22:46:23.696+0000] {dagbag.py:538} INFO - Filling up the DagBag from /home/airflow/.local/lib/python3.8/site-packages/airflow/example_dags/example_branch_datetime_operator.py
[2026-03-26T22:46:23.702+0000] {processor.py:840} INFO - DAG(s) 'example_branch_datetime_operator_2', 'example_branch_datetime_operator_3', 'example_branch_datetime_operator' retrieved from /home/airflow/.local/lib/python3.8/site-packages/airflow/example_dags/example_branch_datetime_operator.py
[2026-03-26T22:46:23.772+0000] {logging_mixin.py:188} INFO - [2026-03-26T22:46:23.772+0000] {dag.py:3036} INFO - Sync 3 DAGs
[2026-03-26T22:46:23.783+0000] {logging_mixin.py:188} INFO - [2026-03-26T22:46:23.782+0000] {dag.py:3823} INFO - Setting next_dagrun for example_branch_datetime_operator to 2026-03-25 00:00:00+00:00, run_after=2026-03-26 00:00:00+00:00
[2026-03-26T22:46:23.785+0000] {logging_mixin.py:188} INFO - [2026-03-26T22:46:23.785+0000] {dag.py:3823} INFO - Setting next_dagrun for example_branch_datetime_operator_2 to 2026-03-25 00:00:00+00:00, run_after=2026-03-26 00:00:00+00:00
[2026-03-26T22:46:23.786+0000] {logging_mixin.py:188} INFO - [2026-03-26T22:46:23.786+0000] {dag.py:3823} INFO - Setting next_dagrun for example_branch_datetime_operator_3 to 2026-03-25 00:00:00+00:00, run_after=2026-03-26 00:00:00+00:00
[2026-03-26T22:46:23.797+0000] {processor.py:183} INFO - Processing /home/airflow/.local/lib/python3.8/site-packages/airflow/example_dags/example_branch_datetime_operator.py took 0.106 seconds
[2026-03-26T22:46:54.624+0000] {processor.py:161} INFO - Started process (PID=197) to work on /home/airflow/.local/lib/python3.8/site-packages/airflow/example_dags/example_branch_datetime_operator.py
[2026-03-26T22:46:54.624+0000] {processor.py:830} INFO - Processing file /home/airflow/.local/lib/python3.8/site-packages/airflow/example_dags/example_branch_datetime_operator.py for tasks to queue
[2026-03-26T22:46:54.625+0000] {logging_mixin.py:188} INFO - [2026-03-26T22:46:54.625+0000] {dagbag.py:538} INFO - Filling up the DagBag from /home/airflow/.local/lib/python3.8/site-packages/airflow/example_dags/example_branch_datetime_operator.py
[2026-03-26T22:46:54.632+0000] {processor.py:840} INFO - DAG(s) 'example_branch_datetime_operator_3', 'example_branch_datetime_operator_2', 'example_branch_datetime_operator' retrieved from /home/airflow/.local/lib/python3.8/site-packages/airflow/example_dags/example_branch_datetime_operator.py
[2026-03-26T22:46:54.649+0000] {logging_mixin.py:188} INFO - [2026-03-26T22:46:54.649+0000] {dag.py:3036} INFO - Sync 3 DAGs
[2026-03-26T22:46:54.662+0000] {logging_mixin.py:188} INFO - [2026-03-26T22:46:54.662+0000] {dag.py:3823} INFO - Setting next_dagrun for example_branch_datetime_operator to 2026-03-25 00:00:00+00:00, run_after=2026-03-26 00:00:00+00:00
[2026-03-26T22:46:54.665+0000] {logging_mixin.py:188} INFO - [2026-03-26T22:46:54.665+0000] {dag.py:3823} INFO - Setting next_dagrun for example_branch_datetime_operator_2 to 2026-03-25 00:00:00+00:00, run_after=2026-03-26 00:00:00+00:00
[2026-03-26T22:46:54.666+0000] {logging_mixin.py:188} INFO - [2026-03-26T22:46:54.666+0000] {dag.py:3823} INFO - Setting next_dagrun for example_branch_datetime_operator_3 to 2026-03-25 00:00:00+00:00, run_after=2026-03-26 00:00:00+00:00
[2026-03-26T22:46:54.679+0000] {processor.py:183} INFO - Processing /home/airflow/.local/lib/python3.8/site-packages/airflow/example_dags/example_branch_datetime_operator.py took 0.058 seconds
[2026-03-26T22:47:25.490+0000] {processor.py:161} INFO - Started process (PID=252) to work on /home/airflow/.local/lib/python3.8/site-packages/airflow/example_dags/example_branch_datetime_operator.py
[2026-03-26T22:47:25.491+0000] {processor.py:830} INFO - Processing file /home/airflow/.local/lib/python3.8/site-packages/airflow/example_dags/example_branch_datetime_operator.py for tasks to queue
[2026-03-26T22:47:25.492+0000] {logging_mixin.py:188} INFO - [2026-03-26T22:47:25.492+0000] {dagbag.py:538} INFO - Filling up the DagBag from /home/airflow/.local/lib/python3.8/site-packages/airflow/example_dags/example_branch_datetime_operator.py
[2026-03-26T22:47:25.498+0000] {processor.py:840} INFO - DAG(s) 'example_branch_datetime_operator', 'example_branch_datetime_operator_3', 'example_branch_datetime_operator_2' retrieved from /home/airflow/.local/lib/python3.8/site-packages/airflow/example_dags/example_branch_datetime_operator.py
[2026-03-26T22:47:25.517+0000] {logging_mixin.py:188} INFO - [2026-03-26T22:47:25.516+0000] {dag.py:3036} INFO - Sync 3 DAGs
[2026-03-26T22:47:25.529+0000] {logging_mixin.py:188} INFO - [2026-03-26T22:47:25.529+0000] {dag.py:3823} INFO - Setting next_dagrun for example_branch_datetime_operator to 2026-03-25 00:00:00+00:00, run_after=2026-03-26 00:00:00+00:00
[2026-03-26T22:47:25.531+0000] {logging_mixin.py:188} INFO - [2026-03-26T22:47:25.531+0000] {dag.py:3823} INFO - Setting next_dagrun for example_branch_datetime_operator_2 to 2026-03-25 00:00:00+00:00, run_after=2026-03-26 00:00:00+00:00
[2026-03-26T22:47:25.533+0000] {logging_mixin.py:188} INFO - [2026-03-26T22:47:25.532+0000] {dag.py:3823} INFO - Setting next_dagrun for example_branch_datetime_operator_3 to 2026-03-25 00:00:00+00:00, run_after=2026-03-26 00:00:00+00:00
[2026-03-26T22:47:25.543+0000] {processor.py:183} INFO - Processing /home/airflow/.local/lib/python3.8/site-packages/airflow/example_dags/example_branch_datetime_operator.py took 0.055 seconds
[2026-03-26T22:47:56.053+0000] {processor.py:161} INFO - Started process (PID=307) to work on /home/airflow/.local/lib/python3.8/site-packages/airflow/example_dags/example_branch_datetime_operator.py
[2026-03-26T22:47:56.053+0000] {processor.py:830} INFO - Processing file /home/airflow/.local/lib/python3.8/site-packages/airflow/example_dags/example_branch_datetime_operator.py for tasks to queue
[2026-03-26T22:47:56.054+0000] {logging_mixin.py:188} INFO - [2026-03-26T22:47:56.054+0000] {dagbag.py:538} INFO - Filling up the DagBag from /home/airflow/.local/lib/python3.8/site-packages/airflow/example_dags/example_branch_datetime_operator.py
[2026-03-26T22:47:56.060+0000] {processor.py:840} INFO - DAG(s) 'example_branch_datetime_operator', 'example_branch_datetime_operator_2', 'example_branch_datetime_operator_3' retrieved from /home/airflow/.local/lib/python3.8/site-packages/airflow/example_dags/example_branch_datetime_operator.py
[2026-03-26T22:47:56.081+0000] {logging_mixin.py:188} INFO - [2026-03-26T22:47:56.081+0000] {dag.py:3036} INFO - Sync 3 DAGs
[2026-03-26T22:47:56.094+0000] {logging_mixin.py:188} INFO - [2026-03-26T22:47:56.093+0000] {dag.py:3823} INFO - Setting next_dagrun for example_branch_datetime_operator to 2026-03-25 00:00:00+00:00, run_after=2026-03-26 00:00:00+00:00
[2026-03-26T22:47:56.096+0000] {logging_mixin.py:188} INFO - [2026-03-26T22:47:56.096+0000] {dag.py:3823} INFO - Setting next_dagrun for example_branch_datetime_operator_2 to 2026-03-25 00:00:00+00:00, run_after=2026-03-26 00:00:00+00:00
[2026-03-26T22:47:56.098+0000] {logging_mixin.py:188} INFO - [2026-03-26T22:47:56.097+0000] {dag.py:3823} INFO - Setting next_dagrun for example_branch_datetime_operator_3 to 2026-03-25 00:00:00+00:00, run_after=2026-03-26 00:00:00+00:00
[2026-03-26T22:47:56.112+0000] {processor.py:183} INFO - Processing /home/airflow/.local/lib/python3.8/site-packages/airflow/example_dags/example_branch_datetime_operator.py took 0.062 seconds
[2026-03-26T22:48:26.649+0000] {processor.py:161} INFO - Started process (PID=361) to work on /home/airflow/.local/lib/python3.8/site-packages/airflow/example_dags/example_branch_datetime_operator.py
[2026-03-26T22:48:26.650+0000] {processor.py:830} INFO - Processing file /home/airflow/.local/lib/python3.8/site-packages/airflow/example_dags/example_branch_datetime_operator.py for tasks to queue
[2026-03-26T22:48:26.651+0000] {logging_mixin.py:188} INFO - [2026-03-26T22:48:26.651+0000] {dagbag.py:538} INFO - Filling up the DagBag from /home/airflow/.local/lib/python3.8/site-packages/airflow/example_dags/example_branch_datetime_operator.py
[2026-03-26T22:48:26.656+0000] {processor.py:840} INFO - DAG(s) 'example_branch_datetime_operator_3', 'example_branch_datetime_operator_2', 'example_branch_datetime_operator' retrieved from /home/airflow/.local/lib/python3.8/site-packages/airflow/example_dags/example_branch_datetime_operator.py
[2026-03-26T22:48:26.673+0000] {logging_mixin.py:188} INFO - [2026-03-26T22:48:26.673+0000] {dag.py:3036} INFO - Sync 3 DAGs
[2026-03-26T22:48:26.685+0000] {logging_mixin.py:188} INFO - [2026-03-26T22:48:26.685+0000] {dag.py:3823} INFO - Setting next_dagrun for example_branch_datetime_operator to 2026-03-25 00:00:00+00:00, run_after=2026-03-26 00:00:00+00:00
[2026-03-26T22:48:26.687+0000] {logging_mixin.py:188} INFO - [2026-03-26T22:48:26.687+0000] {dag.py:3823} INFO - Setting next_dagrun for example_branch_datetime_operator_2 to 2026-03-25 00:00:00+00:00, run_after=2026-03-26 00:00:00+00:00
[2026-03-26T22:48:26.688+0000] {logging_mixin.py:188} INFO - [2026-03-26T22:48:26.688+0000] {dag.py:3823} INFO - Setting next_dagrun for example_branch_datetime_operator_3 to 2026-03-25 00:00:00+00:00, run_after=2026-03-26 00:00:00+00:00
[2026-03-26T22:48:26.702+0000] {processor.py:183} INFO - Processing /home/airflow/.local/lib/python3.8/site-packages/airflow/example_dags/example_branch_datetime_operator.py took 0.055 seconds
[2026-03-26T22:48:57.168+0000] {processor.py:161} INFO - Started process (PID=416) to work on /home/airflow/.local/lib/python3.8/site-packages/airflow/example_dags/example_branch_datetime_operator.py
[2026-03-26T22:48:57.168+0000] {processor.py:830} INFO - Processing file /home/airflow/.local/lib/python3.8/site-packages/airflow/example_dags/example_branch_datetime_operator.py for tasks to queue
[2026-03-26T22:48:57.169+0000] {logging_mixin.py:188} INFO - [2026-03-26T22:48:57.169+0000] {dagbag.py:538} INFO - Filling up the DagBag from /home/airflow/.local/lib/python3.8/site-packages/airflow/example_dags/example_branch_datetime_operator.py
[2026-03-26T22:48:57.175+0000] {processor.py:840} INFO - DAG(s) 'example_branch_datetime_operator_3', 'example_branch_datetime_operator_2', 'example_branch_datetime_operator' retrieved from /home/airflow/.local/lib/python3.8/site-packages/airflow/example_dags/example_branch_datetime_operator.py
[2026-03-26T22:48:57.193+0000] {logging_mixin.py:188} INFO - [2026-03-26T22:48:57.193+0000] {dag.py:3036} INFO - Sync 3 DAGs
[2026-03-26T22:48:57.205+0000] {logging_mixin.py:188} INFO - [2026-03-26T22:48:57.205+0000] {dag.py:3823} INFO - Setting next_dagrun for example_branch_datetime_operator to 2026-03-25 00:00:00+00:00, run_after=2026-03-26 00:00:00+00:00
[2026-03-26T22:48:57.207+0000] {logging_mixin.py:188} INFO - [2026-03-26T22:48:57.207+0000] {dag.py:3823} INFO - Setting next_dagrun for example_branch_datetime_operator_2 to 2026-03-25 00:00:00+00:00, run_after=2026-03-26 00:00:00+00:00
[2026-03-26T22:48:57.208+0000] {logging_mixin.py:188} INFO - [2026-03-26T22:48:57.208+0000] {dag.py:3823} INFO - Setting next_dagrun for example_branch_datetime_operator_3 to 2026-03-25 00:00:00+00:00, run_after=2026-03-26 00:00:00+00:00
[2026-03-26T22:48:57.219+0000] {processor.py:183} INFO - Processing /home/airflow/.local/lib/python3.8/site-packages/airflow/example_dags/example_branch_datetime_operator.py took 0.053 seconds
[2026-03-26T22:49:27.642+0000] {processor.py:161} INFO - Started process (PID=470) to work on /home/airflow/.local/lib/python3.8/site-packages/airflow/example_dags/example_branch_datetime_operator.py
[2026-03-26T22:49:27.642+0000] {processor.py:830} INFO - Processing file /home/airflow/.local/lib/python3.8/site-packages/airflow/example_dags/example_branch_datetime_operator.py for tasks to queue
[2026-03-26T22:49:27.643+0000] {logging_mixin.py:188} INFO - [2026-03-26T22:49:27.643+0000] {dagbag.py:538} INFO - Filling up the DagBag from /home/airflow/.local/lib/python3.8/site-packages/airflow/example_dags/example_branch_datetime_operator.py
[2026-03-26T22:49:27.649+0000] {processor.py:840} INFO - DAG(s) 'example_branch_datetime_operator_3', 'example_branch_datetime_operator', 'example_branch_datetime_operator_2' retrieved from /home/airflow/.local/lib/python3.8/site-packages/airflow/example_dags/example_branch_datetime_operator.py
[2026-03-26T22:49:27.667+0000] {logging_mixin.py:188} INFO - [2026-03-26T22:49:27.667+0000] {dag.py:3036} INFO - Sync 3 DAGs
[2026-03-26T22:49:27.681+0000] {logging_mixin.py:188} INFO - [2026-03-26T22:49:27.681+0000] {dag.py:3823} INFO - Setting next_dagrun for example_branch_datetime_operator to 2026-03-25 00:00:00+00:00, run_after=2026-03-26 00:00:00+00:00
[2026-03-26T22:49:27.685+0000] {logging_mixin.py:188} INFO - [2026-03-26T22:49:27.685+0000] {dag.py:3823} INFO - Setting next_dagrun for example_branch_datetime_operator_2 to 2026-03-25 00:00:00+00:00, run_after=2026-03-26 00:00:00+00:00
[2026-03-26T22:49:27.686+0000] {logging_mixin.py:188} INFO - [2026-03-26T22:49:27.686+0000] {dag.py:3823} INFO - Setting next_dagrun for example_branch_datetime_operator_3 to 2026-03-25 00:00:00+00:00, run_after=2026-03-26 00:00:00+00:00
[2026-03-26T22:49:27.696+0000] {processor.py:183} INFO - Processing /home/airflow/.local/lib/python3.8/site-packages/airflow/example_dags/example_branch_datetime_operator.py took 0.057 seconds
[2026-03-26T22:49:58.153+0000] {processor.py:161} INFO - Started process (PID=525) to work on /home/airflow/.local/lib/python3.8/site-packages/airflow/example_dags/example_branch_datetime_operator.py
[2026-03-26T22:49:58.153+0000] {processor.py:830} INFO - Processing file /home/airflow/.local/lib/python3.8/site-packages/airflow/example_dags/example_branch_datetime_operator.py for tasks to queue
[2026-03-26T22:49:58.154+0000] {logging_mixin.py:188} INFO - [2026-03-26T22:49:58.154+0000] {dagbag.py:538} INFO - Filling up the DagBag from /home/airflow/.local/lib/python3.8/site-packages/airflow/example_dags/example_branch_datetime_operator.py
[2026-03-26T22:49:58.160+0000] {processor.py:840} INFO - DAG(s) 'example_branch_datetime_operator', 'example_branch_datetime_operator_2', 'example_branch_datetime_operator_3' retrieved from /home/airflow/.local/lib/python3.8/site-packages/airflow/example_dags/example_branch_datetime_operator.py
[2026-03-26T22:49:58.176+0000] {logging_mixin.py:188} INFO - [2026-03-26T22:49:58.176+0000] {dag.py:3036} INFO - Sync 3 DAGs
[2026-03-26T22:49:58.188+0000] {logging_mixin.py:188} INFO - [2026-03-26T22:49:58.188+0000] {dag.py:3823} INFO - Setting next_dagrun for example_branch_datetime_operator to 2026-03-25 00:00:00+00:00, run_after=2026-03-26 00:00:00+00:00
[2026-03-26T22:49:58.191+0000] {logging_mixin.py:188} INFO - [2026-03-26T22:49:58.191+0000] {dag.py:3823} INFO - Setting next_dagrun for example_branch_datetime_operator_2 to 2026-03-25 00:00:00+00:00, run_after=2026-03-26 00:00:00+00:00
[2026-03-26T22:49:58.192+0000] {logging_mixin.py:188} INFO - [2026-03-26T22:49:58.192+0000] {dag.py:3823} INFO - Setting next_dagrun for example_branch_datetime_operator_3 to 2026-03-25 00:00:00+00:00, run_after=2026-03-26 00:00:00+00:00
[2026-03-26T22:49:58.203+0000] {processor.py:183} INFO - Processing /home/airflow/.local/lib/python3.8/site-packages/airflow/example_dags/example_branch_datetime_operator.py took 0.052 seconds
[2026-03-26T22:50:28.810+0000] {processor.py:161} INFO - Started process (PID=580) to work on /home/airflow/.local/lib/python3.8/site-packages/airflow/example_dags/example_branch_datetime_operator.py
[2026-03-26T22:50:28.811+0000] {processor.py:830} INFO - Processing file /home/airflow/.local/lib/python3.8/site-packages/airflow/example_dags/example_branch_datetime_operator.py for tasks to queue
[2026-03-26T22:50:28.813+0000] {logging_mixin.py:188} INFO - [2026-03-26T22:50:28.813+0000] {dagbag.py:538} INFO - Filling up the DagBag from /home/airflow/.local/lib/python3.8/site-packages/airflow/example_dags/example_branch_datetime_operator.py
[2026-03-26T22:50:28.820+0000] {processor.py:840} INFO - DAG(s) 'example_branch_datetime_operator_2', 'example_branch_datetime_operator', 'example_branch_datetime_operator_3' retrieved from /home/airflow/.local/lib/python3.8/site-packages/airflow/example_dags/example_branch_datetime_operator.py
[2026-03-26T22:50:28.837+0000] {logging_mixin.py:188} INFO - [2026-03-26T22:50:28.836+0000] {dag.py:3036} INFO - Sync 3 DAGs
[2026-03-26T22:50:28.849+0000] {logging_mixin.py:188} INFO - [2026-03-26T22:50:28.849+0000] {dag.py:3823} INFO - Setting next_dagrun for example_branch_datetime_operator to 2026-03-25 00:00:00+00:00, run_after=2026-03-26 00:00:00+00:00
[2026-03-26T22:50:28.851+0000] {logging_mixin.py:188} INFO - [2026-03-26T22:50:28.851+0000] {dag.py:3823} INFO - Setting next_dagrun for example_branch_datetime_operator_2 to 2026-03-25 00:00:00+00:00, run_after=2026-03-26 00:00:00+00:00
[2026-03-26T22:50:28.853+0000] {logging_mixin.py:188} INFO - [2026-03-26T22:50:28.852+0000] {dag.py:3823} INFO - Setting next_dagrun for example_branch_datetime_operator_3 to 2026-03-25 00:00:00+00:00, run_after=2026-03-26 00:00:00+00:00
[2026-03-26T22:50:28.862+0000] {processor.py:183} INFO - Processing /home/airflow/.local/lib/python3.8/site-packages/airflow/example_dags/example_branch_datetime_operator.py took 0.054 seconds
[2026-03-26T22:50:59.622+0000] {processor.py:161} INFO - Started process (PID=635) to work on /home/airflow/.local/lib/python3.8/site-packages/airflow/example_dags/example_branch_datetime_operator.py
[2026-03-26T22:50:59.623+0000] {processor.py:830} INFO - Processing file /home/airflow/.local/lib/python3.8/site-packages/airflow/example_dags/example_branch_datetime_operator.py for tasks to queue
[2026-03-26T22:50:59.624+0000] {logging_mixin.py:188} INFO - [2026-03-26T22:50:59.624+0000] {dagbag.py:538} INFO - Filling up the DagBag from /home/airflow/.local/lib/python3.8/site-packages/airflow/example_dags/example_branch_datetime_operator.py
[2026-03-26T22:50:59.629+0000] {processor.py:840} INFO - DAG(s) 'example_branch_datetime_operator_2', 'example_branch_datetime_operator_3', 'example_branch_datetime_operator' retrieved from /home/airflow/.local/lib/python3.8/site-packages/airflow/example_dags/example_branch_datetime_operator.py
[2026-03-26T22:50:59.647+0000] {logging_mixin.py:188} INFO - [2026-03-26T22:50:59.647+0000] {dag.py:3036} INFO - Sync 3 DAGs
[2026-03-26T22:50:59.664+0000] {logging_mixin.py:188} INFO - [2026-03-26T22:50:59.664+0000] {dag.py:3823} INFO - Setting next_dagrun for example_branch_datetime_operator to 2026-03-25 00:00:00+00:00, run_after=2026-03-26 00:00:00+00:00
[2026-03-26T22:50:59.666+0000] {logging_mixin.py:188} INFO - [2026-03-26T22:50:59.666+0000] {dag.py:3823} INFO - Setting next_dagrun for example_branch_datetime_operator_2 to 2026-03-25 00:00:00+00:00, run_after=2026-03-26 00:00:00+00:00
[2026-03-26T22:50:59.668+0000] {logging_mixin.py:188} INFO - [2026-03-26T22:50:59.668+0000] {dag.py:3823} INFO - Setting next_dagrun for example_branch_datetime_operator_3 to 2026-03-25 00:00:00+00:00, run_after=2026-03-26 00:00:00+00:00
[2026-03-26T22:50:59.678+0000] {processor.py:183} INFO - Processing /home/airflow/.local/lib/python3.8/site-packages/airflow/example_dags/example_branch_datetime_operator.py took 0.058 seconds
[2026-03-26T22:51:30.244+0000] {processor.py:161} INFO - Started process (PID=690) to work on /home/airflow/.local/lib/python3.8/site-packages/airflow/example_dags/example_branch_datetime_operator.py
[2026-03-26T22:51:30.244+0000] {processor.py:830} INFO - Processing file /home/airflow/.local/lib/python3.8/site-packages/airflow/example_dags/example_branch_datetime_operator.py for tasks to queue
[2026-03-26T22:51:30.246+0000] {logging_mixin.py:188} INFO - [2026-03-26T22:51:30.245+0000] {dagbag.py:538} INFO - Filling up the DagBag from /home/airflow/.local/lib/python3.8/site-packages/airflow/example_dags/example_branch_datetime_operator.py
[2026-03-26T22:51:30.251+0000] {processor.py:840} INFO - DAG(s) 'example_branch_datetime_operator', 'example_branch_datetime_operator_2', 'example_branch_datetime_operator_3' retrieved from /home/airflow/.local/lib/python3.8/site-packages/airflow/example_dags/example_branch_datetime_operator.py
[2026-03-26T22:51:30.269+0000] {logging_mixin.py:188} INFO - [2026-03-26T22:51:30.269+0000] {dag.py:3036} INFO - Sync 3 DAGs
[2026-03-26T22:51:30.282+0000] {logging_mixin.py:188} INFO - [2026-03-26T22:51:30.281+0000] {dag.py:3823} INFO - Setting next_dagrun for example_branch_datetime_operator to 2026-03-25 00:00:00+00:00, run_after=2026-03-26 00:00:00+00:00
[2026-03-26T22:51:30.284+0000] {logging_mixin.py:188} INFO - [2026-03-26T22:51:30.284+0000] {dag.py:3823} INFO - Setting next_dagrun for example_branch_datetime_operator_2 to 2026-03-25 00:00:00+00:00, run_after=2026-03-26 00:00:00+00:00
[2026-03-26T22:51:30.285+0000] {logging_mixin.py:188} INFO - [2026-03-26T22:51:30.285+0000] {dag.py:3823} INFO - Setting next_dagrun for example_branch_datetime_operator_3 to 2026-03-25 00:00:00+00:00, run_after=2026-03-26 00:00:00+00:00
[2026-03-26T22:51:30.295+0000] {processor.py:183} INFO - Processing /home/airflow/.local/lib/python3.8/site-packages/airflow/example_dags/example_branch_datetime_operator.py took 0.054 seconds
[2026-03-26T22:52:16.610+0000] {processor.py:161} INFO - Started process (PID=81) to work on /home/airflow/.local/lib/python3.8/site-packages/airflow/example_dags/example_branch_datetime_operator.py
[2026-03-26T22:52:16.613+0000] {processor.py:830} INFO - Processing file /home/airflow/.local/lib/python3.8/site-packages/airflow/example_dags/example_branch_datetime_operator.py for tasks to queue
[2026-03-26T22:52:16.615+0000] {logging_mixin.py:188} INFO - [2026-03-26T22:52:16.614+0000] {dagbag.py:538} INFO - Filling up the DagBag from /home/airflow/.local/lib/python3.8/site-packages/airflow/example_dags/example_branch_datetime_operator.py
[2026-03-26T22:52:16.621+0000] {processor.py:840} INFO - DAG(s) 'example_branch_datetime_operator', 'example_branch_datetime_operator_3', 'example_branch_datetime_operator_2' retrieved from /home/airflow/.local/lib/python3.8/site-packages/airflow/example_dags/example_branch_datetime_operator.py
[2026-03-26T22:52:16.643+0000] {logging_mixin.py:188} INFO - [2026-03-26T22:52:16.642+0000] {dag.py:3036} INFO - Sync 3 DAGs
[2026-03-26T22:52:16.658+0000] {logging_mixin.py:188} INFO - [2026-03-26T22:52:16.658+0000] {dag.py:3823} INFO - Setting next_dagrun for example_branch_datetime_operator to 2026-03-25 00:00:00+00:00, run_after=2026-03-26 00:00:00+00:00
[2026-03-26T22:52:16.661+0000] {logging_mixin.py:188} INFO - [2026-03-26T22:52:16.661+0000] {dag.py:3823} INFO - Setting next_dagrun for example_branch_datetime_operator_2 to 2026-03-25 00:00:00+00:00, run_after=2026-03-26 00:00:00+00:00
[2026-03-26T22:52:16.662+0000] {logging_mixin.py:188} INFO - [2026-03-26T22:52:16.662+0000] {dag.py:3823} INFO - Setting next_dagrun for example_branch_datetime_operator_3 to 2026-03-25 00:00:00+00:00, run_after=2026-03-26 00:00:00+00:00
[2026-03-26T22:52:16.673+0000] {processor.py:183} INFO - Processing /home/airflow/.local/lib/python3.8/site-packages/airflow/example_dags/example_branch_datetime_operator.py took 0.065 seconds
[2026-03-26T22:52:47.496+0000] {processor.py:161} INFO - Started process (PID=136) to work on /home/airflow/.local/lib/python3.8/site-packages/airflow/example_dags/example_branch_datetime_operator.py
[2026-03-26T22:52:47.496+0000] {processor.py:830} INFO - Processing file /home/airflow/.local/lib/python3.8/site-packages/airflow/example_dags/example_branch_datetime_operator.py for tasks to queue
[2026-03-26T22:52:47.497+0000] {logging_mixin.py:188} INFO - [2026-03-26T22:52:47.497+0000] {dagbag.py:538} INFO - Filling up the DagBag from /home/airflow/.local/lib/python3.8/site-packages/airflow/example_dags/example_branch_datetime_operator.py
[2026-03-26T22:52:47.504+0000] {processor.py:840} INFO - DAG(s) 'example_branch_datetime_operator_2', 'example_branch_datetime_operator_3', 'example_branch_datetime_operator' retrieved from /home/airflow/.local/lib/python3.8/site-packages/airflow/example_dags/example_branch_datetime_operator.py
[2026-03-26T22:52:47.575+0000] {logging_mixin.py:188} INFO - [2026-03-26T22:52:47.575+0000] {dag.py:3036} INFO - Sync 3 DAGs
[2026-03-26T22:52:47.587+0000] {logging_mixin.py:188} INFO - [2026-03-26T22:52:47.586+0000] {dag.py:3823} INFO - Setting next_dagrun for example_branch_datetime_operator to 2026-03-25 00:00:00+00:00, run_after=2026-03-26 00:00:00+00:00
[2026-03-26T22:52:47.588+0000] {logging_mixin.py:188} INFO - [2026-03-26T22:52:47.588+0000] {dag.py:3823} INFO - Setting next_dagrun for example_branch_datetime_operator_2 to 2026-03-25 00:00:00+00:00, run_after=2026-03-26 00:00:00+00:00
[2026-03-26T22:52:47.590+0000] {logging_mixin.py:188} INFO - [2026-03-26T22:52:47.589+0000] {dag.py:3823} INFO - Setting next_dagrun for example_branch_datetime_operator_3 to 2026-03-25 00:00:00+00:00, run_after=2026-03-26 00:00:00+00:00
[2026-03-26T22:52:47.599+0000] {processor.py:183} INFO - Processing /home/airflow/.local/lib/python3.8/site-packages/airflow/example_dags/example_branch_datetime_operator.py took 0.106 seconds
[2026-03-26T22:53:18.314+0000] {processor.py:161} INFO - Started process (PID=191) to work on /home/airflow/.local/lib/python3.8/site-packages/airflow/example_dags/example_branch_datetime_operator.py
[2026-03-26T22:53:18.315+0000] {processor.py:830} INFO - Processing file /home/airflow/.local/lib/python3.8/site-packages/airflow/example_dags/example_branch_datetime_operator.py for tasks to queue
[2026-03-26T22:53:18.317+0000] {logging_mixin.py:188} INFO - [2026-03-26T22:53:18.316+0000] {dagbag.py:538} INFO - Filling up the DagBag from /home/airflow/.local/lib/python3.8/site-packages/airflow/example_dags/example_branch_datetime_operator.py
[2026-03-26T22:53:18.323+0000] {processor.py:840} INFO - DAG(s) 'example_branch_datetime_operator_3', 'example_branch_datetime_operator_2', 'example_branch_datetime_operator' retrieved from /home/airflow/.local/lib/python3.8/site-packages/airflow/example_dags/example_branch_datetime_operator.py
[2026-03-26T22:53:18.345+0000] {logging_mixin.py:188} INFO - [2026-03-26T22:53:18.344+0000] {dag.py:3036} INFO - Sync 3 DAGs
[2026-03-26T22:53:18.368+0000] {logging_mixin.py:188} INFO - [2026-03-26T22:53:18.368+0000] {dag.py:3823} INFO - Setting next_dagrun for example_branch_datetime_operator to 2026-03-25 00:00:00+00:00, run_after=2026-03-26 00:00:00+00:00
[2026-03-26T22:53:18.371+0000] {logging_mixin.py:188} INFO - [2026-03-26T22:53:18.371+0000] {dag.py:3823} INFO - Setting next_dagrun for example_branch_datetime_operator_2 to 2026-03-25 00:00:00+00:00, run_after=2026-03-26 00:00:00+00:00
[2026-03-26T22:53:18.375+0000] {logging_mixin.py:188} INFO - [2026-03-26T22:53:18.375+0000] {dag.py:3823} INFO - Setting next_dagrun for example_branch_datetime_operator_3 to 2026-03-25 00:00:00+00:00, run_after=2026-03-26 00:00:00+00:00
[2026-03-26T22:53:18.391+0000] {processor.py:183} INFO - Processing /home/airflow/.local/lib/python3.8/site-packages/airflow/example_dags/example_branch_datetime_operator.py took 0.081 seconds
[2026-03-26T22:53:48.893+0000] {processor.py:161} INFO - Started process (PID=246) to work on /home/airflow/.local/lib/python3.8/site-packages/airflow/example_dags/example_branch_datetime_operator.py
[2026-03-26T22:53:48.894+0000] {processor.py:830} INFO - Processing file /home/airflow/.local/lib/python3.8/site-packages/airflow/example_dags/example_branch_datetime_operator.py for tasks to queue
[2026-03-26T22:53:48.895+0000] {logging_mixin.py:188} INFO - [2026-03-26T22:53:48.895+0000] {dagbag.py:538} INFO - Filling up the DagBag from /home/airflow/.local/lib/python3.8/site-packages/airflow/example_dags/example_branch_datetime_operator.py
[2026-03-26T22:53:48.901+0000] {processor.py:840} INFO - DAG(s) 'example_branch_datetime_operator_3', 'example_branch_datetime_operator_2', 'example_branch_datetime_operator' retrieved from /home/airflow/.local/lib/python3.8/site-packages/airflow/example_dags/example_branch_datetime_operator.py
[2026-03-26T22:53:48.920+0000] {logging_mixin.py:188} INFO - [2026-03-26T22:53:48.920+0000] {dag.py:3036} INFO - Sync 3 DAGs
[2026-03-26T22:53:48.935+0000] {logging_mixin.py:188} INFO - [2026-03-26T22:53:48.935+0000] {dag.py:3823} INFO - Setting next_dagrun for example_branch_datetime_operator to 2026-03-25 00:00:00+00:00, run_after=2026-03-26 00:00:00+00:00
[2026-03-26T22:53:48.938+0000] {logging_mixin.py:188} INFO - [2026-03-26T22:53:48.938+0000] {dag.py:3823} INFO - Setting next_dagrun for example_branch_datetime_operator_2 to 2026-03-25 00:00:00+00:00, run_after=2026-03-26 00:00:00+00:00
[2026-03-26T22:53:48.939+0000] {logging_mixin.py:188} INFO - [2026-03-26T22:53:48.939+0000] {dag.py:3823} INFO - Setting next_dagrun for example_branch_datetime_operator_3 to 2026-03-25 00:00:00+00:00, run_after=2026-03-26 00:00:00+00:00
[2026-03-26T22:53:48.952+0000] {processor.py:183} INFO - Processing /home/airflow/.local/lib/python3.8/site-packages/airflow/example_dags/example_branch_datetime_operator.py took 0.062 seconds
[2026-03-26T22:54:19.775+0000] {processor.py:161} INFO - Started process (PID=301) to work on /home/airflow/.local/lib/python3.8/site-packages/airflow/example_dags/example_branch_datetime_operator.py
[2026-03-26T22:54:19.776+0000] {processor.py:830} INFO - Processing file /home/airflow/.local/lib/python3.8/site-packages/airflow/example_dags/example_branch_datetime_operator.py for tasks to queue
[2026-03-26T22:54:19.777+0000] {logging_mixin.py:188} INFO - [2026-03-26T22:54:19.777+0000] {dagbag.py:538} INFO - Filling up the DagBag from /home/airflow/.local/lib/python3.8/site-packages/airflow/example_dags/example_branch_datetime_operator.py
[2026-03-26T22:54:19.783+0000] {processor.py:840} INFO - DAG(s) 'example_branch_datetime_operator', 'example_branch_datetime_operator_2', 'example_branch_datetime_operator_3' retrieved from /home/airflow/.local/lib/python3.8/site-packages/airflow/example_dags/example_branch_datetime_operator.py
[2026-03-26T22:54:19.802+0000] {logging_mixin.py:188} INFO - [2026-03-26T22:54:19.802+0000] {dag.py:3036} INFO - Sync 3 DAGs
[2026-03-26T22:54:19.814+0000] {logging_mixin.py:188} INFO - [2026-03-26T22:54:19.814+0000] {dag.py:3823} INFO - Setting next_dagrun for example_branch_datetime_operator to 2026-03-25 00:00:00+00:00, run_after=2026-03-26 00:00:00+00:00
[2026-03-26T22:54:19.817+0000] {logging_mixin.py:188} INFO - [2026-03-26T22:54:19.817+0000] {dag.py:3823} INFO - Setting next_dagrun for example_branch_datetime_operator_2 to 2026-03-25 00:00:00+00:00, run_after=2026-03-26 00:00:00+00:00
[2026-03-26T22:54:19.818+0000] {logging_mixin.py:188} INFO - [2026-03-26T22:54:19.818+0000] {dag.py:3823} INFO - Setting next_dagrun for example_branch_datetime_operator_3 to 2026-03-25 00:00:00+00:00, run_after=2026-03-26 00:00:00+00:00
[2026-03-26T22:54:19.827+0000] {processor.py:183} INFO - Processing /home/airflow/.local/lib/python3.8/site-packages/airflow/example_dags/example_branch_datetime_operator.py took 0.055 seconds
[2026-03-26T22:54:50.345+0000] {processor.py:161} INFO - Started process (PID=356) to work on /home/airflow/.local/lib/python3.8/site-packages/airflow/example_dags/example_branch_datetime_operator.py
[2026-03-26T22:54:50.346+0000] {processor.py:830} INFO - Processing file /home/airflow/.local/lib/python3.8/site-packages/airflow/example_dags/example_branch_datetime_operator.py for tasks to queue
[2026-03-26T22:54:50.347+0000] {logging_mixin.py:188} INFO - [2026-03-26T22:54:50.347+0000] {dagbag.py:538} INFO - Filling up the DagBag from /home/airflow/.local/lib/python3.8/site-packages/airflow/example_dags/example_branch_datetime_operator.py
[2026-03-26T22:54:50.353+0000] {processor.py:840} INFO - DAG(s) 'example_branch_datetime_operator_3', 'example_branch_datetime_operator_2', 'example_branch_datetime_operator' retrieved from /home/airflow/.local/lib/python3.8/site-packages/airflow/example_dags/example_branch_datetime_operator.py
[2026-03-26T22:54:50.372+0000] {logging_mixin.py:188} INFO - [2026-03-26T22:54:50.372+0000] {dag.py:3036} INFO - Sync 3 DAGs
[2026-03-26T22:54:50.387+0000] {logging_mixin.py:188} INFO - [2026-03-26T22:54:50.387+0000] {dag.py:3823} INFO - Setting next_dagrun for example_branch_datetime_operator to 2026-03-25 00:00:00+00:00, run_after=2026-03-26 00:00:00+00:00
[2026-03-26T22:54:50.390+0000] {logging_mixin.py:188} INFO - [2026-03-26T22:54:50.390+0000] {dag.py:3823} INFO - Setting next_dagrun for example_branch_datetime_operator_2 to 2026-03-25 00:00:00+00:00, run_after=2026-03-26 00:00:00+00:00
[2026-03-26T22:54:50.391+0000] {logging_mixin.py:188} INFO - [2026-03-26T22:54:50.391+0000] {dag.py:3823} INFO - Setting next_dagrun for example_branch_datetime_operator_3 to 2026-03-25 00:00:00+00:00, run_after=2026-03-26 00:00:00+00:00
[2026-03-26T22:54:50.401+0000] {processor.py:183} INFO - Processing /home/airflow/.local/lib/python3.8/site-packages/airflow/example_dags/example_branch_datetime_operator.py took 0.059 seconds
[2026-03-26T22:55:20.929+0000] {processor.py:161} INFO - Started process (PID=411) to work on /home/airflow/.local/lib/python3.8/site-packages/airflow/example_dags/example_branch_datetime_operator.py
[2026-03-26T22:55:20.930+0000] {processor.py:830} INFO - Processing file /home/airflow/.local/lib/python3.8/site-packages/airflow/example_dags/example_branch_datetime_operator.py for tasks to queue
[2026-03-26T22:55:20.931+0000] {logging_mixin.py:188} INFO - [2026-03-26T22:55:20.931+0000] {dagbag.py:538} INFO - Filling up the DagBag from /home/airflow/.local/lib/python3.8/site-packages/airflow/example_dags/example_branch_datetime_operator.py
[2026-03-26T22:55:20.938+0000] {processor.py:840} INFO - DAG(s) 'example_branch_datetime_operator_3', 'example_branch_datetime_operator_2', 'example_branch_datetime_operator' retrieved from /home/airflow/.local/lib/python3.8/site-packages/airflow/example_dags/example_branch_datetime_operator.py
[2026-03-26T22:55:20.957+0000] {logging_mixin.py:188} INFO - [2026-03-26T22:55:20.956+0000] {dag.py:3036} INFO - Sync 3 DAGs
[2026-03-26T22:55:20.970+0000] {logging_mixin.py:188} INFO - [2026-03-26T22:55:20.970+0000] {dag.py:3823} INFO - Setting next_dagrun for example_branch_datetime_operator to 2026-03-25 00:00:00+00:00, run_after=2026-03-26 00:00:00+00:00
[2026-03-26T22:55:20.973+0000] {logging_mixin.py:188} INFO - [2026-03-26T22:55:20.973+0000] {dag.py:3823} INFO - Setting next_dagrun for example_branch_datetime_operator_2 to 2026-03-25 00:00:00+00:00, run_after=2026-03-26 00:00:00+00:00
[2026-03-26T22:55:20.974+0000] {logging_mixin.py:188} INFO - [2026-03-26T22:55:20.974+0000] {dag.py:3823} INFO - Setting next_dagrun for example_branch_datetime_operator_3 to 2026-03-25 00:00:00+00:00, run_after=2026-03-26 00:00:00+00:00
[2026-03-26T22:55:20.984+0000] {processor.py:183} INFO - Processing /home/airflow/.local/lib/python3.8/site-packages/airflow/example_dags/example_branch_datetime_operator.py took 0.058 seconds
[2026-03-26T22:55:51.522+0000] {processor.py:161} INFO - Started process (PID=466) to work on /home/airflow/.local/lib/python3.8/site-packages/airflow/example_dags/example_branch_datetime_operator.py
[2026-03-26T22:55:51.522+0000] {processor.py:830} INFO - Processing file /home/airflow/.local/lib/python3.8/site-packages/airflow/example_dags/example_branch_datetime_operator.py for tasks to queue
[2026-03-26T22:55:51.523+0000] {logging_mixin.py:188} INFO - [2026-03-26T22:55:51.523+0000] {dagbag.py:538} INFO - Filling up the DagBag from /home/airflow/.local/lib/python3.8/site-packages/airflow/example_dags/example_branch_datetime_operator.py
[2026-03-26T22:55:51.529+0000] {processor.py:840} INFO - DAG(s) 'example_branch_datetime_operator_2', 'example_branch_datetime_operator_3', 'example_branch_datetime_operator' retrieved from /home/airflow/.local/lib/python3.8/site-packages/airflow/example_dags/example_branch_datetime_operator.py
[2026-03-26T22:55:51.545+0000] {logging_mixin.py:188} INFO - [2026-03-26T22:55:51.545+0000] {dag.py:3036} INFO - Sync 3 DAGs
[2026-03-26T22:55:51.557+0000] {logging_mixin.py:188} INFO - [2026-03-26T22:55:51.557+0000] {dag.py:3823} INFO - Setting next_dagrun for example_branch_datetime_operator to 2026-03-25 00:00:00+00:00, run_after=2026-03-26 00:00:00+00:00
[2026-03-26T22:55:51.559+0000] {logging_mixin.py:188} INFO - [2026-03-26T22:55:51.559+0000] {dag.py:3823} INFO - Setting next_dagrun for example_branch_datetime_operator_2 to 2026-03-25 00:00:00+00:00, run_after=2026-03-26 00:00:00+00:00
[2026-03-26T22:55:51.560+0000] {logging_mixin.py:188} INFO - [2026-03-26T22:55:51.560+0000] {dag.py:3823} INFO - Setting next_dagrun for example_branch_datetime_operator_3 to 2026-03-25 00:00:00+00:00, run_after=2026-03-26 00:00:00+00:00
[2026-03-26T22:55:51.570+0000] {processor.py:183} INFO - Processing /home/airflow/.local/lib/python3.8/site-packages/airflow/example_dags/example_branch_datetime_operator.py took 0.051 seconds
[2026-03-26T22:56:22.230+0000] {processor.py:161} INFO - Started process (PID=520) to work on /home/airflow/.local/lib/python3.8/site-packages/airflow/example_dags/example_branch_datetime_operator.py
[2026-03-26T22:56:22.231+0000] {processor.py:830} INFO - Processing file /home/airflow/.local/lib/python3.8/site-packages/airflow/example_dags/example_branch_datetime_operator.py for tasks to queue
[2026-03-26T22:56:22.232+0000] {logging_mixin.py:188} INFO - [2026-03-26T22:56:22.232+0000] {dagbag.py:538} INFO - Filling up the DagBag from /home/airflow/.local/lib/python3.8/site-packages/airflow/example_dags/example_branch_datetime_operator.py
[2026-03-26T22:56:22.238+0000] {processor.py:840} INFO - DAG(s) 'example_branch_datetime_operator', 'example_branch_datetime_operator_3', 'example_branch_datetime_operator_2' retrieved from /home/airflow/.local/lib/python3.8/site-packages/airflow/example_dags/example_branch_datetime_operator.py
[2026-03-26T22:56:22.256+0000] {logging_mixin.py:188} INFO - [2026-03-26T22:56:22.256+0000] {dag.py:3036} INFO - Sync 3 DAGs
[2026-03-26T22:56:22.270+0000] {logging_mixin.py:188} INFO - [2026-03-26T22:56:22.270+0000] {dag.py:3823} INFO - Setting next_dagrun for example_branch_datetime_operator to 2026-03-25 00:00:00+00:00, run_after=2026-03-26 00:00:00+00:00
[2026-03-26T22:56:22.272+0000] {logging_mixin.py:188} INFO - [2026-03-26T22:56:22.272+0000] {dag.py:3823} INFO - Setting next_dagrun for example_branch_datetime_operator_2 to 2026-03-25 00:00:00+00:00, run_after=2026-03-26 00:00:00+00:00
[2026-03-26T22:56:22.274+0000] {logging_mixin.py:188} INFO - [2026-03-26T22:56:22.273+0000] {dag.py:3823} INFO - Setting next_dagrun for example_branch_datetime_operator_3 to 2026-03-25 00:00:00+00:00, run_after=2026-03-26 00:00:00+00:00
[2026-03-26T22:56:22.282+0000] {processor.py:183} INFO - Processing /home/airflow/.local/lib/python3.8/site-packages/airflow/example_dags/example_branch_datetime_operator.py took 0.055 seconds
[2026-03-26T22:56:52.918+0000] {processor.py:161} INFO - Started process (PID=575) to work on /home/airflow/.local/lib/python3.8/site-packages/airflow/example_dags/example_branch_datetime_operator.py
[2026-03-26T22:56:52.919+0000] {processor.py:830} INFO - Processing file /home/airflow/.local/lib/python3.8/site-packages/airflow/example_dags/example_branch_datetime_operator.py for tasks to queue
[2026-03-26T22:56:52.920+0000] {logging_mixin.py:188} INFO - [2026-03-26T22:56:52.920+0000] {dagbag.py:538} INFO - Filling up the DagBag from /home/airflow/.local/lib/python3.8/site-packages/airflow/example_dags/example_branch_datetime_operator.py
[2026-03-26T22:56:52.926+0000] {processor.py:840} INFO - DAG(s) 'example_branch_datetime_operator', 'example_branch_datetime_operator_3', 'example_branch_datetime_operator_2' retrieved from /home/airflow/.local/lib/python3.8/site-packages/airflow/example_dags/example_branch_datetime_operator.py
[2026-03-26T22:56:52.945+0000] {logging_mixin.py:188} INFO - [2026-03-26T22:56:52.945+0000] {dag.py:3036} INFO - Sync 3 DAGs
[2026-03-26T22:56:52.958+0000] {logging_mixin.py:188} INFO - [2026-03-26T22:56:52.958+0000] {dag.py:3823} INFO - Setting next_dagrun for example_branch_datetime_operator to 2026-03-25 00:00:00+00:00, run_after=2026-03-26 00:00:00+00:00
[2026-03-26T22:56:52.961+0000] {logging_mixin.py:188} INFO - [2026-03-26T22:56:52.961+0000] {dag.py:3823} INFO - Setting next_dagrun for example_branch_datetime_operator_2 to 2026-03-25 00:00:00+00:00, run_after=2026-03-26 00:00:00+00:00
[2026-03-26T22:56:52.962+0000] {logging_mixin.py:188} INFO - [2026-03-26T22:56:52.962+0000] {dag.py:3823} INFO - Setting next_dagrun for example_branch_datetime_operator_3 to 2026-03-25 00:00:00+00:00, run_after=2026-03-26 00:00:00+00:00
[2026-03-26T22:56:52.971+0000] {processor.py:183} INFO - Processing /home/airflow/.local/lib/python3.8/site-packages/airflow/example_dags/example_branch_datetime_operator.py took 0.056 seconds
[2026-03-26T22:57:23.499+0000] {processor.py:161} INFO - Started process (PID=630) to work on /home/airflow/.local/lib/python3.8/site-packages/airflow/example_dags/example_branch_datetime_operator.py
[2026-03-26T22:57:23.499+0000] {processor.py:830} INFO - Processing file /home/airflow/.local/lib/python3.8/site-packages/airflow/example_dags/example_branch_datetime_operator.py for tasks to queue
[2026-03-26T22:57:23.501+0000] {logging_mixin.py:188} INFO - [2026-03-26T22:57:23.500+0000] {dagbag.py:538} INFO - Filling up the DagBag from /home/airflow/.local/lib/python3.8/site-packages/airflow/example_dags/example_branch_datetime_operator.py
[2026-03-26T22:57:23.507+0000] {processor.py:840} INFO - DAG(s) 'example_branch_datetime_operator', 'example_branch_datetime_operator_2', 'example_branch_datetime_operator_3' retrieved from /home/airflow/.local/lib/python3.8/site-packages/airflow/example_dags/example_branch_datetime_operator.py
[2026-03-26T22:57:23.524+0000] {logging_mixin.py:188} INFO - [2026-03-26T22:57:23.524+0000] {dag.py:3036} INFO - Sync 3 DAGs
[2026-03-26T22:57:23.538+0000] {logging_mixin.py:188} INFO - [2026-03-26T22:57:23.538+0000] {dag.py:3823} INFO - Setting next_dagrun for example_branch_datetime_operator to 2026-03-25 00:00:00+00:00, run_after=2026-03-26 00:00:00+00:00
[2026-03-26T22:57:23.541+0000] {logging_mixin.py:188} INFO - [2026-03-26T22:57:23.541+0000] {dag.py:3823} INFO - Setting next_dagrun for example_branch_datetime_operator_2 to 2026-03-25 00:00:00+00:00, run_after=2026-03-26 00:00:00+00:00
[2026-03-26T22:57:23.542+0000] {logging_mixin.py:188} INFO - [2026-03-26T22:57:23.542+0000] {dag.py:3823} INFO - Setting next_dagrun for example_branch_datetime_operator_3 to 2026-03-25 00:00:00+00:00, run_after=2026-03-26 00:00:00+00:00
[2026-03-26T22:57:23.558+0000] {processor.py:183} INFO - Processing /home/airflow/.local/lib/python3.8/site-packages/airflow/example_dags/example_branch_datetime_operator.py took 0.061 seconds
[2026-03-26T22:57:54.190+0000] {processor.py:161} INFO - Started process (PID=685) to work on /home/airflow/.local/lib/python3.8/site-packages/airflow/example_dags/example_branch_datetime_operator.py
[2026-03-26T22:57:54.191+0000] {processor.py:830} INFO - Processing file /home/airflow/.local/lib/python3.8/site-packages/airflow/example_dags/example_branch_datetime_operator.py for tasks to queue
[2026-03-26T22:57:54.192+0000] {logging_mixin.py:188} INFO - [2026-03-26T22:57:54.192+0000] {dagbag.py:538} INFO - Filling up the DagBag from /home/airflow/.local/lib/python3.8/site-packages/airflow/example_dags/example_branch_datetime_operator.py
[2026-03-26T22:57:54.198+0000] {processor.py:840} INFO - DAG(s) 'example_branch_datetime_operator_2', 'example_branch_datetime_operator_3', 'example_branch_datetime_operator' retrieved from /home/airflow/.local/lib/python3.8/site-packages/airflow/example_dags/example_branch_datetime_operator.py
[2026-03-26T22:57:54.215+0000] {logging_mixin.py:188} INFO - [2026-03-26T22:57:54.215+0000] {dag.py:3036} INFO - Sync 3 DAGs
[2026-03-26T22:57:54.227+0000] {logging_mixin.py:188} INFO - [2026-03-26T22:57:54.227+0000] {dag.py:3823} INFO - Setting next_dagrun for example_branch_datetime_operator to 2026-03-25 00:00:00+00:00, run_after=2026-03-26 00:00:00+00:00
[2026-03-26T22:57:54.230+0000] {logging_mixin.py:188} INFO - [2026-03-26T22:57:54.230+0000] {dag.py:3823} INFO - Setting next_dagrun for example_branch_datetime_operator_2 to 2026-03-25 00:00:00+00:00, run_after=2026-03-26 00:00:00+00:00
[2026-03-26T22:57:54.231+0000] {logging_mixin.py:188} INFO - [2026-03-26T22:57:54.231+0000] {dag.py:3823} INFO - Setting next_dagrun for example_branch_datetime_operator_3 to 2026-03-25 00:00:00+00:00, run_after=2026-03-26 00:00:00+00:00
[2026-03-26T22:57:54.240+0000] {processor.py:183} INFO - Processing /home/airflow/.local/lib/python3.8/site-packages/airflow/example_dags/example_branch_datetime_operator.py took 0.052 seconds
[2026-03-26T22:58:24.856+0000] {processor.py:161} INFO - Started process (PID=740) to work on /home/airflow/.local/lib/python3.8/site-packages/airflow/example_dags/example_branch_datetime_operator.py
[2026-03-26T22:58:24.857+0000] {processor.py:830} INFO - Processing file /home/airflow/.local/lib/python3.8/site-packages/airflow/example_dags/example_branch_datetime_operator.py for tasks to queue
[2026-03-26T22:58:24.858+0000] {logging_mixin.py:188} INFO - [2026-03-26T22:58:24.858+0000] {dagbag.py:538} INFO - Filling up the DagBag from /home/airflow/.local/lib/python3.8/site-packages/airflow/example_dags/example_branch_datetime_operator.py
[2026-03-26T22:58:24.864+0000] {processor.py:840} INFO - DAG(s) 'example_branch_datetime_operator_3', 'example_branch_datetime_operator', 'example_branch_datetime_operator_2' retrieved from /home/airflow/.local/lib/python3.8/site-packages/airflow/example_dags/example_branch_datetime_operator.py
[2026-03-26T22:58:24.874+0000] {logging_mixin.py:188} INFO - [2026-03-26T22:58:24.874+0000] {dag.py:3036} INFO - Sync 3 DAGs
[2026-03-26T22:58:24.890+0000] {logging_mixin.py:188} INFO - [2026-03-26T22:58:24.890+0000] {dag.py:3823} INFO - Setting next_dagrun for example_branch_datetime_operator to 2026-03-25 00:00:00+00:00, run_after=2026-03-26 00:00:00+00:00
[2026-03-26T22:58:24.893+0000] {logging_mixin.py:188} INFO - [2026-03-26T22:58:24.893+0000] {dag.py:3823} INFO - Setting next_dagrun for example_branch_datetime_operator_2 to 2026-03-25 00:00:00+00:00, run_after=2026-03-26 00:00:00+00:00
[2026-03-26T22:58:24.894+0000] {logging_mixin.py:188} INFO - [2026-03-26T22:58:24.894+0000] {dag.py:3823} INFO - Setting next_dagrun for example_branch_datetime_operator_3 to 2026-03-25 00:00:00+00:00, run_after=2026-03-26 00:00:00+00:00
[2026-03-26T22:58:24.905+0000] {processor.py:183} INFO - Processing /home/airflow/.local/lib/python3.8/site-packages/airflow/example_dags/example_branch_datetime_operator.py took 0.052 seconds
