[2026-03-26T22:45:49.773+0000] {processor.py:161} INFO - Started process (PID=49) to work on /home/airflow/.local/lib/python3.8/site-packages/airflow/example_dags/example_short_circuit_decorator.py
[2026-03-26T22:45:49.773+0000] {processor.py:830} INFO - Processing file /home/airflow/.local/lib/python3.8/site-packages/airflow/example_dags/example_short_circuit_decorator.py for tasks to queue
[2026-03-26T22:45:49.775+0000] {logging_mixin.py:188} INFO - [2026-03-26T22:45:49.775+0000] {dagbag.py:538} INFO - Filling up the DagBag from /home/airflow/.local/lib/python3.8/site-packages/airflow/example_dags/example_short_circuit_decorator.py
[2026-03-26T22:45:49.783+0000] {processor.py:840} INFO - DAG(s) 'example_short_circuit_decorator' retrieved from /home/airflow/.local/lib/python3.8/site-packages/airflow/example_dags/example_short_circuit_decorator.py
[2026-03-26T22:45:49.793+0000] {logging_mixin.py:188} INFO - [2026-03-26T22:45:49.793+0000] {dag.py:3036} INFO - Sync 1 DAGs
[2026-03-26T22:45:49.807+0000] {logging_mixin.py:188} INFO - [2026-03-26T22:45:49.807+0000] {dag.py:3823} INFO - Setting next_dagrun for example_short_circuit_decorator to 2026-03-25 00:00:00+00:00, run_after=2026-03-26 00:00:00+00:00
[2026-03-26T22:45:49.819+0000] {processor.py:183} INFO - Processing /home/airflow/.local/lib/python3.8/site-packages/airflow/example_dags/example_short_circuit_decorator.py took 0.049 seconds
[2026-03-26T22:46:21.210+0000] {processor.py:161} INFO - Started process (PID=104) to work on /home/airflow/.local/lib/python3.8/site-packages/airflow/example_dags/example_short_circuit_decorator.py
[2026-03-26T22:46:21.211+0000] {processor.py:830} INFO - Processing file /home/airflow/.local/lib/python3.8/site-packages/airflow/example_dags/example_short_circuit_decorator.py for tasks to queue
[2026-03-26T22:46:21.213+0000] {logging_mixin.py:188} INFO - [2026-03-26T22:46:21.212+0000] {dagbag.py:538} INFO - Filling up the DagBag from /home/airflow/.local/lib/python3.8/site-packages/airflow/example_dags/example_short_circuit_decorator.py
[2026-03-26T22:46:21.218+0000] {processor.py:840} INFO - DAG(s) 'example_short_circuit_decorator' retrieved from /home/airflow/.local/lib/python3.8/site-packages/airflow/example_dags/example_short_circuit_decorator.py
[2026-03-26T22:46:21.287+0000] {logging_mixin.py:188} INFO - [2026-03-26T22:46:21.286+0000] {dag.py:3036} INFO - Sync 1 DAGs
[2026-03-26T22:46:21.297+0000] {logging_mixin.py:188} INFO - [2026-03-26T22:46:21.297+0000] {dag.py:3823} INFO - Setting next_dagrun for example_short_circuit_decorator to 2026-03-25 00:00:00+00:00, run_after=2026-03-26 00:00:00+00:00
[2026-03-26T22:46:21.312+0000] {processor.py:183} INFO - Processing /home/airflow/.local/lib/python3.8/site-packages/airflow/example_dags/example_short_circuit_decorator.py took 0.110 seconds
[2026-03-26T22:46:51.550+0000] {processor.py:161} INFO - Started process (PID=159) to work on /home/airflow/.local/lib/python3.8/site-packages/airflow/example_dags/example_short_circuit_decorator.py
[2026-03-26T22:46:51.551+0000] {processor.py:830} INFO - Processing file /home/airflow/.local/lib/python3.8/site-packages/airflow/example_dags/example_short_circuit_decorator.py for tasks to queue
[2026-03-26T22:46:51.552+0000] {logging_mixin.py:188} INFO - [2026-03-26T22:46:51.552+0000] {dagbag.py:538} INFO - Filling up the DagBag from /home/airflow/.local/lib/python3.8/site-packages/airflow/example_dags/example_short_circuit_decorator.py
[2026-03-26T22:46:51.559+0000] {processor.py:840} INFO - DAG(s) 'example_short_circuit_decorator' retrieved from /home/airflow/.local/lib/python3.8/site-packages/airflow/example_dags/example_short_circuit_decorator.py
[2026-03-26T22:46:51.577+0000] {logging_mixin.py:188} INFO - [2026-03-26T22:46:51.576+0000] {dag.py:3036} INFO - Sync 1 DAGs
[2026-03-26T22:46:51.590+0000] {logging_mixin.py:188} INFO - [2026-03-26T22:46:51.590+0000] {dag.py:3823} INFO - Setting next_dagrun for example_short_circuit_decorator to 2026-03-25 00:00:00+00:00, run_after=2026-03-26 00:00:00+00:00
[2026-03-26T22:46:51.606+0000] {processor.py:183} INFO - Processing /home/airflow/.local/lib/python3.8/site-packages/airflow/example_dags/example_short_circuit_decorator.py took 0.059 seconds
[2026-03-26T22:47:21.648+0000] {processor.py:161} INFO - Started process (PID=214) to work on /home/airflow/.local/lib/python3.8/site-packages/airflow/example_dags/example_short_circuit_decorator.py
[2026-03-26T22:47:21.648+0000] {processor.py:830} INFO - Processing file /home/airflow/.local/lib/python3.8/site-packages/airflow/example_dags/example_short_circuit_decorator.py for tasks to queue
[2026-03-26T22:47:21.650+0000] {logging_mixin.py:188} INFO - [2026-03-26T22:47:21.649+0000] {dagbag.py:538} INFO - Filling up the DagBag from /home/airflow/.local/lib/python3.8/site-packages/airflow/example_dags/example_short_circuit_decorator.py
[2026-03-26T22:47:21.655+0000] {processor.py:840} INFO - DAG(s) 'example_short_circuit_decorator' retrieved from /home/airflow/.local/lib/python3.8/site-packages/airflow/example_dags/example_short_circuit_decorator.py
[2026-03-26T22:47:21.670+0000] {logging_mixin.py:188} INFO - [2026-03-26T22:47:21.670+0000] {dag.py:3036} INFO - Sync 1 DAGs
[2026-03-26T22:47:21.683+0000] {logging_mixin.py:188} INFO - [2026-03-26T22:47:21.683+0000] {dag.py:3823} INFO - Setting next_dagrun for example_short_circuit_decorator to 2026-03-25 00:00:00+00:00, run_after=2026-03-26 00:00:00+00:00
[2026-03-26T22:47:21.694+0000] {processor.py:183} INFO - Processing /home/airflow/.local/lib/python3.8/site-packages/airflow/example_dags/example_short_circuit_decorator.py took 0.049 seconds
[2026-03-26T22:47:52.151+0000] {processor.py:161} INFO - Started process (PID=269) to work on /home/airflow/.local/lib/python3.8/site-packages/airflow/example_dags/example_short_circuit_decorator.py
[2026-03-26T22:47:52.152+0000] {processor.py:830} INFO - Processing file /home/airflow/.local/lib/python3.8/site-packages/airflow/example_dags/example_short_circuit_decorator.py for tasks to queue
[2026-03-26T22:47:52.153+0000] {logging_mixin.py:188} INFO - [2026-03-26T22:47:52.153+0000] {dagbag.py:538} INFO - Filling up the DagBag from /home/airflow/.local/lib/python3.8/site-packages/airflow/example_dags/example_short_circuit_decorator.py
[2026-03-26T22:47:52.158+0000] {processor.py:840} INFO - DAG(s) 'example_short_circuit_decorator' retrieved from /home/airflow/.local/lib/python3.8/site-packages/airflow/example_dags/example_short_circuit_decorator.py
[2026-03-26T22:47:52.175+0000] {logging_mixin.py:188} INFO - [2026-03-26T22:47:52.174+0000] {dag.py:3036} INFO - Sync 1 DAGs
[2026-03-26T22:47:52.187+0000] {logging_mixin.py:188} INFO - [2026-03-26T22:47:52.187+0000] {dag.py:3823} INFO - Setting next_dagrun for example_short_circuit_decorator to 2026-03-25 00:00:00+00:00, run_after=2026-03-26 00:00:00+00:00
[2026-03-26T22:47:52.198+0000] {processor.py:183} INFO - Processing /home/airflow/.local/lib/python3.8/site-packages/airflow/example_dags/example_short_circuit_decorator.py took 0.050 seconds
[2026-03-26T22:48:22.681+0000] {processor.py:161} INFO - Started process (PID=324) to work on /home/airflow/.local/lib/python3.8/site-packages/airflow/example_dags/example_short_circuit_decorator.py
[2026-03-26T22:48:22.681+0000] {processor.py:830} INFO - Processing file /home/airflow/.local/lib/python3.8/site-packages/airflow/example_dags/example_short_circuit_decorator.py for tasks to queue
[2026-03-26T22:48:22.682+0000] {logging_mixin.py:188} INFO - [2026-03-26T22:48:22.682+0000] {dagbag.py:538} INFO - Filling up the DagBag from /home/airflow/.local/lib/python3.8/site-packages/airflow/example_dags/example_short_circuit_decorator.py
[2026-03-26T22:48:22.688+0000] {processor.py:840} INFO - DAG(s) 'example_short_circuit_decorator' retrieved from /home/airflow/.local/lib/python3.8/site-packages/airflow/example_dags/example_short_circuit_decorator.py
[2026-03-26T22:48:22.701+0000] {logging_mixin.py:188} INFO - [2026-03-26T22:48:22.701+0000] {dag.py:3036} INFO - Sync 1 DAGs
[2026-03-26T22:48:22.713+0000] {logging_mixin.py:188} INFO - [2026-03-26T22:48:22.713+0000] {dag.py:3823} INFO - Setting next_dagrun for example_short_circuit_decorator to 2026-03-25 00:00:00+00:00, run_after=2026-03-26 00:00:00+00:00
[2026-03-26T22:48:22.726+0000] {processor.py:183} INFO - Processing /home/airflow/.local/lib/python3.8/site-packages/airflow/example_dags/example_short_circuit_decorator.py took 0.048 seconds
[2026-03-26T22:48:53.255+0000] {processor.py:161} INFO - Started process (PID=378) to work on /home/airflow/.local/lib/python3.8/site-packages/airflow/example_dags/example_short_circuit_decorator.py
[2026-03-26T22:48:53.256+0000] {processor.py:830} INFO - Processing file /home/airflow/.local/lib/python3.8/site-packages/airflow/example_dags/example_short_circuit_decorator.py for tasks to queue
[2026-03-26T22:48:53.257+0000] {logging_mixin.py:188} INFO - [2026-03-26T22:48:53.257+0000] {dagbag.py:538} INFO - Filling up the DagBag from /home/airflow/.local/lib/python3.8/site-packages/airflow/example_dags/example_short_circuit_decorator.py
[2026-03-26T22:48:53.263+0000] {processor.py:840} INFO - DAG(s) 'example_short_circuit_decorator' retrieved from /home/airflow/.local/lib/python3.8/site-packages/airflow/example_dags/example_short_circuit_decorator.py
[2026-03-26T22:48:53.277+0000] {logging_mixin.py:188} INFO - [2026-03-26T22:48:53.276+0000] {dag.py:3036} INFO - Sync 1 DAGs
[2026-03-26T22:48:53.289+0000] {logging_mixin.py:188} INFO - [2026-03-26T22:48:53.288+0000] {dag.py:3823} INFO - Setting next_dagrun for example_short_circuit_decorator to 2026-03-25 00:00:00+00:00, run_after=2026-03-26 00:00:00+00:00
[2026-03-26T22:48:53.302+0000] {processor.py:183} INFO - Processing /home/airflow/.local/lib/python3.8/site-packages/airflow/example_dags/example_short_circuit_decorator.py took 0.049 seconds
[2026-03-26T22:49:23.723+0000] {processor.py:161} INFO - Started process (PID=433) to work on /home/airflow/.local/lib/python3.8/site-packages/airflow/example_dags/example_short_circuit_decorator.py
[2026-03-26T22:49:23.723+0000] {processor.py:830} INFO - Processing file /home/airflow/.local/lib/python3.8/site-packages/airflow/example_dags/example_short_circuit_decorator.py for tasks to queue
[2026-03-26T22:49:23.725+0000] {logging_mixin.py:188} INFO - [2026-03-26T22:49:23.724+0000] {dagbag.py:538} INFO - Filling up the DagBag from /home/airflow/.local/lib/python3.8/site-packages/airflow/example_dags/example_short_circuit_decorator.py
[2026-03-26T22:49:23.730+0000] {processor.py:840} INFO - DAG(s) 'example_short_circuit_decorator' retrieved from /home/airflow/.local/lib/python3.8/site-packages/airflow/example_dags/example_short_circuit_decorator.py
[2026-03-26T22:49:23.744+0000] {logging_mixin.py:188} INFO - [2026-03-26T22:49:23.744+0000] {dag.py:3036} INFO - Sync 1 DAGs
[2026-03-26T22:49:23.755+0000] {logging_mixin.py:188} INFO - [2026-03-26T22:49:23.755+0000] {dag.py:3823} INFO - Setting next_dagrun for example_short_circuit_decorator to 2026-03-25 00:00:00+00:00, run_after=2026-03-26 00:00:00+00:00
[2026-03-26T22:49:23.766+0000] {processor.py:183} INFO - Processing /home/airflow/.local/lib/python3.8/site-packages/airflow/example_dags/example_short_circuit_decorator.py took 0.046 seconds
[2026-03-26T22:49:54.233+0000] {processor.py:161} INFO - Started process (PID=493) to work on /home/airflow/.local/lib/python3.8/site-packages/airflow/example_dags/example_short_circuit_decorator.py
[2026-03-26T22:49:54.234+0000] {processor.py:830} INFO - Processing file /home/airflow/.local/lib/python3.8/site-packages/airflow/example_dags/example_short_circuit_decorator.py for tasks to queue
[2026-03-26T22:49:54.235+0000] {logging_mixin.py:188} INFO - [2026-03-26T22:49:54.235+0000] {dagbag.py:538} INFO - Filling up the DagBag from /home/airflow/.local/lib/python3.8/site-packages/airflow/example_dags/example_short_circuit_decorator.py
[2026-03-26T22:49:54.240+0000] {processor.py:840} INFO - DAG(s) 'example_short_circuit_decorator' retrieved from /home/airflow/.local/lib/python3.8/site-packages/airflow/example_dags/example_short_circuit_decorator.py
[2026-03-26T22:49:54.253+0000] {logging_mixin.py:188} INFO - [2026-03-26T22:49:54.253+0000] {dag.py:3036} INFO - Sync 1 DAGs
[2026-03-26T22:49:54.267+0000] {logging_mixin.py:188} INFO - [2026-03-26T22:49:54.266+0000] {dag.py:3823} INFO - Setting next_dagrun for example_short_circuit_decorator to 2026-03-25 00:00:00+00:00, run_after=2026-03-26 00:00:00+00:00
[2026-03-26T22:49:54.277+0000] {processor.py:183} INFO - Processing /home/airflow/.local/lib/python3.8/site-packages/airflow/example_dags/example_short_circuit_decorator.py took 0.046 seconds
[2026-03-26T22:50:24.864+0000] {processor.py:161} INFO - Started process (PID=548) to work on /home/airflow/.local/lib/python3.8/site-packages/airflow/example_dags/example_short_circuit_decorator.py
[2026-03-26T22:50:24.865+0000] {processor.py:830} INFO - Processing file /home/airflow/.local/lib/python3.8/site-packages/airflow/example_dags/example_short_circuit_decorator.py for tasks to queue
[2026-03-26T22:50:24.866+0000] {logging_mixin.py:188} INFO - [2026-03-26T22:50:24.866+0000] {dagbag.py:538} INFO - Filling up the DagBag from /home/airflow/.local/lib/python3.8/site-packages/airflow/example_dags/example_short_circuit_decorator.py
[2026-03-26T22:50:24.871+0000] {processor.py:840} INFO - DAG(s) 'example_short_circuit_decorator' retrieved from /home/airflow/.local/lib/python3.8/site-packages/airflow/example_dags/example_short_circuit_decorator.py
[2026-03-26T22:50:24.885+0000] {logging_mixin.py:188} INFO - [2026-03-26T22:50:24.885+0000] {dag.py:3036} INFO - Sync 1 DAGs
[2026-03-26T22:50:24.897+0000] {logging_mixin.py:188} INFO - [2026-03-26T22:50:24.897+0000] {dag.py:3823} INFO - Setting next_dagrun for example_short_circuit_decorator to 2026-03-25 00:00:00+00:00, run_after=2026-03-26 00:00:00+00:00
[2026-03-26T22:50:24.908+0000] {processor.py:183} INFO - Processing /home/airflow/.local/lib/python3.8/site-packages/airflow/example_dags/example_short_circuit_decorator.py took 0.047 seconds
[2026-03-26T22:50:55.694+0000] {processor.py:161} INFO - Started process (PID=603) to work on /home/airflow/.local/lib/python3.8/site-packages/airflow/example_dags/example_short_circuit_decorator.py
[2026-03-26T22:50:55.694+0000] {processor.py:830} INFO - Processing file /home/airflow/.local/lib/python3.8/site-packages/airflow/example_dags/example_short_circuit_decorator.py for tasks to queue
[2026-03-26T22:50:55.696+0000] {logging_mixin.py:188} INFO - [2026-03-26T22:50:55.695+0000] {dagbag.py:538} INFO - Filling up the DagBag from /home/airflow/.local/lib/python3.8/site-packages/airflow/example_dags/example_short_circuit_decorator.py
[2026-03-26T22:50:55.701+0000] {processor.py:840} INFO - DAG(s) 'example_short_circuit_decorator' retrieved from /home/airflow/.local/lib/python3.8/site-packages/airflow/example_dags/example_short_circuit_decorator.py
[2026-03-26T22:50:55.715+0000] {logging_mixin.py:188} INFO - [2026-03-26T22:50:55.715+0000] {dag.py:3036} INFO - Sync 1 DAGs
[2026-03-26T22:50:55.727+0000] {logging_mixin.py:188} INFO - [2026-03-26T22:50:55.727+0000] {dag.py:3823} INFO - Setting next_dagrun for example_short_circuit_decorator to 2026-03-25 00:00:00+00:00, run_after=2026-03-26 00:00:00+00:00
[2026-03-26T22:50:55.738+0000] {processor.py:183} INFO - Processing /home/airflow/.local/lib/python3.8/site-packages/airflow/example_dags/example_short_circuit_decorator.py took 0.047 seconds
[2026-03-26T22:51:26.276+0000] {processor.py:161} INFO - Started process (PID=658) to work on /home/airflow/.local/lib/python3.8/site-packages/airflow/example_dags/example_short_circuit_decorator.py
[2026-03-26T22:51:26.277+0000] {processor.py:830} INFO - Processing file /home/airflow/.local/lib/python3.8/site-packages/airflow/example_dags/example_short_circuit_decorator.py for tasks to queue
[2026-03-26T22:51:26.278+0000] {logging_mixin.py:188} INFO - [2026-03-26T22:51:26.278+0000] {dagbag.py:538} INFO - Filling up the DagBag from /home/airflow/.local/lib/python3.8/site-packages/airflow/example_dags/example_short_circuit_decorator.py
[2026-03-26T22:51:26.283+0000] {processor.py:840} INFO - DAG(s) 'example_short_circuit_decorator' retrieved from /home/airflow/.local/lib/python3.8/site-packages/airflow/example_dags/example_short_circuit_decorator.py
[2026-03-26T22:51:26.296+0000] {logging_mixin.py:188} INFO - [2026-03-26T22:51:26.296+0000] {dag.py:3036} INFO - Sync 1 DAGs
[2026-03-26T22:51:26.309+0000] {logging_mixin.py:188} INFO - [2026-03-26T22:51:26.309+0000] {dag.py:3823} INFO - Setting next_dagrun for example_short_circuit_decorator to 2026-03-25 00:00:00+00:00, run_after=2026-03-26 00:00:00+00:00
[2026-03-26T22:51:26.319+0000] {processor.py:183} INFO - Processing /home/airflow/.local/lib/python3.8/site-packages/airflow/example_dags/example_short_circuit_decorator.py took 0.045 seconds
[2026-03-26T22:52:15.134+0000] {processor.py:161} INFO - Started process (PID=43) to work on /home/airflow/.local/lib/python3.8/site-packages/airflow/example_dags/example_short_circuit_decorator.py
[2026-03-26T22:52:15.135+0000] {processor.py:830} INFO - Processing file /home/airflow/.local/lib/python3.8/site-packages/airflow/example_dags/example_short_circuit_decorator.py for tasks to queue
[2026-03-26T22:52:15.136+0000] {logging_mixin.py:188} INFO - [2026-03-26T22:52:15.136+0000] {dagbag.py:538} INFO - Filling up the DagBag from /home/airflow/.local/lib/python3.8/site-packages/airflow/example_dags/example_short_circuit_decorator.py
[2026-03-26T22:52:15.144+0000] {processor.py:840} INFO - DAG(s) 'example_short_circuit_decorator' retrieved from /home/airflow/.local/lib/python3.8/site-packages/airflow/example_dags/example_short_circuit_decorator.py
[2026-03-26T22:52:15.152+0000] {logging_mixin.py:188} INFO - [2026-03-26T22:52:15.152+0000] {dag.py:3036} INFO - Sync 1 DAGs
[2026-03-26T22:52:15.166+0000] {logging_mixin.py:188} INFO - [2026-03-26T22:52:15.166+0000] {dag.py:3823} INFO - Setting next_dagrun for example_short_circuit_decorator to 2026-03-25 00:00:00+00:00, run_after=2026-03-26 00:00:00+00:00
[2026-03-26T22:52:15.177+0000] {processor.py:183} INFO - Processing /home/airflow/.local/lib/python3.8/site-packages/airflow/example_dags/example_short_circuit_decorator.py took 0.045 seconds
[2026-03-26T22:52:45.511+0000] {processor.py:161} INFO - Started process (PID=98) to work on /home/airflow/.local/lib/python3.8/site-packages/airflow/example_dags/example_short_circuit_decorator.py
[2026-03-26T22:52:45.512+0000] {processor.py:830} INFO - Processing file /home/airflow/.local/lib/python3.8/site-packages/airflow/example_dags/example_short_circuit_decorator.py for tasks to queue
[2026-03-26T22:52:45.513+0000] {logging_mixin.py:188} INFO - [2026-03-26T22:52:45.513+0000] {dagbag.py:538} INFO - Filling up the DagBag from /home/airflow/.local/lib/python3.8/site-packages/airflow/example_dags/example_short_circuit_decorator.py
[2026-03-26T22:52:45.519+0000] {processor.py:840} INFO - DAG(s) 'example_short_circuit_decorator' retrieved from /home/airflow/.local/lib/python3.8/site-packages/airflow/example_dags/example_short_circuit_decorator.py
[2026-03-26T22:52:45.578+0000] {logging_mixin.py:188} INFO - [2026-03-26T22:52:45.578+0000] {dag.py:3036} INFO - Sync 1 DAGs
[2026-03-26T22:52:45.590+0000] {logging_mixin.py:188} INFO - [2026-03-26T22:52:45.590+0000] {dag.py:3823} INFO - Setting next_dagrun for example_short_circuit_decorator to 2026-03-25 00:00:00+00:00, run_after=2026-03-26 00:00:00+00:00
[2026-03-26T22:52:45.602+0000] {processor.py:183} INFO - Processing /home/airflow/.local/lib/python3.8/site-packages/airflow/example_dags/example_short_circuit_decorator.py took 0.093 seconds
[2026-03-26T22:53:16.242+0000] {processor.py:161} INFO - Started process (PID=159) to work on /home/airflow/.local/lib/python3.8/site-packages/airflow/example_dags/example_short_circuit_decorator.py
[2026-03-26T22:53:16.243+0000] {processor.py:830} INFO - Processing file /home/airflow/.local/lib/python3.8/site-packages/airflow/example_dags/example_short_circuit_decorator.py for tasks to queue
[2026-03-26T22:53:16.245+0000] {logging_mixin.py:188} INFO - [2026-03-26T22:53:16.245+0000] {dagbag.py:538} INFO - Filling up the DagBag from /home/airflow/.local/lib/python3.8/site-packages/airflow/example_dags/example_short_circuit_decorator.py
[2026-03-26T22:53:16.251+0000] {processor.py:840} INFO - DAG(s) 'example_short_circuit_decorator' retrieved from /home/airflow/.local/lib/python3.8/site-packages/airflow/example_dags/example_short_circuit_decorator.py
[2026-03-26T22:53:16.267+0000] {logging_mixin.py:188} INFO - [2026-03-26T22:53:16.267+0000] {dag.py:3036} INFO - Sync 1 DAGs
[2026-03-26T22:53:16.280+0000] {logging_mixin.py:188} INFO - [2026-03-26T22:53:16.280+0000] {dag.py:3823} INFO - Setting next_dagrun for example_short_circuit_decorator to 2026-03-25 00:00:00+00:00, run_after=2026-03-26 00:00:00+00:00
[2026-03-26T22:53:16.294+0000] {processor.py:183} INFO - Processing /home/airflow/.local/lib/python3.8/site-packages/airflow/example_dags/example_short_circuit_decorator.py took 0.058 seconds
[2026-03-26T22:53:46.414+0000] {processor.py:161} INFO - Started process (PID=214) to work on /home/airflow/.local/lib/python3.8/site-packages/airflow/example_dags/example_short_circuit_decorator.py
[2026-03-26T22:53:46.415+0000] {processor.py:830} INFO - Processing file /home/airflow/.local/lib/python3.8/site-packages/airflow/example_dags/example_short_circuit_decorator.py for tasks to queue
[2026-03-26T22:53:46.416+0000] {logging_mixin.py:188} INFO - [2026-03-26T22:53:46.416+0000] {dagbag.py:538} INFO - Filling up the DagBag from /home/airflow/.local/lib/python3.8/site-packages/airflow/example_dags/example_short_circuit_decorator.py
[2026-03-26T22:53:46.423+0000] {processor.py:840} INFO - DAG(s) 'example_short_circuit_decorator' retrieved from /home/airflow/.local/lib/python3.8/site-packages/airflow/example_dags/example_short_circuit_decorator.py
[2026-03-26T22:53:46.439+0000] {logging_mixin.py:188} INFO - [2026-03-26T22:53:46.438+0000] {dag.py:3036} INFO - Sync 1 DAGs
[2026-03-26T22:53:46.453+0000] {logging_mixin.py:188} INFO - [2026-03-26T22:53:46.453+0000] {dag.py:3823} INFO - Setting next_dagrun for example_short_circuit_decorator to 2026-03-25 00:00:00+00:00, run_after=2026-03-26 00:00:00+00:00
[2026-03-26T22:53:46.464+0000] {processor.py:183} INFO - Processing /home/airflow/.local/lib/python3.8/site-packages/airflow/example_dags/example_short_circuit_decorator.py took 0.053 seconds
[2026-03-26T22:54:16.537+0000] {processor.py:161} INFO - Started process (PID=269) to work on /home/airflow/.local/lib/python3.8/site-packages/airflow/example_dags/example_short_circuit_decorator.py
[2026-03-26T22:54:16.538+0000] {processor.py:830} INFO - Processing file /home/airflow/.local/lib/python3.8/site-packages/airflow/example_dags/example_short_circuit_decorator.py for tasks to queue
[2026-03-26T22:54:16.539+0000] {logging_mixin.py:188} INFO - [2026-03-26T22:54:16.539+0000] {dagbag.py:538} INFO - Filling up the DagBag from /home/airflow/.local/lib/python3.8/site-packages/airflow/example_dags/example_short_circuit_decorator.py
[2026-03-26T22:54:16.545+0000] {processor.py:840} INFO - DAG(s) 'example_short_circuit_decorator' retrieved from /home/airflow/.local/lib/python3.8/site-packages/airflow/example_dags/example_short_circuit_decorator.py
[2026-03-26T22:54:16.560+0000] {logging_mixin.py:188} INFO - [2026-03-26T22:54:16.560+0000] {dag.py:3036} INFO - Sync 1 DAGs
[2026-03-26T22:54:16.574+0000] {logging_mixin.py:188} INFO - [2026-03-26T22:54:16.573+0000] {dag.py:3823} INFO - Setting next_dagrun for example_short_circuit_decorator to 2026-03-25 00:00:00+00:00, run_after=2026-03-26 00:00:00+00:00
[2026-03-26T22:54:16.586+0000] {processor.py:183} INFO - Processing /home/airflow/.local/lib/python3.8/site-packages/airflow/example_dags/example_short_circuit_decorator.py took 0.051 seconds
[2026-03-26T22:54:47.387+0000] {processor.py:161} INFO - Started process (PID=324) to work on /home/airflow/.local/lib/python3.8/site-packages/airflow/example_dags/example_short_circuit_decorator.py
[2026-03-26T22:54:47.387+0000] {processor.py:830} INFO - Processing file /home/airflow/.local/lib/python3.8/site-packages/airflow/example_dags/example_short_circuit_decorator.py for tasks to queue
[2026-03-26T22:54:47.388+0000] {logging_mixin.py:188} INFO - [2026-03-26T22:54:47.388+0000] {dagbag.py:538} INFO - Filling up the DagBag from /home/airflow/.local/lib/python3.8/site-packages/airflow/example_dags/example_short_circuit_decorator.py
[2026-03-26T22:54:47.394+0000] {processor.py:840} INFO - DAG(s) 'example_short_circuit_decorator' retrieved from /home/airflow/.local/lib/python3.8/site-packages/airflow/example_dags/example_short_circuit_decorator.py
[2026-03-26T22:54:47.408+0000] {logging_mixin.py:188} INFO - [2026-03-26T22:54:47.408+0000] {dag.py:3036} INFO - Sync 1 DAGs
[2026-03-26T22:54:47.421+0000] {logging_mixin.py:188} INFO - [2026-03-26T22:54:47.421+0000] {dag.py:3823} INFO - Setting next_dagrun for example_short_circuit_decorator to 2026-03-25 00:00:00+00:00, run_after=2026-03-26 00:00:00+00:00
[2026-03-26T22:54:47.431+0000] {processor.py:183} INFO - Processing /home/airflow/.local/lib/python3.8/site-packages/airflow/example_dags/example_short_circuit_decorator.py took 0.047 seconds
[2026-03-26T22:55:17.925+0000] {processor.py:161} INFO - Started process (PID=379) to work on /home/airflow/.local/lib/python3.8/site-packages/airflow/example_dags/example_short_circuit_decorator.py
[2026-03-26T22:55:17.926+0000] {processor.py:830} INFO - Processing file /home/airflow/.local/lib/python3.8/site-packages/airflow/example_dags/example_short_circuit_decorator.py for tasks to queue
[2026-03-26T22:55:17.927+0000] {logging_mixin.py:188} INFO - [2026-03-26T22:55:17.927+0000] {dagbag.py:538} INFO - Filling up the DagBag from /home/airflow/.local/lib/python3.8/site-packages/airflow/example_dags/example_short_circuit_decorator.py
[2026-03-26T22:55:17.932+0000] {processor.py:840} INFO - DAG(s) 'example_short_circuit_decorator' retrieved from /home/airflow/.local/lib/python3.8/site-packages/airflow/example_dags/example_short_circuit_decorator.py
[2026-03-26T22:55:17.948+0000] {logging_mixin.py:188} INFO - [2026-03-26T22:55:17.948+0000] {dag.py:3036} INFO - Sync 1 DAGs
[2026-03-26T22:55:17.961+0000] {logging_mixin.py:188} INFO - [2026-03-26T22:55:17.961+0000] {dag.py:3823} INFO - Setting next_dagrun for example_short_circuit_decorator to 2026-03-25 00:00:00+00:00, run_after=2026-03-26 00:00:00+00:00
[2026-03-26T22:55:17.971+0000] {processor.py:183} INFO - Processing /home/airflow/.local/lib/python3.8/site-packages/airflow/example_dags/example_short_circuit_decorator.py took 0.049 seconds
[2026-03-26T22:55:48.491+0000] {processor.py:161} INFO - Started process (PID=434) to work on /home/airflow/.local/lib/python3.8/site-packages/airflow/example_dags/example_short_circuit_decorator.py
[2026-03-26T22:55:48.492+0000] {processor.py:830} INFO - Processing file /home/airflow/.local/lib/python3.8/site-packages/airflow/example_dags/example_short_circuit_decorator.py for tasks to queue
[2026-03-26T22:55:48.493+0000] {logging_mixin.py:188} INFO - [2026-03-26T22:55:48.493+0000] {dagbag.py:538} INFO - Filling up the DagBag from /home/airflow/.local/lib/python3.8/site-packages/airflow/example_dags/example_short_circuit_decorator.py
[2026-03-26T22:55:48.499+0000] {processor.py:840} INFO - DAG(s) 'example_short_circuit_decorator' retrieved from /home/airflow/.local/lib/python3.8/site-packages/airflow/example_dags/example_short_circuit_decorator.py
[2026-03-26T22:55:48.514+0000] {logging_mixin.py:188} INFO - [2026-03-26T22:55:48.513+0000] {dag.py:3036} INFO - Sync 1 DAGs
[2026-03-26T22:55:48.526+0000] {logging_mixin.py:188} INFO - [2026-03-26T22:55:48.526+0000] {dag.py:3823} INFO - Setting next_dagrun for example_short_circuit_decorator to 2026-03-25 00:00:00+00:00, run_after=2026-03-26 00:00:00+00:00
[2026-03-26T22:55:48.541+0000] {processor.py:183} INFO - Processing /home/airflow/.local/lib/python3.8/site-packages/airflow/example_dags/example_short_circuit_decorator.py took 0.052 seconds
[2026-03-26T22:56:19.223+0000] {processor.py:161} INFO - Started process (PID=488) to work on /home/airflow/.local/lib/python3.8/site-packages/airflow/example_dags/example_short_circuit_decorator.py
[2026-03-26T22:56:19.224+0000] {processor.py:830} INFO - Processing file /home/airflow/.local/lib/python3.8/site-packages/airflow/example_dags/example_short_circuit_decorator.py for tasks to queue
[2026-03-26T22:56:19.226+0000] {logging_mixin.py:188} INFO - [2026-03-26T22:56:19.225+0000] {dagbag.py:538} INFO - Filling up the DagBag from /home/airflow/.local/lib/python3.8/site-packages/airflow/example_dags/example_short_circuit_decorator.py
[2026-03-26T22:56:19.234+0000] {processor.py:840} INFO - DAG(s) 'example_short_circuit_decorator' retrieved from /home/airflow/.local/lib/python3.8/site-packages/airflow/example_dags/example_short_circuit_decorator.py
[2026-03-26T22:56:19.249+0000] {logging_mixin.py:188} INFO - [2026-03-26T22:56:19.248+0000] {dag.py:3036} INFO - Sync 1 DAGs
[2026-03-26T22:56:19.261+0000] {logging_mixin.py:188} INFO - [2026-03-26T22:56:19.261+0000] {dag.py:3823} INFO - Setting next_dagrun for example_short_circuit_decorator to 2026-03-25 00:00:00+00:00, run_after=2026-03-26 00:00:00+00:00
[2026-03-26T22:56:19.271+0000] {processor.py:183} INFO - Processing /home/airflow/.local/lib/python3.8/site-packages/airflow/example_dags/example_short_circuit_decorator.py took 0.051 seconds
[2026-03-26T22:56:49.909+0000] {processor.py:161} INFO - Started process (PID=543) to work on /home/airflow/.local/lib/python3.8/site-packages/airflow/example_dags/example_short_circuit_decorator.py
[2026-03-26T22:56:49.909+0000] {processor.py:830} INFO - Processing file /home/airflow/.local/lib/python3.8/site-packages/airflow/example_dags/example_short_circuit_decorator.py for tasks to queue
[2026-03-26T22:56:49.911+0000] {logging_mixin.py:188} INFO - [2026-03-26T22:56:49.910+0000] {dagbag.py:538} INFO - Filling up the DagBag from /home/airflow/.local/lib/python3.8/site-packages/airflow/example_dags/example_short_circuit_decorator.py
[2026-03-26T22:56:49.917+0000] {processor.py:840} INFO - DAG(s) 'example_short_circuit_decorator' retrieved from /home/airflow/.local/lib/python3.8/site-packages/airflow/example_dags/example_short_circuit_decorator.py
[2026-03-26T22:56:49.931+0000] {logging_mixin.py:188} INFO - [2026-03-26T22:56:49.931+0000] {dag.py:3036} INFO - Sync 1 DAGs
[2026-03-26T22:56:49.945+0000] {logging_mixin.py:188} INFO - [2026-03-26T22:56:49.945+0000] {dag.py:3823} INFO - Setting next_dagrun for example_short_circuit_decorator to 2026-03-25 00:00:00+00:00, run_after=2026-03-26 00:00:00+00:00
[2026-03-26T22:56:49.961+0000] {processor.py:183} INFO - Processing /home/airflow/.local/lib/python3.8/site-packages/airflow/example_dags/example_short_circuit_decorator.py took 0.055 seconds
[2026-03-26T22:57:20.505+0000] {processor.py:161} INFO - Started process (PID=598) to work on /home/airflow/.local/lib/python3.8/site-packages/airflow/example_dags/example_short_circuit_decorator.py
[2026-03-26T22:57:20.506+0000] {processor.py:830} INFO - Processing file /home/airflow/.local/lib/python3.8/site-packages/airflow/example_dags/example_short_circuit_decorator.py for tasks to queue
[2026-03-26T22:57:20.507+0000] {logging_mixin.py:188} INFO - [2026-03-26T22:57:20.507+0000] {dagbag.py:538} INFO - Filling up the DagBag from /home/airflow/.local/lib/python3.8/site-packages/airflow/example_dags/example_short_circuit_decorator.py
[2026-03-26T22:57:20.513+0000] {processor.py:840} INFO - DAG(s) 'example_short_circuit_decorator' retrieved from /home/airflow/.local/lib/python3.8/site-packages/airflow/example_dags/example_short_circuit_decorator.py
[2026-03-26T22:57:20.527+0000] {logging_mixin.py:188} INFO - [2026-03-26T22:57:20.527+0000] {dag.py:3036} INFO - Sync 1 DAGs
[2026-03-26T22:57:20.540+0000] {logging_mixin.py:188} INFO - [2026-03-26T22:57:20.540+0000] {dag.py:3823} INFO - Setting next_dagrun for example_short_circuit_decorator to 2026-03-25 00:00:00+00:00, run_after=2026-03-26 00:00:00+00:00
[2026-03-26T22:57:20.552+0000] {processor.py:183} INFO - Processing /home/airflow/.local/lib/python3.8/site-packages/airflow/example_dags/example_short_circuit_decorator.py took 0.050 seconds
[2026-03-26T22:57:51.197+0000] {processor.py:161} INFO - Started process (PID=653) to work on /home/airflow/.local/lib/python3.8/site-packages/airflow/example_dags/example_short_circuit_decorator.py
[2026-03-26T22:57:51.197+0000] {processor.py:830} INFO - Processing file /home/airflow/.local/lib/python3.8/site-packages/airflow/example_dags/example_short_circuit_decorator.py for tasks to queue
[2026-03-26T22:57:51.199+0000] {logging_mixin.py:188} INFO - [2026-03-26T22:57:51.198+0000] {dagbag.py:538} INFO - Filling up the DagBag from /home/airflow/.local/lib/python3.8/site-packages/airflow/example_dags/example_short_circuit_decorator.py
[2026-03-26T22:57:51.205+0000] {processor.py:840} INFO - DAG(s) 'example_short_circuit_decorator' retrieved from /home/airflow/.local/lib/python3.8/site-packages/airflow/example_dags/example_short_circuit_decorator.py
[2026-03-26T22:57:51.219+0000] {logging_mixin.py:188} INFO - [2026-03-26T22:57:51.219+0000] {dag.py:3036} INFO - Sync 1 DAGs
[2026-03-26T22:57:51.232+0000] {logging_mixin.py:188} INFO - [2026-03-26T22:57:51.232+0000] {dag.py:3823} INFO - Setting next_dagrun for example_short_circuit_decorator to 2026-03-25 00:00:00+00:00, run_after=2026-03-26 00:00:00+00:00
[2026-03-26T22:57:51.243+0000] {processor.py:183} INFO - Processing /home/airflow/.local/lib/python3.8/site-packages/airflow/example_dags/example_short_circuit_decorator.py took 0.049 seconds
[2026-03-26T22:58:21.767+0000] {processor.py:161} INFO - Started process (PID=708) to work on /home/airflow/.local/lib/python3.8/site-packages/airflow/example_dags/example_short_circuit_decorator.py
[2026-03-26T22:58:21.768+0000] {processor.py:830} INFO - Processing file /home/airflow/.local/lib/python3.8/site-packages/airflow/example_dags/example_short_circuit_decorator.py for tasks to queue
[2026-03-26T22:58:21.769+0000] {logging_mixin.py:188} INFO - [2026-03-26T22:58:21.769+0000] {dagbag.py:538} INFO - Filling up the DagBag from /home/airflow/.local/lib/python3.8/site-packages/airflow/example_dags/example_short_circuit_decorator.py
[2026-03-26T22:58:21.775+0000] {processor.py:840} INFO - DAG(s) 'example_short_circuit_decorator' retrieved from /home/airflow/.local/lib/python3.8/site-packages/airflow/example_dags/example_short_circuit_decorator.py
[2026-03-26T22:58:21.791+0000] {logging_mixin.py:188} INFO - [2026-03-26T22:58:21.791+0000] {dag.py:3036} INFO - Sync 1 DAGs
[2026-03-26T22:58:21.804+0000] {logging_mixin.py:188} INFO - [2026-03-26T22:58:21.803+0000] {dag.py:3823} INFO - Setting next_dagrun for example_short_circuit_decorator to 2026-03-25 00:00:00+00:00, run_after=2026-03-26 00:00:00+00:00
[2026-03-26T22:58:21.816+0000] {processor.py:183} INFO - Processing /home/airflow/.local/lib/python3.8/site-packages/airflow/example_dags/example_short_circuit_decorator.py took 0.051 seconds
