[2026-03-26T22:45:50.972+0000] {processor.py:161} INFO - Started process (PID=80) to work on /home/airflow/.local/lib/python3.8/site-packages/airflow/example_dags/example_dag_decorator.py
[2026-03-26T22:45:50.973+0000] {processor.py:830} INFO - Processing file /home/airflow/.local/lib/python3.8/site-packages/airflow/example_dags/example_dag_decorator.py for tasks to queue
[2026-03-26T22:45:50.974+0000] {logging_mixin.py:188} INFO - [2026-03-26T22:45:50.974+0000] {dagbag.py:538} INFO - Filling up the DagBag from /home/airflow/.local/lib/python3.8/site-packages/airflow/example_dags/example_dag_decorator.py
[2026-03-26T22:45:51.106+0000] {processor.py:840} INFO - DAG(s) 'example_dag_decorator' retrieved from /home/airflow/.local/lib/python3.8/site-packages/airflow/example_dags/example_dag_decorator.py
[2026-03-26T22:45:51.113+0000] {logging_mixin.py:188} INFO - [2026-03-26T22:45:51.113+0000] {dag.py:3036} INFO - Sync 1 DAGs
[2026-03-26T22:45:51.120+0000] {logging_mixin.py:188} INFO - [2026-03-26T22:45:51.120+0000] {dag.py:3823} INFO - Setting next_dagrun for example_dag_decorator to None, run_after=None
[2026-03-26T22:45:51.141+0000] {processor.py:183} INFO - Processing /home/airflow/.local/lib/python3.8/site-packages/airflow/example_dags/example_dag_decorator.py took 0.172 seconds
[2026-03-26T22:46:23.556+0000] {processor.py:161} INFO - Started process (PID=135) to work on /home/airflow/.local/lib/python3.8/site-packages/airflow/example_dags/example_dag_decorator.py
[2026-03-26T22:46:23.556+0000] {processor.py:830} INFO - Processing file /home/airflow/.local/lib/python3.8/site-packages/airflow/example_dags/example_dag_decorator.py for tasks to queue
[2026-03-26T22:46:23.558+0000] {logging_mixin.py:188} INFO - [2026-03-26T22:46:23.557+0000] {dagbag.py:538} INFO - Filling up the DagBag from /home/airflow/.local/lib/python3.8/site-packages/airflow/example_dags/example_dag_decorator.py
[2026-03-26T22:46:23.603+0000] {processor.py:840} INFO - DAG(s) 'example_dag_decorator' retrieved from /home/airflow/.local/lib/python3.8/site-packages/airflow/example_dags/example_dag_decorator.py
[2026-03-26T22:46:23.664+0000] {logging_mixin.py:188} INFO - [2026-03-26T22:46:23.664+0000] {dag.py:3036} INFO - Sync 1 DAGs
[2026-03-26T22:46:23.669+0000] {logging_mixin.py:188} INFO - [2026-03-26T22:46:23.669+0000] {dag.py:3823} INFO - Setting next_dagrun for example_dag_decorator to None, run_after=None
[2026-03-26T22:46:23.679+0000] {processor.py:183} INFO - Processing /home/airflow/.local/lib/python3.8/site-packages/airflow/example_dags/example_dag_decorator.py took 0.126 seconds
[2026-03-26T22:46:54.620+0000] {processor.py:161} INFO - Started process (PID=196) to work on /home/airflow/.local/lib/python3.8/site-packages/airflow/example_dags/example_dag_decorator.py
[2026-03-26T22:46:54.620+0000] {processor.py:830} INFO - Processing file /home/airflow/.local/lib/python3.8/site-packages/airflow/example_dags/example_dag_decorator.py for tasks to queue
[2026-03-26T22:46:54.621+0000] {logging_mixin.py:188} INFO - [2026-03-26T22:46:54.621+0000] {dagbag.py:538} INFO - Filling up the DagBag from /home/airflow/.local/lib/python3.8/site-packages/airflow/example_dags/example_dag_decorator.py
[2026-03-26T22:46:54.668+0000] {processor.py:840} INFO - DAG(s) 'example_dag_decorator' retrieved from /home/airflow/.local/lib/python3.8/site-packages/airflow/example_dags/example_dag_decorator.py
[2026-03-26T22:46:54.726+0000] {logging_mixin.py:188} INFO - [2026-03-26T22:46:54.726+0000] {dag.py:3036} INFO - Sync 1 DAGs
[2026-03-26T22:46:54.732+0000] {logging_mixin.py:188} INFO - [2026-03-26T22:46:54.731+0000] {dag.py:3823} INFO - Setting next_dagrun for example_dag_decorator to None, run_after=None
[2026-03-26T22:46:54.749+0000] {processor.py:183} INFO - Processing /home/airflow/.local/lib/python3.8/site-packages/airflow/example_dags/example_dag_decorator.py took 0.132 seconds
[2026-03-26T22:47:25.485+0000] {processor.py:161} INFO - Started process (PID=251) to work on /home/airflow/.local/lib/python3.8/site-packages/airflow/example_dags/example_dag_decorator.py
[2026-03-26T22:47:25.487+0000] {processor.py:830} INFO - Processing file /home/airflow/.local/lib/python3.8/site-packages/airflow/example_dags/example_dag_decorator.py for tasks to queue
[2026-03-26T22:47:25.488+0000] {logging_mixin.py:188} INFO - [2026-03-26T22:47:25.488+0000] {dagbag.py:538} INFO - Filling up the DagBag from /home/airflow/.local/lib/python3.8/site-packages/airflow/example_dags/example_dag_decorator.py
[2026-03-26T22:47:25.536+0000] {processor.py:840} INFO - DAG(s) 'example_dag_decorator' retrieved from /home/airflow/.local/lib/python3.8/site-packages/airflow/example_dags/example_dag_decorator.py
[2026-03-26T22:47:25.595+0000] {logging_mixin.py:188} INFO - [2026-03-26T22:47:25.595+0000] {dag.py:3036} INFO - Sync 1 DAGs
[2026-03-26T22:47:25.601+0000] {logging_mixin.py:188} INFO - [2026-03-26T22:47:25.600+0000] {dag.py:3823} INFO - Setting next_dagrun for example_dag_decorator to None, run_after=None
[2026-03-26T22:47:25.612+0000] {processor.py:183} INFO - Processing /home/airflow/.local/lib/python3.8/site-packages/airflow/example_dags/example_dag_decorator.py took 0.129 seconds
[2026-03-26T22:47:56.046+0000] {processor.py:161} INFO - Started process (PID=306) to work on /home/airflow/.local/lib/python3.8/site-packages/airflow/example_dags/example_dag_decorator.py
[2026-03-26T22:47:56.047+0000] {processor.py:830} INFO - Processing file /home/airflow/.local/lib/python3.8/site-packages/airflow/example_dags/example_dag_decorator.py for tasks to queue
[2026-03-26T22:47:56.048+0000] {logging_mixin.py:188} INFO - [2026-03-26T22:47:56.048+0000] {dagbag.py:538} INFO - Filling up the DagBag from /home/airflow/.local/lib/python3.8/site-packages/airflow/example_dags/example_dag_decorator.py
[2026-03-26T22:47:56.096+0000] {processor.py:840} INFO - DAG(s) 'example_dag_decorator' retrieved from /home/airflow/.local/lib/python3.8/site-packages/airflow/example_dags/example_dag_decorator.py
[2026-03-26T22:47:56.161+0000] {logging_mixin.py:188} INFO - [2026-03-26T22:47:56.161+0000] {dag.py:3036} INFO - Sync 1 DAGs
[2026-03-26T22:47:56.167+0000] {logging_mixin.py:188} INFO - [2026-03-26T22:47:56.166+0000] {dag.py:3823} INFO - Setting next_dagrun for example_dag_decorator to None, run_after=None
[2026-03-26T22:47:56.177+0000] {processor.py:183} INFO - Processing /home/airflow/.local/lib/python3.8/site-packages/airflow/example_dags/example_dag_decorator.py took 0.133 seconds
[2026-03-26T22:48:26.645+0000] {processor.py:161} INFO - Started process (PID=360) to work on /home/airflow/.local/lib/python3.8/site-packages/airflow/example_dags/example_dag_decorator.py
[2026-03-26T22:48:26.646+0000] {processor.py:830} INFO - Processing file /home/airflow/.local/lib/python3.8/site-packages/airflow/example_dags/example_dag_decorator.py for tasks to queue
[2026-03-26T22:48:26.647+0000] {logging_mixin.py:188} INFO - [2026-03-26T22:48:26.647+0000] {dagbag.py:538} INFO - Filling up the DagBag from /home/airflow/.local/lib/python3.8/site-packages/airflow/example_dags/example_dag_decorator.py
[2026-03-26T22:48:26.690+0000] {processor.py:840} INFO - DAG(s) 'example_dag_decorator' retrieved from /home/airflow/.local/lib/python3.8/site-packages/airflow/example_dags/example_dag_decorator.py
[2026-03-26T22:48:26.745+0000] {logging_mixin.py:188} INFO - [2026-03-26T22:48:26.745+0000] {dag.py:3036} INFO - Sync 1 DAGs
[2026-03-26T22:48:26.750+0000] {logging_mixin.py:188} INFO - [2026-03-26T22:48:26.750+0000] {dag.py:3823} INFO - Setting next_dagrun for example_dag_decorator to None, run_after=None
[2026-03-26T22:48:26.765+0000] {processor.py:183} INFO - Processing /home/airflow/.local/lib/python3.8/site-packages/airflow/example_dags/example_dag_decorator.py took 0.122 seconds
[2026-03-26T22:48:57.163+0000] {processor.py:161} INFO - Started process (PID=415) to work on /home/airflow/.local/lib/python3.8/site-packages/airflow/example_dags/example_dag_decorator.py
[2026-03-26T22:48:57.164+0000] {processor.py:830} INFO - Processing file /home/airflow/.local/lib/python3.8/site-packages/airflow/example_dags/example_dag_decorator.py for tasks to queue
[2026-03-26T22:48:57.165+0000] {logging_mixin.py:188} INFO - [2026-03-26T22:48:57.165+0000] {dagbag.py:538} INFO - Filling up the DagBag from /home/airflow/.local/lib/python3.8/site-packages/airflow/example_dags/example_dag_decorator.py
[2026-03-26T22:48:57.210+0000] {processor.py:840} INFO - DAG(s) 'example_dag_decorator' retrieved from /home/airflow/.local/lib/python3.8/site-packages/airflow/example_dags/example_dag_decorator.py
[2026-03-26T22:48:57.224+0000] {logging_mixin.py:188} INFO - [2026-03-26T22:48:57.223+0000] {dag.py:3036} INFO - Sync 1 DAGs
[2026-03-26T22:48:57.230+0000] {logging_mixin.py:188} INFO - [2026-03-26T22:48:57.230+0000] {dag.py:3823} INFO - Setting next_dagrun for example_dag_decorator to None, run_after=None
[2026-03-26T22:48:57.241+0000] {processor.py:183} INFO - Processing /home/airflow/.local/lib/python3.8/site-packages/airflow/example_dags/example_dag_decorator.py took 0.080 seconds
[2026-03-26T22:49:27.638+0000] {processor.py:161} INFO - Started process (PID=469) to work on /home/airflow/.local/lib/python3.8/site-packages/airflow/example_dags/example_dag_decorator.py
[2026-03-26T22:49:27.639+0000] {processor.py:830} INFO - Processing file /home/airflow/.local/lib/python3.8/site-packages/airflow/example_dags/example_dag_decorator.py for tasks to queue
[2026-03-26T22:49:27.641+0000] {logging_mixin.py:188} INFO - [2026-03-26T22:49:27.640+0000] {dagbag.py:538} INFO - Filling up the DagBag from /home/airflow/.local/lib/python3.8/site-packages/airflow/example_dags/example_dag_decorator.py
[2026-03-26T22:49:27.684+0000] {processor.py:840} INFO - DAG(s) 'example_dag_decorator' retrieved from /home/airflow/.local/lib/python3.8/site-packages/airflow/example_dags/example_dag_decorator.py
[2026-03-26T22:49:27.749+0000] {logging_mixin.py:188} INFO - [2026-03-26T22:49:27.749+0000] {dag.py:3036} INFO - Sync 1 DAGs
[2026-03-26T22:49:27.755+0000] {logging_mixin.py:188} INFO - [2026-03-26T22:49:27.755+0000] {dag.py:3823} INFO - Setting next_dagrun for example_dag_decorator to None, run_after=None
[2026-03-26T22:49:27.766+0000] {processor.py:183} INFO - Processing /home/airflow/.local/lib/python3.8/site-packages/airflow/example_dags/example_dag_decorator.py took 0.130 seconds
[2026-03-26T22:49:58.149+0000] {processor.py:161} INFO - Started process (PID=524) to work on /home/airflow/.local/lib/python3.8/site-packages/airflow/example_dags/example_dag_decorator.py
[2026-03-26T22:49:58.150+0000] {processor.py:830} INFO - Processing file /home/airflow/.local/lib/python3.8/site-packages/airflow/example_dags/example_dag_decorator.py for tasks to queue
[2026-03-26T22:49:58.151+0000] {logging_mixin.py:188} INFO - [2026-03-26T22:49:58.151+0000] {dagbag.py:538} INFO - Filling up the DagBag from /home/airflow/.local/lib/python3.8/site-packages/airflow/example_dags/example_dag_decorator.py
[2026-03-26T22:49:58.194+0000] {processor.py:840} INFO - DAG(s) 'example_dag_decorator' retrieved from /home/airflow/.local/lib/python3.8/site-packages/airflow/example_dags/example_dag_decorator.py
[2026-03-26T22:49:58.248+0000] {logging_mixin.py:188} INFO - [2026-03-26T22:49:58.248+0000] {dag.py:3036} INFO - Sync 1 DAGs
[2026-03-26T22:49:58.253+0000] {logging_mixin.py:188} INFO - [2026-03-26T22:49:58.253+0000] {dag.py:3823} INFO - Setting next_dagrun for example_dag_decorator to None, run_after=None
[2026-03-26T22:49:58.265+0000] {processor.py:183} INFO - Processing /home/airflow/.local/lib/python3.8/site-packages/airflow/example_dags/example_dag_decorator.py took 0.118 seconds
[2026-03-26T22:50:28.806+0000] {processor.py:161} INFO - Started process (PID=579) to work on /home/airflow/.local/lib/python3.8/site-packages/airflow/example_dags/example_dag_decorator.py
[2026-03-26T22:50:28.807+0000] {processor.py:830} INFO - Processing file /home/airflow/.local/lib/python3.8/site-packages/airflow/example_dags/example_dag_decorator.py for tasks to queue
[2026-03-26T22:50:28.808+0000] {logging_mixin.py:188} INFO - [2026-03-26T22:50:28.808+0000] {dagbag.py:538} INFO - Filling up the DagBag from /home/airflow/.local/lib/python3.8/site-packages/airflow/example_dags/example_dag_decorator.py
[2026-03-26T22:50:28.852+0000] {processor.py:840} INFO - DAG(s) 'example_dag_decorator' retrieved from /home/airflow/.local/lib/python3.8/site-packages/airflow/example_dags/example_dag_decorator.py
[2026-03-26T22:50:28.907+0000] {logging_mixin.py:188} INFO - [2026-03-26T22:50:28.907+0000] {dag.py:3036} INFO - Sync 1 DAGs
[2026-03-26T22:50:28.912+0000] {logging_mixin.py:188} INFO - [2026-03-26T22:50:28.912+0000] {dag.py:3823} INFO - Setting next_dagrun for example_dag_decorator to None, run_after=None
[2026-03-26T22:50:28.923+0000] {processor.py:183} INFO - Processing /home/airflow/.local/lib/python3.8/site-packages/airflow/example_dags/example_dag_decorator.py took 0.119 seconds
[2026-03-26T22:50:59.618+0000] {processor.py:161} INFO - Started process (PID=634) to work on /home/airflow/.local/lib/python3.8/site-packages/airflow/example_dags/example_dag_decorator.py
[2026-03-26T22:50:59.619+0000] {processor.py:830} INFO - Processing file /home/airflow/.local/lib/python3.8/site-packages/airflow/example_dags/example_dag_decorator.py for tasks to queue
[2026-03-26T22:50:59.620+0000] {logging_mixin.py:188} INFO - [2026-03-26T22:50:59.620+0000] {dagbag.py:538} INFO - Filling up the DagBag from /home/airflow/.local/lib/python3.8/site-packages/airflow/example_dags/example_dag_decorator.py
[2026-03-26T22:50:59.665+0000] {processor.py:840} INFO - DAG(s) 'example_dag_decorator' retrieved from /home/airflow/.local/lib/python3.8/site-packages/airflow/example_dags/example_dag_decorator.py
[2026-03-26T22:50:59.721+0000] {logging_mixin.py:188} INFO - [2026-03-26T22:50:59.721+0000] {dag.py:3036} INFO - Sync 1 DAGs
[2026-03-26T22:50:59.726+0000] {logging_mixin.py:188} INFO - [2026-03-26T22:50:59.726+0000] {dag.py:3823} INFO - Setting next_dagrun for example_dag_decorator to None, run_after=None
[2026-03-26T22:50:59.736+0000] {processor.py:183} INFO - Processing /home/airflow/.local/lib/python3.8/site-packages/airflow/example_dags/example_dag_decorator.py took 0.120 seconds
[2026-03-26T22:51:30.240+0000] {processor.py:161} INFO - Started process (PID=689) to work on /home/airflow/.local/lib/python3.8/site-packages/airflow/example_dags/example_dag_decorator.py
[2026-03-26T22:51:30.241+0000] {processor.py:830} INFO - Processing file /home/airflow/.local/lib/python3.8/site-packages/airflow/example_dags/example_dag_decorator.py for tasks to queue
[2026-03-26T22:51:30.242+0000] {logging_mixin.py:188} INFO - [2026-03-26T22:51:30.242+0000] {dagbag.py:538} INFO - Filling up the DagBag from /home/airflow/.local/lib/python3.8/site-packages/airflow/example_dags/example_dag_decorator.py
[2026-03-26T22:51:30.285+0000] {processor.py:840} INFO - DAG(s) 'example_dag_decorator' retrieved from /home/airflow/.local/lib/python3.8/site-packages/airflow/example_dags/example_dag_decorator.py
[2026-03-26T22:51:30.344+0000] {logging_mixin.py:188} INFO - [2026-03-26T22:51:30.343+0000] {dag.py:3036} INFO - Sync 1 DAGs
[2026-03-26T22:51:30.349+0000] {logging_mixin.py:188} INFO - [2026-03-26T22:51:30.349+0000] {dag.py:3823} INFO - Setting next_dagrun for example_dag_decorator to None, run_after=None
[2026-03-26T22:51:30.358+0000] {processor.py:183} INFO - Processing /home/airflow/.local/lib/python3.8/site-packages/airflow/example_dags/example_dag_decorator.py took 0.121 seconds
[2026-03-26T22:52:16.578+0000] {processor.py:161} INFO - Started process (PID=80) to work on /home/airflow/.local/lib/python3.8/site-packages/airflow/example_dags/example_dag_decorator.py
[2026-03-26T22:52:16.579+0000] {processor.py:830} INFO - Processing file /home/airflow/.local/lib/python3.8/site-packages/airflow/example_dags/example_dag_decorator.py for tasks to queue
[2026-03-26T22:52:16.581+0000] {logging_mixin.py:188} INFO - [2026-03-26T22:52:16.580+0000] {dagbag.py:538} INFO - Filling up the DagBag from /home/airflow/.local/lib/python3.8/site-packages/airflow/example_dags/example_dag_decorator.py
[2026-03-26T22:52:16.732+0000] {processor.py:840} INFO - DAG(s) 'example_dag_decorator' retrieved from /home/airflow/.local/lib/python3.8/site-packages/airflow/example_dags/example_dag_decorator.py
[2026-03-26T22:52:16.741+0000] {logging_mixin.py:188} INFO - [2026-03-26T22:52:16.741+0000] {dag.py:3036} INFO - Sync 1 DAGs
[2026-03-26T22:52:16.749+0000] {logging_mixin.py:188} INFO - [2026-03-26T22:52:16.749+0000] {dag.py:3823} INFO - Setting next_dagrun for example_dag_decorator to None, run_after=None
[2026-03-26T22:52:16.761+0000] {processor.py:183} INFO - Processing /home/airflow/.local/lib/python3.8/site-packages/airflow/example_dags/example_dag_decorator.py took 0.185 seconds
[2026-03-26T22:52:47.400+0000] {processor.py:161} INFO - Started process (PID=135) to work on /home/airflow/.local/lib/python3.8/site-packages/airflow/example_dags/example_dag_decorator.py
[2026-03-26T22:52:47.400+0000] {processor.py:830} INFO - Processing file /home/airflow/.local/lib/python3.8/site-packages/airflow/example_dags/example_dag_decorator.py for tasks to queue
[2026-03-26T22:52:47.401+0000] {logging_mixin.py:188} INFO - [2026-03-26T22:52:47.401+0000] {dagbag.py:538} INFO - Filling up the DagBag from /home/airflow/.local/lib/python3.8/site-packages/airflow/example_dags/example_dag_decorator.py
[2026-03-26T22:52:47.447+0000] {processor.py:840} INFO - DAG(s) 'example_dag_decorator' retrieved from /home/airflow/.local/lib/python3.8/site-packages/airflow/example_dags/example_dag_decorator.py
[2026-03-26T22:52:47.504+0000] {logging_mixin.py:188} INFO - [2026-03-26T22:52:47.504+0000] {dag.py:3036} INFO - Sync 1 DAGs
[2026-03-26T22:52:47.510+0000] {logging_mixin.py:188} INFO - [2026-03-26T22:52:47.510+0000] {dag.py:3823} INFO - Setting next_dagrun for example_dag_decorator to None, run_after=None
[2026-03-26T22:52:47.521+0000] {processor.py:183} INFO - Processing /home/airflow/.local/lib/python3.8/site-packages/airflow/example_dags/example_dag_decorator.py took 0.124 seconds
[2026-03-26T22:53:18.273+0000] {processor.py:161} INFO - Started process (PID=190) to work on /home/airflow/.local/lib/python3.8/site-packages/airflow/example_dags/example_dag_decorator.py
[2026-03-26T22:53:18.274+0000] {processor.py:830} INFO - Processing file /home/airflow/.local/lib/python3.8/site-packages/airflow/example_dags/example_dag_decorator.py for tasks to queue
[2026-03-26T22:53:18.275+0000] {logging_mixin.py:188} INFO - [2026-03-26T22:53:18.275+0000] {dagbag.py:538} INFO - Filling up the DagBag from /home/airflow/.local/lib/python3.8/site-packages/airflow/example_dags/example_dag_decorator.py
[2026-03-26T22:53:18.330+0000] {processor.py:840} INFO - DAG(s) 'example_dag_decorator' retrieved from /home/airflow/.local/lib/python3.8/site-packages/airflow/example_dags/example_dag_decorator.py
[2026-03-26T22:53:18.399+0000] {logging_mixin.py:188} INFO - [2026-03-26T22:53:18.399+0000] {dag.py:3036} INFO - Sync 1 DAGs
[2026-03-26T22:53:18.407+0000] {logging_mixin.py:188} INFO - [2026-03-26T22:53:18.407+0000] {dag.py:3823} INFO - Setting next_dagrun for example_dag_decorator to None, run_after=None
[2026-03-26T22:53:18.418+0000] {processor.py:183} INFO - Processing /home/airflow/.local/lib/python3.8/site-packages/airflow/example_dags/example_dag_decorator.py took 0.147 seconds
[2026-03-26T22:53:48.848+0000] {processor.py:161} INFO - Started process (PID=245) to work on /home/airflow/.local/lib/python3.8/site-packages/airflow/example_dags/example_dag_decorator.py
[2026-03-26T22:53:48.849+0000] {processor.py:830} INFO - Processing file /home/airflow/.local/lib/python3.8/site-packages/airflow/example_dags/example_dag_decorator.py for tasks to queue
[2026-03-26T22:53:48.850+0000] {logging_mixin.py:188} INFO - [2026-03-26T22:53:48.850+0000] {dagbag.py:538} INFO - Filling up the DagBag from /home/airflow/.local/lib/python3.8/site-packages/airflow/example_dags/example_dag_decorator.py
[2026-03-26T22:53:48.908+0000] {processor.py:840} INFO - DAG(s) 'example_dag_decorator' retrieved from /home/airflow/.local/lib/python3.8/site-packages/airflow/example_dags/example_dag_decorator.py
[2026-03-26T22:53:48.988+0000] {logging_mixin.py:188} INFO - [2026-03-26T22:53:48.988+0000] {dag.py:3036} INFO - Sync 1 DAGs
[2026-03-26T22:53:48.993+0000] {logging_mixin.py:188} INFO - [2026-03-26T22:53:48.993+0000] {dag.py:3823} INFO - Setting next_dagrun for example_dag_decorator to None, run_after=None
[2026-03-26T22:53:49.008+0000] {processor.py:183} INFO - Processing /home/airflow/.local/lib/python3.8/site-packages/airflow/example_dags/example_dag_decorator.py took 0.162 seconds
[2026-03-26T22:54:19.735+0000] {processor.py:161} INFO - Started process (PID=300) to work on /home/airflow/.local/lib/python3.8/site-packages/airflow/example_dags/example_dag_decorator.py
[2026-03-26T22:54:19.735+0000] {processor.py:830} INFO - Processing file /home/airflow/.local/lib/python3.8/site-packages/airflow/example_dags/example_dag_decorator.py for tasks to queue
[2026-03-26T22:54:19.736+0000] {logging_mixin.py:188} INFO - [2026-03-26T22:54:19.736+0000] {dagbag.py:538} INFO - Filling up the DagBag from /home/airflow/.local/lib/python3.8/site-packages/airflow/example_dags/example_dag_decorator.py
[2026-03-26T22:54:19.784+0000] {processor.py:840} INFO - DAG(s) 'example_dag_decorator' retrieved from /home/airflow/.local/lib/python3.8/site-packages/airflow/example_dags/example_dag_decorator.py
[2026-03-26T22:54:19.840+0000] {logging_mixin.py:188} INFO - [2026-03-26T22:54:19.840+0000] {dag.py:3036} INFO - Sync 1 DAGs
[2026-03-26T22:54:19.846+0000] {logging_mixin.py:188} INFO - [2026-03-26T22:54:19.846+0000] {dag.py:3823} INFO - Setting next_dagrun for example_dag_decorator to None, run_after=None
[2026-03-26T22:54:19.863+0000] {processor.py:183} INFO - Processing /home/airflow/.local/lib/python3.8/site-packages/airflow/example_dags/example_dag_decorator.py took 0.131 seconds
[2026-03-26T22:54:50.302+0000] {processor.py:161} INFO - Started process (PID=355) to work on /home/airflow/.local/lib/python3.8/site-packages/airflow/example_dags/example_dag_decorator.py
[2026-03-26T22:54:50.302+0000] {processor.py:830} INFO - Processing file /home/airflow/.local/lib/python3.8/site-packages/airflow/example_dags/example_dag_decorator.py for tasks to queue
[2026-03-26T22:54:50.303+0000] {logging_mixin.py:188} INFO - [2026-03-26T22:54:50.303+0000] {dagbag.py:538} INFO - Filling up the DagBag from /home/airflow/.local/lib/python3.8/site-packages/airflow/example_dags/example_dag_decorator.py
[2026-03-26T22:54:50.350+0000] {processor.py:840} INFO - DAG(s) 'example_dag_decorator' retrieved from /home/airflow/.local/lib/python3.8/site-packages/airflow/example_dags/example_dag_decorator.py
[2026-03-26T22:54:50.408+0000] {logging_mixin.py:188} INFO - [2026-03-26T22:54:50.408+0000] {dag.py:3036} INFO - Sync 1 DAGs
[2026-03-26T22:54:50.414+0000] {logging_mixin.py:188} INFO - [2026-03-26T22:54:50.414+0000] {dag.py:3823} INFO - Setting next_dagrun for example_dag_decorator to None, run_after=None
[2026-03-26T22:54:50.425+0000] {processor.py:183} INFO - Processing /home/airflow/.local/lib/python3.8/site-packages/airflow/example_dags/example_dag_decorator.py took 0.126 seconds
[2026-03-26T22:55:20.889+0000] {processor.py:161} INFO - Started process (PID=410) to work on /home/airflow/.local/lib/python3.8/site-packages/airflow/example_dags/example_dag_decorator.py
[2026-03-26T22:55:20.890+0000] {processor.py:830} INFO - Processing file /home/airflow/.local/lib/python3.8/site-packages/airflow/example_dags/example_dag_decorator.py for tasks to queue
[2026-03-26T22:55:20.891+0000] {logging_mixin.py:188} INFO - [2026-03-26T22:55:20.891+0000] {dagbag.py:538} INFO - Filling up the DagBag from /home/airflow/.local/lib/python3.8/site-packages/airflow/example_dags/example_dag_decorator.py
[2026-03-26T22:55:20.938+0000] {processor.py:840} INFO - DAG(s) 'example_dag_decorator' retrieved from /home/airflow/.local/lib/python3.8/site-packages/airflow/example_dags/example_dag_decorator.py
[2026-03-26T22:55:20.994+0000] {logging_mixin.py:188} INFO - [2026-03-26T22:55:20.994+0000] {dag.py:3036} INFO - Sync 1 DAGs
[2026-03-26T22:55:21.000+0000] {logging_mixin.py:188} INFO - [2026-03-26T22:55:21.000+0000] {dag.py:3823} INFO - Setting next_dagrun for example_dag_decorator to None, run_after=None
[2026-03-26T22:55:21.011+0000] {processor.py:183} INFO - Processing /home/airflow/.local/lib/python3.8/site-packages/airflow/example_dags/example_dag_decorator.py took 0.125 seconds
[2026-03-26T22:55:51.471+0000] {processor.py:161} INFO - Started process (PID=465) to work on /home/airflow/.local/lib/python3.8/site-packages/airflow/example_dags/example_dag_decorator.py
[2026-03-26T22:55:51.472+0000] {processor.py:830} INFO - Processing file /home/airflow/.local/lib/python3.8/site-packages/airflow/example_dags/example_dag_decorator.py for tasks to queue
[2026-03-26T22:55:51.473+0000] {logging_mixin.py:188} INFO - [2026-03-26T22:55:51.473+0000] {dagbag.py:538} INFO - Filling up the DagBag from /home/airflow/.local/lib/python3.8/site-packages/airflow/example_dags/example_dag_decorator.py
[2026-03-26T22:55:51.520+0000] {processor.py:840} INFO - DAG(s) 'example_dag_decorator' retrieved from /home/airflow/.local/lib/python3.8/site-packages/airflow/example_dags/example_dag_decorator.py
[2026-03-26T22:55:51.577+0000] {logging_mixin.py:188} INFO - [2026-03-26T22:55:51.577+0000] {dag.py:3036} INFO - Sync 1 DAGs
[2026-03-26T22:55:51.582+0000] {logging_mixin.py:188} INFO - [2026-03-26T22:55:51.582+0000] {dag.py:3823} INFO - Setting next_dagrun for example_dag_decorator to None, run_after=None
[2026-03-26T22:55:51.594+0000] {processor.py:183} INFO - Processing /home/airflow/.local/lib/python3.8/site-packages/airflow/example_dags/example_dag_decorator.py took 0.125 seconds
[2026-03-26T22:56:22.195+0000] {processor.py:161} INFO - Started process (PID=519) to work on /home/airflow/.local/lib/python3.8/site-packages/airflow/example_dags/example_dag_decorator.py
[2026-03-26T22:56:22.195+0000] {processor.py:830} INFO - Processing file /home/airflow/.local/lib/python3.8/site-packages/airflow/example_dags/example_dag_decorator.py for tasks to queue
[2026-03-26T22:56:22.197+0000] {logging_mixin.py:188} INFO - [2026-03-26T22:56:22.196+0000] {dagbag.py:538} INFO - Filling up the DagBag from /home/airflow/.local/lib/python3.8/site-packages/airflow/example_dags/example_dag_decorator.py
[2026-03-26T22:56:22.244+0000] {processor.py:840} INFO - DAG(s) 'example_dag_decorator' retrieved from /home/airflow/.local/lib/python3.8/site-packages/airflow/example_dags/example_dag_decorator.py
[2026-03-26T22:56:22.303+0000] {logging_mixin.py:188} INFO - [2026-03-26T22:56:22.302+0000] {dag.py:3036} INFO - Sync 1 DAGs
[2026-03-26T22:56:22.308+0000] {logging_mixin.py:188} INFO - [2026-03-26T22:56:22.308+0000] {dag.py:3823} INFO - Setting next_dagrun for example_dag_decorator to None, run_after=None
[2026-03-26T22:56:22.319+0000] {processor.py:183} INFO - Processing /home/airflow/.local/lib/python3.8/site-packages/airflow/example_dags/example_dag_decorator.py took 0.127 seconds
[2026-03-26T22:56:52.872+0000] {processor.py:161} INFO - Started process (PID=574) to work on /home/airflow/.local/lib/python3.8/site-packages/airflow/example_dags/example_dag_decorator.py
[2026-03-26T22:56:52.873+0000] {processor.py:830} INFO - Processing file /home/airflow/.local/lib/python3.8/site-packages/airflow/example_dags/example_dag_decorator.py for tasks to queue
[2026-03-26T22:56:52.874+0000] {logging_mixin.py:188} INFO - [2026-03-26T22:56:52.874+0000] {dagbag.py:538} INFO - Filling up the DagBag from /home/airflow/.local/lib/python3.8/site-packages/airflow/example_dags/example_dag_decorator.py
[2026-03-26T22:56:52.923+0000] {processor.py:840} INFO - DAG(s) 'example_dag_decorator' retrieved from /home/airflow/.local/lib/python3.8/site-packages/airflow/example_dags/example_dag_decorator.py
[2026-03-26T22:56:52.980+0000] {logging_mixin.py:188} INFO - [2026-03-26T22:56:52.979+0000] {dag.py:3036} INFO - Sync 1 DAGs
[2026-03-26T22:56:52.986+0000] {logging_mixin.py:188} INFO - [2026-03-26T22:56:52.986+0000] {dag.py:3823} INFO - Setting next_dagrun for example_dag_decorator to None, run_after=None
[2026-03-26T22:56:52.998+0000] {processor.py:183} INFO - Processing /home/airflow/.local/lib/python3.8/site-packages/airflow/example_dags/example_dag_decorator.py took 0.128 seconds
[2026-03-26T22:57:23.495+0000] {processor.py:161} INFO - Started process (PID=629) to work on /home/airflow/.local/lib/python3.8/site-packages/airflow/example_dags/example_dag_decorator.py
[2026-03-26T22:57:23.495+0000] {processor.py:830} INFO - Processing file /home/airflow/.local/lib/python3.8/site-packages/airflow/example_dags/example_dag_decorator.py for tasks to queue
[2026-03-26T22:57:23.496+0000] {logging_mixin.py:188} INFO - [2026-03-26T22:57:23.496+0000] {dagbag.py:538} INFO - Filling up the DagBag from /home/airflow/.local/lib/python3.8/site-packages/airflow/example_dags/example_dag_decorator.py
[2026-03-26T22:57:23.543+0000] {processor.py:840} INFO - DAG(s) 'example_dag_decorator' retrieved from /home/airflow/.local/lib/python3.8/site-packages/airflow/example_dags/example_dag_decorator.py
[2026-03-26T22:57:23.606+0000] {logging_mixin.py:188} INFO - [2026-03-26T22:57:23.605+0000] {dag.py:3036} INFO - Sync 1 DAGs
[2026-03-26T22:57:23.611+0000] {logging_mixin.py:188} INFO - [2026-03-26T22:57:23.611+0000] {dag.py:3823} INFO - Setting next_dagrun for example_dag_decorator to None, run_after=None
[2026-03-26T22:57:23.625+0000] {processor.py:183} INFO - Processing /home/airflow/.local/lib/python3.8/site-packages/airflow/example_dags/example_dag_decorator.py took 0.133 seconds
[2026-03-26T22:57:54.150+0000] {processor.py:161} INFO - Started process (PID=684) to work on /home/airflow/.local/lib/python3.8/site-packages/airflow/example_dags/example_dag_decorator.py
[2026-03-26T22:57:54.151+0000] {processor.py:830} INFO - Processing file /home/airflow/.local/lib/python3.8/site-packages/airflow/example_dags/example_dag_decorator.py for tasks to queue
[2026-03-26T22:57:54.152+0000] {logging_mixin.py:188} INFO - [2026-03-26T22:57:54.152+0000] {dagbag.py:538} INFO - Filling up the DagBag from /home/airflow/.local/lib/python3.8/site-packages/airflow/example_dags/example_dag_decorator.py
[2026-03-26T22:57:54.198+0000] {processor.py:840} INFO - DAG(s) 'example_dag_decorator' retrieved from /home/airflow/.local/lib/python3.8/site-packages/airflow/example_dags/example_dag_decorator.py
[2026-03-26T22:57:54.253+0000] {logging_mixin.py:188} INFO - [2026-03-26T22:57:54.253+0000] {dag.py:3036} INFO - Sync 1 DAGs
[2026-03-26T22:57:54.259+0000] {logging_mixin.py:188} INFO - [2026-03-26T22:57:54.259+0000] {dag.py:3823} INFO - Setting next_dagrun for example_dag_decorator to None, run_after=None
[2026-03-26T22:57:54.269+0000] {processor.py:183} INFO - Processing /home/airflow/.local/lib/python3.8/site-packages/airflow/example_dags/example_dag_decorator.py took 0.122 seconds
[2026-03-26T22:58:24.770+0000] {processor.py:161} INFO - Started process (PID=739) to work on /home/airflow/.local/lib/python3.8/site-packages/airflow/example_dags/example_dag_decorator.py
[2026-03-26T22:58:24.771+0000] {processor.py:830} INFO - Processing file /home/airflow/.local/lib/python3.8/site-packages/airflow/example_dags/example_dag_decorator.py for tasks to queue
[2026-03-26T22:58:24.772+0000] {logging_mixin.py:188} INFO - [2026-03-26T22:58:24.772+0000] {dagbag.py:538} INFO - Filling up the DagBag from /home/airflow/.local/lib/python3.8/site-packages/airflow/example_dags/example_dag_decorator.py
[2026-03-26T22:58:24.816+0000] {processor.py:840} INFO - DAG(s) 'example_dag_decorator' retrieved from /home/airflow/.local/lib/python3.8/site-packages/airflow/example_dags/example_dag_decorator.py
[2026-03-26T22:58:24.824+0000] {logging_mixin.py:188} INFO - [2026-03-26T22:58:24.824+0000] {dag.py:3036} INFO - Sync 1 DAGs
[2026-03-26T22:58:24.832+0000] {logging_mixin.py:188} INFO - [2026-03-26T22:58:24.832+0000] {dag.py:3823} INFO - Setting next_dagrun for example_dag_decorator to None, run_after=None
[2026-03-26T22:58:24.842+0000] {processor.py:183} INFO - Processing /home/airflow/.local/lib/python3.8/site-packages/airflow/example_dags/example_dag_decorator.py took 0.075 seconds
