[2026-03-26T22:45:50.383+0000] {processor.py:161} INFO - Started process (PID=63) to work on /home/airflow/.local/lib/python3.8/site-packages/airflow/example_dags/example_branch_labels.py
[2026-03-26T22:45:50.383+0000] {processor.py:830} INFO - Processing file /home/airflow/.local/lib/python3.8/site-packages/airflow/example_dags/example_branch_labels.py for tasks to queue
[2026-03-26T22:45:50.385+0000] {logging_mixin.py:188} INFO - [2026-03-26T22:45:50.385+0000] {dagbag.py:538} INFO - Filling up the DagBag from /home/airflow/.local/lib/python3.8/site-packages/airflow/example_dags/example_branch_labels.py
[2026-03-26T22:45:50.394+0000] {processor.py:840} INFO - DAG(s) 'example_branch_labels' retrieved from /home/airflow/.local/lib/python3.8/site-packages/airflow/example_dags/example_branch_labels.py
[2026-03-26T22:45:50.404+0000] {logging_mixin.py:188} INFO - [2026-03-26T22:45:50.404+0000] {dag.py:3036} INFO - Sync 1 DAGs
[2026-03-26T22:45:50.418+0000] {logging_mixin.py:188} INFO - [2026-03-26T22:45:50.418+0000] {dag.py:3823} INFO - Setting next_dagrun for example_branch_labels to 2026-03-25 00:00:00+00:00, run_after=2026-03-26 00:00:00+00:00
[2026-03-26T22:45:50.430+0000] {processor.py:183} INFO - Processing /home/airflow/.local/lib/python3.8/site-packages/airflow/example_dags/example_branch_labels.py took 0.050 seconds
[2026-03-26T22:46:22.355+0000] {processor.py:161} INFO - Started process (PID=118) to work on /home/airflow/.local/lib/python3.8/site-packages/airflow/example_dags/example_branch_labels.py
[2026-03-26T22:46:22.357+0000] {processor.py:830} INFO - Processing file /home/airflow/.local/lib/python3.8/site-packages/airflow/example_dags/example_branch_labels.py for tasks to queue
[2026-03-26T22:46:22.358+0000] {logging_mixin.py:188} INFO - [2026-03-26T22:46:22.358+0000] {dagbag.py:538} INFO - Filling up the DagBag from /home/airflow/.local/lib/python3.8/site-packages/airflow/example_dags/example_branch_labels.py
[2026-03-26T22:46:22.364+0000] {processor.py:840} INFO - DAG(s) 'example_branch_labels' retrieved from /home/airflow/.local/lib/python3.8/site-packages/airflow/example_dags/example_branch_labels.py
[2026-03-26T22:46:22.437+0000] {logging_mixin.py:188} INFO - [2026-03-26T22:46:22.437+0000] {dag.py:3036} INFO - Sync 1 DAGs
[2026-03-26T22:46:22.452+0000] {logging_mixin.py:188} INFO - [2026-03-26T22:46:22.451+0000] {dag.py:3823} INFO - Setting next_dagrun for example_branch_labels to 2026-03-25 00:00:00+00:00, run_after=2026-03-26 00:00:00+00:00
[2026-03-26T22:46:22.470+0000] {processor.py:183} INFO - Processing /home/airflow/.local/lib/python3.8/site-packages/airflow/example_dags/example_branch_labels.py took 0.117 seconds
[2026-03-26T22:46:53.045+0000] {processor.py:161} INFO - Started process (PID=173) to work on /home/airflow/.local/lib/python3.8/site-packages/airflow/example_dags/example_branch_labels.py
[2026-03-26T22:46:53.045+0000] {processor.py:830} INFO - Processing file /home/airflow/.local/lib/python3.8/site-packages/airflow/example_dags/example_branch_labels.py for tasks to queue
[2026-03-26T22:46:53.047+0000] {logging_mixin.py:188} INFO - [2026-03-26T22:46:53.047+0000] {dagbag.py:538} INFO - Filling up the DagBag from /home/airflow/.local/lib/python3.8/site-packages/airflow/example_dags/example_branch_labels.py
[2026-03-26T22:46:53.053+0000] {processor.py:840} INFO - DAG(s) 'example_branch_labels' retrieved from /home/airflow/.local/lib/python3.8/site-packages/airflow/example_dags/example_branch_labels.py
[2026-03-26T22:46:53.066+0000] {logging_mixin.py:188} INFO - [2026-03-26T22:46:53.066+0000] {dag.py:3036} INFO - Sync 1 DAGs
[2026-03-26T22:46:53.080+0000] {logging_mixin.py:188} INFO - [2026-03-26T22:46:53.080+0000] {dag.py:3823} INFO - Setting next_dagrun for example_branch_labels to 2026-03-25 00:00:00+00:00, run_after=2026-03-26 00:00:00+00:00
[2026-03-26T22:46:53.093+0000] {processor.py:183} INFO - Processing /home/airflow/.local/lib/python3.8/site-packages/airflow/example_dags/example_branch_labels.py took 0.051 seconds
[2026-03-26T22:47:23.291+0000] {processor.py:161} INFO - Started process (PID=228) to work on /home/airflow/.local/lib/python3.8/site-packages/airflow/example_dags/example_branch_labels.py
[2026-03-26T22:47:23.296+0000] {processor.py:830} INFO - Processing file /home/airflow/.local/lib/python3.8/site-packages/airflow/example_dags/example_branch_labels.py for tasks to queue
[2026-03-26T22:47:23.297+0000] {logging_mixin.py:188} INFO - [2026-03-26T22:47:23.297+0000] {dagbag.py:538} INFO - Filling up the DagBag from /home/airflow/.local/lib/python3.8/site-packages/airflow/example_dags/example_branch_labels.py
[2026-03-26T22:47:23.302+0000] {processor.py:840} INFO - DAG(s) 'example_branch_labels' retrieved from /home/airflow/.local/lib/python3.8/site-packages/airflow/example_dags/example_branch_labels.py
[2026-03-26T22:47:23.317+0000] {logging_mixin.py:188} INFO - [2026-03-26T22:47:23.316+0000] {dag.py:3036} INFO - Sync 1 DAGs
[2026-03-26T22:47:23.335+0000] {logging_mixin.py:188} INFO - [2026-03-26T22:47:23.334+0000] {dag.py:3823} INFO - Setting next_dagrun for example_branch_labels to 2026-03-25 00:00:00+00:00, run_after=2026-03-26 00:00:00+00:00
[2026-03-26T22:47:23.348+0000] {processor.py:183} INFO - Processing /home/airflow/.local/lib/python3.8/site-packages/airflow/example_dags/example_branch_labels.py took 0.059 seconds
[2026-03-26T22:47:53.578+0000] {processor.py:161} INFO - Started process (PID=283) to work on /home/airflow/.local/lib/python3.8/site-packages/airflow/example_dags/example_branch_labels.py
[2026-03-26T22:47:53.578+0000] {processor.py:830} INFO - Processing file /home/airflow/.local/lib/python3.8/site-packages/airflow/example_dags/example_branch_labels.py for tasks to queue
[2026-03-26T22:47:53.580+0000] {logging_mixin.py:188} INFO - [2026-03-26T22:47:53.579+0000] {dagbag.py:538} INFO - Filling up the DagBag from /home/airflow/.local/lib/python3.8/site-packages/airflow/example_dags/example_branch_labels.py
[2026-03-26T22:47:53.584+0000] {processor.py:840} INFO - DAG(s) 'example_branch_labels' retrieved from /home/airflow/.local/lib/python3.8/site-packages/airflow/example_dags/example_branch_labels.py
[2026-03-26T22:47:53.598+0000] {logging_mixin.py:188} INFO - [2026-03-26T22:47:53.598+0000] {dag.py:3036} INFO - Sync 1 DAGs
[2026-03-26T22:47:53.610+0000] {logging_mixin.py:188} INFO - [2026-03-26T22:47:53.610+0000] {dag.py:3823} INFO - Setting next_dagrun for example_branch_labels to 2026-03-25 00:00:00+00:00, run_after=2026-03-26 00:00:00+00:00
[2026-03-26T22:47:53.620+0000] {processor.py:183} INFO - Processing /home/airflow/.local/lib/python3.8/site-packages/airflow/example_dags/example_branch_labels.py took 0.044 seconds
[2026-03-26T22:48:24.091+0000] {processor.py:161} INFO - Started process (PID=343) to work on /home/airflow/.local/lib/python3.8/site-packages/airflow/example_dags/example_branch_labels.py
[2026-03-26T22:48:24.092+0000] {processor.py:830} INFO - Processing file /home/airflow/.local/lib/python3.8/site-packages/airflow/example_dags/example_branch_labels.py for tasks to queue
[2026-03-26T22:48:24.093+0000] {logging_mixin.py:188} INFO - [2026-03-26T22:48:24.093+0000] {dagbag.py:538} INFO - Filling up the DagBag from /home/airflow/.local/lib/python3.8/site-packages/airflow/example_dags/example_branch_labels.py
[2026-03-26T22:48:24.098+0000] {processor.py:840} INFO - DAG(s) 'example_branch_labels' retrieved from /home/airflow/.local/lib/python3.8/site-packages/airflow/example_dags/example_branch_labels.py
[2026-03-26T22:48:24.112+0000] {logging_mixin.py:188} INFO - [2026-03-26T22:48:24.111+0000] {dag.py:3036} INFO - Sync 1 DAGs
[2026-03-26T22:48:24.125+0000] {logging_mixin.py:188} INFO - [2026-03-26T22:48:24.125+0000] {dag.py:3823} INFO - Setting next_dagrun for example_branch_labels to 2026-03-25 00:00:00+00:00, run_after=2026-03-26 00:00:00+00:00
[2026-03-26T22:48:24.134+0000] {processor.py:183} INFO - Processing /home/airflow/.local/lib/python3.8/site-packages/airflow/example_dags/example_branch_labels.py took 0.046 seconds
[2026-03-26T22:48:54.667+0000] {processor.py:161} INFO - Started process (PID=398) to work on /home/airflow/.local/lib/python3.8/site-packages/airflow/example_dags/example_branch_labels.py
[2026-03-26T22:48:54.667+0000] {processor.py:830} INFO - Processing file /home/airflow/.local/lib/python3.8/site-packages/airflow/example_dags/example_branch_labels.py for tasks to queue
[2026-03-26T22:48:54.668+0000] {logging_mixin.py:188} INFO - [2026-03-26T22:48:54.668+0000] {dagbag.py:538} INFO - Filling up the DagBag from /home/airflow/.local/lib/python3.8/site-packages/airflow/example_dags/example_branch_labels.py
[2026-03-26T22:48:54.673+0000] {processor.py:840} INFO - DAG(s) 'example_branch_labels' retrieved from /home/airflow/.local/lib/python3.8/site-packages/airflow/example_dags/example_branch_labels.py
[2026-03-26T22:48:54.688+0000] {logging_mixin.py:188} INFO - [2026-03-26T22:48:54.688+0000] {dag.py:3036} INFO - Sync 1 DAGs
[2026-03-26T22:48:54.701+0000] {logging_mixin.py:188} INFO - [2026-03-26T22:48:54.701+0000] {dag.py:3823} INFO - Setting next_dagrun for example_branch_labels to 2026-03-25 00:00:00+00:00, run_after=2026-03-26 00:00:00+00:00
[2026-03-26T22:48:54.712+0000] {processor.py:183} INFO - Processing /home/airflow/.local/lib/python3.8/site-packages/airflow/example_dags/example_branch_labels.py took 0.048 seconds
[2026-03-26T22:49:25.138+0000] {processor.py:161} INFO - Started process (PID=452) to work on /home/airflow/.local/lib/python3.8/site-packages/airflow/example_dags/example_branch_labels.py
[2026-03-26T22:49:25.139+0000] {processor.py:830} INFO - Processing file /home/airflow/.local/lib/python3.8/site-packages/airflow/example_dags/example_branch_labels.py for tasks to queue
[2026-03-26T22:49:25.140+0000] {logging_mixin.py:188} INFO - [2026-03-26T22:49:25.140+0000] {dagbag.py:538} INFO - Filling up the DagBag from /home/airflow/.local/lib/python3.8/site-packages/airflow/example_dags/example_branch_labels.py
[2026-03-26T22:49:25.145+0000] {processor.py:840} INFO - DAG(s) 'example_branch_labels' retrieved from /home/airflow/.local/lib/python3.8/site-packages/airflow/example_dags/example_branch_labels.py
[2026-03-26T22:49:25.157+0000] {logging_mixin.py:188} INFO - [2026-03-26T22:49:25.157+0000] {dag.py:3036} INFO - Sync 1 DAGs
[2026-03-26T22:49:25.170+0000] {logging_mixin.py:188} INFO - [2026-03-26T22:49:25.170+0000] {dag.py:3823} INFO - Setting next_dagrun for example_branch_labels to 2026-03-25 00:00:00+00:00, run_after=2026-03-26 00:00:00+00:00
[2026-03-26T22:49:25.180+0000] {processor.py:183} INFO - Processing /home/airflow/.local/lib/python3.8/site-packages/airflow/example_dags/example_branch_labels.py took 0.044 seconds
[2026-03-26T22:49:55.638+0000] {processor.py:161} INFO - Started process (PID=507) to work on /home/airflow/.local/lib/python3.8/site-packages/airflow/example_dags/example_branch_labels.py
[2026-03-26T22:49:55.639+0000] {processor.py:830} INFO - Processing file /home/airflow/.local/lib/python3.8/site-packages/airflow/example_dags/example_branch_labels.py for tasks to queue
[2026-03-26T22:49:55.640+0000] {logging_mixin.py:188} INFO - [2026-03-26T22:49:55.640+0000] {dagbag.py:538} INFO - Filling up the DagBag from /home/airflow/.local/lib/python3.8/site-packages/airflow/example_dags/example_branch_labels.py
[2026-03-26T22:49:55.645+0000] {processor.py:840} INFO - DAG(s) 'example_branch_labels' retrieved from /home/airflow/.local/lib/python3.8/site-packages/airflow/example_dags/example_branch_labels.py
[2026-03-26T22:49:55.659+0000] {logging_mixin.py:188} INFO - [2026-03-26T22:49:55.658+0000] {dag.py:3036} INFO - Sync 1 DAGs
[2026-03-26T22:49:55.671+0000] {logging_mixin.py:188} INFO - [2026-03-26T22:49:55.671+0000] {dag.py:3823} INFO - Setting next_dagrun for example_branch_labels to 2026-03-25 00:00:00+00:00, run_after=2026-03-26 00:00:00+00:00
[2026-03-26T22:49:55.683+0000] {processor.py:183} INFO - Processing /home/airflow/.local/lib/python3.8/site-packages/airflow/example_dags/example_branch_labels.py took 0.048 seconds
[2026-03-26T22:50:26.284+0000] {processor.py:161} INFO - Started process (PID=562) to work on /home/airflow/.local/lib/python3.8/site-packages/airflow/example_dags/example_branch_labels.py
[2026-03-26T22:50:26.284+0000] {processor.py:830} INFO - Processing file /home/airflow/.local/lib/python3.8/site-packages/airflow/example_dags/example_branch_labels.py for tasks to queue
[2026-03-26T22:50:26.285+0000] {logging_mixin.py:188} INFO - [2026-03-26T22:50:26.285+0000] {dagbag.py:538} INFO - Filling up the DagBag from /home/airflow/.local/lib/python3.8/site-packages/airflow/example_dags/example_branch_labels.py
[2026-03-26T22:50:26.291+0000] {processor.py:840} INFO - DAG(s) 'example_branch_labels' retrieved from /home/airflow/.local/lib/python3.8/site-packages/airflow/example_dags/example_branch_labels.py
[2026-03-26T22:50:26.305+0000] {logging_mixin.py:188} INFO - [2026-03-26T22:50:26.305+0000] {dag.py:3036} INFO - Sync 1 DAGs
[2026-03-26T22:50:26.319+0000] {logging_mixin.py:188} INFO - [2026-03-26T22:50:26.318+0000] {dag.py:3823} INFO - Setting next_dagrun for example_branch_labels to 2026-03-25 00:00:00+00:00, run_after=2026-03-26 00:00:00+00:00
[2026-03-26T22:50:26.331+0000] {processor.py:183} INFO - Processing /home/airflow/.local/lib/python3.8/site-packages/airflow/example_dags/example_branch_labels.py took 0.050 seconds
[2026-03-26T22:50:57.100+0000] {processor.py:161} INFO - Started process (PID=617) to work on /home/airflow/.local/lib/python3.8/site-packages/airflow/example_dags/example_branch_labels.py
[2026-03-26T22:50:57.100+0000] {processor.py:830} INFO - Processing file /home/airflow/.local/lib/python3.8/site-packages/airflow/example_dags/example_branch_labels.py for tasks to queue
[2026-03-26T22:50:57.102+0000] {logging_mixin.py:188} INFO - [2026-03-26T22:50:57.101+0000] {dagbag.py:538} INFO - Filling up the DagBag from /home/airflow/.local/lib/python3.8/site-packages/airflow/example_dags/example_branch_labels.py
[2026-03-26T22:50:57.107+0000] {processor.py:840} INFO - DAG(s) 'example_branch_labels' retrieved from /home/airflow/.local/lib/python3.8/site-packages/airflow/example_dags/example_branch_labels.py
[2026-03-26T22:50:57.121+0000] {logging_mixin.py:188} INFO - [2026-03-26T22:50:57.121+0000] {dag.py:3036} INFO - Sync 1 DAGs
[2026-03-26T22:50:57.133+0000] {logging_mixin.py:188} INFO - [2026-03-26T22:50:57.133+0000] {dag.py:3823} INFO - Setting next_dagrun for example_branch_labels to 2026-03-25 00:00:00+00:00, run_after=2026-03-26 00:00:00+00:00
[2026-03-26T22:50:57.145+0000] {processor.py:183} INFO - Processing /home/airflow/.local/lib/python3.8/site-packages/airflow/example_dags/example_branch_labels.py took 0.048 seconds
[2026-03-26T22:51:27.681+0000] {processor.py:161} INFO - Started process (PID=672) to work on /home/airflow/.local/lib/python3.8/site-packages/airflow/example_dags/example_branch_labels.py
[2026-03-26T22:51:27.681+0000] {processor.py:830} INFO - Processing file /home/airflow/.local/lib/python3.8/site-packages/airflow/example_dags/example_branch_labels.py for tasks to queue
[2026-03-26T22:51:27.682+0000] {logging_mixin.py:188} INFO - [2026-03-26T22:51:27.682+0000] {dagbag.py:538} INFO - Filling up the DagBag from /home/airflow/.local/lib/python3.8/site-packages/airflow/example_dags/example_branch_labels.py
[2026-03-26T22:51:27.687+0000] {processor.py:840} INFO - DAG(s) 'example_branch_labels' retrieved from /home/airflow/.local/lib/python3.8/site-packages/airflow/example_dags/example_branch_labels.py
[2026-03-26T22:51:27.700+0000] {logging_mixin.py:188} INFO - [2026-03-26T22:51:27.700+0000] {dag.py:3036} INFO - Sync 1 DAGs
[2026-03-26T22:51:27.712+0000] {logging_mixin.py:188} INFO - [2026-03-26T22:51:27.712+0000] {dag.py:3823} INFO - Setting next_dagrun for example_branch_labels to 2026-03-25 00:00:00+00:00, run_after=2026-03-26 00:00:00+00:00
[2026-03-26T22:51:27.723+0000] {processor.py:183} INFO - Processing /home/airflow/.local/lib/python3.8/site-packages/airflow/example_dags/example_branch_labels.py took 0.045 seconds
[2026-03-26T22:52:15.694+0000] {processor.py:161} INFO - Started process (PID=63) to work on /home/airflow/.local/lib/python3.8/site-packages/airflow/example_dags/example_branch_labels.py
[2026-03-26T22:52:15.695+0000] {processor.py:830} INFO - Processing file /home/airflow/.local/lib/python3.8/site-packages/airflow/example_dags/example_branch_labels.py for tasks to queue
[2026-03-26T22:52:15.696+0000] {logging_mixin.py:188} INFO - [2026-03-26T22:52:15.696+0000] {dagbag.py:538} INFO - Filling up the DagBag from /home/airflow/.local/lib/python3.8/site-packages/airflow/example_dags/example_branch_labels.py
[2026-03-26T22:52:15.704+0000] {processor.py:840} INFO - DAG(s) 'example_branch_labels' retrieved from /home/airflow/.local/lib/python3.8/site-packages/airflow/example_dags/example_branch_labels.py
[2026-03-26T22:52:15.715+0000] {logging_mixin.py:188} INFO - [2026-03-26T22:52:15.715+0000] {dag.py:3036} INFO - Sync 1 DAGs
[2026-03-26T22:52:15.728+0000] {logging_mixin.py:188} INFO - [2026-03-26T22:52:15.728+0000] {dag.py:3823} INFO - Setting next_dagrun for example_branch_labels to 2026-03-25 00:00:00+00:00, run_after=2026-03-26 00:00:00+00:00
[2026-03-26T22:52:15.742+0000] {processor.py:183} INFO - Processing /home/airflow/.local/lib/python3.8/site-packages/airflow/example_dags/example_branch_labels.py took 0.051 seconds
[2026-03-26T22:52:46.308+0000] {processor.py:161} INFO - Started process (PID=118) to work on /home/airflow/.local/lib/python3.8/site-packages/airflow/example_dags/example_branch_labels.py
[2026-03-26T22:52:46.309+0000] {processor.py:830} INFO - Processing file /home/airflow/.local/lib/python3.8/site-packages/airflow/example_dags/example_branch_labels.py for tasks to queue
[2026-03-26T22:52:46.310+0000] {logging_mixin.py:188} INFO - [2026-03-26T22:52:46.310+0000] {dagbag.py:538} INFO - Filling up the DagBag from /home/airflow/.local/lib/python3.8/site-packages/airflow/example_dags/example_branch_labels.py
[2026-03-26T22:52:46.316+0000] {processor.py:840} INFO - DAG(s) 'example_branch_labels' retrieved from /home/airflow/.local/lib/python3.8/site-packages/airflow/example_dags/example_branch_labels.py
[2026-03-26T22:52:46.371+0000] {logging_mixin.py:188} INFO - [2026-03-26T22:52:46.371+0000] {dag.py:3036} INFO - Sync 1 DAGs
[2026-03-26T22:52:46.381+0000] {logging_mixin.py:188} INFO - [2026-03-26T22:52:46.381+0000] {dag.py:3823} INFO - Setting next_dagrun for example_branch_labels to 2026-03-25 00:00:00+00:00, run_after=2026-03-26 00:00:00+00:00
[2026-03-26T22:52:46.392+0000] {processor.py:183} INFO - Processing /home/airflow/.local/lib/python3.8/site-packages/airflow/example_dags/example_branch_labels.py took 0.086 seconds
[2026-03-26T22:53:16.726+0000] {processor.py:161} INFO - Started process (PID=173) to work on /home/airflow/.local/lib/python3.8/site-packages/airflow/example_dags/example_branch_labels.py
[2026-03-26T22:53:16.727+0000] {processor.py:830} INFO - Processing file /home/airflow/.local/lib/python3.8/site-packages/airflow/example_dags/example_branch_labels.py for tasks to queue
[2026-03-26T22:53:16.729+0000] {logging_mixin.py:188} INFO - [2026-03-26T22:53:16.728+0000] {dagbag.py:538} INFO - Filling up the DagBag from /home/airflow/.local/lib/python3.8/site-packages/airflow/example_dags/example_branch_labels.py
[2026-03-26T22:53:16.734+0000] {processor.py:840} INFO - DAG(s) 'example_branch_labels' retrieved from /home/airflow/.local/lib/python3.8/site-packages/airflow/example_dags/example_branch_labels.py
[2026-03-26T22:53:16.752+0000] {logging_mixin.py:188} INFO - [2026-03-26T22:53:16.752+0000] {dag.py:3036} INFO - Sync 1 DAGs
[2026-03-26T22:53:16.765+0000] {logging_mixin.py:188} INFO - [2026-03-26T22:53:16.765+0000] {dag.py:3823} INFO - Setting next_dagrun for example_branch_labels to 2026-03-25 00:00:00+00:00, run_after=2026-03-26 00:00:00+00:00
[2026-03-26T22:53:16.780+0000] {processor.py:183} INFO - Processing /home/airflow/.local/lib/python3.8/site-packages/airflow/example_dags/example_branch_labels.py took 0.057 seconds
[2026-03-26T22:53:47.069+0000] {processor.py:161} INFO - Started process (PID=228) to work on /home/airflow/.local/lib/python3.8/site-packages/airflow/example_dags/example_branch_labels.py
[2026-03-26T22:53:47.070+0000] {processor.py:830} INFO - Processing file /home/airflow/.local/lib/python3.8/site-packages/airflow/example_dags/example_branch_labels.py for tasks to queue
[2026-03-26T22:53:47.071+0000] {logging_mixin.py:188} INFO - [2026-03-26T22:53:47.071+0000] {dagbag.py:538} INFO - Filling up the DagBag from /home/airflow/.local/lib/python3.8/site-packages/airflow/example_dags/example_branch_labels.py
[2026-03-26T22:53:47.082+0000] {processor.py:840} INFO - DAG(s) 'example_branch_labels' retrieved from /home/airflow/.local/lib/python3.8/site-packages/airflow/example_dags/example_branch_labels.py
[2026-03-26T22:53:47.114+0000] {logging_mixin.py:188} INFO - [2026-03-26T22:53:47.113+0000] {dag.py:3036} INFO - Sync 1 DAGs
[2026-03-26T22:53:47.146+0000] {logging_mixin.py:188} INFO - [2026-03-26T22:53:47.145+0000] {dag.py:3823} INFO - Setting next_dagrun for example_branch_labels to 2026-03-25 00:00:00+00:00, run_after=2026-03-26 00:00:00+00:00
[2026-03-26T22:53:47.174+0000] {processor.py:183} INFO - Processing /home/airflow/.local/lib/python3.8/site-packages/airflow/example_dags/example_branch_labels.py took 0.114 seconds
[2026-03-26T22:54:18.157+0000] {processor.py:161} INFO - Started process (PID=283) to work on /home/airflow/.local/lib/python3.8/site-packages/airflow/example_dags/example_branch_labels.py
[2026-03-26T22:54:18.158+0000] {processor.py:830} INFO - Processing file /home/airflow/.local/lib/python3.8/site-packages/airflow/example_dags/example_branch_labels.py for tasks to queue
[2026-03-26T22:54:18.159+0000] {logging_mixin.py:188} INFO - [2026-03-26T22:54:18.159+0000] {dagbag.py:538} INFO - Filling up the DagBag from /home/airflow/.local/lib/python3.8/site-packages/airflow/example_dags/example_branch_labels.py
[2026-03-26T22:54:18.169+0000] {processor.py:840} INFO - DAG(s) 'example_branch_labels' retrieved from /home/airflow/.local/lib/python3.8/site-packages/airflow/example_dags/example_branch_labels.py
[2026-03-26T22:54:18.186+0000] {logging_mixin.py:188} INFO - [2026-03-26T22:54:18.185+0000] {dag.py:3036} INFO - Sync 1 DAGs
[2026-03-26T22:54:18.199+0000] {logging_mixin.py:188} INFO - [2026-03-26T22:54:18.199+0000] {dag.py:3823} INFO - Setting next_dagrun for example_branch_labels to 2026-03-25 00:00:00+00:00, run_after=2026-03-26 00:00:00+00:00
[2026-03-26T22:54:18.208+0000] {processor.py:183} INFO - Processing /home/airflow/.local/lib/python3.8/site-packages/airflow/example_dags/example_branch_labels.py took 0.053 seconds
[2026-03-26T22:54:48.782+0000] {processor.py:161} INFO - Started process (PID=338) to work on /home/airflow/.local/lib/python3.8/site-packages/airflow/example_dags/example_branch_labels.py
[2026-03-26T22:54:48.782+0000] {processor.py:830} INFO - Processing file /home/airflow/.local/lib/python3.8/site-packages/airflow/example_dags/example_branch_labels.py for tasks to queue
[2026-03-26T22:54:48.784+0000] {logging_mixin.py:188} INFO - [2026-03-26T22:54:48.783+0000] {dagbag.py:538} INFO - Filling up the DagBag from /home/airflow/.local/lib/python3.8/site-packages/airflow/example_dags/example_branch_labels.py
[2026-03-26T22:54:48.788+0000] {processor.py:840} INFO - DAG(s) 'example_branch_labels' retrieved from /home/airflow/.local/lib/python3.8/site-packages/airflow/example_dags/example_branch_labels.py
[2026-03-26T22:54:48.805+0000] {logging_mixin.py:188} INFO - [2026-03-26T22:54:48.804+0000] {dag.py:3036} INFO - Sync 1 DAGs
[2026-03-26T22:54:48.817+0000] {logging_mixin.py:188} INFO - [2026-03-26T22:54:48.816+0000] {dag.py:3823} INFO - Setting next_dagrun for example_branch_labels to 2026-03-25 00:00:00+00:00, run_after=2026-03-26 00:00:00+00:00
[2026-03-26T22:54:48.828+0000] {processor.py:183} INFO - Processing /home/airflow/.local/lib/python3.8/site-packages/airflow/example_dags/example_branch_labels.py took 0.048 seconds
[2026-03-26T22:55:19.353+0000] {processor.py:161} INFO - Started process (PID=393) to work on /home/airflow/.local/lib/python3.8/site-packages/airflow/example_dags/example_branch_labels.py
[2026-03-26T22:55:19.354+0000] {processor.py:830} INFO - Processing file /home/airflow/.local/lib/python3.8/site-packages/airflow/example_dags/example_branch_labels.py for tasks to queue
[2026-03-26T22:55:19.360+0000] {logging_mixin.py:188} INFO - [2026-03-26T22:55:19.360+0000] {dagbag.py:538} INFO - Filling up the DagBag from /home/airflow/.local/lib/python3.8/site-packages/airflow/example_dags/example_branch_labels.py
[2026-03-26T22:55:19.365+0000] {processor.py:840} INFO - DAG(s) 'example_branch_labels' retrieved from /home/airflow/.local/lib/python3.8/site-packages/airflow/example_dags/example_branch_labels.py
[2026-03-26T22:55:19.381+0000] {logging_mixin.py:188} INFO - [2026-03-26T22:55:19.381+0000] {dag.py:3036} INFO - Sync 1 DAGs
[2026-03-26T22:55:19.394+0000] {logging_mixin.py:188} INFO - [2026-03-26T22:55:19.393+0000] {dag.py:3823} INFO - Setting next_dagrun for example_branch_labels to 2026-03-25 00:00:00+00:00, run_after=2026-03-26 00:00:00+00:00
[2026-03-26T22:55:19.404+0000] {processor.py:183} INFO - Processing /home/airflow/.local/lib/python3.8/site-packages/airflow/example_dags/example_branch_labels.py took 0.053 seconds
[2026-03-26T22:55:49.921+0000] {processor.py:161} INFO - Started process (PID=448) to work on /home/airflow/.local/lib/python3.8/site-packages/airflow/example_dags/example_branch_labels.py
[2026-03-26T22:55:49.921+0000] {processor.py:830} INFO - Processing file /home/airflow/.local/lib/python3.8/site-packages/airflow/example_dags/example_branch_labels.py for tasks to queue
[2026-03-26T22:55:49.923+0000] {logging_mixin.py:188} INFO - [2026-03-26T22:55:49.922+0000] {dagbag.py:538} INFO - Filling up the DagBag from /home/airflow/.local/lib/python3.8/site-packages/airflow/example_dags/example_branch_labels.py
[2026-03-26T22:55:49.927+0000] {processor.py:840} INFO - DAG(s) 'example_branch_labels' retrieved from /home/airflow/.local/lib/python3.8/site-packages/airflow/example_dags/example_branch_labels.py
[2026-03-26T22:55:49.946+0000] {logging_mixin.py:188} INFO - [2026-03-26T22:55:49.946+0000] {dag.py:3036} INFO - Sync 1 DAGs
[2026-03-26T22:55:49.958+0000] {logging_mixin.py:188} INFO - [2026-03-26T22:55:49.958+0000] {dag.py:3823} INFO - Setting next_dagrun for example_branch_labels to 2026-03-25 00:00:00+00:00, run_after=2026-03-26 00:00:00+00:00
[2026-03-26T22:55:49.968+0000] {processor.py:183} INFO - Processing /home/airflow/.local/lib/python3.8/site-packages/airflow/example_dags/example_branch_labels.py took 0.049 seconds
[2026-03-26T22:56:20.647+0000] {processor.py:161} INFO - Started process (PID=502) to work on /home/airflow/.local/lib/python3.8/site-packages/airflow/example_dags/example_branch_labels.py
[2026-03-26T22:56:20.648+0000] {processor.py:830} INFO - Processing file /home/airflow/.local/lib/python3.8/site-packages/airflow/example_dags/example_branch_labels.py for tasks to queue
[2026-03-26T22:56:20.649+0000] {logging_mixin.py:188} INFO - [2026-03-26T22:56:20.649+0000] {dagbag.py:538} INFO - Filling up the DagBag from /home/airflow/.local/lib/python3.8/site-packages/airflow/example_dags/example_branch_labels.py
[2026-03-26T22:56:20.654+0000] {processor.py:840} INFO - DAG(s) 'example_branch_labels' retrieved from /home/airflow/.local/lib/python3.8/site-packages/airflow/example_dags/example_branch_labels.py
[2026-03-26T22:56:20.669+0000] {logging_mixin.py:188} INFO - [2026-03-26T22:56:20.669+0000] {dag.py:3036} INFO - Sync 1 DAGs
[2026-03-26T22:56:20.682+0000] {logging_mixin.py:188} INFO - [2026-03-26T22:56:20.682+0000] {dag.py:3823} INFO - Setting next_dagrun for example_branch_labels to 2026-03-25 00:00:00+00:00, run_after=2026-03-26 00:00:00+00:00
[2026-03-26T22:56:20.705+0000] {processor.py:183} INFO - Processing /home/airflow/.local/lib/python3.8/site-packages/airflow/example_dags/example_branch_labels.py took 0.060 seconds
[2026-03-26T22:56:51.332+0000] {processor.py:161} INFO - Started process (PID=557) to work on /home/airflow/.local/lib/python3.8/site-packages/airflow/example_dags/example_branch_labels.py
[2026-03-26T22:56:51.333+0000] {processor.py:830} INFO - Processing file /home/airflow/.local/lib/python3.8/site-packages/airflow/example_dags/example_branch_labels.py for tasks to queue
[2026-03-26T22:56:51.335+0000] {logging_mixin.py:188} INFO - [2026-03-26T22:56:51.334+0000] {dagbag.py:538} INFO - Filling up the DagBag from /home/airflow/.local/lib/python3.8/site-packages/airflow/example_dags/example_branch_labels.py
[2026-03-26T22:56:51.340+0000] {processor.py:840} INFO - DAG(s) 'example_branch_labels' retrieved from /home/airflow/.local/lib/python3.8/site-packages/airflow/example_dags/example_branch_labels.py
[2026-03-26T22:56:51.357+0000] {logging_mixin.py:188} INFO - [2026-03-26T22:56:51.357+0000] {dag.py:3036} INFO - Sync 1 DAGs
[2026-03-26T22:56:51.369+0000] {logging_mixin.py:188} INFO - [2026-03-26T22:56:51.369+0000] {dag.py:3823} INFO - Setting next_dagrun for example_branch_labels to 2026-03-25 00:00:00+00:00, run_after=2026-03-26 00:00:00+00:00
[2026-03-26T22:56:51.379+0000] {processor.py:183} INFO - Processing /home/airflow/.local/lib/python3.8/site-packages/airflow/example_dags/example_branch_labels.py took 0.049 seconds
[2026-03-26T22:57:21.920+0000] {processor.py:161} INFO - Started process (PID=612) to work on /home/airflow/.local/lib/python3.8/site-packages/airflow/example_dags/example_branch_labels.py
[2026-03-26T22:57:21.921+0000] {processor.py:830} INFO - Processing file /home/airflow/.local/lib/python3.8/site-packages/airflow/example_dags/example_branch_labels.py for tasks to queue
[2026-03-26T22:57:21.922+0000] {logging_mixin.py:188} INFO - [2026-03-26T22:57:21.922+0000] {dagbag.py:538} INFO - Filling up the DagBag from /home/airflow/.local/lib/python3.8/site-packages/airflow/example_dags/example_branch_labels.py
[2026-03-26T22:57:21.927+0000] {processor.py:840} INFO - DAG(s) 'example_branch_labels' retrieved from /home/airflow/.local/lib/python3.8/site-packages/airflow/example_dags/example_branch_labels.py
[2026-03-26T22:57:21.943+0000] {logging_mixin.py:188} INFO - [2026-03-26T22:57:21.943+0000] {dag.py:3036} INFO - Sync 1 DAGs
[2026-03-26T22:57:21.955+0000] {logging_mixin.py:188} INFO - [2026-03-26T22:57:21.955+0000] {dag.py:3823} INFO - Setting next_dagrun for example_branch_labels to 2026-03-25 00:00:00+00:00, run_after=2026-03-26 00:00:00+00:00
[2026-03-26T22:57:21.966+0000] {processor.py:183} INFO - Processing /home/airflow/.local/lib/python3.8/site-packages/airflow/example_dags/example_branch_labels.py took 0.048 seconds
[2026-03-26T22:57:52.621+0000] {processor.py:161} INFO - Started process (PID=667) to work on /home/airflow/.local/lib/python3.8/site-packages/airflow/example_dags/example_branch_labels.py
[2026-03-26T22:57:52.622+0000] {processor.py:830} INFO - Processing file /home/airflow/.local/lib/python3.8/site-packages/airflow/example_dags/example_branch_labels.py for tasks to queue
[2026-03-26T22:57:52.623+0000] {logging_mixin.py:188} INFO - [2026-03-26T22:57:52.623+0000] {dagbag.py:538} INFO - Filling up the DagBag from /home/airflow/.local/lib/python3.8/site-packages/airflow/example_dags/example_branch_labels.py
[2026-03-26T22:57:52.628+0000] {processor.py:840} INFO - DAG(s) 'example_branch_labels' retrieved from /home/airflow/.local/lib/python3.8/site-packages/airflow/example_dags/example_branch_labels.py
[2026-03-26T22:57:52.643+0000] {logging_mixin.py:188} INFO - [2026-03-26T22:57:52.643+0000] {dag.py:3036} INFO - Sync 1 DAGs
[2026-03-26T22:57:52.656+0000] {logging_mixin.py:188} INFO - [2026-03-26T22:57:52.656+0000] {dag.py:3823} INFO - Setting next_dagrun for example_branch_labels to 2026-03-25 00:00:00+00:00, run_after=2026-03-26 00:00:00+00:00
[2026-03-26T22:57:52.666+0000] {processor.py:183} INFO - Processing /home/airflow/.local/lib/python3.8/site-packages/airflow/example_dags/example_branch_labels.py took 0.047 seconds
[2026-03-26T22:58:23.188+0000] {processor.py:161} INFO - Started process (PID=722) to work on /home/airflow/.local/lib/python3.8/site-packages/airflow/example_dags/example_branch_labels.py
[2026-03-26T22:58:23.189+0000] {processor.py:830} INFO - Processing file /home/airflow/.local/lib/python3.8/site-packages/airflow/example_dags/example_branch_labels.py for tasks to queue
[2026-03-26T22:58:23.191+0000] {logging_mixin.py:188} INFO - [2026-03-26T22:58:23.191+0000] {dagbag.py:538} INFO - Filling up the DagBag from /home/airflow/.local/lib/python3.8/site-packages/airflow/example_dags/example_branch_labels.py
[2026-03-26T22:58:23.197+0000] {processor.py:840} INFO - DAG(s) 'example_branch_labels' retrieved from /home/airflow/.local/lib/python3.8/site-packages/airflow/example_dags/example_branch_labels.py
[2026-03-26T22:58:23.206+0000] {logging_mixin.py:188} INFO - [2026-03-26T22:58:23.206+0000] {dag.py:3036} INFO - Sync 1 DAGs
[2026-03-26T22:58:23.220+0000] {logging_mixin.py:188} INFO - [2026-03-26T22:58:23.220+0000] {dag.py:3823} INFO - Setting next_dagrun for example_branch_labels to 2026-03-25 00:00:00+00:00, run_after=2026-03-26 00:00:00+00:00
[2026-03-26T22:58:23.234+0000] {processor.py:183} INFO - Processing /home/airflow/.local/lib/python3.8/site-packages/airflow/example_dags/example_branch_labels.py took 0.049 seconds
