[2026-03-26T22:45:51.156+0000] {processor.py:161} INFO - Started process (PID=84) to work on /home/airflow/.local/lib/python3.8/site-packages/airflow/example_dags/example_setup_teardown.py
[2026-03-26T22:45:51.156+0000] {processor.py:830} INFO - Processing file /home/airflow/.local/lib/python3.8/site-packages/airflow/example_dags/example_setup_teardown.py for tasks to queue
[2026-03-26T22:45:51.157+0000] {logging_mixin.py:188} INFO - [2026-03-26T22:45:51.157+0000] {dagbag.py:538} INFO - Filling up the DagBag from /home/airflow/.local/lib/python3.8/site-packages/airflow/example_dags/example_setup_teardown.py
[2026-03-26T22:45:51.162+0000] {processor.py:840} INFO - DAG(s) 'example_setup_teardown' retrieved from /home/airflow/.local/lib/python3.8/site-packages/airflow/example_dags/example_setup_teardown.py
[2026-03-26T22:45:51.169+0000] {logging_mixin.py:188} INFO - [2026-03-26T22:45:51.169+0000] {dag.py:3036} INFO - Sync 1 DAGs
[2026-03-26T22:45:51.182+0000] {logging_mixin.py:188} INFO - [2026-03-26T22:45:51.182+0000] {dag.py:3823} INFO - Setting next_dagrun for example_setup_teardown to 2026-03-25 00:00:00+00:00, run_after=2026-03-26 00:00:00+00:00
[2026-03-26T22:45:51.193+0000] {processor.py:183} INFO - Processing /home/airflow/.local/lib/python3.8/site-packages/airflow/example_dags/example_setup_teardown.py took 0.040 seconds
[2026-03-26T22:46:23.811+0000] {processor.py:161} INFO - Started process (PID=139) to work on /home/airflow/.local/lib/python3.8/site-packages/airflow/example_dags/example_setup_teardown.py
[2026-03-26T22:46:23.812+0000] {processor.py:830} INFO - Processing file /home/airflow/.local/lib/python3.8/site-packages/airflow/example_dags/example_setup_teardown.py for tasks to queue
[2026-03-26T22:46:23.814+0000] {logging_mixin.py:188} INFO - [2026-03-26T22:46:23.813+0000] {dagbag.py:538} INFO - Filling up the DagBag from /home/airflow/.local/lib/python3.8/site-packages/airflow/example_dags/example_setup_teardown.py
[2026-03-26T22:46:23.818+0000] {processor.py:840} INFO - DAG(s) 'example_setup_teardown' retrieved from /home/airflow/.local/lib/python3.8/site-packages/airflow/example_dags/example_setup_teardown.py
[2026-03-26T22:46:23.894+0000] {logging_mixin.py:188} INFO - [2026-03-26T22:46:23.894+0000] {dag.py:3036} INFO - Sync 1 DAGs
[2026-03-26T22:46:23.905+0000] {logging_mixin.py:188} INFO - [2026-03-26T22:46:23.905+0000] {dag.py:3823} INFO - Setting next_dagrun for example_setup_teardown to 2026-03-25 00:00:00+00:00, run_after=2026-03-26 00:00:00+00:00
[2026-03-26T22:46:23.916+0000] {processor.py:183} INFO - Processing /home/airflow/.local/lib/python3.8/site-packages/airflow/example_dags/example_setup_teardown.py took 0.108 seconds
[2026-03-26T22:46:54.819+0000] {processor.py:161} INFO - Started process (PID=200) to work on /home/airflow/.local/lib/python3.8/site-packages/airflow/example_dags/example_setup_teardown.py
[2026-03-26T22:46:54.820+0000] {processor.py:830} INFO - Processing file /home/airflow/.local/lib/python3.8/site-packages/airflow/example_dags/example_setup_teardown.py for tasks to queue
[2026-03-26T22:46:54.821+0000] {logging_mixin.py:188} INFO - [2026-03-26T22:46:54.821+0000] {dagbag.py:538} INFO - Filling up the DagBag from /home/airflow/.local/lib/python3.8/site-packages/airflow/example_dags/example_setup_teardown.py
[2026-03-26T22:46:54.826+0000] {processor.py:840} INFO - DAG(s) 'example_setup_teardown' retrieved from /home/airflow/.local/lib/python3.8/site-packages/airflow/example_dags/example_setup_teardown.py
[2026-03-26T22:46:54.841+0000] {logging_mixin.py:188} INFO - [2026-03-26T22:46:54.841+0000] {dag.py:3036} INFO - Sync 1 DAGs
[2026-03-26T22:46:54.855+0000] {logging_mixin.py:188} INFO - [2026-03-26T22:46:54.854+0000] {dag.py:3823} INFO - Setting next_dagrun for example_setup_teardown to 2026-03-25 00:00:00+00:00, run_after=2026-03-26 00:00:00+00:00
[2026-03-26T22:46:54.866+0000] {processor.py:183} INFO - Processing /home/airflow/.local/lib/python3.8/site-packages/airflow/example_dags/example_setup_teardown.py took 0.049 seconds
[2026-03-26T22:47:25.627+0000] {processor.py:161} INFO - Started process (PID=255) to work on /home/airflow/.local/lib/python3.8/site-packages/airflow/example_dags/example_setup_teardown.py
[2026-03-26T22:47:25.629+0000] {processor.py:830} INFO - Processing file /home/airflow/.local/lib/python3.8/site-packages/airflow/example_dags/example_setup_teardown.py for tasks to queue
[2026-03-26T22:47:25.630+0000] {logging_mixin.py:188} INFO - [2026-03-26T22:47:25.630+0000] {dagbag.py:538} INFO - Filling up the DagBag from /home/airflow/.local/lib/python3.8/site-packages/airflow/example_dags/example_setup_teardown.py
[2026-03-26T22:47:25.635+0000] {processor.py:840} INFO - DAG(s) 'example_setup_teardown' retrieved from /home/airflow/.local/lib/python3.8/site-packages/airflow/example_dags/example_setup_teardown.py
[2026-03-26T22:47:25.648+0000] {logging_mixin.py:188} INFO - [2026-03-26T22:47:25.648+0000] {dag.py:3036} INFO - Sync 1 DAGs
[2026-03-26T22:47:25.663+0000] {logging_mixin.py:188} INFO - [2026-03-26T22:47:25.663+0000] {dag.py:3823} INFO - Setting next_dagrun for example_setup_teardown to 2026-03-25 00:00:00+00:00, run_after=2026-03-26 00:00:00+00:00
[2026-03-26T22:47:25.676+0000] {processor.py:183} INFO - Processing /home/airflow/.local/lib/python3.8/site-packages/airflow/example_dags/example_setup_teardown.py took 0.051 seconds
[2026-03-26T22:47:56.243+0000] {processor.py:161} INFO - Started process (PID=310) to work on /home/airflow/.local/lib/python3.8/site-packages/airflow/example_dags/example_setup_teardown.py
[2026-03-26T22:47:56.243+0000] {processor.py:830} INFO - Processing file /home/airflow/.local/lib/python3.8/site-packages/airflow/example_dags/example_setup_teardown.py for tasks to queue
[2026-03-26T22:47:56.245+0000] {logging_mixin.py:188} INFO - [2026-03-26T22:47:56.245+0000] {dagbag.py:538} INFO - Filling up the DagBag from /home/airflow/.local/lib/python3.8/site-packages/airflow/example_dags/example_setup_teardown.py
[2026-03-26T22:47:56.250+0000] {processor.py:840} INFO - DAG(s) 'example_setup_teardown' retrieved from /home/airflow/.local/lib/python3.8/site-packages/airflow/example_dags/example_setup_teardown.py
[2026-03-26T22:47:56.267+0000] {logging_mixin.py:188} INFO - [2026-03-26T22:47:56.267+0000] {dag.py:3036} INFO - Sync 1 DAGs
[2026-03-26T22:47:56.279+0000] {logging_mixin.py:188} INFO - [2026-03-26T22:47:56.279+0000] {dag.py:3823} INFO - Setting next_dagrun for example_setup_teardown to 2026-03-25 00:00:00+00:00, run_after=2026-03-26 00:00:00+00:00
[2026-03-26T22:47:56.289+0000] {processor.py:183} INFO - Processing /home/airflow/.local/lib/python3.8/site-packages/airflow/example_dags/example_setup_teardown.py took 0.049 seconds
[2026-03-26T22:48:26.828+0000] {processor.py:161} INFO - Started process (PID=364) to work on /home/airflow/.local/lib/python3.8/site-packages/airflow/example_dags/example_setup_teardown.py
[2026-03-26T22:48:26.828+0000] {processor.py:830} INFO - Processing file /home/airflow/.local/lib/python3.8/site-packages/airflow/example_dags/example_setup_teardown.py for tasks to queue
[2026-03-26T22:48:26.830+0000] {logging_mixin.py:188} INFO - [2026-03-26T22:48:26.830+0000] {dagbag.py:538} INFO - Filling up the DagBag from /home/airflow/.local/lib/python3.8/site-packages/airflow/example_dags/example_setup_teardown.py
[2026-03-26T22:48:26.835+0000] {processor.py:840} INFO - DAG(s) 'example_setup_teardown' retrieved from /home/airflow/.local/lib/python3.8/site-packages/airflow/example_dags/example_setup_teardown.py
[2026-03-26T22:48:26.850+0000] {logging_mixin.py:188} INFO - [2026-03-26T22:48:26.849+0000] {dag.py:3036} INFO - Sync 1 DAGs
[2026-03-26T22:48:26.862+0000] {logging_mixin.py:188} INFO - [2026-03-26T22:48:26.861+0000] {dag.py:3823} INFO - Setting next_dagrun for example_setup_teardown to 2026-03-25 00:00:00+00:00, run_after=2026-03-26 00:00:00+00:00
[2026-03-26T22:48:26.873+0000] {processor.py:183} INFO - Processing /home/airflow/.local/lib/python3.8/site-packages/airflow/example_dags/example_setup_teardown.py took 0.047 seconds
[2026-03-26T22:48:57.291+0000] {processor.py:161} INFO - Started process (PID=419) to work on /home/airflow/.local/lib/python3.8/site-packages/airflow/example_dags/example_setup_teardown.py
[2026-03-26T22:48:57.291+0000] {processor.py:830} INFO - Processing file /home/airflow/.local/lib/python3.8/site-packages/airflow/example_dags/example_setup_teardown.py for tasks to queue
[2026-03-26T22:48:57.292+0000] {logging_mixin.py:188} INFO - [2026-03-26T22:48:57.292+0000] {dagbag.py:538} INFO - Filling up the DagBag from /home/airflow/.local/lib/python3.8/site-packages/airflow/example_dags/example_setup_teardown.py
[2026-03-26T22:48:57.296+0000] {processor.py:840} INFO - DAG(s) 'example_setup_teardown' retrieved from /home/airflow/.local/lib/python3.8/site-packages/airflow/example_dags/example_setup_teardown.py
[2026-03-26T22:48:57.311+0000] {logging_mixin.py:188} INFO - [2026-03-26T22:48:57.310+0000] {dag.py:3036} INFO - Sync 1 DAGs
[2026-03-26T22:48:57.323+0000] {logging_mixin.py:188} INFO - [2026-03-26T22:48:57.323+0000] {dag.py:3823} INFO - Setting next_dagrun for example_setup_teardown to 2026-03-25 00:00:00+00:00, run_after=2026-03-26 00:00:00+00:00
[2026-03-26T22:48:57.333+0000] {processor.py:183} INFO - Processing /home/airflow/.local/lib/python3.8/site-packages/airflow/example_dags/example_setup_teardown.py took 0.046 seconds
[2026-03-26T22:49:27.783+0000] {processor.py:161} INFO - Started process (PID=473) to work on /home/airflow/.local/lib/python3.8/site-packages/airflow/example_dags/example_setup_teardown.py
[2026-03-26T22:49:27.784+0000] {processor.py:830} INFO - Processing file /home/airflow/.local/lib/python3.8/site-packages/airflow/example_dags/example_setup_teardown.py for tasks to queue
[2026-03-26T22:49:27.785+0000] {logging_mixin.py:188} INFO - [2026-03-26T22:49:27.785+0000] {dagbag.py:538} INFO - Filling up the DagBag from /home/airflow/.local/lib/python3.8/site-packages/airflow/example_dags/example_setup_teardown.py
[2026-03-26T22:49:27.789+0000] {processor.py:840} INFO - DAG(s) 'example_setup_teardown' retrieved from /home/airflow/.local/lib/python3.8/site-packages/airflow/example_dags/example_setup_teardown.py
[2026-03-26T22:49:27.802+0000] {logging_mixin.py:188} INFO - [2026-03-26T22:49:27.802+0000] {dag.py:3036} INFO - Sync 1 DAGs
[2026-03-26T22:49:27.814+0000] {logging_mixin.py:188} INFO - [2026-03-26T22:49:27.814+0000] {dag.py:3823} INFO - Setting next_dagrun for example_setup_teardown to 2026-03-25 00:00:00+00:00, run_after=2026-03-26 00:00:00+00:00
[2026-03-26T22:49:27.823+0000] {processor.py:183} INFO - Processing /home/airflow/.local/lib/python3.8/site-packages/airflow/example_dags/example_setup_teardown.py took 0.043 seconds
[2026-03-26T22:49:58.328+0000] {processor.py:161} INFO - Started process (PID=528) to work on /home/airflow/.local/lib/python3.8/site-packages/airflow/example_dags/example_setup_teardown.py
[2026-03-26T22:49:58.328+0000] {processor.py:830} INFO - Processing file /home/airflow/.local/lib/python3.8/site-packages/airflow/example_dags/example_setup_teardown.py for tasks to queue
[2026-03-26T22:49:58.329+0000] {logging_mixin.py:188} INFO - [2026-03-26T22:49:58.329+0000] {dagbag.py:538} INFO - Filling up the DagBag from /home/airflow/.local/lib/python3.8/site-packages/airflow/example_dags/example_setup_teardown.py
[2026-03-26T22:49:58.334+0000] {processor.py:840} INFO - DAG(s) 'example_setup_teardown' retrieved from /home/airflow/.local/lib/python3.8/site-packages/airflow/example_dags/example_setup_teardown.py
[2026-03-26T22:49:58.348+0000] {logging_mixin.py:188} INFO - [2026-03-26T22:49:58.348+0000] {dag.py:3036} INFO - Sync 1 DAGs
[2026-03-26T22:49:58.361+0000] {logging_mixin.py:188} INFO - [2026-03-26T22:49:58.361+0000] {dag.py:3823} INFO - Setting next_dagrun for example_setup_teardown to 2026-03-25 00:00:00+00:00, run_after=2026-03-26 00:00:00+00:00
[2026-03-26T22:49:58.372+0000] {processor.py:183} INFO - Processing /home/airflow/.local/lib/python3.8/site-packages/airflow/example_dags/example_setup_teardown.py took 0.046 seconds
[2026-03-26T22:50:28.985+0000] {processor.py:161} INFO - Started process (PID=583) to work on /home/airflow/.local/lib/python3.8/site-packages/airflow/example_dags/example_setup_teardown.py
[2026-03-26T22:50:28.986+0000] {processor.py:830} INFO - Processing file /home/airflow/.local/lib/python3.8/site-packages/airflow/example_dags/example_setup_teardown.py for tasks to queue
[2026-03-26T22:50:28.987+0000] {logging_mixin.py:188} INFO - [2026-03-26T22:50:28.987+0000] {dagbag.py:538} INFO - Filling up the DagBag from /home/airflow/.local/lib/python3.8/site-packages/airflow/example_dags/example_setup_teardown.py
[2026-03-26T22:50:28.991+0000] {processor.py:840} INFO - DAG(s) 'example_setup_teardown' retrieved from /home/airflow/.local/lib/python3.8/site-packages/airflow/example_dags/example_setup_teardown.py
[2026-03-26T22:50:29.006+0000] {logging_mixin.py:188} INFO - [2026-03-26T22:50:29.006+0000] {dag.py:3036} INFO - Sync 1 DAGs
[2026-03-26T22:50:29.019+0000] {logging_mixin.py:188} INFO - [2026-03-26T22:50:29.019+0000] {dag.py:3823} INFO - Setting next_dagrun for example_setup_teardown to 2026-03-25 00:00:00+00:00, run_after=2026-03-26 00:00:00+00:00
[2026-03-26T22:50:29.030+0000] {processor.py:183} INFO - Processing /home/airflow/.local/lib/python3.8/site-packages/airflow/example_dags/example_setup_teardown.py took 0.047 seconds
[2026-03-26T22:50:59.801+0000] {processor.py:161} INFO - Started process (PID=638) to work on /home/airflow/.local/lib/python3.8/site-packages/airflow/example_dags/example_setup_teardown.py
[2026-03-26T22:50:59.802+0000] {processor.py:830} INFO - Processing file /home/airflow/.local/lib/python3.8/site-packages/airflow/example_dags/example_setup_teardown.py for tasks to queue
[2026-03-26T22:50:59.803+0000] {logging_mixin.py:188} INFO - [2026-03-26T22:50:59.803+0000] {dagbag.py:538} INFO - Filling up the DagBag from /home/airflow/.local/lib/python3.8/site-packages/airflow/example_dags/example_setup_teardown.py
[2026-03-26T22:50:59.807+0000] {processor.py:840} INFO - DAG(s) 'example_setup_teardown' retrieved from /home/airflow/.local/lib/python3.8/site-packages/airflow/example_dags/example_setup_teardown.py
[2026-03-26T22:50:59.820+0000] {logging_mixin.py:188} INFO - [2026-03-26T22:50:59.820+0000] {dag.py:3036} INFO - Sync 1 DAGs
[2026-03-26T22:50:59.832+0000] {logging_mixin.py:188} INFO - [2026-03-26T22:50:59.832+0000] {dag.py:3823} INFO - Setting next_dagrun for example_setup_teardown to 2026-03-25 00:00:00+00:00, run_after=2026-03-26 00:00:00+00:00
[2026-03-26T22:50:59.842+0000] {processor.py:183} INFO - Processing /home/airflow/.local/lib/python3.8/site-packages/airflow/example_dags/example_setup_teardown.py took 0.043 seconds
[2026-03-26T22:51:30.423+0000] {processor.py:161} INFO - Started process (PID=693) to work on /home/airflow/.local/lib/python3.8/site-packages/airflow/example_dags/example_setup_teardown.py
[2026-03-26T22:51:30.424+0000] {processor.py:830} INFO - Processing file /home/airflow/.local/lib/python3.8/site-packages/airflow/example_dags/example_setup_teardown.py for tasks to queue
[2026-03-26T22:51:30.425+0000] {logging_mixin.py:188} INFO - [2026-03-26T22:51:30.425+0000] {dagbag.py:538} INFO - Filling up the DagBag from /home/airflow/.local/lib/python3.8/site-packages/airflow/example_dags/example_setup_teardown.py
[2026-03-26T22:51:30.429+0000] {processor.py:840} INFO - DAG(s) 'example_setup_teardown' retrieved from /home/airflow/.local/lib/python3.8/site-packages/airflow/example_dags/example_setup_teardown.py
[2026-03-26T22:51:30.442+0000] {logging_mixin.py:188} INFO - [2026-03-26T22:51:30.442+0000] {dag.py:3036} INFO - Sync 1 DAGs
[2026-03-26T22:51:30.454+0000] {logging_mixin.py:188} INFO - [2026-03-26T22:51:30.454+0000] {dag.py:3823} INFO - Setting next_dagrun for example_setup_teardown to 2026-03-25 00:00:00+00:00, run_after=2026-03-26 00:00:00+00:00
[2026-03-26T22:51:30.464+0000] {processor.py:183} INFO - Processing /home/airflow/.local/lib/python3.8/site-packages/airflow/example_dags/example_setup_teardown.py took 0.043 seconds
[2026-03-26T22:52:16.777+0000] {processor.py:161} INFO - Started process (PID=84) to work on /home/airflow/.local/lib/python3.8/site-packages/airflow/example_dags/example_setup_teardown.py
[2026-03-26T22:52:16.778+0000] {processor.py:830} INFO - Processing file /home/airflow/.local/lib/python3.8/site-packages/airflow/example_dags/example_setup_teardown.py for tasks to queue
[2026-03-26T22:52:16.779+0000] {logging_mixin.py:188} INFO - [2026-03-26T22:52:16.779+0000] {dagbag.py:538} INFO - Filling up the DagBag from /home/airflow/.local/lib/python3.8/site-packages/airflow/example_dags/example_setup_teardown.py
[2026-03-26T22:52:16.784+0000] {processor.py:840} INFO - DAG(s) 'example_setup_teardown' retrieved from /home/airflow/.local/lib/python3.8/site-packages/airflow/example_dags/example_setup_teardown.py
[2026-03-26T22:52:16.792+0000] {logging_mixin.py:188} INFO - [2026-03-26T22:52:16.792+0000] {dag.py:3036} INFO - Sync 1 DAGs
[2026-03-26T22:52:16.806+0000] {logging_mixin.py:188} INFO - [2026-03-26T22:52:16.806+0000] {dag.py:3823} INFO - Setting next_dagrun for example_setup_teardown to 2026-03-25 00:00:00+00:00, run_after=2026-03-26 00:00:00+00:00
[2026-03-26T22:52:16.823+0000] {processor.py:183} INFO - Processing /home/airflow/.local/lib/python3.8/site-packages/airflow/example_dags/example_setup_teardown.py took 0.049 seconds
[2026-03-26T22:52:47.641+0000] {processor.py:161} INFO - Started process (PID=139) to work on /home/airflow/.local/lib/python3.8/site-packages/airflow/example_dags/example_setup_teardown.py
[2026-03-26T22:52:47.641+0000] {processor.py:830} INFO - Processing file /home/airflow/.local/lib/python3.8/site-packages/airflow/example_dags/example_setup_teardown.py for tasks to queue
[2026-03-26T22:52:47.643+0000] {logging_mixin.py:188} INFO - [2026-03-26T22:52:47.642+0000] {dagbag.py:538} INFO - Filling up the DagBag from /home/airflow/.local/lib/python3.8/site-packages/airflow/example_dags/example_setup_teardown.py
[2026-03-26T22:52:47.647+0000] {processor.py:840} INFO - DAG(s) 'example_setup_teardown' retrieved from /home/airflow/.local/lib/python3.8/site-packages/airflow/example_dags/example_setup_teardown.py
[2026-03-26T22:52:47.701+0000] {logging_mixin.py:188} INFO - [2026-03-26T22:52:47.701+0000] {dag.py:3036} INFO - Sync 1 DAGs
[2026-03-26T22:52:47.713+0000] {logging_mixin.py:188} INFO - [2026-03-26T22:52:47.712+0000] {dag.py:3823} INFO - Setting next_dagrun for example_setup_teardown to 2026-03-25 00:00:00+00:00, run_after=2026-03-26 00:00:00+00:00
[2026-03-26T22:52:47.725+0000] {processor.py:183} INFO - Processing /home/airflow/.local/lib/python3.8/site-packages/airflow/example_dags/example_setup_teardown.py took 0.086 seconds
[2026-03-26T22:53:18.490+0000] {processor.py:161} INFO - Started process (PID=194) to work on /home/airflow/.local/lib/python3.8/site-packages/airflow/example_dags/example_setup_teardown.py
[2026-03-26T22:53:18.492+0000] {processor.py:830} INFO - Processing file /home/airflow/.local/lib/python3.8/site-packages/airflow/example_dags/example_setup_teardown.py for tasks to queue
[2026-03-26T22:53:18.494+0000] {logging_mixin.py:188} INFO - [2026-03-26T22:53:18.493+0000] {dagbag.py:538} INFO - Filling up the DagBag from /home/airflow/.local/lib/python3.8/site-packages/airflow/example_dags/example_setup_teardown.py
[2026-03-26T22:53:18.499+0000] {processor.py:840} INFO - DAG(s) 'example_setup_teardown' retrieved from /home/airflow/.local/lib/python3.8/site-packages/airflow/example_dags/example_setup_teardown.py
[2026-03-26T22:53:18.518+0000] {logging_mixin.py:188} INFO - [2026-03-26T22:53:18.518+0000] {dag.py:3036} INFO - Sync 1 DAGs
[2026-03-26T22:53:18.531+0000] {logging_mixin.py:188} INFO - [2026-03-26T22:53:18.530+0000] {dag.py:3823} INFO - Setting next_dagrun for example_setup_teardown to 2026-03-25 00:00:00+00:00, run_after=2026-03-26 00:00:00+00:00
[2026-03-26T22:53:18.547+0000] {processor.py:183} INFO - Processing /home/airflow/.local/lib/python3.8/site-packages/airflow/example_dags/example_setup_teardown.py took 0.059 seconds
[2026-03-26T22:53:49.040+0000] {processor.py:161} INFO - Started process (PID=249) to work on /home/airflow/.local/lib/python3.8/site-packages/airflow/example_dags/example_setup_teardown.py
[2026-03-26T22:53:49.041+0000] {processor.py:830} INFO - Processing file /home/airflow/.local/lib/python3.8/site-packages/airflow/example_dags/example_setup_teardown.py for tasks to queue
[2026-03-26T22:53:49.042+0000] {logging_mixin.py:188} INFO - [2026-03-26T22:53:49.042+0000] {dagbag.py:538} INFO - Filling up the DagBag from /home/airflow/.local/lib/python3.8/site-packages/airflow/example_dags/example_setup_teardown.py
[2026-03-26T22:53:49.046+0000] {processor.py:840} INFO - DAG(s) 'example_setup_teardown' retrieved from /home/airflow/.local/lib/python3.8/site-packages/airflow/example_dags/example_setup_teardown.py
[2026-03-26T22:53:49.063+0000] {logging_mixin.py:188} INFO - [2026-03-26T22:53:49.063+0000] {dag.py:3036} INFO - Sync 1 DAGs
[2026-03-26T22:53:49.079+0000] {logging_mixin.py:188} INFO - [2026-03-26T22:53:49.079+0000] {dag.py:3823} INFO - Setting next_dagrun for example_setup_teardown to 2026-03-25 00:00:00+00:00, run_after=2026-03-26 00:00:00+00:00
[2026-03-26T22:53:49.097+0000] {processor.py:183} INFO - Processing /home/airflow/.local/lib/python3.8/site-packages/airflow/example_dags/example_setup_teardown.py took 0.059 seconds
[2026-03-26T22:54:19.905+0000] {processor.py:161} INFO - Started process (PID=304) to work on /home/airflow/.local/lib/python3.8/site-packages/airflow/example_dags/example_setup_teardown.py
[2026-03-26T22:54:19.906+0000] {processor.py:830} INFO - Processing file /home/airflow/.local/lib/python3.8/site-packages/airflow/example_dags/example_setup_teardown.py for tasks to queue
[2026-03-26T22:54:19.907+0000] {logging_mixin.py:188} INFO - [2026-03-26T22:54:19.907+0000] {dagbag.py:538} INFO - Filling up the DagBag from /home/airflow/.local/lib/python3.8/site-packages/airflow/example_dags/example_setup_teardown.py
[2026-03-26T22:54:19.911+0000] {processor.py:840} INFO - DAG(s) 'example_setup_teardown' retrieved from /home/airflow/.local/lib/python3.8/site-packages/airflow/example_dags/example_setup_teardown.py
[2026-03-26T22:54:19.925+0000] {logging_mixin.py:188} INFO - [2026-03-26T22:54:19.925+0000] {dag.py:3036} INFO - Sync 1 DAGs
[2026-03-26T22:54:19.937+0000] {logging_mixin.py:188} INFO - [2026-03-26T22:54:19.937+0000] {dag.py:3823} INFO - Setting next_dagrun for example_setup_teardown to 2026-03-25 00:00:00+00:00, run_after=2026-03-26 00:00:00+00:00
[2026-03-26T22:54:19.947+0000] {processor.py:183} INFO - Processing /home/airflow/.local/lib/python3.8/site-packages/airflow/example_dags/example_setup_teardown.py took 0.044 seconds
[2026-03-26T22:54:50.480+0000] {processor.py:161} INFO - Started process (PID=359) to work on /home/airflow/.local/lib/python3.8/site-packages/airflow/example_dags/example_setup_teardown.py
[2026-03-26T22:54:50.480+0000] {processor.py:830} INFO - Processing file /home/airflow/.local/lib/python3.8/site-packages/airflow/example_dags/example_setup_teardown.py for tasks to queue
[2026-03-26T22:54:50.482+0000] {logging_mixin.py:188} INFO - [2026-03-26T22:54:50.482+0000] {dagbag.py:538} INFO - Filling up the DagBag from /home/airflow/.local/lib/python3.8/site-packages/airflow/example_dags/example_setup_teardown.py
[2026-03-26T22:54:50.486+0000] {processor.py:840} INFO - DAG(s) 'example_setup_teardown' retrieved from /home/airflow/.local/lib/python3.8/site-packages/airflow/example_dags/example_setup_teardown.py
[2026-03-26T22:54:50.500+0000] {logging_mixin.py:188} INFO - [2026-03-26T22:54:50.500+0000] {dag.py:3036} INFO - Sync 1 DAGs
[2026-03-26T22:54:50.513+0000] {logging_mixin.py:188} INFO - [2026-03-26T22:54:50.513+0000] {dag.py:3823} INFO - Setting next_dagrun for example_setup_teardown to 2026-03-25 00:00:00+00:00, run_after=2026-03-26 00:00:00+00:00
[2026-03-26T22:54:50.525+0000] {processor.py:183} INFO - Processing /home/airflow/.local/lib/python3.8/site-packages/airflow/example_dags/example_setup_teardown.py took 0.047 seconds
[2026-03-26T22:55:21.058+0000] {processor.py:161} INFO - Started process (PID=414) to work on /home/airflow/.local/lib/python3.8/site-packages/airflow/example_dags/example_setup_teardown.py
[2026-03-26T22:55:21.059+0000] {processor.py:830} INFO - Processing file /home/airflow/.local/lib/python3.8/site-packages/airflow/example_dags/example_setup_teardown.py for tasks to queue
[2026-03-26T22:55:21.060+0000] {logging_mixin.py:188} INFO - [2026-03-26T22:55:21.060+0000] {dagbag.py:538} INFO - Filling up the DagBag from /home/airflow/.local/lib/python3.8/site-packages/airflow/example_dags/example_setup_teardown.py
[2026-03-26T22:55:21.064+0000] {processor.py:840} INFO - DAG(s) 'example_setup_teardown' retrieved from /home/airflow/.local/lib/python3.8/site-packages/airflow/example_dags/example_setup_teardown.py
[2026-03-26T22:55:21.078+0000] {logging_mixin.py:188} INFO - [2026-03-26T22:55:21.078+0000] {dag.py:3036} INFO - Sync 1 DAGs
[2026-03-26T22:55:21.090+0000] {logging_mixin.py:188} INFO - [2026-03-26T22:55:21.090+0000] {dag.py:3823} INFO - Setting next_dagrun for example_setup_teardown to 2026-03-25 00:00:00+00:00, run_after=2026-03-26 00:00:00+00:00
[2026-03-26T22:55:21.101+0000] {processor.py:183} INFO - Processing /home/airflow/.local/lib/python3.8/site-packages/airflow/example_dags/example_setup_teardown.py took 0.045 seconds
[2026-03-26T22:55:51.645+0000] {processor.py:161} INFO - Started process (PID=469) to work on /home/airflow/.local/lib/python3.8/site-packages/airflow/example_dags/example_setup_teardown.py
[2026-03-26T22:55:51.645+0000] {processor.py:830} INFO - Processing file /home/airflow/.local/lib/python3.8/site-packages/airflow/example_dags/example_setup_teardown.py for tasks to queue
[2026-03-26T22:55:51.646+0000] {logging_mixin.py:188} INFO - [2026-03-26T22:55:51.646+0000] {dagbag.py:538} INFO - Filling up the DagBag from /home/airflow/.local/lib/python3.8/site-packages/airflow/example_dags/example_setup_teardown.py
[2026-03-26T22:55:51.651+0000] {processor.py:840} INFO - DAG(s) 'example_setup_teardown' retrieved from /home/airflow/.local/lib/python3.8/site-packages/airflow/example_dags/example_setup_teardown.py
[2026-03-26T22:55:51.666+0000] {logging_mixin.py:188} INFO - [2026-03-26T22:55:51.665+0000] {dag.py:3036} INFO - Sync 1 DAGs
[2026-03-26T22:55:51.678+0000] {logging_mixin.py:188} INFO - [2026-03-26T22:55:51.678+0000] {dag.py:3823} INFO - Setting next_dagrun for example_setup_teardown to 2026-03-25 00:00:00+00:00, run_after=2026-03-26 00:00:00+00:00
[2026-03-26T22:55:51.690+0000] {processor.py:183} INFO - Processing /home/airflow/.local/lib/python3.8/site-packages/airflow/example_dags/example_setup_teardown.py took 0.048 seconds
[2026-03-26T22:56:22.364+0000] {processor.py:161} INFO - Started process (PID=523) to work on /home/airflow/.local/lib/python3.8/site-packages/airflow/example_dags/example_setup_teardown.py
[2026-03-26T22:56:22.365+0000] {processor.py:830} INFO - Processing file /home/airflow/.local/lib/python3.8/site-packages/airflow/example_dags/example_setup_teardown.py for tasks to queue
[2026-03-26T22:56:22.366+0000] {logging_mixin.py:188} INFO - [2026-03-26T22:56:22.366+0000] {dagbag.py:538} INFO - Filling up the DagBag from /home/airflow/.local/lib/python3.8/site-packages/airflow/example_dags/example_setup_teardown.py
[2026-03-26T22:56:22.370+0000] {processor.py:840} INFO - DAG(s) 'example_setup_teardown' retrieved from /home/airflow/.local/lib/python3.8/site-packages/airflow/example_dags/example_setup_teardown.py
[2026-03-26T22:56:22.384+0000] {logging_mixin.py:188} INFO - [2026-03-26T22:56:22.383+0000] {dag.py:3036} INFO - Sync 1 DAGs
[2026-03-26T22:56:22.398+0000] {logging_mixin.py:188} INFO - [2026-03-26T22:56:22.398+0000] {dag.py:3823} INFO - Setting next_dagrun for example_setup_teardown to 2026-03-25 00:00:00+00:00, run_after=2026-03-26 00:00:00+00:00
[2026-03-26T22:56:22.408+0000] {processor.py:183} INFO - Processing /home/airflow/.local/lib/python3.8/site-packages/airflow/example_dags/example_setup_teardown.py took 0.046 seconds
[2026-03-26T22:56:53.048+0000] {processor.py:161} INFO - Started process (PID=578) to work on /home/airflow/.local/lib/python3.8/site-packages/airflow/example_dags/example_setup_teardown.py
[2026-03-26T22:56:53.048+0000] {processor.py:830} INFO - Processing file /home/airflow/.local/lib/python3.8/site-packages/airflow/example_dags/example_setup_teardown.py for tasks to queue
[2026-03-26T22:56:53.050+0000] {logging_mixin.py:188} INFO - [2026-03-26T22:56:53.049+0000] {dagbag.py:538} INFO - Filling up the DagBag from /home/airflow/.local/lib/python3.8/site-packages/airflow/example_dags/example_setup_teardown.py
[2026-03-26T22:56:53.054+0000] {processor.py:840} INFO - DAG(s) 'example_setup_teardown' retrieved from /home/airflow/.local/lib/python3.8/site-packages/airflow/example_dags/example_setup_teardown.py
[2026-03-26T22:56:53.068+0000] {logging_mixin.py:188} INFO - [2026-03-26T22:56:53.067+0000] {dag.py:3036} INFO - Sync 1 DAGs
[2026-03-26T22:56:53.080+0000] {logging_mixin.py:188} INFO - [2026-03-26T22:56:53.080+0000] {dag.py:3823} INFO - Setting next_dagrun for example_setup_teardown to 2026-03-25 00:00:00+00:00, run_after=2026-03-26 00:00:00+00:00
[2026-03-26T22:56:53.096+0000] {processor.py:183} INFO - Processing /home/airflow/.local/lib/python3.8/site-packages/airflow/example_dags/example_setup_teardown.py took 0.051 seconds
[2026-03-26T22:57:23.691+0000] {processor.py:161} INFO - Started process (PID=633) to work on /home/airflow/.local/lib/python3.8/site-packages/airflow/example_dags/example_setup_teardown.py
[2026-03-26T22:57:23.691+0000] {processor.py:830} INFO - Processing file /home/airflow/.local/lib/python3.8/site-packages/airflow/example_dags/example_setup_teardown.py for tasks to queue
[2026-03-26T22:57:23.692+0000] {logging_mixin.py:188} INFO - [2026-03-26T22:57:23.692+0000] {dagbag.py:538} INFO - Filling up the DagBag from /home/airflow/.local/lib/python3.8/site-packages/airflow/example_dags/example_setup_teardown.py
[2026-03-26T22:57:23.697+0000] {processor.py:840} INFO - DAG(s) 'example_setup_teardown' retrieved from /home/airflow/.local/lib/python3.8/site-packages/airflow/example_dags/example_setup_teardown.py
[2026-03-26T22:57:23.710+0000] {logging_mixin.py:188} INFO - [2026-03-26T22:57:23.710+0000] {dag.py:3036} INFO - Sync 1 DAGs
[2026-03-26T22:57:23.723+0000] {logging_mixin.py:188} INFO - [2026-03-26T22:57:23.723+0000] {dag.py:3823} INFO - Setting next_dagrun for example_setup_teardown to 2026-03-25 00:00:00+00:00, run_after=2026-03-26 00:00:00+00:00
[2026-03-26T22:57:23.736+0000] {processor.py:183} INFO - Processing /home/airflow/.local/lib/python3.8/site-packages/airflow/example_dags/example_setup_teardown.py took 0.048 seconds
[2026-03-26T22:57:54.313+0000] {processor.py:161} INFO - Started process (PID=688) to work on /home/airflow/.local/lib/python3.8/site-packages/airflow/example_dags/example_setup_teardown.py
[2026-03-26T22:57:54.314+0000] {processor.py:830} INFO - Processing file /home/airflow/.local/lib/python3.8/site-packages/airflow/example_dags/example_setup_teardown.py for tasks to queue
[2026-03-26T22:57:54.315+0000] {logging_mixin.py:188} INFO - [2026-03-26T22:57:54.315+0000] {dagbag.py:538} INFO - Filling up the DagBag from /home/airflow/.local/lib/python3.8/site-packages/airflow/example_dags/example_setup_teardown.py
[2026-03-26T22:57:54.319+0000] {processor.py:840} INFO - DAG(s) 'example_setup_teardown' retrieved from /home/airflow/.local/lib/python3.8/site-packages/airflow/example_dags/example_setup_teardown.py
[2026-03-26T22:57:54.333+0000] {logging_mixin.py:188} INFO - [2026-03-26T22:57:54.333+0000] {dag.py:3036} INFO - Sync 1 DAGs
[2026-03-26T22:57:54.345+0000] {logging_mixin.py:188} INFO - [2026-03-26T22:57:54.345+0000] {dag.py:3823} INFO - Setting next_dagrun for example_setup_teardown to 2026-03-25 00:00:00+00:00, run_after=2026-03-26 00:00:00+00:00
[2026-03-26T22:57:54.355+0000] {processor.py:183} INFO - Processing /home/airflow/.local/lib/python3.8/site-packages/airflow/example_dags/example_setup_teardown.py took 0.044 seconds
[2026-03-26T22:58:24.965+0000] {processor.py:161} INFO - Started process (PID=743) to work on /home/airflow/.local/lib/python3.8/site-packages/airflow/example_dags/example_setup_teardown.py
[2026-03-26T22:58:24.966+0000] {processor.py:830} INFO - Processing file /home/airflow/.local/lib/python3.8/site-packages/airflow/example_dags/example_setup_teardown.py for tasks to queue
[2026-03-26T22:58:24.967+0000] {logging_mixin.py:188} INFO - [2026-03-26T22:58:24.967+0000] {dagbag.py:538} INFO - Filling up the DagBag from /home/airflow/.local/lib/python3.8/site-packages/airflow/example_dags/example_setup_teardown.py
[2026-03-26T22:58:24.971+0000] {processor.py:840} INFO - DAG(s) 'example_setup_teardown' retrieved from /home/airflow/.local/lib/python3.8/site-packages/airflow/example_dags/example_setup_teardown.py
[2026-03-26T22:58:24.980+0000] {logging_mixin.py:188} INFO - [2026-03-26T22:58:24.980+0000] {dag.py:3036} INFO - Sync 1 DAGs
[2026-03-26T22:58:24.994+0000] {logging_mixin.py:188} INFO - [2026-03-26T22:58:24.994+0000] {dag.py:3823} INFO - Setting next_dagrun for example_setup_teardown to 2026-03-25 00:00:00+00:00, run_after=2026-03-26 00:00:00+00:00
[2026-03-26T22:58:25.006+0000] {processor.py:183} INFO - Processing /home/airflow/.local/lib/python3.8/site-packages/airflow/example_dags/example_setup_teardown.py took 0.044 seconds
