[2026-03-26T22:45:49.929+0000] {processor.py:161} INFO - Started process (PID=53) to work on /home/airflow/.local/lib/python3.8/site-packages/airflow/example_dags/example_xcom.py
[2026-03-26T22:45:49.930+0000] {processor.py:830} INFO - Processing file /home/airflow/.local/lib/python3.8/site-packages/airflow/example_dags/example_xcom.py for tasks to queue
[2026-03-26T22:45:49.931+0000] {logging_mixin.py:188} INFO - [2026-03-26T22:45:49.931+0000] {dagbag.py:538} INFO - Filling up the DagBag from /home/airflow/.local/lib/python3.8/site-packages/airflow/example_dags/example_xcom.py
[2026-03-26T22:45:49.940+0000] {processor.py:840} INFO - DAG(s) 'example_xcom' retrieved from /home/airflow/.local/lib/python3.8/site-packages/airflow/example_dags/example_xcom.py
[2026-03-26T22:45:49.960+0000] {logging_mixin.py:188} INFO - [2026-03-26T22:45:49.960+0000] {dag.py:3036} INFO - Sync 1 DAGs
[2026-03-26T22:45:49.975+0000] {logging_mixin.py:188} INFO - [2026-03-26T22:45:49.974+0000] {dag.py:3823} INFO - Setting next_dagrun for example_xcom to 2021-01-01 00:00:00+00:00, run_after=2021-01-01 00:00:00+00:00
[2026-03-26T22:45:49.988+0000] {processor.py:183} INFO - Processing /home/airflow/.local/lib/python3.8/site-packages/airflow/example_dags/example_xcom.py took 0.061 seconds
[2026-03-26T22:46:21.499+0000] {processor.py:161} INFO - Started process (PID=108) to work on /home/airflow/.local/lib/python3.8/site-packages/airflow/example_dags/example_xcom.py
[2026-03-26T22:46:21.502+0000] {processor.py:830} INFO - Processing file /home/airflow/.local/lib/python3.8/site-packages/airflow/example_dags/example_xcom.py for tasks to queue
[2026-03-26T22:46:21.509+0000] {logging_mixin.py:188} INFO - [2026-03-26T22:46:21.509+0000] {dagbag.py:538} INFO - Filling up the DagBag from /home/airflow/.local/lib/python3.8/site-packages/airflow/example_dags/example_xcom.py
[2026-03-26T22:46:21.518+0000] {processor.py:840} INFO - DAG(s) 'example_xcom' retrieved from /home/airflow/.local/lib/python3.8/site-packages/airflow/example_dags/example_xcom.py
[2026-03-26T22:46:21.596+0000] {logging_mixin.py:188} INFO - [2026-03-26T22:46:21.596+0000] {dag.py:3036} INFO - Sync 1 DAGs
[2026-03-26T22:46:21.609+0000] {logging_mixin.py:188} INFO - [2026-03-26T22:46:21.608+0000] {dag.py:3823} INFO - Setting next_dagrun for example_xcom to 2021-01-01 00:00:00+00:00, run_after=2021-01-01 00:00:00+00:00
[2026-03-26T22:46:21.624+0000] {processor.py:183} INFO - Processing /home/airflow/.local/lib/python3.8/site-packages/airflow/example_dags/example_xcom.py took 0.127 seconds
[2026-03-26T22:46:51.706+0000] {processor.py:161} INFO - Started process (PID=163) to work on /home/airflow/.local/lib/python3.8/site-packages/airflow/example_dags/example_xcom.py
[2026-03-26T22:46:51.707+0000] {processor.py:830} INFO - Processing file /home/airflow/.local/lib/python3.8/site-packages/airflow/example_dags/example_xcom.py for tasks to queue
[2026-03-26T22:46:51.712+0000] {logging_mixin.py:188} INFO - [2026-03-26T22:46:51.711+0000] {dagbag.py:538} INFO - Filling up the DagBag from /home/airflow/.local/lib/python3.8/site-packages/airflow/example_dags/example_xcom.py
[2026-03-26T22:46:51.724+0000] {processor.py:840} INFO - DAG(s) 'example_xcom' retrieved from /home/airflow/.local/lib/python3.8/site-packages/airflow/example_dags/example_xcom.py
[2026-03-26T22:46:51.739+0000] {logging_mixin.py:188} INFO - [2026-03-26T22:46:51.739+0000] {dag.py:3036} INFO - Sync 1 DAGs
[2026-03-26T22:46:51.752+0000] {logging_mixin.py:188} INFO - [2026-03-26T22:46:51.752+0000] {dag.py:3823} INFO - Setting next_dagrun for example_xcom to 2021-01-01 00:00:00+00:00, run_after=2021-01-01 00:00:00+00:00
[2026-03-26T22:46:51.768+0000] {processor.py:183} INFO - Processing /home/airflow/.local/lib/python3.8/site-packages/airflow/example_dags/example_xcom.py took 0.065 seconds
[2026-03-26T22:47:21.784+0000] {processor.py:161} INFO - Started process (PID=218) to work on /home/airflow/.local/lib/python3.8/site-packages/airflow/example_dags/example_xcom.py
[2026-03-26T22:47:21.786+0000] {processor.py:830} INFO - Processing file /home/airflow/.local/lib/python3.8/site-packages/airflow/example_dags/example_xcom.py for tasks to queue
[2026-03-26T22:47:21.787+0000] {logging_mixin.py:188} INFO - [2026-03-26T22:47:21.787+0000] {dagbag.py:538} INFO - Filling up the DagBag from /home/airflow/.local/lib/python3.8/site-packages/airflow/example_dags/example_xcom.py
[2026-03-26T22:47:21.792+0000] {processor.py:840} INFO - DAG(s) 'example_xcom' retrieved from /home/airflow/.local/lib/python3.8/site-packages/airflow/example_dags/example_xcom.py
[2026-03-26T22:47:21.806+0000] {logging_mixin.py:188} INFO - [2026-03-26T22:47:21.806+0000] {dag.py:3036} INFO - Sync 1 DAGs
[2026-03-26T22:47:21.819+0000] {logging_mixin.py:188} INFO - [2026-03-26T22:47:21.819+0000] {dag.py:3823} INFO - Setting next_dagrun for example_xcom to 2021-01-01 00:00:00+00:00, run_after=2021-01-01 00:00:00+00:00
[2026-03-26T22:47:21.831+0000] {processor.py:183} INFO - Processing /home/airflow/.local/lib/python3.8/site-packages/airflow/example_dags/example_xcom.py took 0.049 seconds
[2026-03-26T22:47:52.281+0000] {processor.py:161} INFO - Started process (PID=273) to work on /home/airflow/.local/lib/python3.8/site-packages/airflow/example_dags/example_xcom.py
[2026-03-26T22:47:52.281+0000] {processor.py:830} INFO - Processing file /home/airflow/.local/lib/python3.8/site-packages/airflow/example_dags/example_xcom.py for tasks to queue
[2026-03-26T22:47:52.282+0000] {logging_mixin.py:188} INFO - [2026-03-26T22:47:52.282+0000] {dagbag.py:538} INFO - Filling up the DagBag from /home/airflow/.local/lib/python3.8/site-packages/airflow/example_dags/example_xcom.py
[2026-03-26T22:47:52.287+0000] {processor.py:840} INFO - DAG(s) 'example_xcom' retrieved from /home/airflow/.local/lib/python3.8/site-packages/airflow/example_dags/example_xcom.py
[2026-03-26T22:47:52.301+0000] {logging_mixin.py:188} INFO - [2026-03-26T22:47:52.301+0000] {dag.py:3036} INFO - Sync 1 DAGs
[2026-03-26T22:47:52.313+0000] {logging_mixin.py:188} INFO - [2026-03-26T22:47:52.312+0000] {dag.py:3823} INFO - Setting next_dagrun for example_xcom to 2021-01-01 00:00:00+00:00, run_after=2021-01-01 00:00:00+00:00
[2026-03-26T22:47:52.322+0000] {processor.py:183} INFO - Processing /home/airflow/.local/lib/python3.8/site-packages/airflow/example_dags/example_xcom.py took 0.044 seconds
[2026-03-26T22:48:22.806+0000] {processor.py:161} INFO - Started process (PID=328) to work on /home/airflow/.local/lib/python3.8/site-packages/airflow/example_dags/example_xcom.py
[2026-03-26T22:48:22.807+0000] {processor.py:830} INFO - Processing file /home/airflow/.local/lib/python3.8/site-packages/airflow/example_dags/example_xcom.py for tasks to queue
[2026-03-26T22:48:22.808+0000] {logging_mixin.py:188} INFO - [2026-03-26T22:48:22.807+0000] {dagbag.py:538} INFO - Filling up the DagBag from /home/airflow/.local/lib/python3.8/site-packages/airflow/example_dags/example_xcom.py
[2026-03-26T22:48:22.813+0000] {processor.py:840} INFO - DAG(s) 'example_xcom' retrieved from /home/airflow/.local/lib/python3.8/site-packages/airflow/example_dags/example_xcom.py
[2026-03-26T22:48:22.826+0000] {logging_mixin.py:188} INFO - [2026-03-26T22:48:22.826+0000] {dag.py:3036} INFO - Sync 1 DAGs
[2026-03-26T22:48:22.838+0000] {logging_mixin.py:188} INFO - [2026-03-26T22:48:22.838+0000] {dag.py:3823} INFO - Setting next_dagrun for example_xcom to 2021-01-01 00:00:00+00:00, run_after=2021-01-01 00:00:00+00:00
[2026-03-26T22:48:22.849+0000] {processor.py:183} INFO - Processing /home/airflow/.local/lib/python3.8/site-packages/airflow/example_dags/example_xcom.py took 0.046 seconds
[2026-03-26T22:48:53.383+0000] {processor.py:161} INFO - Started process (PID=382) to work on /home/airflow/.local/lib/python3.8/site-packages/airflow/example_dags/example_xcom.py
[2026-03-26T22:48:53.384+0000] {processor.py:830} INFO - Processing file /home/airflow/.local/lib/python3.8/site-packages/airflow/example_dags/example_xcom.py for tasks to queue
[2026-03-26T22:48:53.385+0000] {logging_mixin.py:188} INFO - [2026-03-26T22:48:53.385+0000] {dagbag.py:538} INFO - Filling up the DagBag from /home/airflow/.local/lib/python3.8/site-packages/airflow/example_dags/example_xcom.py
[2026-03-26T22:48:53.390+0000] {processor.py:840} INFO - DAG(s) 'example_xcom' retrieved from /home/airflow/.local/lib/python3.8/site-packages/airflow/example_dags/example_xcom.py
[2026-03-26T22:48:53.402+0000] {logging_mixin.py:188} INFO - [2026-03-26T22:48:53.402+0000] {dag.py:3036} INFO - Sync 1 DAGs
[2026-03-26T22:48:53.414+0000] {logging_mixin.py:188} INFO - [2026-03-26T22:48:53.414+0000] {dag.py:3823} INFO - Setting next_dagrun for example_xcom to 2021-01-01 00:00:00+00:00, run_after=2021-01-01 00:00:00+00:00
[2026-03-26T22:48:53.424+0000] {processor.py:183} INFO - Processing /home/airflow/.local/lib/python3.8/site-packages/airflow/example_dags/example_xcom.py took 0.043 seconds
[2026-03-26T22:49:23.847+0000] {processor.py:161} INFO - Started process (PID=437) to work on /home/airflow/.local/lib/python3.8/site-packages/airflow/example_dags/example_xcom.py
[2026-03-26T22:49:23.848+0000] {processor.py:830} INFO - Processing file /home/airflow/.local/lib/python3.8/site-packages/airflow/example_dags/example_xcom.py for tasks to queue
[2026-03-26T22:49:23.849+0000] {logging_mixin.py:188} INFO - [2026-03-26T22:49:23.849+0000] {dagbag.py:538} INFO - Filling up the DagBag from /home/airflow/.local/lib/python3.8/site-packages/airflow/example_dags/example_xcom.py
[2026-03-26T22:49:23.853+0000] {processor.py:840} INFO - DAG(s) 'example_xcom' retrieved from /home/airflow/.local/lib/python3.8/site-packages/airflow/example_dags/example_xcom.py
[2026-03-26T22:49:23.868+0000] {logging_mixin.py:188} INFO - [2026-03-26T22:49:23.868+0000] {dag.py:3036} INFO - Sync 1 DAGs
[2026-03-26T22:49:23.879+0000] {logging_mixin.py:188} INFO - [2026-03-26T22:49:23.879+0000] {dag.py:3823} INFO - Setting next_dagrun for example_xcom to 2021-01-01 00:00:00+00:00, run_after=2021-01-01 00:00:00+00:00
[2026-03-26T22:49:23.889+0000] {processor.py:183} INFO - Processing /home/airflow/.local/lib/python3.8/site-packages/airflow/example_dags/example_xcom.py took 0.044 seconds
[2026-03-26T22:49:54.358+0000] {processor.py:161} INFO - Started process (PID=497) to work on /home/airflow/.local/lib/python3.8/site-packages/airflow/example_dags/example_xcom.py
[2026-03-26T22:49:54.359+0000] {processor.py:830} INFO - Processing file /home/airflow/.local/lib/python3.8/site-packages/airflow/example_dags/example_xcom.py for tasks to queue
[2026-03-26T22:49:54.360+0000] {logging_mixin.py:188} INFO - [2026-03-26T22:49:54.360+0000] {dagbag.py:538} INFO - Filling up the DagBag from /home/airflow/.local/lib/python3.8/site-packages/airflow/example_dags/example_xcom.py
[2026-03-26T22:49:54.365+0000] {processor.py:840} INFO - DAG(s) 'example_xcom' retrieved from /home/airflow/.local/lib/python3.8/site-packages/airflow/example_dags/example_xcom.py
[2026-03-26T22:49:54.378+0000] {logging_mixin.py:188} INFO - [2026-03-26T22:49:54.377+0000] {dag.py:3036} INFO - Sync 1 DAGs
[2026-03-26T22:49:54.389+0000] {logging_mixin.py:188} INFO - [2026-03-26T22:49:54.389+0000] {dag.py:3823} INFO - Setting next_dagrun for example_xcom to 2021-01-01 00:00:00+00:00, run_after=2021-01-01 00:00:00+00:00
[2026-03-26T22:49:54.398+0000] {processor.py:183} INFO - Processing /home/airflow/.local/lib/python3.8/site-packages/airflow/example_dags/example_xcom.py took 0.042 seconds
[2026-03-26T22:50:24.988+0000] {processor.py:161} INFO - Started process (PID=552) to work on /home/airflow/.local/lib/python3.8/site-packages/airflow/example_dags/example_xcom.py
[2026-03-26T22:50:24.989+0000] {processor.py:830} INFO - Processing file /home/airflow/.local/lib/python3.8/site-packages/airflow/example_dags/example_xcom.py for tasks to queue
[2026-03-26T22:50:24.990+0000] {logging_mixin.py:188} INFO - [2026-03-26T22:50:24.990+0000] {dagbag.py:538} INFO - Filling up the DagBag from /home/airflow/.local/lib/python3.8/site-packages/airflow/example_dags/example_xcom.py
[2026-03-26T22:50:24.995+0000] {processor.py:840} INFO - DAG(s) 'example_xcom' retrieved from /home/airflow/.local/lib/python3.8/site-packages/airflow/example_dags/example_xcom.py
[2026-03-26T22:50:25.010+0000] {logging_mixin.py:188} INFO - [2026-03-26T22:50:25.010+0000] {dag.py:3036} INFO - Sync 1 DAGs
[2026-03-26T22:50:25.021+0000] {logging_mixin.py:188} INFO - [2026-03-26T22:50:25.021+0000] {dag.py:3823} INFO - Setting next_dagrun for example_xcom to 2021-01-01 00:00:00+00:00, run_after=2021-01-01 00:00:00+00:00
[2026-03-26T22:50:25.031+0000] {processor.py:183} INFO - Processing /home/airflow/.local/lib/python3.8/site-packages/airflow/example_dags/example_xcom.py took 0.045 seconds
[2026-03-26T22:50:55.819+0000] {processor.py:161} INFO - Started process (PID=607) to work on /home/airflow/.local/lib/python3.8/site-packages/airflow/example_dags/example_xcom.py
[2026-03-26T22:50:55.820+0000] {processor.py:830} INFO - Processing file /home/airflow/.local/lib/python3.8/site-packages/airflow/example_dags/example_xcom.py for tasks to queue
[2026-03-26T22:50:55.821+0000] {logging_mixin.py:188} INFO - [2026-03-26T22:50:55.821+0000] {dagbag.py:538} INFO - Filling up the DagBag from /home/airflow/.local/lib/python3.8/site-packages/airflow/example_dags/example_xcom.py
[2026-03-26T22:50:55.826+0000] {processor.py:840} INFO - DAG(s) 'example_xcom' retrieved from /home/airflow/.local/lib/python3.8/site-packages/airflow/example_dags/example_xcom.py
[2026-03-26T22:50:55.840+0000] {logging_mixin.py:188} INFO - [2026-03-26T22:50:55.840+0000] {dag.py:3036} INFO - Sync 1 DAGs
[2026-03-26T22:50:55.852+0000] {logging_mixin.py:188} INFO - [2026-03-26T22:50:55.852+0000] {dag.py:3823} INFO - Setting next_dagrun for example_xcom to 2021-01-01 00:00:00+00:00, run_after=2021-01-01 00:00:00+00:00
[2026-03-26T22:50:55.862+0000] {processor.py:183} INFO - Processing /home/airflow/.local/lib/python3.8/site-packages/airflow/example_dags/example_xcom.py took 0.045 seconds
[2026-03-26T22:51:26.400+0000] {processor.py:161} INFO - Started process (PID=662) to work on /home/airflow/.local/lib/python3.8/site-packages/airflow/example_dags/example_xcom.py
[2026-03-26T22:51:26.401+0000] {processor.py:830} INFO - Processing file /home/airflow/.local/lib/python3.8/site-packages/airflow/example_dags/example_xcom.py for tasks to queue
[2026-03-26T22:51:26.402+0000] {logging_mixin.py:188} INFO - [2026-03-26T22:51:26.402+0000] {dagbag.py:538} INFO - Filling up the DagBag from /home/airflow/.local/lib/python3.8/site-packages/airflow/example_dags/example_xcom.py
[2026-03-26T22:51:26.407+0000] {processor.py:840} INFO - DAG(s) 'example_xcom' retrieved from /home/airflow/.local/lib/python3.8/site-packages/airflow/example_dags/example_xcom.py
[2026-03-26T22:51:26.422+0000] {logging_mixin.py:188} INFO - [2026-03-26T22:51:26.422+0000] {dag.py:3036} INFO - Sync 1 DAGs
[2026-03-26T22:51:26.435+0000] {logging_mixin.py:188} INFO - [2026-03-26T22:51:26.435+0000] {dag.py:3823} INFO - Setting next_dagrun for example_xcom to 2021-01-01 00:00:00+00:00, run_after=2021-01-01 00:00:00+00:00
[2026-03-26T22:51:26.446+0000] {processor.py:183} INFO - Processing /home/airflow/.local/lib/python3.8/site-packages/airflow/example_dags/example_xcom.py took 0.049 seconds
[2026-03-26T22:52:15.274+0000] {processor.py:161} INFO - Started process (PID=47) to work on /home/airflow/.local/lib/python3.8/site-packages/airflow/example_dags/example_xcom.py
[2026-03-26T22:52:15.284+0000] {processor.py:830} INFO - Processing file /home/airflow/.local/lib/python3.8/site-packages/airflow/example_dags/example_xcom.py for tasks to queue
[2026-03-26T22:52:15.288+0000] {logging_mixin.py:188} INFO - [2026-03-26T22:52:15.288+0000] {dagbag.py:538} INFO - Filling up the DagBag from /home/airflow/.local/lib/python3.8/site-packages/airflow/example_dags/example_xcom.py
[2026-03-26T22:52:15.317+0000] {processor.py:840} INFO - DAG(s) 'example_xcom' retrieved from /home/airflow/.local/lib/python3.8/site-packages/airflow/example_dags/example_xcom.py
[2026-03-26T22:52:15.330+0000] {logging_mixin.py:188} INFO - [2026-03-26T22:52:15.330+0000] {dag.py:3036} INFO - Sync 1 DAGs
[2026-03-26T22:52:15.348+0000] {logging_mixin.py:188} INFO - [2026-03-26T22:52:15.348+0000] {dag.py:3823} INFO - Setting next_dagrun for example_xcom to 2021-01-01 00:00:00+00:00, run_after=2021-01-01 00:00:00+00:00
[2026-03-26T22:52:15.360+0000] {processor.py:183} INFO - Processing /home/airflow/.local/lib/python3.8/site-packages/airflow/example_dags/example_xcom.py took 0.103 seconds
[2026-03-26T22:52:45.739+0000] {processor.py:161} INFO - Started process (PID=108) to work on /home/airflow/.local/lib/python3.8/site-packages/airflow/example_dags/example_xcom.py
[2026-03-26T22:52:45.739+0000] {processor.py:830} INFO - Processing file /home/airflow/.local/lib/python3.8/site-packages/airflow/example_dags/example_xcom.py for tasks to queue
[2026-03-26T22:52:45.740+0000] {logging_mixin.py:188} INFO - [2026-03-26T22:52:45.740+0000] {dagbag.py:538} INFO - Filling up the DagBag from /home/airflow/.local/lib/python3.8/site-packages/airflow/example_dags/example_xcom.py
[2026-03-26T22:52:45.745+0000] {processor.py:840} INFO - DAG(s) 'example_xcom' retrieved from /home/airflow/.local/lib/python3.8/site-packages/airflow/example_dags/example_xcom.py
[2026-03-26T22:52:45.801+0000] {logging_mixin.py:188} INFO - [2026-03-26T22:52:45.801+0000] {dag.py:3036} INFO - Sync 1 DAGs
[2026-03-26T22:52:45.812+0000] {logging_mixin.py:188} INFO - [2026-03-26T22:52:45.812+0000] {dag.py:3823} INFO - Setting next_dagrun for example_xcom to 2021-01-01 00:00:00+00:00, run_after=2021-01-01 00:00:00+00:00
[2026-03-26T22:52:45.825+0000] {processor.py:183} INFO - Processing /home/airflow/.local/lib/python3.8/site-packages/airflow/example_dags/example_xcom.py took 0.089 seconds
[2026-03-26T22:53:16.398+0000] {processor.py:161} INFO - Started process (PID=163) to work on /home/airflow/.local/lib/python3.8/site-packages/airflow/example_dags/example_xcom.py
[2026-03-26T22:53:16.399+0000] {processor.py:830} INFO - Processing file /home/airflow/.local/lib/python3.8/site-packages/airflow/example_dags/example_xcom.py for tasks to queue
[2026-03-26T22:53:16.400+0000] {logging_mixin.py:188} INFO - [2026-03-26T22:53:16.400+0000] {dagbag.py:538} INFO - Filling up the DagBag from /home/airflow/.local/lib/python3.8/site-packages/airflow/example_dags/example_xcom.py
[2026-03-26T22:53:16.406+0000] {processor.py:840} INFO - DAG(s) 'example_xcom' retrieved from /home/airflow/.local/lib/python3.8/site-packages/airflow/example_dags/example_xcom.py
[2026-03-26T22:53:16.423+0000] {logging_mixin.py:188} INFO - [2026-03-26T22:53:16.423+0000] {dag.py:3036} INFO - Sync 1 DAGs
[2026-03-26T22:53:16.439+0000] {logging_mixin.py:188} INFO - [2026-03-26T22:53:16.439+0000] {dag.py:3823} INFO - Setting next_dagrun for example_xcom to 2021-01-01 00:00:00+00:00, run_after=2021-01-01 00:00:00+00:00
[2026-03-26T22:53:16.451+0000] {processor.py:183} INFO - Processing /home/airflow/.local/lib/python3.8/site-packages/airflow/example_dags/example_xcom.py took 0.055 seconds
[2026-03-26T22:53:46.621+0000] {processor.py:161} INFO - Started process (PID=218) to work on /home/airflow/.local/lib/python3.8/site-packages/airflow/example_dags/example_xcom.py
[2026-03-26T22:53:46.622+0000] {processor.py:830} INFO - Processing file /home/airflow/.local/lib/python3.8/site-packages/airflow/example_dags/example_xcom.py for tasks to queue
[2026-03-26T22:53:46.623+0000] {logging_mixin.py:188} INFO - [2026-03-26T22:53:46.623+0000] {dagbag.py:538} INFO - Filling up the DagBag from /home/airflow/.local/lib/python3.8/site-packages/airflow/example_dags/example_xcom.py
[2026-03-26T22:53:46.628+0000] {processor.py:840} INFO - DAG(s) 'example_xcom' retrieved from /home/airflow/.local/lib/python3.8/site-packages/airflow/example_dags/example_xcom.py
[2026-03-26T22:53:46.644+0000] {logging_mixin.py:188} INFO - [2026-03-26T22:53:46.644+0000] {dag.py:3036} INFO - Sync 1 DAGs
[2026-03-26T22:53:46.657+0000] {logging_mixin.py:188} INFO - [2026-03-26T22:53:46.657+0000] {dag.py:3823} INFO - Setting next_dagrun for example_xcom to 2021-01-01 00:00:00+00:00, run_after=2021-01-01 00:00:00+00:00
[2026-03-26T22:53:46.671+0000] {processor.py:183} INFO - Processing /home/airflow/.local/lib/python3.8/site-packages/airflow/example_dags/example_xcom.py took 0.053 seconds
[2026-03-26T22:54:16.698+0000] {processor.py:161} INFO - Started process (PID=273) to work on /home/airflow/.local/lib/python3.8/site-packages/airflow/example_dags/example_xcom.py
[2026-03-26T22:54:16.699+0000] {processor.py:830} INFO - Processing file /home/airflow/.local/lib/python3.8/site-packages/airflow/example_dags/example_xcom.py for tasks to queue
[2026-03-26T22:54:16.700+0000] {logging_mixin.py:188} INFO - [2026-03-26T22:54:16.700+0000] {dagbag.py:538} INFO - Filling up the DagBag from /home/airflow/.local/lib/python3.8/site-packages/airflow/example_dags/example_xcom.py
[2026-03-26T22:54:16.709+0000] {processor.py:840} INFO - DAG(s) 'example_xcom' retrieved from /home/airflow/.local/lib/python3.8/site-packages/airflow/example_dags/example_xcom.py
[2026-03-26T22:54:16.722+0000] {logging_mixin.py:188} INFO - [2026-03-26T22:54:16.722+0000] {dag.py:3036} INFO - Sync 1 DAGs
[2026-03-26T22:54:16.734+0000] {logging_mixin.py:188} INFO - [2026-03-26T22:54:16.733+0000] {dag.py:3823} INFO - Setting next_dagrun for example_xcom to 2021-01-01 00:00:00+00:00, run_after=2021-01-01 00:00:00+00:00
[2026-03-26T22:54:16.746+0000] {processor.py:183} INFO - Processing /home/airflow/.local/lib/python3.8/site-packages/airflow/example_dags/example_xcom.py took 0.050 seconds
[2026-03-26T22:54:47.514+0000] {processor.py:161} INFO - Started process (PID=328) to work on /home/airflow/.local/lib/python3.8/site-packages/airflow/example_dags/example_xcom.py
[2026-03-26T22:54:47.514+0000] {processor.py:830} INFO - Processing file /home/airflow/.local/lib/python3.8/site-packages/airflow/example_dags/example_xcom.py for tasks to queue
[2026-03-26T22:54:47.516+0000] {logging_mixin.py:188} INFO - [2026-03-26T22:54:47.515+0000] {dagbag.py:538} INFO - Filling up the DagBag from /home/airflow/.local/lib/python3.8/site-packages/airflow/example_dags/example_xcom.py
[2026-03-26T22:54:47.521+0000] {processor.py:840} INFO - DAG(s) 'example_xcom' retrieved from /home/airflow/.local/lib/python3.8/site-packages/airflow/example_dags/example_xcom.py
[2026-03-26T22:54:47.535+0000] {logging_mixin.py:188} INFO - [2026-03-26T22:54:47.535+0000] {dag.py:3036} INFO - Sync 1 DAGs
[2026-03-26T22:54:47.547+0000] {logging_mixin.py:188} INFO - [2026-03-26T22:54:47.546+0000] {dag.py:3823} INFO - Setting next_dagrun for example_xcom to 2021-01-01 00:00:00+00:00, run_after=2021-01-01 00:00:00+00:00
[2026-03-26T22:54:47.557+0000] {processor.py:183} INFO - Processing /home/airflow/.local/lib/python3.8/site-packages/airflow/example_dags/example_xcom.py took 0.046 seconds
[2026-03-26T22:55:18.061+0000] {processor.py:161} INFO - Started process (PID=383) to work on /home/airflow/.local/lib/python3.8/site-packages/airflow/example_dags/example_xcom.py
[2026-03-26T22:55:18.062+0000] {processor.py:830} INFO - Processing file /home/airflow/.local/lib/python3.8/site-packages/airflow/example_dags/example_xcom.py for tasks to queue
[2026-03-26T22:55:18.064+0000] {logging_mixin.py:188} INFO - [2026-03-26T22:55:18.063+0000] {dagbag.py:538} INFO - Filling up the DagBag from /home/airflow/.local/lib/python3.8/site-packages/airflow/example_dags/example_xcom.py
[2026-03-26T22:55:18.068+0000] {processor.py:840} INFO - DAG(s) 'example_xcom' retrieved from /home/airflow/.local/lib/python3.8/site-packages/airflow/example_dags/example_xcom.py
[2026-03-26T22:55:18.082+0000] {logging_mixin.py:188} INFO - [2026-03-26T22:55:18.082+0000] {dag.py:3036} INFO - Sync 1 DAGs
[2026-03-26T22:55:18.096+0000] {logging_mixin.py:188} INFO - [2026-03-26T22:55:18.095+0000] {dag.py:3823} INFO - Setting next_dagrun for example_xcom to 2021-01-01 00:00:00+00:00, run_after=2021-01-01 00:00:00+00:00
[2026-03-26T22:55:18.108+0000] {processor.py:183} INFO - Processing /home/airflow/.local/lib/python3.8/site-packages/airflow/example_dags/example_xcom.py took 0.049 seconds
[2026-03-26T22:55:48.624+0000] {processor.py:161} INFO - Started process (PID=438) to work on /home/airflow/.local/lib/python3.8/site-packages/airflow/example_dags/example_xcom.py
[2026-03-26T22:55:48.625+0000] {processor.py:830} INFO - Processing file /home/airflow/.local/lib/python3.8/site-packages/airflow/example_dags/example_xcom.py for tasks to queue
[2026-03-26T22:55:48.626+0000] {logging_mixin.py:188} INFO - [2026-03-26T22:55:48.626+0000] {dagbag.py:538} INFO - Filling up the DagBag from /home/airflow/.local/lib/python3.8/site-packages/airflow/example_dags/example_xcom.py
[2026-03-26T22:55:48.631+0000] {processor.py:840} INFO - DAG(s) 'example_xcom' retrieved from /home/airflow/.local/lib/python3.8/site-packages/airflow/example_dags/example_xcom.py
[2026-03-26T22:55:48.648+0000] {logging_mixin.py:188} INFO - [2026-03-26T22:55:48.648+0000] {dag.py:3036} INFO - Sync 1 DAGs
[2026-03-26T22:55:48.660+0000] {logging_mixin.py:188} INFO - [2026-03-26T22:55:48.660+0000] {dag.py:3823} INFO - Setting next_dagrun for example_xcom to 2021-01-01 00:00:00+00:00, run_after=2021-01-01 00:00:00+00:00
[2026-03-26T22:55:48.672+0000] {processor.py:183} INFO - Processing /home/airflow/.local/lib/python3.8/site-packages/airflow/example_dags/example_xcom.py took 0.050 seconds
[2026-03-26T22:56:19.360+0000] {processor.py:161} INFO - Started process (PID=492) to work on /home/airflow/.local/lib/python3.8/site-packages/airflow/example_dags/example_xcom.py
[2026-03-26T22:56:19.361+0000] {processor.py:830} INFO - Processing file /home/airflow/.local/lib/python3.8/site-packages/airflow/example_dags/example_xcom.py for tasks to queue
[2026-03-26T22:56:19.362+0000] {logging_mixin.py:188} INFO - [2026-03-26T22:56:19.362+0000] {dagbag.py:538} INFO - Filling up the DagBag from /home/airflow/.local/lib/python3.8/site-packages/airflow/example_dags/example_xcom.py
[2026-03-26T22:56:19.367+0000] {processor.py:840} INFO - DAG(s) 'example_xcom' retrieved from /home/airflow/.local/lib/python3.8/site-packages/airflow/example_dags/example_xcom.py
[2026-03-26T22:56:19.380+0000] {logging_mixin.py:188} INFO - [2026-03-26T22:56:19.380+0000] {dag.py:3036} INFO - Sync 1 DAGs
[2026-03-26T22:56:19.392+0000] {logging_mixin.py:188} INFO - [2026-03-26T22:56:19.391+0000] {dag.py:3823} INFO - Setting next_dagrun for example_xcom to 2021-01-01 00:00:00+00:00, run_after=2021-01-01 00:00:00+00:00
[2026-03-26T22:56:19.403+0000] {processor.py:183} INFO - Processing /home/airflow/.local/lib/python3.8/site-packages/airflow/example_dags/example_xcom.py took 0.045 seconds
[2026-03-26T22:56:50.047+0000] {processor.py:161} INFO - Started process (PID=547) to work on /home/airflow/.local/lib/python3.8/site-packages/airflow/example_dags/example_xcom.py
[2026-03-26T22:56:50.047+0000] {processor.py:830} INFO - Processing file /home/airflow/.local/lib/python3.8/site-packages/airflow/example_dags/example_xcom.py for tasks to queue
[2026-03-26T22:56:50.049+0000] {logging_mixin.py:188} INFO - [2026-03-26T22:56:50.048+0000] {dagbag.py:538} INFO - Filling up the DagBag from /home/airflow/.local/lib/python3.8/site-packages/airflow/example_dags/example_xcom.py
[2026-03-26T22:56:50.053+0000] {processor.py:840} INFO - DAG(s) 'example_xcom' retrieved from /home/airflow/.local/lib/python3.8/site-packages/airflow/example_dags/example_xcom.py
[2026-03-26T22:56:50.066+0000] {logging_mixin.py:188} INFO - [2026-03-26T22:56:50.066+0000] {dag.py:3036} INFO - Sync 1 DAGs
[2026-03-26T22:56:50.078+0000] {logging_mixin.py:188} INFO - [2026-03-26T22:56:50.078+0000] {dag.py:3823} INFO - Setting next_dagrun for example_xcom to 2021-01-01 00:00:00+00:00, run_after=2021-01-01 00:00:00+00:00
[2026-03-26T22:56:50.090+0000] {processor.py:183} INFO - Processing /home/airflow/.local/lib/python3.8/site-packages/airflow/example_dags/example_xcom.py took 0.045 seconds
[2026-03-26T22:57:20.638+0000] {processor.py:161} INFO - Started process (PID=602) to work on /home/airflow/.local/lib/python3.8/site-packages/airflow/example_dags/example_xcom.py
[2026-03-26T22:57:20.638+0000] {processor.py:830} INFO - Processing file /home/airflow/.local/lib/python3.8/site-packages/airflow/example_dags/example_xcom.py for tasks to queue
[2026-03-26T22:57:20.640+0000] {logging_mixin.py:188} INFO - [2026-03-26T22:57:20.639+0000] {dagbag.py:538} INFO - Filling up the DagBag from /home/airflow/.local/lib/python3.8/site-packages/airflow/example_dags/example_xcom.py
[2026-03-26T22:57:20.645+0000] {processor.py:840} INFO - DAG(s) 'example_xcom' retrieved from /home/airflow/.local/lib/python3.8/site-packages/airflow/example_dags/example_xcom.py
[2026-03-26T22:57:20.660+0000] {logging_mixin.py:188} INFO - [2026-03-26T22:57:20.660+0000] {dag.py:3036} INFO - Sync 1 DAGs
[2026-03-26T22:57:20.672+0000] {logging_mixin.py:188} INFO - [2026-03-26T22:57:20.672+0000] {dag.py:3823} INFO - Setting next_dagrun for example_xcom to 2021-01-01 00:00:00+00:00, run_after=2021-01-01 00:00:00+00:00
[2026-03-26T22:57:20.686+0000] {processor.py:183} INFO - Processing /home/airflow/.local/lib/python3.8/site-packages/airflow/example_dags/example_xcom.py took 0.050 seconds
[2026-03-26T22:57:51.330+0000] {processor.py:161} INFO - Started process (PID=657) to work on /home/airflow/.local/lib/python3.8/site-packages/airflow/example_dags/example_xcom.py
[2026-03-26T22:57:51.330+0000] {processor.py:830} INFO - Processing file /home/airflow/.local/lib/python3.8/site-packages/airflow/example_dags/example_xcom.py for tasks to queue
[2026-03-26T22:57:51.331+0000] {logging_mixin.py:188} INFO - [2026-03-26T22:57:51.331+0000] {dagbag.py:538} INFO - Filling up the DagBag from /home/airflow/.local/lib/python3.8/site-packages/airflow/example_dags/example_xcom.py
[2026-03-26T22:57:51.336+0000] {processor.py:840} INFO - DAG(s) 'example_xcom' retrieved from /home/airflow/.local/lib/python3.8/site-packages/airflow/example_dags/example_xcom.py
[2026-03-26T22:57:51.350+0000] {logging_mixin.py:188} INFO - [2026-03-26T22:57:51.350+0000] {dag.py:3036} INFO - Sync 1 DAGs
[2026-03-26T22:57:51.370+0000] {logging_mixin.py:188} INFO - [2026-03-26T22:57:51.369+0000] {dag.py:3823} INFO - Setting next_dagrun for example_xcom to 2021-01-01 00:00:00+00:00, run_after=2021-01-01 00:00:00+00:00
[2026-03-26T22:57:51.384+0000] {processor.py:183} INFO - Processing /home/airflow/.local/lib/python3.8/site-packages/airflow/example_dags/example_xcom.py took 0.057 seconds
[2026-03-26T22:58:21.904+0000] {processor.py:161} INFO - Started process (PID=712) to work on /home/airflow/.local/lib/python3.8/site-packages/airflow/example_dags/example_xcom.py
[2026-03-26T22:58:21.906+0000] {processor.py:830} INFO - Processing file /home/airflow/.local/lib/python3.8/site-packages/airflow/example_dags/example_xcom.py for tasks to queue
[2026-03-26T22:58:21.907+0000] {logging_mixin.py:188} INFO - [2026-03-26T22:58:21.907+0000] {dagbag.py:538} INFO - Filling up the DagBag from /home/airflow/.local/lib/python3.8/site-packages/airflow/example_dags/example_xcom.py
[2026-03-26T22:58:21.912+0000] {processor.py:840} INFO - DAG(s) 'example_xcom' retrieved from /home/airflow/.local/lib/python3.8/site-packages/airflow/example_dags/example_xcom.py
[2026-03-26T22:58:21.926+0000] {logging_mixin.py:188} INFO - [2026-03-26T22:58:21.926+0000] {dag.py:3036} INFO - Sync 1 DAGs
[2026-03-26T22:58:21.938+0000] {logging_mixin.py:188} INFO - [2026-03-26T22:58:21.938+0000] {dag.py:3823} INFO - Setting next_dagrun for example_xcom to 2021-01-01 00:00:00+00:00, run_after=2021-01-01 00:00:00+00:00
[2026-03-26T22:58:21.951+0000] {processor.py:183} INFO - Processing /home/airflow/.local/lib/python3.8/site-packages/airflow/example_dags/example_xcom.py took 0.050 seconds
