[2026-03-26T22:45:50.070+0000] {processor.py:161} INFO - Started process (PID=56) to work on /home/airflow/.local/lib/python3.8/site-packages/airflow/example_dags/example_sensors.py
[2026-03-26T22:45:50.070+0000] {processor.py:830} INFO - Processing file /home/airflow/.local/lib/python3.8/site-packages/airflow/example_dags/example_sensors.py for tasks to queue
[2026-03-26T22:45:50.071+0000] {logging_mixin.py:188} INFO - [2026-03-26T22:45:50.071+0000] {dagbag.py:538} INFO - Filling up the DagBag from /home/airflow/.local/lib/python3.8/site-packages/airflow/example_dags/example_sensors.py
[2026-03-26T22:45:50.079+0000] {processor.py:840} INFO - DAG(s) 'example_sensors' retrieved from /home/airflow/.local/lib/python3.8/site-packages/airflow/example_dags/example_sensors.py
[2026-03-26T22:45:50.088+0000] {logging_mixin.py:188} INFO - [2026-03-26T22:45:50.088+0000] {dag.py:3036} INFO - Sync 1 DAGs
[2026-03-26T22:45:50.097+0000] {logging_mixin.py:188} INFO - [2026-03-26T22:45:50.097+0000] {dag.py:3823} INFO - Setting next_dagrun for example_sensors to None, run_after=None
[2026-03-26T22:45:50.114+0000] {processor.py:183} INFO - Processing /home/airflow/.local/lib/python3.8/site-packages/airflow/example_dags/example_sensors.py took 0.047 seconds
[2026-03-26T22:46:21.833+0000] {processor.py:161} INFO - Started process (PID=111) to work on /home/airflow/.local/lib/python3.8/site-packages/airflow/example_dags/example_sensors.py
[2026-03-26T22:46:21.834+0000] {processor.py:830} INFO - Processing file /home/airflow/.local/lib/python3.8/site-packages/airflow/example_dags/example_sensors.py for tasks to queue
[2026-03-26T22:46:21.836+0000] {logging_mixin.py:188} INFO - [2026-03-26T22:46:21.836+0000] {dagbag.py:538} INFO - Filling up the DagBag from /home/airflow/.local/lib/python3.8/site-packages/airflow/example_dags/example_sensors.py
[2026-03-26T22:46:21.846+0000] {processor.py:840} INFO - DAG(s) 'example_sensors' retrieved from /home/airflow/.local/lib/python3.8/site-packages/airflow/example_dags/example_sensors.py
[2026-03-26T22:46:21.945+0000] {logging_mixin.py:188} INFO - [2026-03-26T22:46:21.945+0000] {dag.py:3036} INFO - Sync 1 DAGs
[2026-03-26T22:46:21.952+0000] {logging_mixin.py:188} INFO - [2026-03-26T22:46:21.952+0000] {dag.py:3823} INFO - Setting next_dagrun for example_sensors to None, run_after=None
[2026-03-26T22:46:21.983+0000] {processor.py:183} INFO - Processing /home/airflow/.local/lib/python3.8/site-packages/airflow/example_dags/example_sensors.py took 0.155 seconds
[2026-03-26T22:46:52.809+0000] {processor.py:161} INFO - Started process (PID=166) to work on /home/airflow/.local/lib/python3.8/site-packages/airflow/example_dags/example_sensors.py
[2026-03-26T22:46:52.810+0000] {processor.py:830} INFO - Processing file /home/airflow/.local/lib/python3.8/site-packages/airflow/example_dags/example_sensors.py for tasks to queue
[2026-03-26T22:46:52.811+0000] {logging_mixin.py:188} INFO - [2026-03-26T22:46:52.810+0000] {dagbag.py:538} INFO - Filling up the DagBag from /home/airflow/.local/lib/python3.8/site-packages/airflow/example_dags/example_sensors.py
[2026-03-26T22:46:52.845+0000] {processor.py:840} INFO - DAG(s) 'example_sensors' retrieved from /home/airflow/.local/lib/python3.8/site-packages/airflow/example_dags/example_sensors.py
[2026-03-26T22:46:52.859+0000] {logging_mixin.py:188} INFO - [2026-03-26T22:46:52.859+0000] {dag.py:3036} INFO - Sync 1 DAGs
[2026-03-26T22:46:52.867+0000] {logging_mixin.py:188} INFO - [2026-03-26T22:46:52.867+0000] {dag.py:3823} INFO - Setting next_dagrun for example_sensors to None, run_after=None
[2026-03-26T22:46:52.878+0000] {processor.py:183} INFO - Processing /home/airflow/.local/lib/python3.8/site-packages/airflow/example_dags/example_sensors.py took 0.072 seconds
[2026-03-26T22:47:22.921+0000] {processor.py:161} INFO - Started process (PID=221) to work on /home/airflow/.local/lib/python3.8/site-packages/airflow/example_dags/example_sensors.py
[2026-03-26T22:47:22.924+0000] {processor.py:830} INFO - Processing file /home/airflow/.local/lib/python3.8/site-packages/airflow/example_dags/example_sensors.py for tasks to queue
[2026-03-26T22:47:22.927+0000] {logging_mixin.py:188} INFO - [2026-03-26T22:47:22.927+0000] {dagbag.py:538} INFO - Filling up the DagBag from /home/airflow/.local/lib/python3.8/site-packages/airflow/example_dags/example_sensors.py
[2026-03-26T22:47:22.937+0000] {processor.py:840} INFO - DAG(s) 'example_sensors' retrieved from /home/airflow/.local/lib/python3.8/site-packages/airflow/example_dags/example_sensors.py
[2026-03-26T22:47:22.962+0000] {logging_mixin.py:188} INFO - [2026-03-26T22:47:22.962+0000] {dag.py:3036} INFO - Sync 1 DAGs
[2026-03-26T22:47:22.976+0000] {logging_mixin.py:188} INFO - [2026-03-26T22:47:22.975+0000] {dag.py:3823} INFO - Setting next_dagrun for example_sensors to None, run_after=None
[2026-03-26T22:47:22.994+0000] {processor.py:183} INFO - Processing /home/airflow/.local/lib/python3.8/site-packages/airflow/example_dags/example_sensors.py took 0.076 seconds
[2026-03-26T22:47:53.362+0000] {processor.py:161} INFO - Started process (PID=276) to work on /home/airflow/.local/lib/python3.8/site-packages/airflow/example_dags/example_sensors.py
[2026-03-26T22:47:53.362+0000] {processor.py:830} INFO - Processing file /home/airflow/.local/lib/python3.8/site-packages/airflow/example_dags/example_sensors.py for tasks to queue
[2026-03-26T22:47:53.363+0000] {logging_mixin.py:188} INFO - [2026-03-26T22:47:53.363+0000] {dagbag.py:538} INFO - Filling up the DagBag from /home/airflow/.local/lib/python3.8/site-packages/airflow/example_dags/example_sensors.py
[2026-03-26T22:47:53.369+0000] {processor.py:840} INFO - DAG(s) 'example_sensors' retrieved from /home/airflow/.local/lib/python3.8/site-packages/airflow/example_dags/example_sensors.py
[2026-03-26T22:47:53.383+0000] {logging_mixin.py:188} INFO - [2026-03-26T22:47:53.383+0000] {dag.py:3036} INFO - Sync 1 DAGs
[2026-03-26T22:47:53.390+0000] {logging_mixin.py:188} INFO - [2026-03-26T22:47:53.390+0000] {dag.py:3823} INFO - Setting next_dagrun for example_sensors to None, run_after=None
[2026-03-26T22:47:53.400+0000] {processor.py:183} INFO - Processing /home/airflow/.local/lib/python3.8/site-packages/airflow/example_dags/example_sensors.py took 0.041 seconds
[2026-03-26T22:48:23.878+0000] {processor.py:161} INFO - Started process (PID=331) to work on /home/airflow/.local/lib/python3.8/site-packages/airflow/example_dags/example_sensors.py
[2026-03-26T22:48:23.878+0000] {processor.py:830} INFO - Processing file /home/airflow/.local/lib/python3.8/site-packages/airflow/example_dags/example_sensors.py for tasks to queue
[2026-03-26T22:48:23.880+0000] {logging_mixin.py:188} INFO - [2026-03-26T22:48:23.879+0000] {dagbag.py:538} INFO - Filling up the DagBag from /home/airflow/.local/lib/python3.8/site-packages/airflow/example_dags/example_sensors.py
[2026-03-26T22:48:23.885+0000] {processor.py:840} INFO - DAG(s) 'example_sensors' retrieved from /home/airflow/.local/lib/python3.8/site-packages/airflow/example_dags/example_sensors.py
[2026-03-26T22:48:23.899+0000] {logging_mixin.py:188} INFO - [2026-03-26T22:48:23.899+0000] {dag.py:3036} INFO - Sync 1 DAGs
[2026-03-26T22:48:23.906+0000] {logging_mixin.py:188} INFO - [2026-03-26T22:48:23.906+0000] {dag.py:3823} INFO - Setting next_dagrun for example_sensors to None, run_after=None
[2026-03-26T22:48:23.916+0000] {processor.py:183} INFO - Processing /home/airflow/.local/lib/python3.8/site-packages/airflow/example_dags/example_sensors.py took 0.040 seconds
[2026-03-26T22:48:54.453+0000] {processor.py:161} INFO - Started process (PID=391) to work on /home/airflow/.local/lib/python3.8/site-packages/airflow/example_dags/example_sensors.py
[2026-03-26T22:48:54.454+0000] {processor.py:830} INFO - Processing file /home/airflow/.local/lib/python3.8/site-packages/airflow/example_dags/example_sensors.py for tasks to queue
[2026-03-26T22:48:54.455+0000] {logging_mixin.py:188} INFO - [2026-03-26T22:48:54.455+0000] {dagbag.py:538} INFO - Filling up the DagBag from /home/airflow/.local/lib/python3.8/site-packages/airflow/example_dags/example_sensors.py
[2026-03-26T22:48:54.461+0000] {processor.py:840} INFO - DAG(s) 'example_sensors' retrieved from /home/airflow/.local/lib/python3.8/site-packages/airflow/example_dags/example_sensors.py
[2026-03-26T22:48:54.478+0000] {logging_mixin.py:188} INFO - [2026-03-26T22:48:54.478+0000] {dag.py:3036} INFO - Sync 1 DAGs
[2026-03-26T22:48:54.485+0000] {logging_mixin.py:188} INFO - [2026-03-26T22:48:54.484+0000] {dag.py:3823} INFO - Setting next_dagrun for example_sensors to None, run_after=None
[2026-03-26T22:48:54.495+0000] {processor.py:183} INFO - Processing /home/airflow/.local/lib/python3.8/site-packages/airflow/example_dags/example_sensors.py took 0.044 seconds
[2026-03-26T22:49:24.925+0000] {processor.py:161} INFO - Started process (PID=445) to work on /home/airflow/.local/lib/python3.8/site-packages/airflow/example_dags/example_sensors.py
[2026-03-26T22:49:24.926+0000] {processor.py:830} INFO - Processing file /home/airflow/.local/lib/python3.8/site-packages/airflow/example_dags/example_sensors.py for tasks to queue
[2026-03-26T22:49:24.928+0000] {logging_mixin.py:188} INFO - [2026-03-26T22:49:24.928+0000] {dagbag.py:538} INFO - Filling up the DagBag from /home/airflow/.local/lib/python3.8/site-packages/airflow/example_dags/example_sensors.py
[2026-03-26T22:49:24.934+0000] {processor.py:840} INFO - DAG(s) 'example_sensors' retrieved from /home/airflow/.local/lib/python3.8/site-packages/airflow/example_dags/example_sensors.py
[2026-03-26T22:49:24.950+0000] {logging_mixin.py:188} INFO - [2026-03-26T22:49:24.950+0000] {dag.py:3036} INFO - Sync 1 DAGs
[2026-03-26T22:49:24.956+0000] {logging_mixin.py:188} INFO - [2026-03-26T22:49:24.956+0000] {dag.py:3823} INFO - Setting next_dagrun for example_sensors to None, run_after=None
[2026-03-26T22:49:24.968+0000] {processor.py:183} INFO - Processing /home/airflow/.local/lib/python3.8/site-packages/airflow/example_dags/example_sensors.py took 0.045 seconds
[2026-03-26T22:49:55.430+0000] {processor.py:161} INFO - Started process (PID=500) to work on /home/airflow/.local/lib/python3.8/site-packages/airflow/example_dags/example_sensors.py
[2026-03-26T22:49:55.431+0000] {processor.py:830} INFO - Processing file /home/airflow/.local/lib/python3.8/site-packages/airflow/example_dags/example_sensors.py for tasks to queue
[2026-03-26T22:49:55.432+0000] {logging_mixin.py:188} INFO - [2026-03-26T22:49:55.432+0000] {dagbag.py:538} INFO - Filling up the DagBag from /home/airflow/.local/lib/python3.8/site-packages/airflow/example_dags/example_sensors.py
[2026-03-26T22:49:55.437+0000] {processor.py:840} INFO - DAG(s) 'example_sensors' retrieved from /home/airflow/.local/lib/python3.8/site-packages/airflow/example_dags/example_sensors.py
[2026-03-26T22:49:55.453+0000] {logging_mixin.py:188} INFO - [2026-03-26T22:49:55.453+0000] {dag.py:3036} INFO - Sync 1 DAGs
[2026-03-26T22:49:55.460+0000] {logging_mixin.py:188} INFO - [2026-03-26T22:49:55.460+0000] {dag.py:3823} INFO - Setting next_dagrun for example_sensors to None, run_after=None
[2026-03-26T22:49:55.471+0000] {processor.py:183} INFO - Processing /home/airflow/.local/lib/python3.8/site-packages/airflow/example_dags/example_sensors.py took 0.043 seconds
[2026-03-26T22:50:26.063+0000] {processor.py:161} INFO - Started process (PID=555) to work on /home/airflow/.local/lib/python3.8/site-packages/airflow/example_dags/example_sensors.py
[2026-03-26T22:50:26.064+0000] {processor.py:830} INFO - Processing file /home/airflow/.local/lib/python3.8/site-packages/airflow/example_dags/example_sensors.py for tasks to queue
[2026-03-26T22:50:26.065+0000] {logging_mixin.py:188} INFO - [2026-03-26T22:50:26.065+0000] {dagbag.py:538} INFO - Filling up the DagBag from /home/airflow/.local/lib/python3.8/site-packages/airflow/example_dags/example_sensors.py
[2026-03-26T22:50:26.071+0000] {processor.py:840} INFO - DAG(s) 'example_sensors' retrieved from /home/airflow/.local/lib/python3.8/site-packages/airflow/example_dags/example_sensors.py
[2026-03-26T22:50:26.085+0000] {logging_mixin.py:188} INFO - [2026-03-26T22:50:26.085+0000] {dag.py:3036} INFO - Sync 1 DAGs
[2026-03-26T22:50:26.092+0000] {logging_mixin.py:188} INFO - [2026-03-26T22:50:26.092+0000] {dag.py:3823} INFO - Setting next_dagrun for example_sensors to None, run_after=None
[2026-03-26T22:50:26.102+0000] {processor.py:183} INFO - Processing /home/airflow/.local/lib/python3.8/site-packages/airflow/example_dags/example_sensors.py took 0.041 seconds
[2026-03-26T22:50:56.898+0000] {processor.py:161} INFO - Started process (PID=610) to work on /home/airflow/.local/lib/python3.8/site-packages/airflow/example_dags/example_sensors.py
[2026-03-26T22:50:56.899+0000] {processor.py:830} INFO - Processing file /home/airflow/.local/lib/python3.8/site-packages/airflow/example_dags/example_sensors.py for tasks to queue
[2026-03-26T22:50:56.900+0000] {logging_mixin.py:188} INFO - [2026-03-26T22:50:56.900+0000] {dagbag.py:538} INFO - Filling up the DagBag from /home/airflow/.local/lib/python3.8/site-packages/airflow/example_dags/example_sensors.py
[2026-03-26T22:50:56.905+0000] {processor.py:840} INFO - DAG(s) 'example_sensors' retrieved from /home/airflow/.local/lib/python3.8/site-packages/airflow/example_dags/example_sensors.py
[2026-03-26T22:50:56.920+0000] {logging_mixin.py:188} INFO - [2026-03-26T22:50:56.920+0000] {dag.py:3036} INFO - Sync 1 DAGs
[2026-03-26T22:50:56.926+0000] {logging_mixin.py:188} INFO - [2026-03-26T22:50:56.926+0000] {dag.py:3823} INFO - Setting next_dagrun for example_sensors to None, run_after=None
[2026-03-26T22:50:56.936+0000] {processor.py:183} INFO - Processing /home/airflow/.local/lib/python3.8/site-packages/airflow/example_dags/example_sensors.py took 0.040 seconds
[2026-03-26T22:51:27.476+0000] {processor.py:161} INFO - Started process (PID=665) to work on /home/airflow/.local/lib/python3.8/site-packages/airflow/example_dags/example_sensors.py
[2026-03-26T22:51:27.476+0000] {processor.py:830} INFO - Processing file /home/airflow/.local/lib/python3.8/site-packages/airflow/example_dags/example_sensors.py for tasks to queue
[2026-03-26T22:51:27.478+0000] {logging_mixin.py:188} INFO - [2026-03-26T22:51:27.477+0000] {dagbag.py:538} INFO - Filling up the DagBag from /home/airflow/.local/lib/python3.8/site-packages/airflow/example_dags/example_sensors.py
[2026-03-26T22:51:27.483+0000] {processor.py:840} INFO - DAG(s) 'example_sensors' retrieved from /home/airflow/.local/lib/python3.8/site-packages/airflow/example_dags/example_sensors.py
[2026-03-26T22:51:27.498+0000] {logging_mixin.py:188} INFO - [2026-03-26T22:51:27.498+0000] {dag.py:3036} INFO - Sync 1 DAGs
[2026-03-26T22:51:27.505+0000] {logging_mixin.py:188} INFO - [2026-03-26T22:51:27.505+0000] {dag.py:3823} INFO - Setting next_dagrun for example_sensors to None, run_after=None
[2026-03-26T22:51:27.516+0000] {processor.py:183} INFO - Processing /home/airflow/.local/lib/python3.8/site-packages/airflow/example_dags/example_sensors.py took 0.043 seconds
[2026-03-26T22:52:15.416+0000] {processor.py:161} INFO - Started process (PID=50) to work on /home/airflow/.local/lib/python3.8/site-packages/airflow/example_dags/example_sensors.py
[2026-03-26T22:52:15.417+0000] {processor.py:830} INFO - Processing file /home/airflow/.local/lib/python3.8/site-packages/airflow/example_dags/example_sensors.py for tasks to queue
[2026-03-26T22:52:15.418+0000] {logging_mixin.py:188} INFO - [2026-03-26T22:52:15.418+0000] {dagbag.py:538} INFO - Filling up the DagBag from /home/airflow/.local/lib/python3.8/site-packages/airflow/example_dags/example_sensors.py
[2026-03-26T22:52:15.427+0000] {processor.py:840} INFO - DAG(s) 'example_sensors' retrieved from /home/airflow/.local/lib/python3.8/site-packages/airflow/example_dags/example_sensors.py
[2026-03-26T22:52:15.435+0000] {logging_mixin.py:188} INFO - [2026-03-26T22:52:15.435+0000] {dag.py:3036} INFO - Sync 1 DAGs
[2026-03-26T22:52:15.443+0000] {logging_mixin.py:188} INFO - [2026-03-26T22:52:15.443+0000] {dag.py:3823} INFO - Setting next_dagrun for example_sensors to None, run_after=None
[2026-03-26T22:52:15.455+0000] {processor.py:183} INFO - Processing /home/airflow/.local/lib/python3.8/site-packages/airflow/example_dags/example_sensors.py took 0.041 seconds
[2026-03-26T22:52:45.906+0000] {processor.py:161} INFO - Started process (PID=111) to work on /home/airflow/.local/lib/python3.8/site-packages/airflow/example_dags/example_sensors.py
[2026-03-26T22:52:45.906+0000] {processor.py:830} INFO - Processing file /home/airflow/.local/lib/python3.8/site-packages/airflow/example_dags/example_sensors.py for tasks to queue
[2026-03-26T22:52:45.907+0000] {logging_mixin.py:188} INFO - [2026-03-26T22:52:45.907+0000] {dagbag.py:538} INFO - Filling up the DagBag from /home/airflow/.local/lib/python3.8/site-packages/airflow/example_dags/example_sensors.py
[2026-03-26T22:52:45.913+0000] {processor.py:840} INFO - DAG(s) 'example_sensors' retrieved from /home/airflow/.local/lib/python3.8/site-packages/airflow/example_dags/example_sensors.py
[2026-03-26T22:52:45.972+0000] {logging_mixin.py:188} INFO - [2026-03-26T22:52:45.972+0000] {dag.py:3036} INFO - Sync 1 DAGs
[2026-03-26T22:52:45.977+0000] {logging_mixin.py:188} INFO - [2026-03-26T22:52:45.977+0000] {dag.py:3823} INFO - Setting next_dagrun for example_sensors to None, run_after=None
[2026-03-26T22:52:45.990+0000] {processor.py:183} INFO - Processing /home/airflow/.local/lib/python3.8/site-packages/airflow/example_dags/example_sensors.py took 0.087 seconds
[2026-03-26T22:53:16.493+0000] {processor.py:161} INFO - Started process (PID=166) to work on /home/airflow/.local/lib/python3.8/site-packages/airflow/example_dags/example_sensors.py
[2026-03-26T22:53:16.496+0000] {processor.py:830} INFO - Processing file /home/airflow/.local/lib/python3.8/site-packages/airflow/example_dags/example_sensors.py for tasks to queue
[2026-03-26T22:53:16.498+0000] {logging_mixin.py:188} INFO - [2026-03-26T22:53:16.497+0000] {dagbag.py:538} INFO - Filling up the DagBag from /home/airflow/.local/lib/python3.8/site-packages/airflow/example_dags/example_sensors.py
[2026-03-26T22:53:16.504+0000] {processor.py:840} INFO - DAG(s) 'example_sensors' retrieved from /home/airflow/.local/lib/python3.8/site-packages/airflow/example_dags/example_sensors.py
[2026-03-26T22:53:16.519+0000] {logging_mixin.py:188} INFO - [2026-03-26T22:53:16.519+0000] {dag.py:3036} INFO - Sync 1 DAGs
[2026-03-26T22:53:16.526+0000] {logging_mixin.py:188} INFO - [2026-03-26T22:53:16.526+0000] {dag.py:3823} INFO - Setting next_dagrun for example_sensors to None, run_after=None
[2026-03-26T22:53:16.538+0000] {processor.py:183} INFO - Processing /home/airflow/.local/lib/python3.8/site-packages/airflow/example_dags/example_sensors.py took 0.047 seconds
[2026-03-26T22:53:46.740+0000] {processor.py:161} INFO - Started process (PID=221) to work on /home/airflow/.local/lib/python3.8/site-packages/airflow/example_dags/example_sensors.py
[2026-03-26T22:53:46.740+0000] {processor.py:830} INFO - Processing file /home/airflow/.local/lib/python3.8/site-packages/airflow/example_dags/example_sensors.py for tasks to queue
[2026-03-26T22:53:46.742+0000] {logging_mixin.py:188} INFO - [2026-03-26T22:53:46.742+0000] {dagbag.py:538} INFO - Filling up the DagBag from /home/airflow/.local/lib/python3.8/site-packages/airflow/example_dags/example_sensors.py
[2026-03-26T22:53:46.748+0000] {processor.py:840} INFO - DAG(s) 'example_sensors' retrieved from /home/airflow/.local/lib/python3.8/site-packages/airflow/example_dags/example_sensors.py
[2026-03-26T22:53:46.764+0000] {logging_mixin.py:188} INFO - [2026-03-26T22:53:46.764+0000] {dag.py:3036} INFO - Sync 1 DAGs
[2026-03-26T22:53:46.772+0000] {logging_mixin.py:188} INFO - [2026-03-26T22:53:46.772+0000] {dag.py:3823} INFO - Setting next_dagrun for example_sensors to None, run_after=None
[2026-03-26T22:53:46.784+0000] {processor.py:183} INFO - Processing /home/airflow/.local/lib/python3.8/site-packages/airflow/example_dags/example_sensors.py took 0.047 seconds
[2026-03-26T22:54:16.854+0000] {processor.py:161} INFO - Started process (PID=276) to work on /home/airflow/.local/lib/python3.8/site-packages/airflow/example_dags/example_sensors.py
[2026-03-26T22:54:16.855+0000] {processor.py:830} INFO - Processing file /home/airflow/.local/lib/python3.8/site-packages/airflow/example_dags/example_sensors.py for tasks to queue
[2026-03-26T22:54:16.857+0000] {logging_mixin.py:188} INFO - [2026-03-26T22:54:16.856+0000] {dagbag.py:538} INFO - Filling up the DagBag from /home/airflow/.local/lib/python3.8/site-packages/airflow/example_dags/example_sensors.py
[2026-03-26T22:54:16.862+0000] {processor.py:840} INFO - DAG(s) 'example_sensors' retrieved from /home/airflow/.local/lib/python3.8/site-packages/airflow/example_dags/example_sensors.py
[2026-03-26T22:54:16.879+0000] {logging_mixin.py:188} INFO - [2026-03-26T22:54:16.879+0000] {dag.py:3036} INFO - Sync 1 DAGs
[2026-03-26T22:54:16.886+0000] {logging_mixin.py:188} INFO - [2026-03-26T22:54:16.886+0000] {dag.py:3823} INFO - Setting next_dagrun for example_sensors to None, run_after=None
[2026-03-26T22:54:16.897+0000] {processor.py:183} INFO - Processing /home/airflow/.local/lib/python3.8/site-packages/airflow/example_dags/example_sensors.py took 0.048 seconds
[2026-03-26T22:54:47.587+0000] {processor.py:161} INFO - Started process (PID=331) to work on /home/airflow/.local/lib/python3.8/site-packages/airflow/example_dags/example_sensors.py
[2026-03-26T22:54:47.587+0000] {processor.py:830} INFO - Processing file /home/airflow/.local/lib/python3.8/site-packages/airflow/example_dags/example_sensors.py for tasks to queue
[2026-03-26T22:54:47.589+0000] {logging_mixin.py:188} INFO - [2026-03-26T22:54:47.589+0000] {dagbag.py:538} INFO - Filling up the DagBag from /home/airflow/.local/lib/python3.8/site-packages/airflow/example_dags/example_sensors.py
[2026-03-26T22:54:47.595+0000] {processor.py:840} INFO - DAG(s) 'example_sensors' retrieved from /home/airflow/.local/lib/python3.8/site-packages/airflow/example_dags/example_sensors.py
[2026-03-26T22:54:47.609+0000] {logging_mixin.py:188} INFO - [2026-03-26T22:54:47.609+0000] {dag.py:3036} INFO - Sync 1 DAGs
[2026-03-26T22:54:47.616+0000] {logging_mixin.py:188} INFO - [2026-03-26T22:54:47.616+0000] {dag.py:3823} INFO - Setting next_dagrun for example_sensors to None, run_after=None
[2026-03-26T22:54:47.630+0000] {processor.py:183} INFO - Processing /home/airflow/.local/lib/python3.8/site-packages/airflow/example_dags/example_sensors.py took 0.045 seconds
[2026-03-26T22:55:18.142+0000] {processor.py:161} INFO - Started process (PID=386) to work on /home/airflow/.local/lib/python3.8/site-packages/airflow/example_dags/example_sensors.py
[2026-03-26T22:55:18.142+0000] {processor.py:830} INFO - Processing file /home/airflow/.local/lib/python3.8/site-packages/airflow/example_dags/example_sensors.py for tasks to queue
[2026-03-26T22:55:18.144+0000] {logging_mixin.py:188} INFO - [2026-03-26T22:55:18.143+0000] {dagbag.py:538} INFO - Filling up the DagBag from /home/airflow/.local/lib/python3.8/site-packages/airflow/example_dags/example_sensors.py
[2026-03-26T22:55:18.149+0000] {processor.py:840} INFO - DAG(s) 'example_sensors' retrieved from /home/airflow/.local/lib/python3.8/site-packages/airflow/example_dags/example_sensors.py
[2026-03-26T22:55:18.165+0000] {logging_mixin.py:188} INFO - [2026-03-26T22:55:18.165+0000] {dag.py:3036} INFO - Sync 1 DAGs
[2026-03-26T22:55:18.173+0000] {logging_mixin.py:188} INFO - [2026-03-26T22:55:18.173+0000] {dag.py:3823} INFO - Setting next_dagrun for example_sensors to None, run_after=None
[2026-03-26T22:55:18.186+0000] {processor.py:183} INFO - Processing /home/airflow/.local/lib/python3.8/site-packages/airflow/example_dags/example_sensors.py took 0.047 seconds
[2026-03-26T22:55:48.704+0000] {processor.py:161} INFO - Started process (PID=441) to work on /home/airflow/.local/lib/python3.8/site-packages/airflow/example_dags/example_sensors.py
[2026-03-26T22:55:48.705+0000] {processor.py:830} INFO - Processing file /home/airflow/.local/lib/python3.8/site-packages/airflow/example_dags/example_sensors.py for tasks to queue
[2026-03-26T22:55:48.706+0000] {logging_mixin.py:188} INFO - [2026-03-26T22:55:48.706+0000] {dagbag.py:538} INFO - Filling up the DagBag from /home/airflow/.local/lib/python3.8/site-packages/airflow/example_dags/example_sensors.py
[2026-03-26T22:55:48.711+0000] {processor.py:840} INFO - DAG(s) 'example_sensors' retrieved from /home/airflow/.local/lib/python3.8/site-packages/airflow/example_dags/example_sensors.py
[2026-03-26T22:55:48.728+0000] {logging_mixin.py:188} INFO - [2026-03-26T22:55:48.727+0000] {dag.py:3036} INFO - Sync 1 DAGs
[2026-03-26T22:55:48.735+0000] {logging_mixin.py:188} INFO - [2026-03-26T22:55:48.735+0000] {dag.py:3823} INFO - Setting next_dagrun for example_sensors to None, run_after=None
[2026-03-26T22:55:48.747+0000] {processor.py:183} INFO - Processing /home/airflow/.local/lib/python3.8/site-packages/airflow/example_dags/example_sensors.py took 0.046 seconds
[2026-03-26T22:56:19.441+0000] {processor.py:161} INFO - Started process (PID=495) to work on /home/airflow/.local/lib/python3.8/site-packages/airflow/example_dags/example_sensors.py
[2026-03-26T22:56:19.442+0000] {processor.py:830} INFO - Processing file /home/airflow/.local/lib/python3.8/site-packages/airflow/example_dags/example_sensors.py for tasks to queue
[2026-03-26T22:56:19.443+0000] {logging_mixin.py:188} INFO - [2026-03-26T22:56:19.443+0000] {dagbag.py:538} INFO - Filling up the DagBag from /home/airflow/.local/lib/python3.8/site-packages/airflow/example_dags/example_sensors.py
[2026-03-26T22:56:19.449+0000] {processor.py:840} INFO - DAG(s) 'example_sensors' retrieved from /home/airflow/.local/lib/python3.8/site-packages/airflow/example_dags/example_sensors.py
[2026-03-26T22:56:19.465+0000] {logging_mixin.py:188} INFO - [2026-03-26T22:56:19.464+0000] {dag.py:3036} INFO - Sync 1 DAGs
[2026-03-26T22:56:19.473+0000] {logging_mixin.py:188} INFO - [2026-03-26T22:56:19.473+0000] {dag.py:3823} INFO - Setting next_dagrun for example_sensors to None, run_after=None
[2026-03-26T22:56:19.491+0000] {processor.py:183} INFO - Processing /home/airflow/.local/lib/python3.8/site-packages/airflow/example_dags/example_sensors.py took 0.052 seconds
[2026-03-26T22:56:50.123+0000] {processor.py:161} INFO - Started process (PID=550) to work on /home/airflow/.local/lib/python3.8/site-packages/airflow/example_dags/example_sensors.py
[2026-03-26T22:56:50.124+0000] {processor.py:830} INFO - Processing file /home/airflow/.local/lib/python3.8/site-packages/airflow/example_dags/example_sensors.py for tasks to queue
[2026-03-26T22:56:50.125+0000] {logging_mixin.py:188} INFO - [2026-03-26T22:56:50.125+0000] {dagbag.py:538} INFO - Filling up the DagBag from /home/airflow/.local/lib/python3.8/site-packages/airflow/example_dags/example_sensors.py
[2026-03-26T22:56:50.130+0000] {processor.py:840} INFO - DAG(s) 'example_sensors' retrieved from /home/airflow/.local/lib/python3.8/site-packages/airflow/example_dags/example_sensors.py
[2026-03-26T22:56:50.146+0000] {logging_mixin.py:188} INFO - [2026-03-26T22:56:50.145+0000] {dag.py:3036} INFO - Sync 1 DAGs
[2026-03-26T22:56:50.153+0000] {logging_mixin.py:188} INFO - [2026-03-26T22:56:50.152+0000] {dag.py:3823} INFO - Setting next_dagrun for example_sensors to None, run_after=None
[2026-03-26T22:56:50.164+0000] {processor.py:183} INFO - Processing /home/airflow/.local/lib/python3.8/site-packages/airflow/example_dags/example_sensors.py took 0.043 seconds
[2026-03-26T22:57:20.711+0000] {processor.py:161} INFO - Started process (PID=605) to work on /home/airflow/.local/lib/python3.8/site-packages/airflow/example_dags/example_sensors.py
[2026-03-26T22:57:20.712+0000] {processor.py:830} INFO - Processing file /home/airflow/.local/lib/python3.8/site-packages/airflow/example_dags/example_sensors.py for tasks to queue
[2026-03-26T22:57:20.713+0000] {logging_mixin.py:188} INFO - [2026-03-26T22:57:20.713+0000] {dagbag.py:538} INFO - Filling up the DagBag from /home/airflow/.local/lib/python3.8/site-packages/airflow/example_dags/example_sensors.py
[2026-03-26T22:57:20.719+0000] {processor.py:840} INFO - DAG(s) 'example_sensors' retrieved from /home/airflow/.local/lib/python3.8/site-packages/airflow/example_dags/example_sensors.py
[2026-03-26T22:57:20.734+0000] {logging_mixin.py:188} INFO - [2026-03-26T22:57:20.733+0000] {dag.py:3036} INFO - Sync 1 DAGs
[2026-03-26T22:57:20.740+0000] {logging_mixin.py:188} INFO - [2026-03-26T22:57:20.740+0000] {dag.py:3823} INFO - Setting next_dagrun for example_sensors to None, run_after=None
[2026-03-26T22:57:20.753+0000] {processor.py:183} INFO - Processing /home/airflow/.local/lib/python3.8/site-packages/airflow/example_dags/example_sensors.py took 0.044 seconds
[2026-03-26T22:57:51.420+0000] {processor.py:161} INFO - Started process (PID=660) to work on /home/airflow/.local/lib/python3.8/site-packages/airflow/example_dags/example_sensors.py
[2026-03-26T22:57:51.421+0000] {processor.py:830} INFO - Processing file /home/airflow/.local/lib/python3.8/site-packages/airflow/example_dags/example_sensors.py for tasks to queue
[2026-03-26T22:57:51.422+0000] {logging_mixin.py:188} INFO - [2026-03-26T22:57:51.422+0000] {dagbag.py:538} INFO - Filling up the DagBag from /home/airflow/.local/lib/python3.8/site-packages/airflow/example_dags/example_sensors.py
[2026-03-26T22:57:51.429+0000] {processor.py:840} INFO - DAG(s) 'example_sensors' retrieved from /home/airflow/.local/lib/python3.8/site-packages/airflow/example_dags/example_sensors.py
[2026-03-26T22:57:51.444+0000] {logging_mixin.py:188} INFO - [2026-03-26T22:57:51.443+0000] {dag.py:3036} INFO - Sync 1 DAGs
[2026-03-26T22:57:51.450+0000] {logging_mixin.py:188} INFO - [2026-03-26T22:57:51.450+0000] {dag.py:3823} INFO - Setting next_dagrun for example_sensors to None, run_after=None
[2026-03-26T22:57:51.460+0000] {processor.py:183} INFO - Processing /home/airflow/.local/lib/python3.8/site-packages/airflow/example_dags/example_sensors.py took 0.043 seconds
[2026-03-26T22:58:21.981+0000] {processor.py:161} INFO - Started process (PID=715) to work on /home/airflow/.local/lib/python3.8/site-packages/airflow/example_dags/example_sensors.py
[2026-03-26T22:58:21.982+0000] {processor.py:830} INFO - Processing file /home/airflow/.local/lib/python3.8/site-packages/airflow/example_dags/example_sensors.py for tasks to queue
[2026-03-26T22:58:21.984+0000] {logging_mixin.py:188} INFO - [2026-03-26T22:58:21.983+0000] {dagbag.py:538} INFO - Filling up the DagBag from /home/airflow/.local/lib/python3.8/site-packages/airflow/example_dags/example_sensors.py
[2026-03-26T22:58:21.989+0000] {processor.py:840} INFO - DAG(s) 'example_sensors' retrieved from /home/airflow/.local/lib/python3.8/site-packages/airflow/example_dags/example_sensors.py
[2026-03-26T22:58:22.006+0000] {logging_mixin.py:188} INFO - [2026-03-26T22:58:22.006+0000] {dag.py:3036} INFO - Sync 1 DAGs
[2026-03-26T22:58:22.013+0000] {logging_mixin.py:188} INFO - [2026-03-26T22:58:22.013+0000] {dag.py:3823} INFO - Setting next_dagrun for example_sensors to None, run_after=None
[2026-03-26T22:58:22.024+0000] {processor.py:183} INFO - Processing /home/airflow/.local/lib/python3.8/site-packages/airflow/example_dags/example_sensors.py took 0.045 seconds
