[2026-03-26T22:45:51.107+0000] {processor.py:161} INFO - Started process (PID=83) to work on /home/airflow/.local/lib/python3.8/site-packages/airflow/example_dags/example_complex.py
[2026-03-26T22:45:51.108+0000] {processor.py:830} INFO - Processing file /home/airflow/.local/lib/python3.8/site-packages/airflow/example_dags/example_complex.py for tasks to queue
[2026-03-26T22:45:51.109+0000] {logging_mixin.py:188} INFO - [2026-03-26T22:45:51.109+0000] {dagbag.py:538} INFO - Filling up the DagBag from /home/airflow/.local/lib/python3.8/site-packages/airflow/example_dags/example_complex.py
[2026-03-26T22:45:51.116+0000] {processor.py:840} INFO - DAG(s) 'example_complex' retrieved from /home/airflow/.local/lib/python3.8/site-packages/airflow/example_dags/example_complex.py
[2026-03-26T22:45:51.126+0000] {logging_mixin.py:188} INFO - [2026-03-26T22:45:51.126+0000] {dag.py:3036} INFO - Sync 1 DAGs
[2026-03-26T22:45:51.134+0000] {logging_mixin.py:188} INFO - [2026-03-26T22:45:51.134+0000] {dag.py:3823} INFO - Setting next_dagrun for example_complex to None, run_after=None
[2026-03-26T22:45:51.146+0000] {processor.py:183} INFO - Processing /home/airflow/.local/lib/python3.8/site-packages/airflow/example_dags/example_complex.py took 0.042 seconds
[2026-03-26T22:46:23.798+0000] {processor.py:161} INFO - Started process (PID=138) to work on /home/airflow/.local/lib/python3.8/site-packages/airflow/example_dags/example_complex.py
[2026-03-26T22:46:23.800+0000] {processor.py:830} INFO - Processing file /home/airflow/.local/lib/python3.8/site-packages/airflow/example_dags/example_complex.py for tasks to queue
[2026-03-26T22:46:23.801+0000] {logging_mixin.py:188} INFO - [2026-03-26T22:46:23.801+0000] {dagbag.py:538} INFO - Filling up the DagBag from /home/airflow/.local/lib/python3.8/site-packages/airflow/example_dags/example_complex.py
[2026-03-26T22:46:23.807+0000] {processor.py:840} INFO - DAG(s) 'example_complex' retrieved from /home/airflow/.local/lib/python3.8/site-packages/airflow/example_dags/example_complex.py
[2026-03-26T22:46:23.883+0000] {logging_mixin.py:188} INFO - [2026-03-26T22:46:23.883+0000] {dag.py:3036} INFO - Sync 1 DAGs
[2026-03-26T22:46:23.894+0000] {logging_mixin.py:188} INFO - [2026-03-26T22:46:23.894+0000] {dag.py:3823} INFO - Setting next_dagrun for example_complex to None, run_after=None
[2026-03-26T22:46:23.907+0000] {processor.py:183} INFO - Processing /home/airflow/.local/lib/python3.8/site-packages/airflow/example_dags/example_complex.py took 0.111 seconds
[2026-03-26T22:46:54.759+0000] {processor.py:161} INFO - Started process (PID=199) to work on /home/airflow/.local/lib/python3.8/site-packages/airflow/example_dags/example_complex.py
[2026-03-26T22:46:54.760+0000] {processor.py:830} INFO - Processing file /home/airflow/.local/lib/python3.8/site-packages/airflow/example_dags/example_complex.py for tasks to queue
[2026-03-26T22:46:54.761+0000] {logging_mixin.py:188} INFO - [2026-03-26T22:46:54.761+0000] {dagbag.py:538} INFO - Filling up the DagBag from /home/airflow/.local/lib/python3.8/site-packages/airflow/example_dags/example_complex.py
[2026-03-26T22:46:54.767+0000] {processor.py:840} INFO - DAG(s) 'example_complex' retrieved from /home/airflow/.local/lib/python3.8/site-packages/airflow/example_dags/example_complex.py
[2026-03-26T22:46:54.784+0000] {logging_mixin.py:188} INFO - [2026-03-26T22:46:54.784+0000] {dag.py:3036} INFO - Sync 1 DAGs
[2026-03-26T22:46:54.791+0000] {logging_mixin.py:188} INFO - [2026-03-26T22:46:54.791+0000] {dag.py:3823} INFO - Setting next_dagrun for example_complex to None, run_after=None
[2026-03-26T22:46:54.807+0000] {processor.py:183} INFO - Processing /home/airflow/.local/lib/python3.8/site-packages/airflow/example_dags/example_complex.py took 0.050 seconds
[2026-03-26T22:47:25.620+0000] {processor.py:161} INFO - Started process (PID=254) to work on /home/airflow/.local/lib/python3.8/site-packages/airflow/example_dags/example_complex.py
[2026-03-26T22:47:25.621+0000] {processor.py:830} INFO - Processing file /home/airflow/.local/lib/python3.8/site-packages/airflow/example_dags/example_complex.py for tasks to queue
[2026-03-26T22:47:25.623+0000] {logging_mixin.py:188} INFO - [2026-03-26T22:47:25.622+0000] {dagbag.py:538} INFO - Filling up the DagBag from /home/airflow/.local/lib/python3.8/site-packages/airflow/example_dags/example_complex.py
[2026-03-26T22:47:25.629+0000] {processor.py:840} INFO - DAG(s) 'example_complex' retrieved from /home/airflow/.local/lib/python3.8/site-packages/airflow/example_dags/example_complex.py
[2026-03-26T22:47:25.648+0000] {logging_mixin.py:188} INFO - [2026-03-26T22:47:25.648+0000] {dag.py:3036} INFO - Sync 1 DAGs
[2026-03-26T22:47:25.656+0000] {logging_mixin.py:188} INFO - [2026-03-26T22:47:25.656+0000] {dag.py:3823} INFO - Setting next_dagrun for example_complex to None, run_after=None
[2026-03-26T22:47:25.670+0000] {processor.py:183} INFO - Processing /home/airflow/.local/lib/python3.8/site-packages/airflow/example_dags/example_complex.py took 0.052 seconds
[2026-03-26T22:47:56.187+0000] {processor.py:161} INFO - Started process (PID=309) to work on /home/airflow/.local/lib/python3.8/site-packages/airflow/example_dags/example_complex.py
[2026-03-26T22:47:56.188+0000] {processor.py:830} INFO - Processing file /home/airflow/.local/lib/python3.8/site-packages/airflow/example_dags/example_complex.py for tasks to queue
[2026-03-26T22:47:56.189+0000] {logging_mixin.py:188} INFO - [2026-03-26T22:47:56.189+0000] {dagbag.py:538} INFO - Filling up the DagBag from /home/airflow/.local/lib/python3.8/site-packages/airflow/example_dags/example_complex.py
[2026-03-26T22:47:56.195+0000] {processor.py:840} INFO - DAG(s) 'example_complex' retrieved from /home/airflow/.local/lib/python3.8/site-packages/airflow/example_dags/example_complex.py
[2026-03-26T22:47:56.212+0000] {logging_mixin.py:188} INFO - [2026-03-26T22:47:56.212+0000] {dag.py:3036} INFO - Sync 1 DAGs
[2026-03-26T22:47:56.219+0000] {logging_mixin.py:188} INFO - [2026-03-26T22:47:56.219+0000] {dag.py:3823} INFO - Setting next_dagrun for example_complex to None, run_after=None
[2026-03-26T22:47:56.230+0000] {processor.py:183} INFO - Processing /home/airflow/.local/lib/python3.8/site-packages/airflow/example_dags/example_complex.py took 0.045 seconds
[2026-03-26T22:48:26.772+0000] {processor.py:161} INFO - Started process (PID=363) to work on /home/airflow/.local/lib/python3.8/site-packages/airflow/example_dags/example_complex.py
[2026-03-26T22:48:26.773+0000] {processor.py:830} INFO - Processing file /home/airflow/.local/lib/python3.8/site-packages/airflow/example_dags/example_complex.py for tasks to queue
[2026-03-26T22:48:26.774+0000] {logging_mixin.py:188} INFO - [2026-03-26T22:48:26.774+0000] {dagbag.py:538} INFO - Filling up the DagBag from /home/airflow/.local/lib/python3.8/site-packages/airflow/example_dags/example_complex.py
[2026-03-26T22:48:26.780+0000] {processor.py:840} INFO - DAG(s) 'example_complex' retrieved from /home/airflow/.local/lib/python3.8/site-packages/airflow/example_dags/example_complex.py
[2026-03-26T22:48:26.797+0000] {logging_mixin.py:188} INFO - [2026-03-26T22:48:26.797+0000] {dag.py:3036} INFO - Sync 1 DAGs
[2026-03-26T22:48:26.803+0000] {logging_mixin.py:188} INFO - [2026-03-26T22:48:26.803+0000] {dag.py:3823} INFO - Setting next_dagrun for example_complex to None, run_after=None
[2026-03-26T22:48:26.815+0000] {processor.py:183} INFO - Processing /home/airflow/.local/lib/python3.8/site-packages/airflow/example_dags/example_complex.py took 0.045 seconds
[2026-03-26T22:48:57.257+0000] {processor.py:161} INFO - Started process (PID=418) to work on /home/airflow/.local/lib/python3.8/site-packages/airflow/example_dags/example_complex.py
[2026-03-26T22:48:57.257+0000] {processor.py:830} INFO - Processing file /home/airflow/.local/lib/python3.8/site-packages/airflow/example_dags/example_complex.py for tasks to queue
[2026-03-26T22:48:57.259+0000] {logging_mixin.py:188} INFO - [2026-03-26T22:48:57.258+0000] {dagbag.py:538} INFO - Filling up the DagBag from /home/airflow/.local/lib/python3.8/site-packages/airflow/example_dags/example_complex.py
[2026-03-26T22:48:57.264+0000] {processor.py:840} INFO - DAG(s) 'example_complex' retrieved from /home/airflow/.local/lib/python3.8/site-packages/airflow/example_dags/example_complex.py
[2026-03-26T22:48:57.282+0000] {logging_mixin.py:188} INFO - [2026-03-26T22:48:57.282+0000] {dag.py:3036} INFO - Sync 1 DAGs
[2026-03-26T22:48:57.291+0000] {logging_mixin.py:188} INFO - [2026-03-26T22:48:57.291+0000] {dag.py:3823} INFO - Setting next_dagrun for example_complex to None, run_after=None
[2026-03-26T22:48:57.302+0000] {processor.py:183} INFO - Processing /home/airflow/.local/lib/python3.8/site-packages/airflow/example_dags/example_complex.py took 0.047 seconds
[2026-03-26T22:49:27.779+0000] {processor.py:161} INFO - Started process (PID=472) to work on /home/airflow/.local/lib/python3.8/site-packages/airflow/example_dags/example_complex.py
[2026-03-26T22:49:27.780+0000] {processor.py:830} INFO - Processing file /home/airflow/.local/lib/python3.8/site-packages/airflow/example_dags/example_complex.py for tasks to queue
[2026-03-26T22:49:27.781+0000] {logging_mixin.py:188} INFO - [2026-03-26T22:49:27.781+0000] {dagbag.py:538} INFO - Filling up the DagBag from /home/airflow/.local/lib/python3.8/site-packages/airflow/example_dags/example_complex.py
[2026-03-26T22:49:27.787+0000] {processor.py:840} INFO - DAG(s) 'example_complex' retrieved from /home/airflow/.local/lib/python3.8/site-packages/airflow/example_dags/example_complex.py
[2026-03-26T22:49:27.806+0000] {logging_mixin.py:188} INFO - [2026-03-26T22:49:27.806+0000] {dag.py:3036} INFO - Sync 1 DAGs
[2026-03-26T22:49:27.813+0000] {logging_mixin.py:188} INFO - [2026-03-26T22:49:27.813+0000] {dag.py:3823} INFO - Setting next_dagrun for example_complex to None, run_after=None
[2026-03-26T22:49:27.823+0000] {processor.py:183} INFO - Processing /home/airflow/.local/lib/python3.8/site-packages/airflow/example_dags/example_complex.py took 0.046 seconds
[2026-03-26T22:49:58.275+0000] {processor.py:161} INFO - Started process (PID=527) to work on /home/airflow/.local/lib/python3.8/site-packages/airflow/example_dags/example_complex.py
[2026-03-26T22:49:58.275+0000] {processor.py:830} INFO - Processing file /home/airflow/.local/lib/python3.8/site-packages/airflow/example_dags/example_complex.py for tasks to queue
[2026-03-26T22:49:58.276+0000] {logging_mixin.py:188} INFO - [2026-03-26T22:49:58.276+0000] {dagbag.py:538} INFO - Filling up the DagBag from /home/airflow/.local/lib/python3.8/site-packages/airflow/example_dags/example_complex.py
[2026-03-26T22:49:58.282+0000] {processor.py:840} INFO - DAG(s) 'example_complex' retrieved from /home/airflow/.local/lib/python3.8/site-packages/airflow/example_dags/example_complex.py
[2026-03-26T22:49:58.298+0000] {logging_mixin.py:188} INFO - [2026-03-26T22:49:58.298+0000] {dag.py:3036} INFO - Sync 1 DAGs
[2026-03-26T22:49:58.305+0000] {logging_mixin.py:188} INFO - [2026-03-26T22:49:58.305+0000] {dag.py:3823} INFO - Setting next_dagrun for example_complex to None, run_after=None
[2026-03-26T22:49:58.315+0000] {processor.py:183} INFO - Processing /home/airflow/.local/lib/python3.8/site-packages/airflow/example_dags/example_complex.py took 0.043 seconds
[2026-03-26T22:50:28.931+0000] {processor.py:161} INFO - Started process (PID=582) to work on /home/airflow/.local/lib/python3.8/site-packages/airflow/example_dags/example_complex.py
[2026-03-26T22:50:28.932+0000] {processor.py:830} INFO - Processing file /home/airflow/.local/lib/python3.8/site-packages/airflow/example_dags/example_complex.py for tasks to queue
[2026-03-26T22:50:28.933+0000] {logging_mixin.py:188} INFO - [2026-03-26T22:50:28.933+0000] {dagbag.py:538} INFO - Filling up the DagBag from /home/airflow/.local/lib/python3.8/site-packages/airflow/example_dags/example_complex.py
[2026-03-26T22:50:28.938+0000] {processor.py:840} INFO - DAG(s) 'example_complex' retrieved from /home/airflow/.local/lib/python3.8/site-packages/airflow/example_dags/example_complex.py
[2026-03-26T22:50:28.955+0000] {logging_mixin.py:188} INFO - [2026-03-26T22:50:28.955+0000] {dag.py:3036} INFO - Sync 1 DAGs
[2026-03-26T22:50:28.961+0000] {logging_mixin.py:188} INFO - [2026-03-26T22:50:28.961+0000] {dag.py:3823} INFO - Setting next_dagrun for example_complex to None, run_after=None
[2026-03-26T22:50:28.971+0000] {processor.py:183} INFO - Processing /home/airflow/.local/lib/python3.8/site-packages/airflow/example_dags/example_complex.py took 0.042 seconds
[2026-03-26T22:50:59.748+0000] {processor.py:161} INFO - Started process (PID=637) to work on /home/airflow/.local/lib/python3.8/site-packages/airflow/example_dags/example_complex.py
[2026-03-26T22:50:59.748+0000] {processor.py:830} INFO - Processing file /home/airflow/.local/lib/python3.8/site-packages/airflow/example_dags/example_complex.py for tasks to queue
[2026-03-26T22:50:59.749+0000] {logging_mixin.py:188} INFO - [2026-03-26T22:50:59.749+0000] {dagbag.py:538} INFO - Filling up the DagBag from /home/airflow/.local/lib/python3.8/site-packages/airflow/example_dags/example_complex.py
[2026-03-26T22:50:59.755+0000] {processor.py:840} INFO - DAG(s) 'example_complex' retrieved from /home/airflow/.local/lib/python3.8/site-packages/airflow/example_dags/example_complex.py
[2026-03-26T22:50:59.772+0000] {logging_mixin.py:188} INFO - [2026-03-26T22:50:59.771+0000] {dag.py:3036} INFO - Sync 1 DAGs
[2026-03-26T22:50:59.778+0000] {logging_mixin.py:188} INFO - [2026-03-26T22:50:59.778+0000] {dag.py:3823} INFO - Setting next_dagrun for example_complex to None, run_after=None
[2026-03-26T22:50:59.789+0000] {processor.py:183} INFO - Processing /home/airflow/.local/lib/python3.8/site-packages/airflow/example_dags/example_complex.py took 0.044 seconds
[2026-03-26T22:51:30.370+0000] {processor.py:161} INFO - Started process (PID=692) to work on /home/airflow/.local/lib/python3.8/site-packages/airflow/example_dags/example_complex.py
[2026-03-26T22:51:30.371+0000] {processor.py:830} INFO - Processing file /home/airflow/.local/lib/python3.8/site-packages/airflow/example_dags/example_complex.py for tasks to queue
[2026-03-26T22:51:30.372+0000] {logging_mixin.py:188} INFO - [2026-03-26T22:51:30.372+0000] {dagbag.py:538} INFO - Filling up the DagBag from /home/airflow/.local/lib/python3.8/site-packages/airflow/example_dags/example_complex.py
[2026-03-26T22:51:30.378+0000] {processor.py:840} INFO - DAG(s) 'example_complex' retrieved from /home/airflow/.local/lib/python3.8/site-packages/airflow/example_dags/example_complex.py
[2026-03-26T22:51:30.394+0000] {logging_mixin.py:188} INFO - [2026-03-26T22:51:30.394+0000] {dag.py:3036} INFO - Sync 1 DAGs
[2026-03-26T22:51:30.401+0000] {logging_mixin.py:188} INFO - [2026-03-26T22:51:30.400+0000] {dag.py:3823} INFO - Setting next_dagrun for example_complex to None, run_after=None
[2026-03-26T22:51:30.410+0000] {processor.py:183} INFO - Processing /home/airflow/.local/lib/python3.8/site-packages/airflow/example_dags/example_complex.py took 0.043 seconds
[2026-03-26T22:52:16.753+0000] {processor.py:161} INFO - Started process (PID=83) to work on /home/airflow/.local/lib/python3.8/site-packages/airflow/example_dags/example_complex.py
[2026-03-26T22:52:16.754+0000] {processor.py:830} INFO - Processing file /home/airflow/.local/lib/python3.8/site-packages/airflow/example_dags/example_complex.py for tasks to queue
[2026-03-26T22:52:16.756+0000] {logging_mixin.py:188} INFO - [2026-03-26T22:52:16.755+0000] {dagbag.py:538} INFO - Filling up the DagBag from /home/airflow/.local/lib/python3.8/site-packages/airflow/example_dags/example_complex.py
[2026-03-26T22:52:16.763+0000] {processor.py:840} INFO - DAG(s) 'example_complex' retrieved from /home/airflow/.local/lib/python3.8/site-packages/airflow/example_dags/example_complex.py
[2026-03-26T22:52:16.771+0000] {logging_mixin.py:188} INFO - [2026-03-26T22:52:16.771+0000] {dag.py:3036} INFO - Sync 1 DAGs
[2026-03-26T22:52:16.779+0000] {logging_mixin.py:188} INFO - [2026-03-26T22:52:16.779+0000] {dag.py:3823} INFO - Setting next_dagrun for example_complex to None, run_after=None
[2026-03-26T22:52:16.790+0000] {processor.py:183} INFO - Processing /home/airflow/.local/lib/python3.8/site-packages/airflow/example_dags/example_complex.py took 0.040 seconds
[2026-03-26T22:52:47.616+0000] {processor.py:161} INFO - Started process (PID=138) to work on /home/airflow/.local/lib/python3.8/site-packages/airflow/example_dags/example_complex.py
[2026-03-26T22:52:47.617+0000] {processor.py:830} INFO - Processing file /home/airflow/.local/lib/python3.8/site-packages/airflow/example_dags/example_complex.py for tasks to queue
[2026-03-26T22:52:47.618+0000] {logging_mixin.py:188} INFO - [2026-03-26T22:52:47.618+0000] {dagbag.py:538} INFO - Filling up the DagBag from /home/airflow/.local/lib/python3.8/site-packages/airflow/example_dags/example_complex.py
[2026-03-26T22:52:47.624+0000] {processor.py:840} INFO - DAG(s) 'example_complex' retrieved from /home/airflow/.local/lib/python3.8/site-packages/airflow/example_dags/example_complex.py
[2026-03-26T22:52:47.687+0000] {logging_mixin.py:188} INFO - [2026-03-26T22:52:47.687+0000] {dag.py:3036} INFO - Sync 1 DAGs
[2026-03-26T22:52:47.692+0000] {logging_mixin.py:188} INFO - [2026-03-26T22:52:47.692+0000] {dag.py:3823} INFO - Setting next_dagrun for example_complex to None, run_after=None
[2026-03-26T22:52:47.702+0000] {processor.py:183} INFO - Processing /home/airflow/.local/lib/python3.8/site-packages/airflow/example_dags/example_complex.py took 0.088 seconds
[2026-03-26T22:53:18.440+0000] {processor.py:161} INFO - Started process (PID=193) to work on /home/airflow/.local/lib/python3.8/site-packages/airflow/example_dags/example_complex.py
[2026-03-26T22:53:18.441+0000] {processor.py:830} INFO - Processing file /home/airflow/.local/lib/python3.8/site-packages/airflow/example_dags/example_complex.py for tasks to queue
[2026-03-26T22:53:18.442+0000] {logging_mixin.py:188} INFO - [2026-03-26T22:53:18.442+0000] {dagbag.py:538} INFO - Filling up the DagBag from /home/airflow/.local/lib/python3.8/site-packages/airflow/example_dags/example_complex.py
[2026-03-26T22:53:18.450+0000] {processor.py:840} INFO - DAG(s) 'example_complex' retrieved from /home/airflow/.local/lib/python3.8/site-packages/airflow/example_dags/example_complex.py
[2026-03-26T22:53:18.475+0000] {logging_mixin.py:188} INFO - [2026-03-26T22:53:18.475+0000] {dag.py:3036} INFO - Sync 1 DAGs
[2026-03-26T22:53:18.484+0000] {logging_mixin.py:188} INFO - [2026-03-26T22:53:18.484+0000] {dag.py:3823} INFO - Setting next_dagrun for example_complex to None, run_after=None
[2026-03-26T22:53:18.499+0000] {processor.py:183} INFO - Processing /home/airflow/.local/lib/python3.8/site-packages/airflow/example_dags/example_complex.py took 0.065 seconds
[2026-03-26T22:53:49.024+0000] {processor.py:161} INFO - Started process (PID=248) to work on /home/airflow/.local/lib/python3.8/site-packages/airflow/example_dags/example_complex.py
[2026-03-26T22:53:49.025+0000] {processor.py:830} INFO - Processing file /home/airflow/.local/lib/python3.8/site-packages/airflow/example_dags/example_complex.py for tasks to queue
[2026-03-26T22:53:49.026+0000] {logging_mixin.py:188} INFO - [2026-03-26T22:53:49.026+0000] {dagbag.py:538} INFO - Filling up the DagBag from /home/airflow/.local/lib/python3.8/site-packages/airflow/example_dags/example_complex.py
[2026-03-26T22:53:49.033+0000] {processor.py:840} INFO - DAG(s) 'example_complex' retrieved from /home/airflow/.local/lib/python3.8/site-packages/airflow/example_dags/example_complex.py
[2026-03-26T22:53:49.052+0000] {logging_mixin.py:188} INFO - [2026-03-26T22:53:49.052+0000] {dag.py:3036} INFO - Sync 1 DAGs
[2026-03-26T22:53:49.060+0000] {logging_mixin.py:188} INFO - [2026-03-26T22:53:49.060+0000] {dag.py:3823} INFO - Setting next_dagrun for example_complex to None, run_after=None
[2026-03-26T22:53:49.071+0000] {processor.py:183} INFO - Processing /home/airflow/.local/lib/python3.8/site-packages/airflow/example_dags/example_complex.py took 0.050 seconds
[2026-03-26T22:54:19.880+0000] {processor.py:161} INFO - Started process (PID=303) to work on /home/airflow/.local/lib/python3.8/site-packages/airflow/example_dags/example_complex.py
[2026-03-26T22:54:19.881+0000] {processor.py:830} INFO - Processing file /home/airflow/.local/lib/python3.8/site-packages/airflow/example_dags/example_complex.py for tasks to queue
[2026-03-26T22:54:19.882+0000] {logging_mixin.py:188} INFO - [2026-03-26T22:54:19.882+0000] {dagbag.py:538} INFO - Filling up the DagBag from /home/airflow/.local/lib/python3.8/site-packages/airflow/example_dags/example_complex.py
[2026-03-26T22:54:19.891+0000] {processor.py:840} INFO - DAG(s) 'example_complex' retrieved from /home/airflow/.local/lib/python3.8/site-packages/airflow/example_dags/example_complex.py
[2026-03-26T22:54:19.909+0000] {logging_mixin.py:188} INFO - [2026-03-26T22:54:19.909+0000] {dag.py:3036} INFO - Sync 1 DAGs
[2026-03-26T22:54:19.916+0000] {logging_mixin.py:188} INFO - [2026-03-26T22:54:19.915+0000] {dag.py:3823} INFO - Setting next_dagrun for example_complex to None, run_after=None
[2026-03-26T22:54:19.928+0000] {processor.py:183} INFO - Processing /home/airflow/.local/lib/python3.8/site-packages/airflow/example_dags/example_complex.py took 0.050 seconds
[2026-03-26T22:54:50.442+0000] {processor.py:161} INFO - Started process (PID=358) to work on /home/airflow/.local/lib/python3.8/site-packages/airflow/example_dags/example_complex.py
[2026-03-26T22:54:50.443+0000] {processor.py:830} INFO - Processing file /home/airflow/.local/lib/python3.8/site-packages/airflow/example_dags/example_complex.py for tasks to queue
[2026-03-26T22:54:50.444+0000] {logging_mixin.py:188} INFO - [2026-03-26T22:54:50.444+0000] {dagbag.py:538} INFO - Filling up the DagBag from /home/airflow/.local/lib/python3.8/site-packages/airflow/example_dags/example_complex.py
[2026-03-26T22:54:50.450+0000] {processor.py:840} INFO - DAG(s) 'example_complex' retrieved from /home/airflow/.local/lib/python3.8/site-packages/airflow/example_dags/example_complex.py
[2026-03-26T22:54:50.468+0000] {logging_mixin.py:188} INFO - [2026-03-26T22:54:50.468+0000] {dag.py:3036} INFO - Sync 1 DAGs
[2026-03-26T22:54:50.475+0000] {logging_mixin.py:188} INFO - [2026-03-26T22:54:50.475+0000] {dag.py:3823} INFO - Setting next_dagrun for example_complex to None, run_after=None
[2026-03-26T22:54:50.487+0000] {processor.py:183} INFO - Processing /home/airflow/.local/lib/python3.8/site-packages/airflow/example_dags/example_complex.py took 0.048 seconds
[2026-03-26T22:55:21.025+0000] {processor.py:161} INFO - Started process (PID=413) to work on /home/airflow/.local/lib/python3.8/site-packages/airflow/example_dags/example_complex.py
[2026-03-26T22:55:21.026+0000] {processor.py:830} INFO - Processing file /home/airflow/.local/lib/python3.8/site-packages/airflow/example_dags/example_complex.py for tasks to queue
[2026-03-26T22:55:21.027+0000] {logging_mixin.py:188} INFO - [2026-03-26T22:55:21.027+0000] {dagbag.py:538} INFO - Filling up the DagBag from /home/airflow/.local/lib/python3.8/site-packages/airflow/example_dags/example_complex.py
[2026-03-26T22:55:21.033+0000] {processor.py:840} INFO - DAG(s) 'example_complex' retrieved from /home/airflow/.local/lib/python3.8/site-packages/airflow/example_dags/example_complex.py
[2026-03-26T22:55:21.050+0000] {logging_mixin.py:188} INFO - [2026-03-26T22:55:21.050+0000] {dag.py:3036} INFO - Sync 1 DAGs
[2026-03-26T22:55:21.057+0000] {logging_mixin.py:188} INFO - [2026-03-26T22:55:21.057+0000] {dag.py:3823} INFO - Setting next_dagrun for example_complex to None, run_after=None
[2026-03-26T22:55:21.069+0000] {processor.py:183} INFO - Processing /home/airflow/.local/lib/python3.8/site-packages/airflow/example_dags/example_complex.py took 0.046 seconds
[2026-03-26T22:55:51.618+0000] {processor.py:161} INFO - Started process (PID=468) to work on /home/airflow/.local/lib/python3.8/site-packages/airflow/example_dags/example_complex.py
[2026-03-26T22:55:51.619+0000] {processor.py:830} INFO - Processing file /home/airflow/.local/lib/python3.8/site-packages/airflow/example_dags/example_complex.py for tasks to queue
[2026-03-26T22:55:51.620+0000] {logging_mixin.py:188} INFO - [2026-03-26T22:55:51.620+0000] {dagbag.py:538} INFO - Filling up the DagBag from /home/airflow/.local/lib/python3.8/site-packages/airflow/example_dags/example_complex.py
[2026-03-26T22:55:51.626+0000] {processor.py:840} INFO - DAG(s) 'example_complex' retrieved from /home/airflow/.local/lib/python3.8/site-packages/airflow/example_dags/example_complex.py
[2026-03-26T22:55:51.645+0000] {logging_mixin.py:188} INFO - [2026-03-26T22:55:51.645+0000] {dag.py:3036} INFO - Sync 1 DAGs
[2026-03-26T22:55:51.653+0000] {logging_mixin.py:188} INFO - [2026-03-26T22:55:51.653+0000] {dag.py:3823} INFO - Setting next_dagrun for example_complex to None, run_after=None
[2026-03-26T22:55:51.666+0000] {processor.py:183} INFO - Processing /home/airflow/.local/lib/python3.8/site-packages/airflow/example_dags/example_complex.py took 0.056 seconds
[2026-03-26T22:56:22.336+0000] {processor.py:161} INFO - Started process (PID=522) to work on /home/airflow/.local/lib/python3.8/site-packages/airflow/example_dags/example_complex.py
[2026-03-26T22:56:22.337+0000] {processor.py:830} INFO - Processing file /home/airflow/.local/lib/python3.8/site-packages/airflow/example_dags/example_complex.py for tasks to queue
[2026-03-26T22:56:22.339+0000] {logging_mixin.py:188} INFO - [2026-03-26T22:56:22.338+0000] {dagbag.py:538} INFO - Filling up the DagBag from /home/airflow/.local/lib/python3.8/site-packages/airflow/example_dags/example_complex.py
[2026-03-26T22:56:22.345+0000] {processor.py:840} INFO - DAG(s) 'example_complex' retrieved from /home/airflow/.local/lib/python3.8/site-packages/airflow/example_dags/example_complex.py
[2026-03-26T22:56:22.365+0000] {logging_mixin.py:188} INFO - [2026-03-26T22:56:22.365+0000] {dag.py:3036} INFO - Sync 1 DAGs
[2026-03-26T22:56:22.373+0000] {logging_mixin.py:188} INFO - [2026-03-26T22:56:22.372+0000] {dag.py:3823} INFO - Setting next_dagrun for example_complex to None, run_after=None
[2026-03-26T22:56:22.384+0000] {processor.py:183} INFO - Processing /home/airflow/.local/lib/python3.8/site-packages/airflow/example_dags/example_complex.py took 0.050 seconds
[2026-03-26T22:56:53.015+0000] {processor.py:161} INFO - Started process (PID=577) to work on /home/airflow/.local/lib/python3.8/site-packages/airflow/example_dags/example_complex.py
[2026-03-26T22:56:53.015+0000] {processor.py:830} INFO - Processing file /home/airflow/.local/lib/python3.8/site-packages/airflow/example_dags/example_complex.py for tasks to queue
[2026-03-26T22:56:53.017+0000] {logging_mixin.py:188} INFO - [2026-03-26T22:56:53.016+0000] {dagbag.py:538} INFO - Filling up the DagBag from /home/airflow/.local/lib/python3.8/site-packages/airflow/example_dags/example_complex.py
[2026-03-26T22:56:53.022+0000] {processor.py:840} INFO - DAG(s) 'example_complex' retrieved from /home/airflow/.local/lib/python3.8/site-packages/airflow/example_dags/example_complex.py
[2026-03-26T22:56:53.040+0000] {logging_mixin.py:188} INFO - [2026-03-26T22:56:53.040+0000] {dag.py:3036} INFO - Sync 1 DAGs
[2026-03-26T22:56:53.049+0000] {logging_mixin.py:188} INFO - [2026-03-26T22:56:53.049+0000] {dag.py:3823} INFO - Setting next_dagrun for example_complex to None, run_after=None
[2026-03-26T22:56:53.062+0000] {processor.py:183} INFO - Processing /home/airflow/.local/lib/python3.8/site-packages/airflow/example_dags/example_complex.py took 0.050 seconds
[2026-03-26T22:57:23.636+0000] {processor.py:161} INFO - Started process (PID=632) to work on /home/airflow/.local/lib/python3.8/site-packages/airflow/example_dags/example_complex.py
[2026-03-26T22:57:23.637+0000] {processor.py:830} INFO - Processing file /home/airflow/.local/lib/python3.8/site-packages/airflow/example_dags/example_complex.py for tasks to queue
[2026-03-26T22:57:23.638+0000] {logging_mixin.py:188} INFO - [2026-03-26T22:57:23.638+0000] {dagbag.py:538} INFO - Filling up the DagBag from /home/airflow/.local/lib/python3.8/site-packages/airflow/example_dags/example_complex.py
[2026-03-26T22:57:23.644+0000] {processor.py:840} INFO - DAG(s) 'example_complex' retrieved from /home/airflow/.local/lib/python3.8/site-packages/airflow/example_dags/example_complex.py
[2026-03-26T22:57:23.661+0000] {logging_mixin.py:188} INFO - [2026-03-26T22:57:23.661+0000] {dag.py:3036} INFO - Sync 1 DAGs
[2026-03-26T22:57:23.668+0000] {logging_mixin.py:188} INFO - [2026-03-26T22:57:23.667+0000] {dag.py:3823} INFO - Setting next_dagrun for example_complex to None, run_after=None
[2026-03-26T22:57:23.678+0000] {processor.py:183} INFO - Processing /home/airflow/.local/lib/python3.8/site-packages/airflow/example_dags/example_complex.py took 0.044 seconds
[2026-03-26T22:57:54.284+0000] {processor.py:161} INFO - Started process (PID=687) to work on /home/airflow/.local/lib/python3.8/site-packages/airflow/example_dags/example_complex.py
[2026-03-26T22:57:54.285+0000] {processor.py:830} INFO - Processing file /home/airflow/.local/lib/python3.8/site-packages/airflow/example_dags/example_complex.py for tasks to queue
[2026-03-26T22:57:54.286+0000] {logging_mixin.py:188} INFO - [2026-03-26T22:57:54.286+0000] {dagbag.py:538} INFO - Filling up the DagBag from /home/airflow/.local/lib/python3.8/site-packages/airflow/example_dags/example_complex.py
[2026-03-26T22:57:54.292+0000] {processor.py:840} INFO - DAG(s) 'example_complex' retrieved from /home/airflow/.local/lib/python3.8/site-packages/airflow/example_dags/example_complex.py
[2026-03-26T22:57:54.309+0000] {logging_mixin.py:188} INFO - [2026-03-26T22:57:54.309+0000] {dag.py:3036} INFO - Sync 1 DAGs
[2026-03-26T22:57:54.316+0000] {logging_mixin.py:188} INFO - [2026-03-26T22:57:54.316+0000] {dag.py:3823} INFO - Setting next_dagrun for example_complex to None, run_after=None
[2026-03-26T22:57:54.330+0000] {processor.py:183} INFO - Processing /home/airflow/.local/lib/python3.8/site-packages/airflow/example_dags/example_complex.py took 0.048 seconds
[2026-03-26T22:58:24.918+0000] {processor.py:161} INFO - Started process (PID=742) to work on /home/airflow/.local/lib/python3.8/site-packages/airflow/example_dags/example_complex.py
[2026-03-26T22:58:24.919+0000] {processor.py:830} INFO - Processing file /home/airflow/.local/lib/python3.8/site-packages/airflow/example_dags/example_complex.py for tasks to queue
[2026-03-26T22:58:24.921+0000] {logging_mixin.py:188} INFO - [2026-03-26T22:58:24.920+0000] {dagbag.py:538} INFO - Filling up the DagBag from /home/airflow/.local/lib/python3.8/site-packages/airflow/example_dags/example_complex.py
[2026-03-26T22:58:24.926+0000] {processor.py:840} INFO - DAG(s) 'example_complex' retrieved from /home/airflow/.local/lib/python3.8/site-packages/airflow/example_dags/example_complex.py
[2026-03-26T22:58:24.935+0000] {logging_mixin.py:188} INFO - [2026-03-26T22:58:24.935+0000] {dag.py:3036} INFO - Sync 1 DAGs
[2026-03-26T22:58:24.942+0000] {logging_mixin.py:188} INFO - [2026-03-26T22:58:24.942+0000] {dag.py:3823} INFO - Setting next_dagrun for example_complex to None, run_after=None
[2026-03-26T22:58:24.952+0000] {processor.py:183} INFO - Processing /home/airflow/.local/lib/python3.8/site-packages/airflow/example_dags/example_complex.py took 0.036 seconds
