[2026-03-26T22:45:49.709+0000] {processor.py:161} INFO - Started process (PID=47) to work on /home/airflow/.local/lib/python3.8/site-packages/airflow/example_dags/example_task_group.py
[2026-03-26T22:45:49.710+0000] {processor.py:830} INFO - Processing file /home/airflow/.local/lib/python3.8/site-packages/airflow/example_dags/example_task_group.py for tasks to queue
[2026-03-26T22:45:49.711+0000] {logging_mixin.py:188} INFO - [2026-03-26T22:45:49.711+0000] {dagbag.py:538} INFO - Filling up the DagBag from /home/airflow/.local/lib/python3.8/site-packages/airflow/example_dags/example_task_group.py
[2026-03-26T22:45:49.718+0000] {processor.py:840} INFO - DAG(s) 'example_task_group' retrieved from /home/airflow/.local/lib/python3.8/site-packages/airflow/example_dags/example_task_group.py
[2026-03-26T22:45:49.728+0000] {logging_mixin.py:188} INFO - [2026-03-26T22:45:49.728+0000] {dag.py:3036} INFO - Sync 1 DAGs
[2026-03-26T22:45:49.742+0000] {logging_mixin.py:188} INFO - [2026-03-26T22:45:49.742+0000] {dag.py:3823} INFO - Setting next_dagrun for example_task_group to 2026-03-25 00:00:00+00:00, run_after=2026-03-26 00:00:00+00:00
[2026-03-26T22:45:49.757+0000] {processor.py:183} INFO - Processing /home/airflow/.local/lib/python3.8/site-packages/airflow/example_dags/example_task_group.py took 0.050 seconds
[2026-03-26T22:46:21.066+0000] {processor.py:161} INFO - Started process (PID=102) to work on /home/airflow/.local/lib/python3.8/site-packages/airflow/example_dags/example_task_group.py
[2026-03-26T22:46:21.068+0000] {processor.py:830} INFO - Processing file /home/airflow/.local/lib/python3.8/site-packages/airflow/example_dags/example_task_group.py for tasks to queue
[2026-03-26T22:46:21.078+0000] {logging_mixin.py:188} INFO - [2026-03-26T22:46:21.077+0000] {dagbag.py:538} INFO - Filling up the DagBag from /home/airflow/.local/lib/python3.8/site-packages/airflow/example_dags/example_task_group.py
[2026-03-26T22:46:21.083+0000] {processor.py:840} INFO - DAG(s) 'example_task_group' retrieved from /home/airflow/.local/lib/python3.8/site-packages/airflow/example_dags/example_task_group.py
[2026-03-26T22:46:21.166+0000] {logging_mixin.py:188} INFO - [2026-03-26T22:46:21.165+0000] {dag.py:3036} INFO - Sync 1 DAGs
[2026-03-26T22:46:21.185+0000] {logging_mixin.py:188} INFO - [2026-03-26T22:46:21.185+0000] {dag.py:3823} INFO - Setting next_dagrun for example_task_group to 2026-03-25 00:00:00+00:00, run_after=2026-03-26 00:00:00+00:00
[2026-03-26T22:46:21.197+0000] {processor.py:183} INFO - Processing /home/airflow/.local/lib/python3.8/site-packages/airflow/example_dags/example_task_group.py took 0.135 seconds
[2026-03-26T22:46:51.474+0000] {processor.py:161} INFO - Started process (PID=157) to work on /home/airflow/.local/lib/python3.8/site-packages/airflow/example_dags/example_task_group.py
[2026-03-26T22:46:51.474+0000] {processor.py:830} INFO - Processing file /home/airflow/.local/lib/python3.8/site-packages/airflow/example_dags/example_task_group.py for tasks to queue
[2026-03-26T22:46:51.476+0000] {logging_mixin.py:188} INFO - [2026-03-26T22:46:51.475+0000] {dagbag.py:538} INFO - Filling up the DagBag from /home/airflow/.local/lib/python3.8/site-packages/airflow/example_dags/example_task_group.py
[2026-03-26T22:46:51.480+0000] {processor.py:840} INFO - DAG(s) 'example_task_group' retrieved from /home/airflow/.local/lib/python3.8/site-packages/airflow/example_dags/example_task_group.py
[2026-03-26T22:46:51.498+0000] {logging_mixin.py:188} INFO - [2026-03-26T22:46:51.498+0000] {dag.py:3036} INFO - Sync 1 DAGs
[2026-03-26T22:46:51.516+0000] {logging_mixin.py:188} INFO - [2026-03-26T22:46:51.516+0000] {dag.py:3823} INFO - Setting next_dagrun for example_task_group to 2026-03-25 00:00:00+00:00, run_after=2026-03-26 00:00:00+00:00
[2026-03-26T22:46:51.531+0000] {processor.py:183} INFO - Processing /home/airflow/.local/lib/python3.8/site-packages/airflow/example_dags/example_task_group.py took 0.061 seconds
[2026-03-26T22:47:21.555+0000] {processor.py:161} INFO - Started process (PID=212) to work on /home/airflow/.local/lib/python3.8/site-packages/airflow/example_dags/example_task_group.py
[2026-03-26T22:47:21.556+0000] {processor.py:830} INFO - Processing file /home/airflow/.local/lib/python3.8/site-packages/airflow/example_dags/example_task_group.py for tasks to queue
[2026-03-26T22:47:21.557+0000] {logging_mixin.py:188} INFO - [2026-03-26T22:47:21.557+0000] {dagbag.py:538} INFO - Filling up the DagBag from /home/airflow/.local/lib/python3.8/site-packages/airflow/example_dags/example_task_group.py
[2026-03-26T22:47:21.562+0000] {processor.py:840} INFO - DAG(s) 'example_task_group' retrieved from /home/airflow/.local/lib/python3.8/site-packages/airflow/example_dags/example_task_group.py
[2026-03-26T22:47:21.576+0000] {logging_mixin.py:188} INFO - [2026-03-26T22:47:21.576+0000] {dag.py:3036} INFO - Sync 1 DAGs
[2026-03-26T22:47:21.588+0000] {logging_mixin.py:188} INFO - [2026-03-26T22:47:21.588+0000] {dag.py:3823} INFO - Setting next_dagrun for example_task_group to 2026-03-25 00:00:00+00:00, run_after=2026-03-26 00:00:00+00:00
[2026-03-26T22:47:21.599+0000] {processor.py:183} INFO - Processing /home/airflow/.local/lib/python3.8/site-packages/airflow/example_dags/example_task_group.py took 0.046 seconds
[2026-03-26T22:47:52.085+0000] {processor.py:161} INFO - Started process (PID=267) to work on /home/airflow/.local/lib/python3.8/site-packages/airflow/example_dags/example_task_group.py
[2026-03-26T22:47:52.086+0000] {processor.py:830} INFO - Processing file /home/airflow/.local/lib/python3.8/site-packages/airflow/example_dags/example_task_group.py for tasks to queue
[2026-03-26T22:47:52.088+0000] {logging_mixin.py:188} INFO - [2026-03-26T22:47:52.088+0000] {dagbag.py:538} INFO - Filling up the DagBag from /home/airflow/.local/lib/python3.8/site-packages/airflow/example_dags/example_task_group.py
[2026-03-26T22:47:52.092+0000] {processor.py:840} INFO - DAG(s) 'example_task_group' retrieved from /home/airflow/.local/lib/python3.8/site-packages/airflow/example_dags/example_task_group.py
[2026-03-26T22:47:52.106+0000] {logging_mixin.py:188} INFO - [2026-03-26T22:47:52.106+0000] {dag.py:3036} INFO - Sync 1 DAGs
[2026-03-26T22:47:52.119+0000] {logging_mixin.py:188} INFO - [2026-03-26T22:47:52.119+0000] {dag.py:3823} INFO - Setting next_dagrun for example_task_group to 2026-03-25 00:00:00+00:00, run_after=2026-03-26 00:00:00+00:00
[2026-03-26T22:47:52.136+0000] {processor.py:183} INFO - Processing /home/airflow/.local/lib/python3.8/site-packages/airflow/example_dags/example_task_group.py took 0.054 seconds
[2026-03-26T22:48:22.625+0000] {processor.py:161} INFO - Started process (PID=322) to work on /home/airflow/.local/lib/python3.8/site-packages/airflow/example_dags/example_task_group.py
[2026-03-26T22:48:22.626+0000] {processor.py:830} INFO - Processing file /home/airflow/.local/lib/python3.8/site-packages/airflow/example_dags/example_task_group.py for tasks to queue
[2026-03-26T22:48:22.627+0000] {logging_mixin.py:188} INFO - [2026-03-26T22:48:22.627+0000] {dagbag.py:538} INFO - Filling up the DagBag from /home/airflow/.local/lib/python3.8/site-packages/airflow/example_dags/example_task_group.py
[2026-03-26T22:48:22.631+0000] {processor.py:840} INFO - DAG(s) 'example_task_group' retrieved from /home/airflow/.local/lib/python3.8/site-packages/airflow/example_dags/example_task_group.py
[2026-03-26T22:48:22.645+0000] {logging_mixin.py:188} INFO - [2026-03-26T22:48:22.644+0000] {dag.py:3036} INFO - Sync 1 DAGs
[2026-03-26T22:48:22.656+0000] {logging_mixin.py:188} INFO - [2026-03-26T22:48:22.656+0000] {dag.py:3823} INFO - Setting next_dagrun for example_task_group to 2026-03-25 00:00:00+00:00, run_after=2026-03-26 00:00:00+00:00
[2026-03-26T22:48:22.666+0000] {processor.py:183} INFO - Processing /home/airflow/.local/lib/python3.8/site-packages/airflow/example_dags/example_task_group.py took 0.043 seconds
[2026-03-26T22:48:53.199+0000] {processor.py:161} INFO - Started process (PID=376) to work on /home/airflow/.local/lib/python3.8/site-packages/airflow/example_dags/example_task_group.py
[2026-03-26T22:48:53.200+0000] {processor.py:830} INFO - Processing file /home/airflow/.local/lib/python3.8/site-packages/airflow/example_dags/example_task_group.py for tasks to queue
[2026-03-26T22:48:53.202+0000] {logging_mixin.py:188} INFO - [2026-03-26T22:48:53.201+0000] {dagbag.py:538} INFO - Filling up the DagBag from /home/airflow/.local/lib/python3.8/site-packages/airflow/example_dags/example_task_group.py
[2026-03-26T22:48:53.206+0000] {processor.py:840} INFO - DAG(s) 'example_task_group' retrieved from /home/airflow/.local/lib/python3.8/site-packages/airflow/example_dags/example_task_group.py
[2026-03-26T22:48:53.220+0000] {logging_mixin.py:188} INFO - [2026-03-26T22:48:53.220+0000] {dag.py:3036} INFO - Sync 1 DAGs
[2026-03-26T22:48:53.232+0000] {logging_mixin.py:188} INFO - [2026-03-26T22:48:53.232+0000] {dag.py:3823} INFO - Setting next_dagrun for example_task_group to 2026-03-25 00:00:00+00:00, run_after=2026-03-26 00:00:00+00:00
[2026-03-26T22:48:53.242+0000] {processor.py:183} INFO - Processing /home/airflow/.local/lib/python3.8/site-packages/airflow/example_dags/example_task_group.py took 0.045 seconds
[2026-03-26T22:49:23.664+0000] {processor.py:161} INFO - Started process (PID=431) to work on /home/airflow/.local/lib/python3.8/site-packages/airflow/example_dags/example_task_group.py
[2026-03-26T22:49:23.665+0000] {processor.py:830} INFO - Processing file /home/airflow/.local/lib/python3.8/site-packages/airflow/example_dags/example_task_group.py for tasks to queue
[2026-03-26T22:49:23.666+0000] {logging_mixin.py:188} INFO - [2026-03-26T22:49:23.666+0000] {dagbag.py:538} INFO - Filling up the DagBag from /home/airflow/.local/lib/python3.8/site-packages/airflow/example_dags/example_task_group.py
[2026-03-26T22:49:23.670+0000] {processor.py:840} INFO - DAG(s) 'example_task_group' retrieved from /home/airflow/.local/lib/python3.8/site-packages/airflow/example_dags/example_task_group.py
[2026-03-26T22:49:23.684+0000] {logging_mixin.py:188} INFO - [2026-03-26T22:49:23.684+0000] {dag.py:3036} INFO - Sync 1 DAGs
[2026-03-26T22:49:23.695+0000] {logging_mixin.py:188} INFO - [2026-03-26T22:49:23.695+0000] {dag.py:3823} INFO - Setting next_dagrun for example_task_group to 2026-03-25 00:00:00+00:00, run_after=2026-03-26 00:00:00+00:00
[2026-03-26T22:49:23.709+0000] {processor.py:183} INFO - Processing /home/airflow/.local/lib/python3.8/site-packages/airflow/example_dags/example_task_group.py took 0.047 seconds
[2026-03-26T22:49:54.175+0000] {processor.py:161} INFO - Started process (PID=491) to work on /home/airflow/.local/lib/python3.8/site-packages/airflow/example_dags/example_task_group.py
[2026-03-26T22:49:54.175+0000] {processor.py:830} INFO - Processing file /home/airflow/.local/lib/python3.8/site-packages/airflow/example_dags/example_task_group.py for tasks to queue
[2026-03-26T22:49:54.177+0000] {logging_mixin.py:188} INFO - [2026-03-26T22:49:54.176+0000] {dagbag.py:538} INFO - Filling up the DagBag from /home/airflow/.local/lib/python3.8/site-packages/airflow/example_dags/example_task_group.py
[2026-03-26T22:49:54.182+0000] {processor.py:840} INFO - DAG(s) 'example_task_group' retrieved from /home/airflow/.local/lib/python3.8/site-packages/airflow/example_dags/example_task_group.py
[2026-03-26T22:49:54.197+0000] {logging_mixin.py:188} INFO - [2026-03-26T22:49:54.197+0000] {dag.py:3036} INFO - Sync 1 DAGs
[2026-03-26T22:49:54.210+0000] {logging_mixin.py:188} INFO - [2026-03-26T22:49:54.210+0000] {dag.py:3823} INFO - Setting next_dagrun for example_task_group to 2026-03-25 00:00:00+00:00, run_after=2026-03-26 00:00:00+00:00
[2026-03-26T22:49:54.219+0000] {processor.py:183} INFO - Processing /home/airflow/.local/lib/python3.8/site-packages/airflow/example_dags/example_task_group.py took 0.047 seconds
[2026-03-26T22:50:24.808+0000] {processor.py:161} INFO - Started process (PID=546) to work on /home/airflow/.local/lib/python3.8/site-packages/airflow/example_dags/example_task_group.py
[2026-03-26T22:50:24.809+0000] {processor.py:830} INFO - Processing file /home/airflow/.local/lib/python3.8/site-packages/airflow/example_dags/example_task_group.py for tasks to queue
[2026-03-26T22:50:24.810+0000] {logging_mixin.py:188} INFO - [2026-03-26T22:50:24.810+0000] {dagbag.py:538} INFO - Filling up the DagBag from /home/airflow/.local/lib/python3.8/site-packages/airflow/example_dags/example_task_group.py
[2026-03-26T22:50:24.815+0000] {processor.py:840} INFO - DAG(s) 'example_task_group' retrieved from /home/airflow/.local/lib/python3.8/site-packages/airflow/example_dags/example_task_group.py
[2026-03-26T22:50:24.828+0000] {logging_mixin.py:188} INFO - [2026-03-26T22:50:24.827+0000] {dag.py:3036} INFO - Sync 1 DAGs
[2026-03-26T22:50:24.840+0000] {logging_mixin.py:188} INFO - [2026-03-26T22:50:24.840+0000] {dag.py:3823} INFO - Setting next_dagrun for example_task_group to 2026-03-25 00:00:00+00:00, run_after=2026-03-26 00:00:00+00:00
[2026-03-26T22:50:24.850+0000] {processor.py:183} INFO - Processing /home/airflow/.local/lib/python3.8/site-packages/airflow/example_dags/example_task_group.py took 0.044 seconds
[2026-03-26T22:50:55.633+0000] {processor.py:161} INFO - Started process (PID=601) to work on /home/airflow/.local/lib/python3.8/site-packages/airflow/example_dags/example_task_group.py
[2026-03-26T22:50:55.633+0000] {processor.py:830} INFO - Processing file /home/airflow/.local/lib/python3.8/site-packages/airflow/example_dags/example_task_group.py for tasks to queue
[2026-03-26T22:50:55.635+0000] {logging_mixin.py:188} INFO - [2026-03-26T22:50:55.634+0000] {dagbag.py:538} INFO - Filling up the DagBag from /home/airflow/.local/lib/python3.8/site-packages/airflow/example_dags/example_task_group.py
[2026-03-26T22:50:55.639+0000] {processor.py:840} INFO - DAG(s) 'example_task_group' retrieved from /home/airflow/.local/lib/python3.8/site-packages/airflow/example_dags/example_task_group.py
[2026-03-26T22:50:55.653+0000] {logging_mixin.py:188} INFO - [2026-03-26T22:50:55.653+0000] {dag.py:3036} INFO - Sync 1 DAGs
[2026-03-26T22:50:55.666+0000] {logging_mixin.py:188} INFO - [2026-03-26T22:50:55.666+0000] {dag.py:3823} INFO - Setting next_dagrun for example_task_group to 2026-03-25 00:00:00+00:00, run_after=2026-03-26 00:00:00+00:00
[2026-03-26T22:50:55.678+0000] {processor.py:183} INFO - Processing /home/airflow/.local/lib/python3.8/site-packages/airflow/example_dags/example_task_group.py took 0.048 seconds
[2026-03-26T22:51:26.216+0000] {processor.py:161} INFO - Started process (PID=656) to work on /home/airflow/.local/lib/python3.8/site-packages/airflow/example_dags/example_task_group.py
[2026-03-26T22:51:26.217+0000] {processor.py:830} INFO - Processing file /home/airflow/.local/lib/python3.8/site-packages/airflow/example_dags/example_task_group.py for tasks to queue
[2026-03-26T22:51:26.218+0000] {logging_mixin.py:188} INFO - [2026-03-26T22:51:26.218+0000] {dagbag.py:538} INFO - Filling up the DagBag from /home/airflow/.local/lib/python3.8/site-packages/airflow/example_dags/example_task_group.py
[2026-03-26T22:51:26.222+0000] {processor.py:840} INFO - DAG(s) 'example_task_group' retrieved from /home/airflow/.local/lib/python3.8/site-packages/airflow/example_dags/example_task_group.py
[2026-03-26T22:51:26.237+0000] {logging_mixin.py:188} INFO - [2026-03-26T22:51:26.237+0000] {dag.py:3036} INFO - Sync 1 DAGs
[2026-03-26T22:51:26.249+0000] {logging_mixin.py:188} INFO - [2026-03-26T22:51:26.249+0000] {dag.py:3823} INFO - Setting next_dagrun for example_task_group to 2026-03-25 00:00:00+00:00, run_after=2026-03-26 00:00:00+00:00
[2026-03-26T22:51:26.260+0000] {processor.py:183} INFO - Processing /home/airflow/.local/lib/python3.8/site-packages/airflow/example_dags/example_task_group.py took 0.046 seconds
[2026-03-26T22:52:15.075+0000] {processor.py:161} INFO - Started process (PID=41) to work on /home/airflow/.local/lib/python3.8/site-packages/airflow/example_dags/example_task_group.py
[2026-03-26T22:52:15.076+0000] {processor.py:830} INFO - Processing file /home/airflow/.local/lib/python3.8/site-packages/airflow/example_dags/example_task_group.py for tasks to queue
[2026-03-26T22:52:15.077+0000] {logging_mixin.py:188} INFO - [2026-03-26T22:52:15.077+0000] {dagbag.py:538} INFO - Filling up the DagBag from /home/airflow/.local/lib/python3.8/site-packages/airflow/example_dags/example_task_group.py
[2026-03-26T22:52:15.084+0000] {processor.py:840} INFO - DAG(s) 'example_task_group' retrieved from /home/airflow/.local/lib/python3.8/site-packages/airflow/example_dags/example_task_group.py
[2026-03-26T22:52:15.092+0000] {logging_mixin.py:188} INFO - [2026-03-26T22:52:15.092+0000] {dag.py:3036} INFO - Sync 1 DAGs
[2026-03-26T22:52:15.105+0000] {logging_mixin.py:188} INFO - [2026-03-26T22:52:15.105+0000] {dag.py:3823} INFO - Setting next_dagrun for example_task_group to 2026-03-25 00:00:00+00:00, run_after=2026-03-26 00:00:00+00:00
[2026-03-26T22:52:15.118+0000] {processor.py:183} INFO - Processing /home/airflow/.local/lib/python3.8/site-packages/airflow/example_dags/example_task_group.py took 0.046 seconds
[2026-03-26T22:52:45.411+0000] {processor.py:161} INFO - Started process (PID=96) to work on /home/airflow/.local/lib/python3.8/site-packages/airflow/example_dags/example_task_group.py
[2026-03-26T22:52:45.412+0000] {processor.py:830} INFO - Processing file /home/airflow/.local/lib/python3.8/site-packages/airflow/example_dags/example_task_group.py for tasks to queue
[2026-03-26T22:52:45.413+0000] {logging_mixin.py:188} INFO - [2026-03-26T22:52:45.413+0000] {dagbag.py:538} INFO - Filling up the DagBag from /home/airflow/.local/lib/python3.8/site-packages/airflow/example_dags/example_task_group.py
[2026-03-26T22:52:45.418+0000] {processor.py:840} INFO - DAG(s) 'example_task_group' retrieved from /home/airflow/.local/lib/python3.8/site-packages/airflow/example_dags/example_task_group.py
[2026-03-26T22:52:45.477+0000] {logging_mixin.py:188} INFO - [2026-03-26T22:52:45.477+0000] {dag.py:3036} INFO - Sync 1 DAGs
[2026-03-26T22:52:45.487+0000] {logging_mixin.py:188} INFO - [2026-03-26T22:52:45.487+0000] {dag.py:3823} INFO - Setting next_dagrun for example_task_group to 2026-03-25 00:00:00+00:00, run_after=2026-03-26 00:00:00+00:00
[2026-03-26T22:52:45.499+0000] {processor.py:183} INFO - Processing /home/airflow/.local/lib/python3.8/site-packages/airflow/example_dags/example_task_group.py took 0.090 seconds
[2026-03-26T22:53:16.176+0000] {processor.py:161} INFO - Started process (PID=157) to work on /home/airflow/.local/lib/python3.8/site-packages/airflow/example_dags/example_task_group.py
[2026-03-26T22:53:16.177+0000] {processor.py:830} INFO - Processing file /home/airflow/.local/lib/python3.8/site-packages/airflow/example_dags/example_task_group.py for tasks to queue
[2026-03-26T22:53:16.178+0000] {logging_mixin.py:188} INFO - [2026-03-26T22:53:16.178+0000] {dagbag.py:538} INFO - Filling up the DagBag from /home/airflow/.local/lib/python3.8/site-packages/airflow/example_dags/example_task_group.py
[2026-03-26T22:53:16.183+0000] {processor.py:840} INFO - DAG(s) 'example_task_group' retrieved from /home/airflow/.local/lib/python3.8/site-packages/airflow/example_dags/example_task_group.py
[2026-03-26T22:53:16.196+0000] {logging_mixin.py:188} INFO - [2026-03-26T22:53:16.196+0000] {dag.py:3036} INFO - Sync 1 DAGs
[2026-03-26T22:53:16.208+0000] {logging_mixin.py:188} INFO - [2026-03-26T22:53:16.208+0000] {dag.py:3823} INFO - Setting next_dagrun for example_task_group to 2026-03-25 00:00:00+00:00, run_after=2026-03-26 00:00:00+00:00
[2026-03-26T22:53:16.219+0000] {processor.py:183} INFO - Processing /home/airflow/.local/lib/python3.8/site-packages/airflow/example_dags/example_task_group.py took 0.046 seconds
[2026-03-26T22:53:46.338+0000] {processor.py:161} INFO - Started process (PID=212) to work on /home/airflow/.local/lib/python3.8/site-packages/airflow/example_dags/example_task_group.py
[2026-03-26T22:53:46.339+0000] {processor.py:830} INFO - Processing file /home/airflow/.local/lib/python3.8/site-packages/airflow/example_dags/example_task_group.py for tasks to queue
[2026-03-26T22:53:46.340+0000] {logging_mixin.py:188} INFO - [2026-03-26T22:53:46.340+0000] {dagbag.py:538} INFO - Filling up the DagBag from /home/airflow/.local/lib/python3.8/site-packages/airflow/example_dags/example_task_group.py
[2026-03-26T22:53:46.345+0000] {processor.py:840} INFO - DAG(s) 'example_task_group' retrieved from /home/airflow/.local/lib/python3.8/site-packages/airflow/example_dags/example_task_group.py
[2026-03-26T22:53:46.363+0000] {logging_mixin.py:188} INFO - [2026-03-26T22:53:46.363+0000] {dag.py:3036} INFO - Sync 1 DAGs
[2026-03-26T22:53:46.377+0000] {logging_mixin.py:188} INFO - [2026-03-26T22:53:46.377+0000] {dag.py:3823} INFO - Setting next_dagrun for example_task_group to 2026-03-25 00:00:00+00:00, run_after=2026-03-26 00:00:00+00:00
[2026-03-26T22:53:46.391+0000] {processor.py:183} INFO - Processing /home/airflow/.local/lib/python3.8/site-packages/airflow/example_dags/example_task_group.py took 0.056 seconds
[2026-03-26T22:54:16.472+0000] {processor.py:161} INFO - Started process (PID=267) to work on /home/airflow/.local/lib/python3.8/site-packages/airflow/example_dags/example_task_group.py
[2026-03-26T22:54:16.473+0000] {processor.py:830} INFO - Processing file /home/airflow/.local/lib/python3.8/site-packages/airflow/example_dags/example_task_group.py for tasks to queue
[2026-03-26T22:54:16.474+0000] {logging_mixin.py:188} INFO - [2026-03-26T22:54:16.474+0000] {dagbag.py:538} INFO - Filling up the DagBag from /home/airflow/.local/lib/python3.8/site-packages/airflow/example_dags/example_task_group.py
[2026-03-26T22:54:16.479+0000] {processor.py:840} INFO - DAG(s) 'example_task_group' retrieved from /home/airflow/.local/lib/python3.8/site-packages/airflow/example_dags/example_task_group.py
[2026-03-26T22:54:16.494+0000] {logging_mixin.py:188} INFO - [2026-03-26T22:54:16.494+0000] {dag.py:3036} INFO - Sync 1 DAGs
[2026-03-26T22:54:16.507+0000] {logging_mixin.py:188} INFO - [2026-03-26T22:54:16.507+0000] {dag.py:3823} INFO - Setting next_dagrun for example_task_group to 2026-03-25 00:00:00+00:00, run_after=2026-03-26 00:00:00+00:00
[2026-03-26T22:54:16.521+0000] {processor.py:183} INFO - Processing /home/airflow/.local/lib/python3.8/site-packages/airflow/example_dags/example_task_group.py took 0.052 seconds
[2026-03-26T22:54:47.324+0000] {processor.py:161} INFO - Started process (PID=322) to work on /home/airflow/.local/lib/python3.8/site-packages/airflow/example_dags/example_task_group.py
[2026-03-26T22:54:47.324+0000] {processor.py:830} INFO - Processing file /home/airflow/.local/lib/python3.8/site-packages/airflow/example_dags/example_task_group.py for tasks to queue
[2026-03-26T22:54:47.326+0000] {logging_mixin.py:188} INFO - [2026-03-26T22:54:47.325+0000] {dagbag.py:538} INFO - Filling up the DagBag from /home/airflow/.local/lib/python3.8/site-packages/airflow/example_dags/example_task_group.py
[2026-03-26T22:54:47.330+0000] {processor.py:840} INFO - DAG(s) 'example_task_group' retrieved from /home/airflow/.local/lib/python3.8/site-packages/airflow/example_dags/example_task_group.py
[2026-03-26T22:54:47.345+0000] {logging_mixin.py:188} INFO - [2026-03-26T22:54:47.345+0000] {dag.py:3036} INFO - Sync 1 DAGs
[2026-03-26T22:54:47.357+0000] {logging_mixin.py:188} INFO - [2026-03-26T22:54:47.357+0000] {dag.py:3823} INFO - Setting next_dagrun for example_task_group to 2026-03-25 00:00:00+00:00, run_after=2026-03-26 00:00:00+00:00
[2026-03-26T22:54:47.370+0000] {processor.py:183} INFO - Processing /home/airflow/.local/lib/python3.8/site-packages/airflow/example_dags/example_task_group.py took 0.049 seconds
[2026-03-26T22:55:17.866+0000] {processor.py:161} INFO - Started process (PID=377) to work on /home/airflow/.local/lib/python3.8/site-packages/airflow/example_dags/example_task_group.py
[2026-03-26T22:55:17.866+0000] {processor.py:830} INFO - Processing file /home/airflow/.local/lib/python3.8/site-packages/airflow/example_dags/example_task_group.py for tasks to queue
[2026-03-26T22:55:17.867+0000] {logging_mixin.py:188} INFO - [2026-03-26T22:55:17.867+0000] {dagbag.py:538} INFO - Filling up the DagBag from /home/airflow/.local/lib/python3.8/site-packages/airflow/example_dags/example_task_group.py
[2026-03-26T22:55:17.872+0000] {processor.py:840} INFO - DAG(s) 'example_task_group' retrieved from /home/airflow/.local/lib/python3.8/site-packages/airflow/example_dags/example_task_group.py
[2026-03-26T22:55:17.886+0000] {logging_mixin.py:188} INFO - [2026-03-26T22:55:17.886+0000] {dag.py:3036} INFO - Sync 1 DAGs
[2026-03-26T22:55:17.899+0000] {logging_mixin.py:188} INFO - [2026-03-26T22:55:17.899+0000] {dag.py:3823} INFO - Setting next_dagrun for example_task_group to 2026-03-25 00:00:00+00:00, run_after=2026-03-26 00:00:00+00:00
[2026-03-26T22:55:17.909+0000] {processor.py:183} INFO - Processing /home/airflow/.local/lib/python3.8/site-packages/airflow/example_dags/example_task_group.py took 0.046 seconds
[2026-03-26T22:55:48.428+0000] {processor.py:161} INFO - Started process (PID=432) to work on /home/airflow/.local/lib/python3.8/site-packages/airflow/example_dags/example_task_group.py
[2026-03-26T22:55:48.428+0000] {processor.py:830} INFO - Processing file /home/airflow/.local/lib/python3.8/site-packages/airflow/example_dags/example_task_group.py for tasks to queue
[2026-03-26T22:55:48.430+0000] {logging_mixin.py:188} INFO - [2026-03-26T22:55:48.429+0000] {dagbag.py:538} INFO - Filling up the DagBag from /home/airflow/.local/lib/python3.8/site-packages/airflow/example_dags/example_task_group.py
[2026-03-26T22:55:48.435+0000] {processor.py:840} INFO - DAG(s) 'example_task_group' retrieved from /home/airflow/.local/lib/python3.8/site-packages/airflow/example_dags/example_task_group.py
[2026-03-26T22:55:48.451+0000] {logging_mixin.py:188} INFO - [2026-03-26T22:55:48.451+0000] {dag.py:3036} INFO - Sync 1 DAGs
[2026-03-26T22:55:48.464+0000] {logging_mixin.py:188} INFO - [2026-03-26T22:55:48.464+0000] {dag.py:3823} INFO - Setting next_dagrun for example_task_group to 2026-03-25 00:00:00+00:00, run_after=2026-03-26 00:00:00+00:00
[2026-03-26T22:55:48.477+0000] {processor.py:183} INFO - Processing /home/airflow/.local/lib/python3.8/site-packages/airflow/example_dags/example_task_group.py took 0.051 seconds
[2026-03-26T22:56:19.166+0000] {processor.py:161} INFO - Started process (PID=486) to work on /home/airflow/.local/lib/python3.8/site-packages/airflow/example_dags/example_task_group.py
[2026-03-26T22:56:19.167+0000] {processor.py:830} INFO - Processing file /home/airflow/.local/lib/python3.8/site-packages/airflow/example_dags/example_task_group.py for tasks to queue
[2026-03-26T22:56:19.168+0000] {logging_mixin.py:188} INFO - [2026-03-26T22:56:19.168+0000] {dagbag.py:538} INFO - Filling up the DagBag from /home/airflow/.local/lib/python3.8/site-packages/airflow/example_dags/example_task_group.py
[2026-03-26T22:56:19.172+0000] {processor.py:840} INFO - DAG(s) 'example_task_group' retrieved from /home/airflow/.local/lib/python3.8/site-packages/airflow/example_dags/example_task_group.py
[2026-03-26T22:56:19.186+0000] {logging_mixin.py:188} INFO - [2026-03-26T22:56:19.186+0000] {dag.py:3036} INFO - Sync 1 DAGs
[2026-03-26T22:56:19.198+0000] {logging_mixin.py:188} INFO - [2026-03-26T22:56:19.198+0000] {dag.py:3823} INFO - Setting next_dagrun for example_task_group to 2026-03-25 00:00:00+00:00, run_after=2026-03-26 00:00:00+00:00
[2026-03-26T22:56:19.208+0000] {processor.py:183} INFO - Processing /home/airflow/.local/lib/python3.8/site-packages/airflow/example_dags/example_task_group.py took 0.045 seconds
[2026-03-26T22:56:49.845+0000] {processor.py:161} INFO - Started process (PID=541) to work on /home/airflow/.local/lib/python3.8/site-packages/airflow/example_dags/example_task_group.py
[2026-03-26T22:56:49.846+0000] {processor.py:830} INFO - Processing file /home/airflow/.local/lib/python3.8/site-packages/airflow/example_dags/example_task_group.py for tasks to queue
[2026-03-26T22:56:49.847+0000] {logging_mixin.py:188} INFO - [2026-03-26T22:56:49.847+0000] {dagbag.py:538} INFO - Filling up the DagBag from /home/airflow/.local/lib/python3.8/site-packages/airflow/example_dags/example_task_group.py
[2026-03-26T22:56:49.852+0000] {processor.py:840} INFO - DAG(s) 'example_task_group' retrieved from /home/airflow/.local/lib/python3.8/site-packages/airflow/example_dags/example_task_group.py
[2026-03-26T22:56:49.865+0000] {logging_mixin.py:188} INFO - [2026-03-26T22:56:49.865+0000] {dag.py:3036} INFO - Sync 1 DAGs
[2026-03-26T22:56:49.878+0000] {logging_mixin.py:188} INFO - [2026-03-26T22:56:49.878+0000] {dag.py:3823} INFO - Setting next_dagrun for example_task_group to 2026-03-25 00:00:00+00:00, run_after=2026-03-26 00:00:00+00:00
[2026-03-26T22:56:49.892+0000] {processor.py:183} INFO - Processing /home/airflow/.local/lib/python3.8/site-packages/airflow/example_dags/example_task_group.py took 0.050 seconds
[2026-03-26T22:57:20.441+0000] {processor.py:161} INFO - Started process (PID=596) to work on /home/airflow/.local/lib/python3.8/site-packages/airflow/example_dags/example_task_group.py
[2026-03-26T22:57:20.441+0000] {processor.py:830} INFO - Processing file /home/airflow/.local/lib/python3.8/site-packages/airflow/example_dags/example_task_group.py for tasks to queue
[2026-03-26T22:57:20.443+0000] {logging_mixin.py:188} INFO - [2026-03-26T22:57:20.442+0000] {dagbag.py:538} INFO - Filling up the DagBag from /home/airflow/.local/lib/python3.8/site-packages/airflow/example_dags/example_task_group.py
[2026-03-26T22:57:20.447+0000] {processor.py:840} INFO - DAG(s) 'example_task_group' retrieved from /home/airflow/.local/lib/python3.8/site-packages/airflow/example_dags/example_task_group.py
[2026-03-26T22:57:20.462+0000] {logging_mixin.py:188} INFO - [2026-03-26T22:57:20.461+0000] {dag.py:3036} INFO - Sync 1 DAGs
[2026-03-26T22:57:20.475+0000] {logging_mixin.py:188} INFO - [2026-03-26T22:57:20.475+0000] {dag.py:3823} INFO - Setting next_dagrun for example_task_group to 2026-03-25 00:00:00+00:00, run_after=2026-03-26 00:00:00+00:00
[2026-03-26T22:57:20.489+0000] {processor.py:183} INFO - Processing /home/airflow/.local/lib/python3.8/site-packages/airflow/example_dags/example_task_group.py took 0.051 seconds
[2026-03-26T22:57:51.138+0000] {processor.py:161} INFO - Started process (PID=651) to work on /home/airflow/.local/lib/python3.8/site-packages/airflow/example_dags/example_task_group.py
[2026-03-26T22:57:51.138+0000] {processor.py:830} INFO - Processing file /home/airflow/.local/lib/python3.8/site-packages/airflow/example_dags/example_task_group.py for tasks to queue
[2026-03-26T22:57:51.140+0000] {logging_mixin.py:188} INFO - [2026-03-26T22:57:51.139+0000] {dagbag.py:538} INFO - Filling up the DagBag from /home/airflow/.local/lib/python3.8/site-packages/airflow/example_dags/example_task_group.py
[2026-03-26T22:57:51.144+0000] {processor.py:840} INFO - DAG(s) 'example_task_group' retrieved from /home/airflow/.local/lib/python3.8/site-packages/airflow/example_dags/example_task_group.py
[2026-03-26T22:57:51.158+0000] {logging_mixin.py:188} INFO - [2026-03-26T22:57:51.158+0000] {dag.py:3036} INFO - Sync 1 DAGs
[2026-03-26T22:57:51.171+0000] {logging_mixin.py:188} INFO - [2026-03-26T22:57:51.170+0000] {dag.py:3823} INFO - Setting next_dagrun for example_task_group to 2026-03-25 00:00:00+00:00, run_after=2026-03-26 00:00:00+00:00
[2026-03-26T22:57:51.181+0000] {processor.py:183} INFO - Processing /home/airflow/.local/lib/python3.8/site-packages/airflow/example_dags/example_task_group.py took 0.046 seconds
[2026-03-26T22:58:21.700+0000] {processor.py:161} INFO - Started process (PID=706) to work on /home/airflow/.local/lib/python3.8/site-packages/airflow/example_dags/example_task_group.py
[2026-03-26T22:58:21.701+0000] {processor.py:830} INFO - Processing file /home/airflow/.local/lib/python3.8/site-packages/airflow/example_dags/example_task_group.py for tasks to queue
[2026-03-26T22:58:21.702+0000] {logging_mixin.py:188} INFO - [2026-03-26T22:58:21.702+0000] {dagbag.py:538} INFO - Filling up the DagBag from /home/airflow/.local/lib/python3.8/site-packages/airflow/example_dags/example_task_group.py
[2026-03-26T22:58:21.707+0000] {processor.py:840} INFO - DAG(s) 'example_task_group' retrieved from /home/airflow/.local/lib/python3.8/site-packages/airflow/example_dags/example_task_group.py
[2026-03-26T22:58:21.723+0000] {logging_mixin.py:188} INFO - [2026-03-26T22:58:21.723+0000] {dag.py:3036} INFO - Sync 1 DAGs
[2026-03-26T22:58:21.736+0000] {logging_mixin.py:188} INFO - [2026-03-26T22:58:21.736+0000] {dag.py:3823} INFO - Setting next_dagrun for example_task_group to 2026-03-25 00:00:00+00:00, run_after=2026-03-26 00:00:00+00:00
[2026-03-26T22:58:21.753+0000] {processor.py:183} INFO - Processing /home/airflow/.local/lib/python3.8/site-packages/airflow/example_dags/example_task_group.py took 0.056 seconds
