[2026-03-26T22:45:50.427+0000] {processor.py:161} INFO - Started process (PID=64) to work on /home/airflow/.local/lib/python3.8/site-packages/airflow/example_dags/example_nested_branch_dag.py
[2026-03-26T22:45:50.429+0000] {processor.py:830} INFO - Processing file /home/airflow/.local/lib/python3.8/site-packages/airflow/example_dags/example_nested_branch_dag.py for tasks to queue
[2026-03-26T22:45:50.431+0000] {logging_mixin.py:188} INFO - [2026-03-26T22:45:50.431+0000] {dagbag.py:538} INFO - Filling up the DagBag from /home/airflow/.local/lib/python3.8/site-packages/airflow/example_dags/example_nested_branch_dag.py
[2026-03-26T22:45:50.441+0000] {processor.py:840} INFO - DAG(s) 'example_nested_branch_dag' retrieved from /home/airflow/.local/lib/python3.8/site-packages/airflow/example_dags/example_nested_branch_dag.py
[2026-03-26T22:45:50.455+0000] {logging_mixin.py:188} INFO - [2026-03-26T22:45:50.455+0000] {dag.py:3036} INFO - Sync 1 DAGs
[2026-03-26T22:45:50.472+0000] {logging_mixin.py:188} INFO - [2026-03-26T22:45:50.472+0000] {dag.py:3823} INFO - Setting next_dagrun for example_nested_branch_dag to 2026-03-25 00:00:00+00:00, run_after=2026-03-26 00:00:00+00:00
[2026-03-26T22:45:50.484+0000] {processor.py:183} INFO - Processing /home/airflow/.local/lib/python3.8/site-packages/airflow/example_dags/example_nested_branch_dag.py took 0.060 seconds
[2026-03-26T22:46:22.470+0000] {processor.py:161} INFO - Started process (PID=119) to work on /home/airflow/.local/lib/python3.8/site-packages/airflow/example_dags/example_nested_branch_dag.py
[2026-03-26T22:46:22.472+0000] {processor.py:830} INFO - Processing file /home/airflow/.local/lib/python3.8/site-packages/airflow/example_dags/example_nested_branch_dag.py for tasks to queue
[2026-03-26T22:46:22.473+0000] {logging_mixin.py:188} INFO - [2026-03-26T22:46:22.473+0000] {dagbag.py:538} INFO - Filling up the DagBag from /home/airflow/.local/lib/python3.8/site-packages/airflow/example_dags/example_nested_branch_dag.py
[2026-03-26T22:46:22.480+0000] {processor.py:840} INFO - DAG(s) 'example_nested_branch_dag' retrieved from /home/airflow/.local/lib/python3.8/site-packages/airflow/example_dags/example_nested_branch_dag.py
[2026-03-26T22:46:22.549+0000] {logging_mixin.py:188} INFO - [2026-03-26T22:46:22.549+0000] {dag.py:3036} INFO - Sync 1 DAGs
[2026-03-26T22:46:22.560+0000] {logging_mixin.py:188} INFO - [2026-03-26T22:46:22.560+0000] {dag.py:3823} INFO - Setting next_dagrun for example_nested_branch_dag to 2026-03-25 00:00:00+00:00, run_after=2026-03-26 00:00:00+00:00
[2026-03-26T22:46:22.571+0000] {processor.py:183} INFO - Processing /home/airflow/.local/lib/python3.8/site-packages/airflow/example_dags/example_nested_branch_dag.py took 0.105 seconds
[2026-03-26T22:46:53.091+0000] {processor.py:161} INFO - Started process (PID=174) to work on /home/airflow/.local/lib/python3.8/site-packages/airflow/example_dags/example_nested_branch_dag.py
[2026-03-26T22:46:53.092+0000] {processor.py:830} INFO - Processing file /home/airflow/.local/lib/python3.8/site-packages/airflow/example_dags/example_nested_branch_dag.py for tasks to queue
[2026-03-26T22:46:53.093+0000] {logging_mixin.py:188} INFO - [2026-03-26T22:46:53.093+0000] {dagbag.py:538} INFO - Filling up the DagBag from /home/airflow/.local/lib/python3.8/site-packages/airflow/example_dags/example_nested_branch_dag.py
[2026-03-26T22:46:53.101+0000] {processor.py:840} INFO - DAG(s) 'example_nested_branch_dag' retrieved from /home/airflow/.local/lib/python3.8/site-packages/airflow/example_dags/example_nested_branch_dag.py
[2026-03-26T22:46:53.118+0000] {logging_mixin.py:188} INFO - [2026-03-26T22:46:53.118+0000] {dag.py:3036} INFO - Sync 1 DAGs
[2026-03-26T22:46:53.131+0000] {logging_mixin.py:188} INFO - [2026-03-26T22:46:53.131+0000] {dag.py:3823} INFO - Setting next_dagrun for example_nested_branch_dag to 2026-03-25 00:00:00+00:00, run_after=2026-03-26 00:00:00+00:00
[2026-03-26T22:46:53.142+0000] {processor.py:183} INFO - Processing /home/airflow/.local/lib/python3.8/site-packages/airflow/example_dags/example_nested_branch_dag.py took 0.054 seconds
[2026-03-26T22:47:23.295+0000] {processor.py:161} INFO - Started process (PID=229) to work on /home/airflow/.local/lib/python3.8/site-packages/airflow/example_dags/example_nested_branch_dag.py
[2026-03-26T22:47:23.296+0000] {processor.py:830} INFO - Processing file /home/airflow/.local/lib/python3.8/site-packages/airflow/example_dags/example_nested_branch_dag.py for tasks to queue
[2026-03-26T22:47:23.297+0000] {logging_mixin.py:188} INFO - [2026-03-26T22:47:23.297+0000] {dagbag.py:538} INFO - Filling up the DagBag from /home/airflow/.local/lib/python3.8/site-packages/airflow/example_dags/example_nested_branch_dag.py
[2026-03-26T22:47:23.304+0000] {processor.py:840} INFO - DAG(s) 'example_nested_branch_dag' retrieved from /home/airflow/.local/lib/python3.8/site-packages/airflow/example_dags/example_nested_branch_dag.py
[2026-03-26T22:47:23.320+0000] {logging_mixin.py:188} INFO - [2026-03-26T22:47:23.319+0000] {dag.py:3036} INFO - Sync 1 DAGs
[2026-03-26T22:47:23.336+0000] {logging_mixin.py:188} INFO - [2026-03-26T22:47:23.336+0000] {dag.py:3823} INFO - Setting next_dagrun for example_nested_branch_dag to 2026-03-25 00:00:00+00:00, run_after=2026-03-26 00:00:00+00:00
[2026-03-26T22:47:23.352+0000] {processor.py:183} INFO - Processing /home/airflow/.local/lib/python3.8/site-packages/airflow/example_dags/example_nested_branch_dag.py took 0.059 seconds
[2026-03-26T22:47:53.622+0000] {processor.py:161} INFO - Started process (PID=284) to work on /home/airflow/.local/lib/python3.8/site-packages/airflow/example_dags/example_nested_branch_dag.py
[2026-03-26T22:47:53.623+0000] {processor.py:830} INFO - Processing file /home/airflow/.local/lib/python3.8/site-packages/airflow/example_dags/example_nested_branch_dag.py for tasks to queue
[2026-03-26T22:47:53.624+0000] {logging_mixin.py:188} INFO - [2026-03-26T22:47:53.624+0000] {dagbag.py:538} INFO - Filling up the DagBag from /home/airflow/.local/lib/python3.8/site-packages/airflow/example_dags/example_nested_branch_dag.py
[2026-03-26T22:47:53.630+0000] {processor.py:840} INFO - DAG(s) 'example_nested_branch_dag' retrieved from /home/airflow/.local/lib/python3.8/site-packages/airflow/example_dags/example_nested_branch_dag.py
[2026-03-26T22:47:53.643+0000] {logging_mixin.py:188} INFO - [2026-03-26T22:47:53.643+0000] {dag.py:3036} INFO - Sync 1 DAGs
[2026-03-26T22:47:53.656+0000] {logging_mixin.py:188} INFO - [2026-03-26T22:47:53.656+0000] {dag.py:3823} INFO - Setting next_dagrun for example_nested_branch_dag to 2026-03-25 00:00:00+00:00, run_after=2026-03-26 00:00:00+00:00
[2026-03-26T22:47:53.669+0000] {processor.py:183} INFO - Processing /home/airflow/.local/lib/python3.8/site-packages/airflow/example_dags/example_nested_branch_dag.py took 0.049 seconds
[2026-03-26T22:48:24.112+0000] {processor.py:161} INFO - Started process (PID=344) to work on /home/airflow/.local/lib/python3.8/site-packages/airflow/example_dags/example_nested_branch_dag.py
[2026-03-26T22:48:24.113+0000] {processor.py:830} INFO - Processing file /home/airflow/.local/lib/python3.8/site-packages/airflow/example_dags/example_nested_branch_dag.py for tasks to queue
[2026-03-26T22:48:24.114+0000] {logging_mixin.py:188} INFO - [2026-03-26T22:48:24.114+0000] {dagbag.py:538} INFO - Filling up the DagBag from /home/airflow/.local/lib/python3.8/site-packages/airflow/example_dags/example_nested_branch_dag.py
[2026-03-26T22:48:24.120+0000] {processor.py:840} INFO - DAG(s) 'example_nested_branch_dag' retrieved from /home/airflow/.local/lib/python3.8/site-packages/airflow/example_dags/example_nested_branch_dag.py
[2026-03-26T22:48:24.134+0000] {logging_mixin.py:188} INFO - [2026-03-26T22:48:24.133+0000] {dag.py:3036} INFO - Sync 1 DAGs
[2026-03-26T22:48:24.146+0000] {logging_mixin.py:188} INFO - [2026-03-26T22:48:24.145+0000] {dag.py:3823} INFO - Setting next_dagrun for example_nested_branch_dag to 2026-03-25 00:00:00+00:00, run_after=2026-03-26 00:00:00+00:00
[2026-03-26T22:48:24.156+0000] {processor.py:183} INFO - Processing /home/airflow/.local/lib/python3.8/site-packages/airflow/example_dags/example_nested_branch_dag.py took 0.046 seconds
[2026-03-26T22:48:54.693+0000] {processor.py:161} INFO - Started process (PID=399) to work on /home/airflow/.local/lib/python3.8/site-packages/airflow/example_dags/example_nested_branch_dag.py
[2026-03-26T22:48:54.693+0000] {processor.py:830} INFO - Processing file /home/airflow/.local/lib/python3.8/site-packages/airflow/example_dags/example_nested_branch_dag.py for tasks to queue
[2026-03-26T22:48:54.695+0000] {logging_mixin.py:188} INFO - [2026-03-26T22:48:54.695+0000] {dagbag.py:538} INFO - Filling up the DagBag from /home/airflow/.local/lib/python3.8/site-packages/airflow/example_dags/example_nested_branch_dag.py
[2026-03-26T22:48:54.701+0000] {processor.py:840} INFO - DAG(s) 'example_nested_branch_dag' retrieved from /home/airflow/.local/lib/python3.8/site-packages/airflow/example_dags/example_nested_branch_dag.py
[2026-03-26T22:48:54.714+0000] {logging_mixin.py:188} INFO - [2026-03-26T22:48:54.714+0000] {dag.py:3036} INFO - Sync 1 DAGs
[2026-03-26T22:48:54.726+0000] {logging_mixin.py:188} INFO - [2026-03-26T22:48:54.726+0000] {dag.py:3823} INFO - Setting next_dagrun for example_nested_branch_dag to 2026-03-25 00:00:00+00:00, run_after=2026-03-26 00:00:00+00:00
[2026-03-26T22:48:54.738+0000] {processor.py:183} INFO - Processing /home/airflow/.local/lib/python3.8/site-packages/airflow/example_dags/example_nested_branch_dag.py took 0.047 seconds
[2026-03-26T22:49:25.164+0000] {processor.py:161} INFO - Started process (PID=453) to work on /home/airflow/.local/lib/python3.8/site-packages/airflow/example_dags/example_nested_branch_dag.py
[2026-03-26T22:49:25.165+0000] {processor.py:830} INFO - Processing file /home/airflow/.local/lib/python3.8/site-packages/airflow/example_dags/example_nested_branch_dag.py for tasks to queue
[2026-03-26T22:49:25.166+0000] {logging_mixin.py:188} INFO - [2026-03-26T22:49:25.166+0000] {dagbag.py:538} INFO - Filling up the DagBag from /home/airflow/.local/lib/python3.8/site-packages/airflow/example_dags/example_nested_branch_dag.py
[2026-03-26T22:49:25.172+0000] {processor.py:840} INFO - DAG(s) 'example_nested_branch_dag' retrieved from /home/airflow/.local/lib/python3.8/site-packages/airflow/example_dags/example_nested_branch_dag.py
[2026-03-26T22:49:25.186+0000] {logging_mixin.py:188} INFO - [2026-03-26T22:49:25.186+0000] {dag.py:3036} INFO - Sync 1 DAGs
[2026-03-26T22:49:25.199+0000] {logging_mixin.py:188} INFO - [2026-03-26T22:49:25.198+0000] {dag.py:3823} INFO - Setting next_dagrun for example_nested_branch_dag to 2026-03-25 00:00:00+00:00, run_after=2026-03-26 00:00:00+00:00
[2026-03-26T22:49:25.209+0000] {processor.py:183} INFO - Processing /home/airflow/.local/lib/python3.8/site-packages/airflow/example_dags/example_nested_branch_dag.py took 0.047 seconds
[2026-03-26T22:49:55.662+0000] {processor.py:161} INFO - Started process (PID=508) to work on /home/airflow/.local/lib/python3.8/site-packages/airflow/example_dags/example_nested_branch_dag.py
[2026-03-26T22:49:55.663+0000] {processor.py:830} INFO - Processing file /home/airflow/.local/lib/python3.8/site-packages/airflow/example_dags/example_nested_branch_dag.py for tasks to queue
[2026-03-26T22:49:55.664+0000] {logging_mixin.py:188} INFO - [2026-03-26T22:49:55.664+0000] {dagbag.py:538} INFO - Filling up the DagBag from /home/airflow/.local/lib/python3.8/site-packages/airflow/example_dags/example_nested_branch_dag.py
[2026-03-26T22:49:55.670+0000] {processor.py:840} INFO - DAG(s) 'example_nested_branch_dag' retrieved from /home/airflow/.local/lib/python3.8/site-packages/airflow/example_dags/example_nested_branch_dag.py
[2026-03-26T22:49:55.684+0000] {logging_mixin.py:188} INFO - [2026-03-26T22:49:55.683+0000] {dag.py:3036} INFO - Sync 1 DAGs
[2026-03-26T22:49:55.697+0000] {logging_mixin.py:188} INFO - [2026-03-26T22:49:55.697+0000] {dag.py:3823} INFO - Setting next_dagrun for example_nested_branch_dag to 2026-03-25 00:00:00+00:00, run_after=2026-03-26 00:00:00+00:00
[2026-03-26T22:49:55.709+0000] {processor.py:183} INFO - Processing /home/airflow/.local/lib/python3.8/site-packages/airflow/example_dags/example_nested_branch_dag.py took 0.050 seconds
[2026-03-26T22:50:26.330+0000] {processor.py:161} INFO - Started process (PID=563) to work on /home/airflow/.local/lib/python3.8/site-packages/airflow/example_dags/example_nested_branch_dag.py
[2026-03-26T22:50:26.331+0000] {processor.py:830} INFO - Processing file /home/airflow/.local/lib/python3.8/site-packages/airflow/example_dags/example_nested_branch_dag.py for tasks to queue
[2026-03-26T22:50:26.332+0000] {logging_mixin.py:188} INFO - [2026-03-26T22:50:26.332+0000] {dagbag.py:538} INFO - Filling up the DagBag from /home/airflow/.local/lib/python3.8/site-packages/airflow/example_dags/example_nested_branch_dag.py
[2026-03-26T22:50:26.339+0000] {processor.py:840} INFO - DAG(s) 'example_nested_branch_dag' retrieved from /home/airflow/.local/lib/python3.8/site-packages/airflow/example_dags/example_nested_branch_dag.py
[2026-03-26T22:50:26.353+0000] {logging_mixin.py:188} INFO - [2026-03-26T22:50:26.352+0000] {dag.py:3036} INFO - Sync 1 DAGs
[2026-03-26T22:50:26.366+0000] {logging_mixin.py:188} INFO - [2026-03-26T22:50:26.365+0000] {dag.py:3823} INFO - Setting next_dagrun for example_nested_branch_dag to 2026-03-25 00:00:00+00:00, run_after=2026-03-26 00:00:00+00:00
[2026-03-26T22:50:26.377+0000] {processor.py:183} INFO - Processing /home/airflow/.local/lib/python3.8/site-packages/airflow/example_dags/example_nested_branch_dag.py took 0.049 seconds
[2026-03-26T22:50:57.124+0000] {processor.py:161} INFO - Started process (PID=618) to work on /home/airflow/.local/lib/python3.8/site-packages/airflow/example_dags/example_nested_branch_dag.py
[2026-03-26T22:50:57.125+0000] {processor.py:830} INFO - Processing file /home/airflow/.local/lib/python3.8/site-packages/airflow/example_dags/example_nested_branch_dag.py for tasks to queue
[2026-03-26T22:50:57.126+0000] {logging_mixin.py:188} INFO - [2026-03-26T22:50:57.126+0000] {dagbag.py:538} INFO - Filling up the DagBag from /home/airflow/.local/lib/python3.8/site-packages/airflow/example_dags/example_nested_branch_dag.py
[2026-03-26T22:50:57.132+0000] {processor.py:840} INFO - DAG(s) 'example_nested_branch_dag' retrieved from /home/airflow/.local/lib/python3.8/site-packages/airflow/example_dags/example_nested_branch_dag.py
[2026-03-26T22:50:57.146+0000] {logging_mixin.py:188} INFO - [2026-03-26T22:50:57.146+0000] {dag.py:3036} INFO - Sync 1 DAGs
[2026-03-26T22:50:57.161+0000] {logging_mixin.py:188} INFO - [2026-03-26T22:50:57.161+0000] {dag.py:3823} INFO - Setting next_dagrun for example_nested_branch_dag to 2026-03-25 00:00:00+00:00, run_after=2026-03-26 00:00:00+00:00
[2026-03-26T22:50:57.173+0000] {processor.py:183} INFO - Processing /home/airflow/.local/lib/python3.8/site-packages/airflow/example_dags/example_nested_branch_dag.py took 0.052 seconds
[2026-03-26T22:51:27.706+0000] {processor.py:161} INFO - Started process (PID=673) to work on /home/airflow/.local/lib/python3.8/site-packages/airflow/example_dags/example_nested_branch_dag.py
[2026-03-26T22:51:27.706+0000] {processor.py:830} INFO - Processing file /home/airflow/.local/lib/python3.8/site-packages/airflow/example_dags/example_nested_branch_dag.py for tasks to queue
[2026-03-26T22:51:27.708+0000] {logging_mixin.py:188} INFO - [2026-03-26T22:51:27.707+0000] {dagbag.py:538} INFO - Filling up the DagBag from /home/airflow/.local/lib/python3.8/site-packages/airflow/example_dags/example_nested_branch_dag.py
[2026-03-26T22:51:27.713+0000] {processor.py:840} INFO - DAG(s) 'example_nested_branch_dag' retrieved from /home/airflow/.local/lib/python3.8/site-packages/airflow/example_dags/example_nested_branch_dag.py
[2026-03-26T22:51:27.726+0000] {logging_mixin.py:188} INFO - [2026-03-26T22:51:27.726+0000] {dag.py:3036} INFO - Sync 1 DAGs
[2026-03-26T22:51:27.739+0000] {logging_mixin.py:188} INFO - [2026-03-26T22:51:27.739+0000] {dag.py:3823} INFO - Setting next_dagrun for example_nested_branch_dag to 2026-03-25 00:00:00+00:00, run_after=2026-03-26 00:00:00+00:00
[2026-03-26T22:51:27.750+0000] {processor.py:183} INFO - Processing /home/airflow/.local/lib/python3.8/site-packages/airflow/example_dags/example_nested_branch_dag.py took 0.047 seconds
[2026-03-26T22:52:15.751+0000] {processor.py:161} INFO - Started process (PID=64) to work on /home/airflow/.local/lib/python3.8/site-packages/airflow/example_dags/example_nested_branch_dag.py
[2026-03-26T22:52:15.751+0000] {processor.py:830} INFO - Processing file /home/airflow/.local/lib/python3.8/site-packages/airflow/example_dags/example_nested_branch_dag.py for tasks to queue
[2026-03-26T22:52:15.753+0000] {logging_mixin.py:188} INFO - [2026-03-26T22:52:15.753+0000] {dagbag.py:538} INFO - Filling up the DagBag from /home/airflow/.local/lib/python3.8/site-packages/airflow/example_dags/example_nested_branch_dag.py
[2026-03-26T22:52:15.762+0000] {processor.py:840} INFO - DAG(s) 'example_nested_branch_dag' retrieved from /home/airflow/.local/lib/python3.8/site-packages/airflow/example_dags/example_nested_branch_dag.py
[2026-03-26T22:52:15.772+0000] {logging_mixin.py:188} INFO - [2026-03-26T22:52:15.772+0000] {dag.py:3036} INFO - Sync 1 DAGs
[2026-03-26T22:52:15.786+0000] {logging_mixin.py:188} INFO - [2026-03-26T22:52:15.786+0000] {dag.py:3823} INFO - Setting next_dagrun for example_nested_branch_dag to 2026-03-25 00:00:00+00:00, run_after=2026-03-26 00:00:00+00:00
[2026-03-26T22:52:15.797+0000] {processor.py:183} INFO - Processing /home/airflow/.local/lib/python3.8/site-packages/airflow/example_dags/example_nested_branch_dag.py took 0.049 seconds
[2026-03-26T22:52:46.313+0000] {processor.py:161} INFO - Started process (PID=119) to work on /home/airflow/.local/lib/python3.8/site-packages/airflow/example_dags/example_nested_branch_dag.py
[2026-03-26T22:52:46.313+0000] {processor.py:830} INFO - Processing file /home/airflow/.local/lib/python3.8/site-packages/airflow/example_dags/example_nested_branch_dag.py for tasks to queue
[2026-03-26T22:52:46.315+0000] {logging_mixin.py:188} INFO - [2026-03-26T22:52:46.314+0000] {dagbag.py:538} INFO - Filling up the DagBag from /home/airflow/.local/lib/python3.8/site-packages/airflow/example_dags/example_nested_branch_dag.py
[2026-03-26T22:52:46.322+0000] {processor.py:840} INFO - DAG(s) 'example_nested_branch_dag' retrieved from /home/airflow/.local/lib/python3.8/site-packages/airflow/example_dags/example_nested_branch_dag.py
[2026-03-26T22:52:46.375+0000] {logging_mixin.py:188} INFO - [2026-03-26T22:52:46.375+0000] {dag.py:3036} INFO - Sync 1 DAGs
[2026-03-26T22:52:46.385+0000] {logging_mixin.py:188} INFO - [2026-03-26T22:52:46.385+0000] {dag.py:3823} INFO - Setting next_dagrun for example_nested_branch_dag to 2026-03-25 00:00:00+00:00, run_after=2026-03-26 00:00:00+00:00
[2026-03-26T22:52:46.396+0000] {processor.py:183} INFO - Processing /home/airflow/.local/lib/python3.8/site-packages/airflow/example_dags/example_nested_branch_dag.py took 0.085 seconds
[2026-03-26T22:53:16.784+0000] {processor.py:161} INFO - Started process (PID=174) to work on /home/airflow/.local/lib/python3.8/site-packages/airflow/example_dags/example_nested_branch_dag.py
[2026-03-26T22:53:16.786+0000] {processor.py:830} INFO - Processing file /home/airflow/.local/lib/python3.8/site-packages/airflow/example_dags/example_nested_branch_dag.py for tasks to queue
[2026-03-26T22:53:16.788+0000] {logging_mixin.py:188} INFO - [2026-03-26T22:53:16.788+0000] {dagbag.py:538} INFO - Filling up the DagBag from /home/airflow/.local/lib/python3.8/site-packages/airflow/example_dags/example_nested_branch_dag.py
[2026-03-26T22:53:16.795+0000] {processor.py:840} INFO - DAG(s) 'example_nested_branch_dag' retrieved from /home/airflow/.local/lib/python3.8/site-packages/airflow/example_dags/example_nested_branch_dag.py
[2026-03-26T22:53:16.811+0000] {logging_mixin.py:188} INFO - [2026-03-26T22:53:16.811+0000] {dag.py:3036} INFO - Sync 1 DAGs
[2026-03-26T22:53:16.825+0000] {logging_mixin.py:188} INFO - [2026-03-26T22:53:16.825+0000] {dag.py:3823} INFO - Setting next_dagrun for example_nested_branch_dag to 2026-03-25 00:00:00+00:00, run_after=2026-03-26 00:00:00+00:00
[2026-03-26T22:53:16.839+0000] {processor.py:183} INFO - Processing /home/airflow/.local/lib/python3.8/site-packages/airflow/example_dags/example_nested_branch_dag.py took 0.057 seconds
[2026-03-26T22:53:47.091+0000] {processor.py:161} INFO - Started process (PID=229) to work on /home/airflow/.local/lib/python3.8/site-packages/airflow/example_dags/example_nested_branch_dag.py
[2026-03-26T22:53:47.091+0000] {processor.py:830} INFO - Processing file /home/airflow/.local/lib/python3.8/site-packages/airflow/example_dags/example_nested_branch_dag.py for tasks to queue
[2026-03-26T22:53:47.093+0000] {logging_mixin.py:188} INFO - [2026-03-26T22:53:47.093+0000] {dagbag.py:538} INFO - Filling up the DagBag from /home/airflow/.local/lib/python3.8/site-packages/airflow/example_dags/example_nested_branch_dag.py
[2026-03-26T22:53:47.103+0000] {processor.py:840} INFO - DAG(s) 'example_nested_branch_dag' retrieved from /home/airflow/.local/lib/python3.8/site-packages/airflow/example_dags/example_nested_branch_dag.py
[2026-03-26T22:53:47.127+0000] {logging_mixin.py:188} INFO - [2026-03-26T22:53:47.127+0000] {dag.py:3036} INFO - Sync 1 DAGs
[2026-03-26T22:53:47.149+0000] {logging_mixin.py:188} INFO - [2026-03-26T22:53:47.149+0000] {dag.py:3823} INFO - Setting next_dagrun for example_nested_branch_dag to 2026-03-25 00:00:00+00:00, run_after=2026-03-26 00:00:00+00:00
[2026-03-26T22:53:47.182+0000] {processor.py:183} INFO - Processing /home/airflow/.local/lib/python3.8/site-packages/airflow/example_dags/example_nested_branch_dag.py took 0.094 seconds
[2026-03-26T22:54:18.163+0000] {processor.py:161} INFO - Started process (PID=284) to work on /home/airflow/.local/lib/python3.8/site-packages/airflow/example_dags/example_nested_branch_dag.py
[2026-03-26T22:54:18.164+0000] {processor.py:830} INFO - Processing file /home/airflow/.local/lib/python3.8/site-packages/airflow/example_dags/example_nested_branch_dag.py for tasks to queue
[2026-03-26T22:54:18.165+0000] {logging_mixin.py:188} INFO - [2026-03-26T22:54:18.165+0000] {dagbag.py:538} INFO - Filling up the DagBag from /home/airflow/.local/lib/python3.8/site-packages/airflow/example_dags/example_nested_branch_dag.py
[2026-03-26T22:54:18.171+0000] {processor.py:840} INFO - DAG(s) 'example_nested_branch_dag' retrieved from /home/airflow/.local/lib/python3.8/site-packages/airflow/example_dags/example_nested_branch_dag.py
[2026-03-26T22:54:18.186+0000] {logging_mixin.py:188} INFO - [2026-03-26T22:54:18.185+0000] {dag.py:3036} INFO - Sync 1 DAGs
[2026-03-26T22:54:18.199+0000] {logging_mixin.py:188} INFO - [2026-03-26T22:54:18.199+0000] {dag.py:3823} INFO - Setting next_dagrun for example_nested_branch_dag to 2026-03-25 00:00:00+00:00, run_after=2026-03-26 00:00:00+00:00
[2026-03-26T22:54:18.210+0000] {processor.py:183} INFO - Processing /home/airflow/.local/lib/python3.8/site-packages/airflow/example_dags/example_nested_branch_dag.py took 0.051 seconds
[2026-03-26T22:54:48.786+0000] {processor.py:161} INFO - Started process (PID=339) to work on /home/airflow/.local/lib/python3.8/site-packages/airflow/example_dags/example_nested_branch_dag.py
[2026-03-26T22:54:48.786+0000] {processor.py:830} INFO - Processing file /home/airflow/.local/lib/python3.8/site-packages/airflow/example_dags/example_nested_branch_dag.py for tasks to queue
[2026-03-26T22:54:48.787+0000] {logging_mixin.py:188} INFO - [2026-03-26T22:54:48.787+0000] {dagbag.py:538} INFO - Filling up the DagBag from /home/airflow/.local/lib/python3.8/site-packages/airflow/example_dags/example_nested_branch_dag.py
[2026-03-26T22:54:48.795+0000] {processor.py:840} INFO - DAG(s) 'example_nested_branch_dag' retrieved from /home/airflow/.local/lib/python3.8/site-packages/airflow/example_dags/example_nested_branch_dag.py
[2026-03-26T22:54:48.810+0000] {logging_mixin.py:188} INFO - [2026-03-26T22:54:48.810+0000] {dag.py:3036} INFO - Sync 1 DAGs
[2026-03-26T22:54:48.822+0000] {logging_mixin.py:188} INFO - [2026-03-26T22:54:48.822+0000] {dag.py:3823} INFO - Setting next_dagrun for example_nested_branch_dag to 2026-03-25 00:00:00+00:00, run_after=2026-03-26 00:00:00+00:00
[2026-03-26T22:54:48.832+0000] {processor.py:183} INFO - Processing /home/airflow/.local/lib/python3.8/site-packages/airflow/example_dags/example_nested_branch_dag.py took 0.048 seconds
[2026-03-26T22:55:19.359+0000] {processor.py:161} INFO - Started process (PID=394) to work on /home/airflow/.local/lib/python3.8/site-packages/airflow/example_dags/example_nested_branch_dag.py
[2026-03-26T22:55:19.360+0000] {processor.py:830} INFO - Processing file /home/airflow/.local/lib/python3.8/site-packages/airflow/example_dags/example_nested_branch_dag.py for tasks to queue
[2026-03-26T22:55:19.362+0000] {logging_mixin.py:188} INFO - [2026-03-26T22:55:19.361+0000] {dagbag.py:538} INFO - Filling up the DagBag from /home/airflow/.local/lib/python3.8/site-packages/airflow/example_dags/example_nested_branch_dag.py
[2026-03-26T22:55:19.368+0000] {processor.py:840} INFO - DAG(s) 'example_nested_branch_dag' retrieved from /home/airflow/.local/lib/python3.8/site-packages/airflow/example_dags/example_nested_branch_dag.py
[2026-03-26T22:55:19.385+0000] {logging_mixin.py:188} INFO - [2026-03-26T22:55:19.385+0000] {dag.py:3036} INFO - Sync 1 DAGs
[2026-03-26T22:55:19.397+0000] {logging_mixin.py:188} INFO - [2026-03-26T22:55:19.397+0000] {dag.py:3823} INFO - Setting next_dagrun for example_nested_branch_dag to 2026-03-25 00:00:00+00:00, run_after=2026-03-26 00:00:00+00:00
[2026-03-26T22:55:19.412+0000] {processor.py:183} INFO - Processing /home/airflow/.local/lib/python3.8/site-packages/airflow/example_dags/example_nested_branch_dag.py took 0.055 seconds
[2026-03-26T22:55:49.925+0000] {processor.py:161} INFO - Started process (PID=449) to work on /home/airflow/.local/lib/python3.8/site-packages/airflow/example_dags/example_nested_branch_dag.py
[2026-03-26T22:55:49.925+0000] {processor.py:830} INFO - Processing file /home/airflow/.local/lib/python3.8/site-packages/airflow/example_dags/example_nested_branch_dag.py for tasks to queue
[2026-03-26T22:55:49.927+0000] {logging_mixin.py:188} INFO - [2026-03-26T22:55:49.926+0000] {dagbag.py:538} INFO - Filling up the DagBag from /home/airflow/.local/lib/python3.8/site-packages/airflow/example_dags/example_nested_branch_dag.py
[2026-03-26T22:55:49.934+0000] {processor.py:840} INFO - DAG(s) 'example_nested_branch_dag' retrieved from /home/airflow/.local/lib/python3.8/site-packages/airflow/example_dags/example_nested_branch_dag.py
[2026-03-26T22:55:49.948+0000] {logging_mixin.py:188} INFO - [2026-03-26T22:55:49.948+0000] {dag.py:3036} INFO - Sync 1 DAGs
[2026-03-26T22:55:49.960+0000] {logging_mixin.py:188} INFO - [2026-03-26T22:55:49.960+0000] {dag.py:3823} INFO - Setting next_dagrun for example_nested_branch_dag to 2026-03-25 00:00:00+00:00, run_after=2026-03-26 00:00:00+00:00
[2026-03-26T22:55:49.971+0000] {processor.py:183} INFO - Processing /home/airflow/.local/lib/python3.8/site-packages/airflow/example_dags/example_nested_branch_dag.py took 0.048 seconds
[2026-03-26T22:56:20.651+0000] {processor.py:161} INFO - Started process (PID=503) to work on /home/airflow/.local/lib/python3.8/site-packages/airflow/example_dags/example_nested_branch_dag.py
[2026-03-26T22:56:20.652+0000] {processor.py:830} INFO - Processing file /home/airflow/.local/lib/python3.8/site-packages/airflow/example_dags/example_nested_branch_dag.py for tasks to queue
[2026-03-26T22:56:20.653+0000] {logging_mixin.py:188} INFO - [2026-03-26T22:56:20.653+0000] {dagbag.py:538} INFO - Filling up the DagBag from /home/airflow/.local/lib/python3.8/site-packages/airflow/example_dags/example_nested_branch_dag.py
[2026-03-26T22:56:20.659+0000] {processor.py:840} INFO - DAG(s) 'example_nested_branch_dag' retrieved from /home/airflow/.local/lib/python3.8/site-packages/airflow/example_dags/example_nested_branch_dag.py
[2026-03-26T22:56:20.673+0000] {logging_mixin.py:188} INFO - [2026-03-26T22:56:20.673+0000] {dag.py:3036} INFO - Sync 1 DAGs
[2026-03-26T22:56:20.685+0000] {logging_mixin.py:188} INFO - [2026-03-26T22:56:20.685+0000] {dag.py:3823} INFO - Setting next_dagrun for example_nested_branch_dag to 2026-03-25 00:00:00+00:00, run_after=2026-03-26 00:00:00+00:00
[2026-03-26T22:56:20.706+0000] {processor.py:183} INFO - Processing /home/airflow/.local/lib/python3.8/site-packages/airflow/example_dags/example_nested_branch_dag.py took 0.057 seconds
[2026-03-26T22:56:51.337+0000] {processor.py:161} INFO - Started process (PID=558) to work on /home/airflow/.local/lib/python3.8/site-packages/airflow/example_dags/example_nested_branch_dag.py
[2026-03-26T22:56:51.338+0000] {processor.py:830} INFO - Processing file /home/airflow/.local/lib/python3.8/site-packages/airflow/example_dags/example_nested_branch_dag.py for tasks to queue
[2026-03-26T22:56:51.339+0000] {logging_mixin.py:188} INFO - [2026-03-26T22:56:51.339+0000] {dagbag.py:538} INFO - Filling up the DagBag from /home/airflow/.local/lib/python3.8/site-packages/airflow/example_dags/example_nested_branch_dag.py
[2026-03-26T22:56:51.346+0000] {processor.py:840} INFO - DAG(s) 'example_nested_branch_dag' retrieved from /home/airflow/.local/lib/python3.8/site-packages/airflow/example_dags/example_nested_branch_dag.py
[2026-03-26T22:56:51.360+0000] {logging_mixin.py:188} INFO - [2026-03-26T22:56:51.360+0000] {dag.py:3036} INFO - Sync 1 DAGs
[2026-03-26T22:56:51.372+0000] {logging_mixin.py:188} INFO - [2026-03-26T22:56:51.372+0000] {dag.py:3823} INFO - Setting next_dagrun for example_nested_branch_dag to 2026-03-25 00:00:00+00:00, run_after=2026-03-26 00:00:00+00:00
[2026-03-26T22:56:51.382+0000] {processor.py:183} INFO - Processing /home/airflow/.local/lib/python3.8/site-packages/airflow/example_dags/example_nested_branch_dag.py took 0.047 seconds
[2026-03-26T22:57:21.924+0000] {processor.py:161} INFO - Started process (PID=613) to work on /home/airflow/.local/lib/python3.8/site-packages/airflow/example_dags/example_nested_branch_dag.py
[2026-03-26T22:57:21.924+0000] {processor.py:830} INFO - Processing file /home/airflow/.local/lib/python3.8/site-packages/airflow/example_dags/example_nested_branch_dag.py for tasks to queue
[2026-03-26T22:57:21.926+0000] {logging_mixin.py:188} INFO - [2026-03-26T22:57:21.925+0000] {dagbag.py:538} INFO - Filling up the DagBag from /home/airflow/.local/lib/python3.8/site-packages/airflow/example_dags/example_nested_branch_dag.py
[2026-03-26T22:57:21.932+0000] {processor.py:840} INFO - DAG(s) 'example_nested_branch_dag' retrieved from /home/airflow/.local/lib/python3.8/site-packages/airflow/example_dags/example_nested_branch_dag.py
[2026-03-26T22:57:21.947+0000] {logging_mixin.py:188} INFO - [2026-03-26T22:57:21.946+0000] {dag.py:3036} INFO - Sync 1 DAGs
[2026-03-26T22:57:21.959+0000] {logging_mixin.py:188} INFO - [2026-03-26T22:57:21.959+0000] {dag.py:3823} INFO - Setting next_dagrun for example_nested_branch_dag to 2026-03-25 00:00:00+00:00, run_after=2026-03-26 00:00:00+00:00
[2026-03-26T22:57:21.971+0000] {processor.py:183} INFO - Processing /home/airflow/.local/lib/python3.8/site-packages/airflow/example_dags/example_nested_branch_dag.py took 0.049 seconds
[2026-03-26T22:57:52.625+0000] {processor.py:161} INFO - Started process (PID=668) to work on /home/airflow/.local/lib/python3.8/site-packages/airflow/example_dags/example_nested_branch_dag.py
[2026-03-26T22:57:52.626+0000] {processor.py:830} INFO - Processing file /home/airflow/.local/lib/python3.8/site-packages/airflow/example_dags/example_nested_branch_dag.py for tasks to queue
[2026-03-26T22:57:52.627+0000] {logging_mixin.py:188} INFO - [2026-03-26T22:57:52.627+0000] {dagbag.py:538} INFO - Filling up the DagBag from /home/airflow/.local/lib/python3.8/site-packages/airflow/example_dags/example_nested_branch_dag.py
[2026-03-26T22:57:52.633+0000] {processor.py:840} INFO - DAG(s) 'example_nested_branch_dag' retrieved from /home/airflow/.local/lib/python3.8/site-packages/airflow/example_dags/example_nested_branch_dag.py
[2026-03-26T22:57:52.647+0000] {logging_mixin.py:188} INFO - [2026-03-26T22:57:52.647+0000] {dag.py:3036} INFO - Sync 1 DAGs
[2026-03-26T22:57:52.660+0000] {logging_mixin.py:188} INFO - [2026-03-26T22:57:52.660+0000] {dag.py:3823} INFO - Setting next_dagrun for example_nested_branch_dag to 2026-03-25 00:00:00+00:00, run_after=2026-03-26 00:00:00+00:00
[2026-03-26T22:57:52.671+0000] {processor.py:183} INFO - Processing /home/airflow/.local/lib/python3.8/site-packages/airflow/example_dags/example_nested_branch_dag.py took 0.047 seconds
[2026-03-26T22:58:23.193+0000] {processor.py:161} INFO - Started process (PID=723) to work on /home/airflow/.local/lib/python3.8/site-packages/airflow/example_dags/example_nested_branch_dag.py
[2026-03-26T22:58:23.194+0000] {processor.py:830} INFO - Processing file /home/airflow/.local/lib/python3.8/site-packages/airflow/example_dags/example_nested_branch_dag.py for tasks to queue
[2026-03-26T22:58:23.195+0000] {logging_mixin.py:188} INFO - [2026-03-26T22:58:23.195+0000] {dagbag.py:538} INFO - Filling up the DagBag from /home/airflow/.local/lib/python3.8/site-packages/airflow/example_dags/example_nested_branch_dag.py
[2026-03-26T22:58:23.202+0000] {processor.py:840} INFO - DAG(s) 'example_nested_branch_dag' retrieved from /home/airflow/.local/lib/python3.8/site-packages/airflow/example_dags/example_nested_branch_dag.py
[2026-03-26T22:58:23.211+0000] {logging_mixin.py:188} INFO - [2026-03-26T22:58:23.211+0000] {dag.py:3036} INFO - Sync 1 DAGs
[2026-03-26T22:58:23.225+0000] {logging_mixin.py:188} INFO - [2026-03-26T22:58:23.225+0000] {dag.py:3823} INFO - Setting next_dagrun for example_nested_branch_dag to 2026-03-25 00:00:00+00:00, run_after=2026-03-26 00:00:00+00:00
[2026-03-26T22:58:23.239+0000] {processor.py:183} INFO - Processing /home/airflow/.local/lib/python3.8/site-packages/airflow/example_dags/example_nested_branch_dag.py took 0.048 seconds
