[2026-03-26T22:45:50.882+0000] {processor.py:161} INFO - Started process (PID=77) to work on /home/airflow/.local/lib/python3.8/site-packages/airflow/example_dags/example_skip_dag.py
[2026-03-26T22:45:50.882+0000] {processor.py:830} INFO - Processing file /home/airflow/.local/lib/python3.8/site-packages/airflow/example_dags/example_skip_dag.py for tasks to queue
[2026-03-26T22:45:50.883+0000] {logging_mixin.py:188} INFO - [2026-03-26T22:45:50.883+0000] {dagbag.py:538} INFO - Filling up the DagBag from /home/airflow/.local/lib/python3.8/site-packages/airflow/example_dags/example_skip_dag.py
[2026-03-26T22:45:50.888+0000] {processor.py:840} INFO - DAG(s) 'example_skip_dag' retrieved from /home/airflow/.local/lib/python3.8/site-packages/airflow/example_dags/example_skip_dag.py
[2026-03-26T22:45:50.896+0000] {logging_mixin.py:188} INFO - [2026-03-26T22:45:50.896+0000] {dag.py:3036} INFO - Sync 1 DAGs
[2026-03-26T22:45:50.909+0000] {logging_mixin.py:188} INFO - [2026-03-26T22:45:50.909+0000] {dag.py:3823} INFO - Setting next_dagrun for example_skip_dag to 2026-03-25 00:00:00+00:00, run_after=2026-03-26 00:00:00+00:00
[2026-03-26T22:45:50.921+0000] {processor.py:183} INFO - Processing /home/airflow/.local/lib/python3.8/site-packages/airflow/example_dags/example_skip_dag.py took 0.041 seconds
[2026-03-26T22:46:23.353+0000] {processor.py:161} INFO - Started process (PID=132) to work on /home/airflow/.local/lib/python3.8/site-packages/airflow/example_dags/example_skip_dag.py
[2026-03-26T22:46:23.354+0000] {processor.py:830} INFO - Processing file /home/airflow/.local/lib/python3.8/site-packages/airflow/example_dags/example_skip_dag.py for tasks to queue
[2026-03-26T22:46:23.356+0000] {logging_mixin.py:188} INFO - [2026-03-26T22:46:23.355+0000] {dagbag.py:538} INFO - Filling up the DagBag from /home/airflow/.local/lib/python3.8/site-packages/airflow/example_dags/example_skip_dag.py
[2026-03-26T22:46:23.360+0000] {processor.py:840} INFO - DAG(s) 'example_skip_dag' retrieved from /home/airflow/.local/lib/python3.8/site-packages/airflow/example_dags/example_skip_dag.py
[2026-03-26T22:46:23.417+0000] {logging_mixin.py:188} INFO - [2026-03-26T22:46:23.416+0000] {dag.py:3036} INFO - Sync 1 DAGs
[2026-03-26T22:46:23.426+0000] {logging_mixin.py:188} INFO - [2026-03-26T22:46:23.426+0000] {dag.py:3823} INFO - Setting next_dagrun for example_skip_dag to 2026-03-25 00:00:00+00:00, run_after=2026-03-26 00:00:00+00:00
[2026-03-26T22:46:23.437+0000] {processor.py:183} INFO - Processing /home/airflow/.local/lib/python3.8/site-packages/airflow/example_dags/example_skip_dag.py took 0.086 seconds
[2026-03-26T22:46:53.545+0000] {processor.py:161} INFO - Started process (PID=187) to work on /home/airflow/.local/lib/python3.8/site-packages/airflow/example_dags/example_skip_dag.py
[2026-03-26T22:46:53.545+0000] {processor.py:830} INFO - Processing file /home/airflow/.local/lib/python3.8/site-packages/airflow/example_dags/example_skip_dag.py for tasks to queue
[2026-03-26T22:46:53.546+0000] {logging_mixin.py:188} INFO - [2026-03-26T22:46:53.546+0000] {dagbag.py:538} INFO - Filling up the DagBag from /home/airflow/.local/lib/python3.8/site-packages/airflow/example_dags/example_skip_dag.py
[2026-03-26T22:46:53.551+0000] {processor.py:840} INFO - DAG(s) 'example_skip_dag' retrieved from /home/airflow/.local/lib/python3.8/site-packages/airflow/example_dags/example_skip_dag.py
[2026-03-26T22:46:53.566+0000] {logging_mixin.py:188} INFO - [2026-03-26T22:46:53.565+0000] {dag.py:3036} INFO - Sync 1 DAGs
[2026-03-26T22:46:53.579+0000] {logging_mixin.py:188} INFO - [2026-03-26T22:46:53.578+0000] {dag.py:3823} INFO - Setting next_dagrun for example_skip_dag to 2026-03-25 00:00:00+00:00, run_after=2026-03-26 00:00:00+00:00
[2026-03-26T22:46:53.591+0000] {processor.py:183} INFO - Processing /home/airflow/.local/lib/python3.8/site-packages/airflow/example_dags/example_skip_dag.py took 0.049 seconds
[2026-03-26T22:47:24.308+0000] {processor.py:161} INFO - Started process (PID=248) to work on /home/airflow/.local/lib/python3.8/site-packages/airflow/example_dags/example_skip_dag.py
[2026-03-26T22:47:24.310+0000] {processor.py:830} INFO - Processing file /home/airflow/.local/lib/python3.8/site-packages/airflow/example_dags/example_skip_dag.py for tasks to queue
[2026-03-26T22:47:24.311+0000] {logging_mixin.py:188} INFO - [2026-03-26T22:47:24.311+0000] {dagbag.py:538} INFO - Filling up the DagBag from /home/airflow/.local/lib/python3.8/site-packages/airflow/example_dags/example_skip_dag.py
[2026-03-26T22:47:24.316+0000] {processor.py:840} INFO - DAG(s) 'example_skip_dag' retrieved from /home/airflow/.local/lib/python3.8/site-packages/airflow/example_dags/example_skip_dag.py
[2026-03-26T22:47:24.331+0000] {logging_mixin.py:188} INFO - [2026-03-26T22:47:24.331+0000] {dag.py:3036} INFO - Sync 1 DAGs
[2026-03-26T22:47:24.344+0000] {logging_mixin.py:188} INFO - [2026-03-26T22:47:24.344+0000] {dag.py:3823} INFO - Setting next_dagrun for example_skip_dag to 2026-03-25 00:00:00+00:00, run_after=2026-03-26 00:00:00+00:00
[2026-03-26T22:47:24.369+0000] {processor.py:183} INFO - Processing /home/airflow/.local/lib/python3.8/site-packages/airflow/example_dags/example_skip_dag.py took 0.063 seconds
[2026-03-26T22:47:54.985+0000] {processor.py:161} INFO - Started process (PID=303) to work on /home/airflow/.local/lib/python3.8/site-packages/airflow/example_dags/example_skip_dag.py
[2026-03-26T22:47:54.986+0000] {processor.py:830} INFO - Processing file /home/airflow/.local/lib/python3.8/site-packages/airflow/example_dags/example_skip_dag.py for tasks to queue
[2026-03-26T22:47:54.987+0000] {logging_mixin.py:188} INFO - [2026-03-26T22:47:54.987+0000] {dagbag.py:538} INFO - Filling up the DagBag from /home/airflow/.local/lib/python3.8/site-packages/airflow/example_dags/example_skip_dag.py
[2026-03-26T22:47:54.991+0000] {processor.py:840} INFO - DAG(s) 'example_skip_dag' retrieved from /home/airflow/.local/lib/python3.8/site-packages/airflow/example_dags/example_skip_dag.py
[2026-03-26T22:47:55.004+0000] {logging_mixin.py:188} INFO - [2026-03-26T22:47:55.004+0000] {dag.py:3036} INFO - Sync 1 DAGs
[2026-03-26T22:47:55.015+0000] {logging_mixin.py:188} INFO - [2026-03-26T22:47:55.015+0000] {dag.py:3823} INFO - Setting next_dagrun for example_skip_dag to 2026-03-25 00:00:00+00:00, run_after=2026-03-26 00:00:00+00:00
[2026-03-26T22:47:55.026+0000] {processor.py:183} INFO - Processing /home/airflow/.local/lib/python3.8/site-packages/airflow/example_dags/example_skip_dag.py took 0.043 seconds
[2026-03-26T22:48:25.522+0000] {processor.py:161} INFO - Started process (PID=357) to work on /home/airflow/.local/lib/python3.8/site-packages/airflow/example_dags/example_skip_dag.py
[2026-03-26T22:48:25.522+0000] {processor.py:830} INFO - Processing file /home/airflow/.local/lib/python3.8/site-packages/airflow/example_dags/example_skip_dag.py for tasks to queue
[2026-03-26T22:48:25.523+0000] {logging_mixin.py:188} INFO - [2026-03-26T22:48:25.523+0000] {dagbag.py:538} INFO - Filling up the DagBag from /home/airflow/.local/lib/python3.8/site-packages/airflow/example_dags/example_skip_dag.py
[2026-03-26T22:48:25.528+0000] {processor.py:840} INFO - DAG(s) 'example_skip_dag' retrieved from /home/airflow/.local/lib/python3.8/site-packages/airflow/example_dags/example_skip_dag.py
[2026-03-26T22:48:25.543+0000] {logging_mixin.py:188} INFO - [2026-03-26T22:48:25.543+0000] {dag.py:3036} INFO - Sync 1 DAGs
[2026-03-26T22:48:25.555+0000] {logging_mixin.py:188} INFO - [2026-03-26T22:48:25.555+0000] {dag.py:3823} INFO - Setting next_dagrun for example_skip_dag to 2026-03-25 00:00:00+00:00, run_after=2026-03-26 00:00:00+00:00
[2026-03-26T22:48:25.565+0000] {processor.py:183} INFO - Processing /home/airflow/.local/lib/python3.8/site-packages/airflow/example_dags/example_skip_dag.py took 0.046 seconds
[2026-03-26T22:48:56.056+0000] {processor.py:161} INFO - Started process (PID=412) to work on /home/airflow/.local/lib/python3.8/site-packages/airflow/example_dags/example_skip_dag.py
[2026-03-26T22:48:56.056+0000] {processor.py:830} INFO - Processing file /home/airflow/.local/lib/python3.8/site-packages/airflow/example_dags/example_skip_dag.py for tasks to queue
[2026-03-26T22:48:56.057+0000] {logging_mixin.py:188} INFO - [2026-03-26T22:48:56.057+0000] {dagbag.py:538} INFO - Filling up the DagBag from /home/airflow/.local/lib/python3.8/site-packages/airflow/example_dags/example_skip_dag.py
[2026-03-26T22:48:56.062+0000] {processor.py:840} INFO - DAG(s) 'example_skip_dag' retrieved from /home/airflow/.local/lib/python3.8/site-packages/airflow/example_dags/example_skip_dag.py
[2026-03-26T22:48:56.075+0000] {logging_mixin.py:188} INFO - [2026-03-26T22:48:56.075+0000] {dag.py:3036} INFO - Sync 1 DAGs
[2026-03-26T22:48:56.087+0000] {logging_mixin.py:188} INFO - [2026-03-26T22:48:56.086+0000] {dag.py:3823} INFO - Setting next_dagrun for example_skip_dag to 2026-03-25 00:00:00+00:00, run_after=2026-03-26 00:00:00+00:00
[2026-03-26T22:48:56.098+0000] {processor.py:183} INFO - Processing /home/airflow/.local/lib/python3.8/site-packages/airflow/example_dags/example_skip_dag.py took 0.045 seconds
[2026-03-26T22:49:26.569+0000] {processor.py:161} INFO - Started process (PID=466) to work on /home/airflow/.local/lib/python3.8/site-packages/airflow/example_dags/example_skip_dag.py
[2026-03-26T22:49:26.570+0000] {processor.py:830} INFO - Processing file /home/airflow/.local/lib/python3.8/site-packages/airflow/example_dags/example_skip_dag.py for tasks to queue
[2026-03-26T22:49:26.571+0000] {logging_mixin.py:188} INFO - [2026-03-26T22:49:26.571+0000] {dagbag.py:538} INFO - Filling up the DagBag from /home/airflow/.local/lib/python3.8/site-packages/airflow/example_dags/example_skip_dag.py
[2026-03-26T22:49:26.576+0000] {processor.py:840} INFO - DAG(s) 'example_skip_dag' retrieved from /home/airflow/.local/lib/python3.8/site-packages/airflow/example_dags/example_skip_dag.py
[2026-03-26T22:49:26.592+0000] {logging_mixin.py:188} INFO - [2026-03-26T22:49:26.592+0000] {dag.py:3036} INFO - Sync 1 DAGs
[2026-03-26T22:49:26.605+0000] {logging_mixin.py:188} INFO - [2026-03-26T22:49:26.605+0000] {dag.py:3823} INFO - Setting next_dagrun for example_skip_dag to 2026-03-25 00:00:00+00:00, run_after=2026-03-26 00:00:00+00:00
[2026-03-26T22:49:26.617+0000] {processor.py:183} INFO - Processing /home/airflow/.local/lib/python3.8/site-packages/airflow/example_dags/example_skip_dag.py took 0.050 seconds
[2026-03-26T22:49:57.028+0000] {processor.py:161} INFO - Started process (PID=521) to work on /home/airflow/.local/lib/python3.8/site-packages/airflow/example_dags/example_skip_dag.py
[2026-03-26T22:49:57.029+0000] {processor.py:830} INFO - Processing file /home/airflow/.local/lib/python3.8/site-packages/airflow/example_dags/example_skip_dag.py for tasks to queue
[2026-03-26T22:49:57.030+0000] {logging_mixin.py:188} INFO - [2026-03-26T22:49:57.030+0000] {dagbag.py:538} INFO - Filling up the DagBag from /home/airflow/.local/lib/python3.8/site-packages/airflow/example_dags/example_skip_dag.py
[2026-03-26T22:49:57.034+0000] {processor.py:840} INFO - DAG(s) 'example_skip_dag' retrieved from /home/airflow/.local/lib/python3.8/site-packages/airflow/example_dags/example_skip_dag.py
[2026-03-26T22:49:57.048+0000] {logging_mixin.py:188} INFO - [2026-03-26T22:49:57.048+0000] {dag.py:3036} INFO - Sync 1 DAGs
[2026-03-26T22:49:57.064+0000] {logging_mixin.py:188} INFO - [2026-03-26T22:49:57.064+0000] {dag.py:3823} INFO - Setting next_dagrun for example_skip_dag to 2026-03-25 00:00:00+00:00, run_after=2026-03-26 00:00:00+00:00
[2026-03-26T22:49:57.080+0000] {processor.py:183} INFO - Processing /home/airflow/.local/lib/python3.8/site-packages/airflow/example_dags/example_skip_dag.py took 0.055 seconds
[2026-03-26T22:50:27.696+0000] {processor.py:161} INFO - Started process (PID=576) to work on /home/airflow/.local/lib/python3.8/site-packages/airflow/example_dags/example_skip_dag.py
[2026-03-26T22:50:27.697+0000] {processor.py:830} INFO - Processing file /home/airflow/.local/lib/python3.8/site-packages/airflow/example_dags/example_skip_dag.py for tasks to queue
[2026-03-26T22:50:27.698+0000] {logging_mixin.py:188} INFO - [2026-03-26T22:50:27.698+0000] {dagbag.py:538} INFO - Filling up the DagBag from /home/airflow/.local/lib/python3.8/site-packages/airflow/example_dags/example_skip_dag.py
[2026-03-26T22:50:27.702+0000] {processor.py:840} INFO - DAG(s) 'example_skip_dag' retrieved from /home/airflow/.local/lib/python3.8/site-packages/airflow/example_dags/example_skip_dag.py
[2026-03-26T22:50:27.716+0000] {logging_mixin.py:188} INFO - [2026-03-26T22:50:27.716+0000] {dag.py:3036} INFO - Sync 1 DAGs
[2026-03-26T22:50:27.728+0000] {logging_mixin.py:188} INFO - [2026-03-26T22:50:27.728+0000] {dag.py:3823} INFO - Setting next_dagrun for example_skip_dag to 2026-03-25 00:00:00+00:00, run_after=2026-03-26 00:00:00+00:00
[2026-03-26T22:50:27.739+0000] {processor.py:183} INFO - Processing /home/airflow/.local/lib/python3.8/site-packages/airflow/example_dags/example_skip_dag.py took 0.045 seconds
[2026-03-26T22:50:58.546+0000] {processor.py:161} INFO - Started process (PID=631) to work on /home/airflow/.local/lib/python3.8/site-packages/airflow/example_dags/example_skip_dag.py
[2026-03-26T22:50:58.546+0000] {processor.py:830} INFO - Processing file /home/airflow/.local/lib/python3.8/site-packages/airflow/example_dags/example_skip_dag.py for tasks to queue
[2026-03-26T22:50:58.547+0000] {logging_mixin.py:188} INFO - [2026-03-26T22:50:58.547+0000] {dagbag.py:538} INFO - Filling up the DagBag from /home/airflow/.local/lib/python3.8/site-packages/airflow/example_dags/example_skip_dag.py
[2026-03-26T22:50:58.552+0000] {processor.py:840} INFO - DAG(s) 'example_skip_dag' retrieved from /home/airflow/.local/lib/python3.8/site-packages/airflow/example_dags/example_skip_dag.py
[2026-03-26T22:50:58.568+0000] {logging_mixin.py:188} INFO - [2026-03-26T22:50:58.567+0000] {dag.py:3036} INFO - Sync 1 DAGs
[2026-03-26T22:50:58.579+0000] {logging_mixin.py:188} INFO - [2026-03-26T22:50:58.579+0000] {dag.py:3823} INFO - Setting next_dagrun for example_skip_dag to 2026-03-25 00:00:00+00:00, run_after=2026-03-26 00:00:00+00:00
[2026-03-26T22:50:58.590+0000] {processor.py:183} INFO - Processing /home/airflow/.local/lib/python3.8/site-packages/airflow/example_dags/example_skip_dag.py took 0.047 seconds
[2026-03-26T22:51:29.114+0000] {processor.py:161} INFO - Started process (PID=686) to work on /home/airflow/.local/lib/python3.8/site-packages/airflow/example_dags/example_skip_dag.py
[2026-03-26T22:51:29.115+0000] {processor.py:830} INFO - Processing file /home/airflow/.local/lib/python3.8/site-packages/airflow/example_dags/example_skip_dag.py for tasks to queue
[2026-03-26T22:51:29.116+0000] {logging_mixin.py:188} INFO - [2026-03-26T22:51:29.116+0000] {dagbag.py:538} INFO - Filling up the DagBag from /home/airflow/.local/lib/python3.8/site-packages/airflow/example_dags/example_skip_dag.py
[2026-03-26T22:51:29.121+0000] {processor.py:840} INFO - DAG(s) 'example_skip_dag' retrieved from /home/airflow/.local/lib/python3.8/site-packages/airflow/example_dags/example_skip_dag.py
[2026-03-26T22:51:29.135+0000] {logging_mixin.py:188} INFO - [2026-03-26T22:51:29.135+0000] {dag.py:3036} INFO - Sync 1 DAGs
[2026-03-26T22:51:29.147+0000] {logging_mixin.py:188} INFO - [2026-03-26T22:51:29.146+0000] {dag.py:3823} INFO - Setting next_dagrun for example_skip_dag to 2026-03-25 00:00:00+00:00, run_after=2026-03-26 00:00:00+00:00
[2026-03-26T22:51:29.157+0000] {processor.py:183} INFO - Processing /home/airflow/.local/lib/python3.8/site-packages/airflow/example_dags/example_skip_dag.py took 0.045 seconds
[2026-03-26T22:52:16.494+0000] {processor.py:161} INFO - Started process (PID=77) to work on /home/airflow/.local/lib/python3.8/site-packages/airflow/example_dags/example_skip_dag.py
[2026-03-26T22:52:16.495+0000] {processor.py:830} INFO - Processing file /home/airflow/.local/lib/python3.8/site-packages/airflow/example_dags/example_skip_dag.py for tasks to queue
[2026-03-26T22:52:16.496+0000] {logging_mixin.py:188} INFO - [2026-03-26T22:52:16.496+0000] {dagbag.py:538} INFO - Filling up the DagBag from /home/airflow/.local/lib/python3.8/site-packages/airflow/example_dags/example_skip_dag.py
[2026-03-26T22:52:16.502+0000] {processor.py:840} INFO - DAG(s) 'example_skip_dag' retrieved from /home/airflow/.local/lib/python3.8/site-packages/airflow/example_dags/example_skip_dag.py
[2026-03-26T22:52:16.510+0000] {logging_mixin.py:188} INFO - [2026-03-26T22:52:16.510+0000] {dag.py:3036} INFO - Sync 1 DAGs
[2026-03-26T22:52:16.524+0000] {logging_mixin.py:188} INFO - [2026-03-26T22:52:16.524+0000] {dag.py:3823} INFO - Setting next_dagrun for example_skip_dag to 2026-03-25 00:00:00+00:00, run_after=2026-03-26 00:00:00+00:00
[2026-03-26T22:52:16.535+0000] {processor.py:183} INFO - Processing /home/airflow/.local/lib/python3.8/site-packages/airflow/example_dags/example_skip_dag.py took 0.044 seconds
[2026-03-26T22:52:47.199+0000] {processor.py:161} INFO - Started process (PID=132) to work on /home/airflow/.local/lib/python3.8/site-packages/airflow/example_dags/example_skip_dag.py
[2026-03-26T22:52:47.199+0000] {processor.py:830} INFO - Processing file /home/airflow/.local/lib/python3.8/site-packages/airflow/example_dags/example_skip_dag.py for tasks to queue
[2026-03-26T22:52:47.200+0000] {logging_mixin.py:188} INFO - [2026-03-26T22:52:47.200+0000] {dagbag.py:538} INFO - Filling up the DagBag from /home/airflow/.local/lib/python3.8/site-packages/airflow/example_dags/example_skip_dag.py
[2026-03-26T22:52:47.205+0000] {processor.py:840} INFO - DAG(s) 'example_skip_dag' retrieved from /home/airflow/.local/lib/python3.8/site-packages/airflow/example_dags/example_skip_dag.py
[2026-03-26T22:52:47.259+0000] {logging_mixin.py:188} INFO - [2026-03-26T22:52:47.259+0000] {dag.py:3036} INFO - Sync 1 DAGs
[2026-03-26T22:52:47.270+0000] {logging_mixin.py:188} INFO - [2026-03-26T22:52:47.270+0000] {dag.py:3823} INFO - Setting next_dagrun for example_skip_dag to 2026-03-25 00:00:00+00:00, run_after=2026-03-26 00:00:00+00:00
[2026-03-26T22:52:47.280+0000] {processor.py:183} INFO - Processing /home/airflow/.local/lib/python3.8/site-packages/airflow/example_dags/example_skip_dag.py took 0.084 seconds
[2026-03-26T22:53:18.196+0000] {processor.py:161} INFO - Started process (PID=187) to work on /home/airflow/.local/lib/python3.8/site-packages/airflow/example_dags/example_skip_dag.py
[2026-03-26T22:53:18.197+0000] {processor.py:830} INFO - Processing file /home/airflow/.local/lib/python3.8/site-packages/airflow/example_dags/example_skip_dag.py for tasks to queue
[2026-03-26T22:53:18.198+0000] {logging_mixin.py:188} INFO - [2026-03-26T22:53:18.198+0000] {dagbag.py:538} INFO - Filling up the DagBag from /home/airflow/.local/lib/python3.8/site-packages/airflow/example_dags/example_skip_dag.py
[2026-03-26T22:53:18.202+0000] {processor.py:840} INFO - DAG(s) 'example_skip_dag' retrieved from /home/airflow/.local/lib/python3.8/site-packages/airflow/example_dags/example_skip_dag.py
[2026-03-26T22:53:18.217+0000] {logging_mixin.py:188} INFO - [2026-03-26T22:53:18.217+0000] {dag.py:3036} INFO - Sync 1 DAGs
[2026-03-26T22:53:18.229+0000] {logging_mixin.py:188} INFO - [2026-03-26T22:53:18.229+0000] {dag.py:3823} INFO - Setting next_dagrun for example_skip_dag to 2026-03-25 00:00:00+00:00, run_after=2026-03-26 00:00:00+00:00
[2026-03-26T22:53:18.240+0000] {processor.py:183} INFO - Processing /home/airflow/.local/lib/python3.8/site-packages/airflow/example_dags/example_skip_dag.py took 0.047 seconds
[2026-03-26T22:53:48.766+0000] {processor.py:161} INFO - Started process (PID=242) to work on /home/airflow/.local/lib/python3.8/site-packages/airflow/example_dags/example_skip_dag.py
[2026-03-26T22:53:48.767+0000] {processor.py:830} INFO - Processing file /home/airflow/.local/lib/python3.8/site-packages/airflow/example_dags/example_skip_dag.py for tasks to queue
[2026-03-26T22:53:48.768+0000] {logging_mixin.py:188} INFO - [2026-03-26T22:53:48.768+0000] {dagbag.py:538} INFO - Filling up the DagBag from /home/airflow/.local/lib/python3.8/site-packages/airflow/example_dags/example_skip_dag.py
[2026-03-26T22:53:48.772+0000] {processor.py:840} INFO - DAG(s) 'example_skip_dag' retrieved from /home/airflow/.local/lib/python3.8/site-packages/airflow/example_dags/example_skip_dag.py
[2026-03-26T22:53:48.789+0000] {logging_mixin.py:188} INFO - [2026-03-26T22:53:48.789+0000] {dag.py:3036} INFO - Sync 1 DAGs
[2026-03-26T22:53:48.801+0000] {logging_mixin.py:188} INFO - [2026-03-26T22:53:48.801+0000] {dag.py:3823} INFO - Setting next_dagrun for example_skip_dag to 2026-03-25 00:00:00+00:00, run_after=2026-03-26 00:00:00+00:00
[2026-03-26T22:53:48.813+0000] {processor.py:183} INFO - Processing /home/airflow/.local/lib/python3.8/site-packages/airflow/example_dags/example_skip_dag.py took 0.049 seconds
[2026-03-26T22:54:19.649+0000] {processor.py:161} INFO - Started process (PID=297) to work on /home/airflow/.local/lib/python3.8/site-packages/airflow/example_dags/example_skip_dag.py
[2026-03-26T22:54:19.649+0000] {processor.py:830} INFO - Processing file /home/airflow/.local/lib/python3.8/site-packages/airflow/example_dags/example_skip_dag.py for tasks to queue
[2026-03-26T22:54:19.651+0000] {logging_mixin.py:188} INFO - [2026-03-26T22:54:19.651+0000] {dagbag.py:538} INFO - Filling up the DagBag from /home/airflow/.local/lib/python3.8/site-packages/airflow/example_dags/example_skip_dag.py
[2026-03-26T22:54:19.656+0000] {processor.py:840} INFO - DAG(s) 'example_skip_dag' retrieved from /home/airflow/.local/lib/python3.8/site-packages/airflow/example_dags/example_skip_dag.py
[2026-03-26T22:54:19.669+0000] {logging_mixin.py:188} INFO - [2026-03-26T22:54:19.669+0000] {dag.py:3036} INFO - Sync 1 DAGs
[2026-03-26T22:54:19.681+0000] {logging_mixin.py:188} INFO - [2026-03-26T22:54:19.681+0000] {dag.py:3823} INFO - Setting next_dagrun for example_skip_dag to 2026-03-25 00:00:00+00:00, run_after=2026-03-26 00:00:00+00:00
[2026-03-26T22:54:19.692+0000] {processor.py:183} INFO - Processing /home/airflow/.local/lib/python3.8/site-packages/airflow/example_dags/example_skip_dag.py took 0.046 seconds
[2026-03-26T22:54:50.223+0000] {processor.py:161} INFO - Started process (PID=352) to work on /home/airflow/.local/lib/python3.8/site-packages/airflow/example_dags/example_skip_dag.py
[2026-03-26T22:54:50.224+0000] {processor.py:830} INFO - Processing file /home/airflow/.local/lib/python3.8/site-packages/airflow/example_dags/example_skip_dag.py for tasks to queue
[2026-03-26T22:54:50.225+0000] {logging_mixin.py:188} INFO - [2026-03-26T22:54:50.225+0000] {dagbag.py:538} INFO - Filling up the DagBag from /home/airflow/.local/lib/python3.8/site-packages/airflow/example_dags/example_skip_dag.py
[2026-03-26T22:54:50.230+0000] {processor.py:840} INFO - DAG(s) 'example_skip_dag' retrieved from /home/airflow/.local/lib/python3.8/site-packages/airflow/example_dags/example_skip_dag.py
[2026-03-26T22:54:50.243+0000] {logging_mixin.py:188} INFO - [2026-03-26T22:54:50.243+0000] {dag.py:3036} INFO - Sync 1 DAGs
[2026-03-26T22:54:50.257+0000] {logging_mixin.py:188} INFO - [2026-03-26T22:54:50.257+0000] {dag.py:3823} INFO - Setting next_dagrun for example_skip_dag to 2026-03-25 00:00:00+00:00, run_after=2026-03-26 00:00:00+00:00
[2026-03-26T22:54:50.268+0000] {processor.py:183} INFO - Processing /home/airflow/.local/lib/python3.8/site-packages/airflow/example_dags/example_skip_dag.py took 0.047 seconds
[2026-03-26T22:55:20.808+0000] {processor.py:161} INFO - Started process (PID=407) to work on /home/airflow/.local/lib/python3.8/site-packages/airflow/example_dags/example_skip_dag.py
[2026-03-26T22:55:20.809+0000] {processor.py:830} INFO - Processing file /home/airflow/.local/lib/python3.8/site-packages/airflow/example_dags/example_skip_dag.py for tasks to queue
[2026-03-26T22:55:20.810+0000] {logging_mixin.py:188} INFO - [2026-03-26T22:55:20.810+0000] {dagbag.py:538} INFO - Filling up the DagBag from /home/airflow/.local/lib/python3.8/site-packages/airflow/example_dags/example_skip_dag.py
[2026-03-26T22:55:20.814+0000] {processor.py:840} INFO - DAG(s) 'example_skip_dag' retrieved from /home/airflow/.local/lib/python3.8/site-packages/airflow/example_dags/example_skip_dag.py
[2026-03-26T22:55:20.829+0000] {logging_mixin.py:188} INFO - [2026-03-26T22:55:20.829+0000] {dag.py:3036} INFO - Sync 1 DAGs
[2026-03-26T22:55:20.842+0000] {logging_mixin.py:188} INFO - [2026-03-26T22:55:20.842+0000] {dag.py:3823} INFO - Setting next_dagrun for example_skip_dag to 2026-03-25 00:00:00+00:00, run_after=2026-03-26 00:00:00+00:00
[2026-03-26T22:55:20.853+0000] {processor.py:183} INFO - Processing /home/airflow/.local/lib/python3.8/site-packages/airflow/example_dags/example_skip_dag.py took 0.048 seconds
[2026-03-26T22:55:51.387+0000] {processor.py:161} INFO - Started process (PID=462) to work on /home/airflow/.local/lib/python3.8/site-packages/airflow/example_dags/example_skip_dag.py
[2026-03-26T22:55:51.387+0000] {processor.py:830} INFO - Processing file /home/airflow/.local/lib/python3.8/site-packages/airflow/example_dags/example_skip_dag.py for tasks to queue
[2026-03-26T22:55:51.388+0000] {logging_mixin.py:188} INFO - [2026-03-26T22:55:51.388+0000] {dagbag.py:538} INFO - Filling up the DagBag from /home/airflow/.local/lib/python3.8/site-packages/airflow/example_dags/example_skip_dag.py
[2026-03-26T22:55:51.393+0000] {processor.py:840} INFO - DAG(s) 'example_skip_dag' retrieved from /home/airflow/.local/lib/python3.8/site-packages/airflow/example_dags/example_skip_dag.py
[2026-03-26T22:55:51.411+0000] {logging_mixin.py:188} INFO - [2026-03-26T22:55:51.411+0000] {dag.py:3036} INFO - Sync 1 DAGs
[2026-03-26T22:55:51.431+0000] {logging_mixin.py:188} INFO - [2026-03-26T22:55:51.431+0000] {dag.py:3823} INFO - Setting next_dagrun for example_skip_dag to 2026-03-25 00:00:00+00:00, run_after=2026-03-26 00:00:00+00:00
[2026-03-26T22:55:51.443+0000] {processor.py:183} INFO - Processing /home/airflow/.local/lib/python3.8/site-packages/airflow/example_dags/example_skip_dag.py took 0.059 seconds
[2026-03-26T22:56:22.110+0000] {processor.py:161} INFO - Started process (PID=516) to work on /home/airflow/.local/lib/python3.8/site-packages/airflow/example_dags/example_skip_dag.py
[2026-03-26T22:56:22.111+0000] {processor.py:830} INFO - Processing file /home/airflow/.local/lib/python3.8/site-packages/airflow/example_dags/example_skip_dag.py for tasks to queue
[2026-03-26T22:56:22.112+0000] {logging_mixin.py:188} INFO - [2026-03-26T22:56:22.112+0000] {dagbag.py:538} INFO - Filling up the DagBag from /home/airflow/.local/lib/python3.8/site-packages/airflow/example_dags/example_skip_dag.py
[2026-03-26T22:56:22.117+0000] {processor.py:840} INFO - DAG(s) 'example_skip_dag' retrieved from /home/airflow/.local/lib/python3.8/site-packages/airflow/example_dags/example_skip_dag.py
[2026-03-26T22:56:22.131+0000] {logging_mixin.py:188} INFO - [2026-03-26T22:56:22.131+0000] {dag.py:3036} INFO - Sync 1 DAGs
[2026-03-26T22:56:22.145+0000] {logging_mixin.py:188} INFO - [2026-03-26T22:56:22.144+0000] {dag.py:3823} INFO - Setting next_dagrun for example_skip_dag to 2026-03-25 00:00:00+00:00, run_after=2026-03-26 00:00:00+00:00
[2026-03-26T22:56:22.156+0000] {processor.py:183} INFO - Processing /home/airflow/.local/lib/python3.8/site-packages/airflow/example_dags/example_skip_dag.py took 0.048 seconds
[2026-03-26T22:56:52.794+0000] {processor.py:161} INFO - Started process (PID=571) to work on /home/airflow/.local/lib/python3.8/site-packages/airflow/example_dags/example_skip_dag.py
[2026-03-26T22:56:52.794+0000] {processor.py:830} INFO - Processing file /home/airflow/.local/lib/python3.8/site-packages/airflow/example_dags/example_skip_dag.py for tasks to queue
[2026-03-26T22:56:52.795+0000] {logging_mixin.py:188} INFO - [2026-03-26T22:56:52.795+0000] {dagbag.py:538} INFO - Filling up the DagBag from /home/airflow/.local/lib/python3.8/site-packages/airflow/example_dags/example_skip_dag.py
[2026-03-26T22:56:52.800+0000] {processor.py:840} INFO - DAG(s) 'example_skip_dag' retrieved from /home/airflow/.local/lib/python3.8/site-packages/airflow/example_dags/example_skip_dag.py
[2026-03-26T22:56:52.814+0000] {logging_mixin.py:188} INFO - [2026-03-26T22:56:52.813+0000] {dag.py:3036} INFO - Sync 1 DAGs
[2026-03-26T22:56:52.829+0000] {logging_mixin.py:188} INFO - [2026-03-26T22:56:52.829+0000] {dag.py:3823} INFO - Setting next_dagrun for example_skip_dag to 2026-03-25 00:00:00+00:00, run_after=2026-03-26 00:00:00+00:00
[2026-03-26T22:56:52.841+0000] {processor.py:183} INFO - Processing /home/airflow/.local/lib/python3.8/site-packages/airflow/example_dags/example_skip_dag.py took 0.050 seconds
[2026-03-26T22:57:23.375+0000] {processor.py:161} INFO - Started process (PID=626) to work on /home/airflow/.local/lib/python3.8/site-packages/airflow/example_dags/example_skip_dag.py
[2026-03-26T22:57:23.376+0000] {processor.py:830} INFO - Processing file /home/airflow/.local/lib/python3.8/site-packages/airflow/example_dags/example_skip_dag.py for tasks to queue
[2026-03-26T22:57:23.377+0000] {logging_mixin.py:188} INFO - [2026-03-26T22:57:23.377+0000] {dagbag.py:538} INFO - Filling up the DagBag from /home/airflow/.local/lib/python3.8/site-packages/airflow/example_dags/example_skip_dag.py
[2026-03-26T22:57:23.381+0000] {processor.py:840} INFO - DAG(s) 'example_skip_dag' retrieved from /home/airflow/.local/lib/python3.8/site-packages/airflow/example_dags/example_skip_dag.py
[2026-03-26T22:57:23.395+0000] {logging_mixin.py:188} INFO - [2026-03-26T22:57:23.394+0000] {dag.py:3036} INFO - Sync 1 DAGs
[2026-03-26T22:57:23.406+0000] {logging_mixin.py:188} INFO - [2026-03-26T22:57:23.406+0000] {dag.py:3823} INFO - Setting next_dagrun for example_skip_dag to 2026-03-25 00:00:00+00:00, run_after=2026-03-26 00:00:00+00:00
[2026-03-26T22:57:23.419+0000] {processor.py:183} INFO - Processing /home/airflow/.local/lib/python3.8/site-packages/airflow/example_dags/example_skip_dag.py took 0.046 seconds
[2026-03-26T22:57:54.073+0000] {processor.py:161} INFO - Started process (PID=681) to work on /home/airflow/.local/lib/python3.8/site-packages/airflow/example_dags/example_skip_dag.py
[2026-03-26T22:57:54.074+0000] {processor.py:830} INFO - Processing file /home/airflow/.local/lib/python3.8/site-packages/airflow/example_dags/example_skip_dag.py for tasks to queue
[2026-03-26T22:57:54.075+0000] {logging_mixin.py:188} INFO - [2026-03-26T22:57:54.075+0000] {dagbag.py:538} INFO - Filling up the DagBag from /home/airflow/.local/lib/python3.8/site-packages/airflow/example_dags/example_skip_dag.py
[2026-03-26T22:57:54.079+0000] {processor.py:840} INFO - DAG(s) 'example_skip_dag' retrieved from /home/airflow/.local/lib/python3.8/site-packages/airflow/example_dags/example_skip_dag.py
[2026-03-26T22:57:54.093+0000] {logging_mixin.py:188} INFO - [2026-03-26T22:57:54.093+0000] {dag.py:3036} INFO - Sync 1 DAGs
[2026-03-26T22:57:54.106+0000] {logging_mixin.py:188} INFO - [2026-03-26T22:57:54.106+0000] {dag.py:3823} INFO - Setting next_dagrun for example_skip_dag to 2026-03-25 00:00:00+00:00, run_after=2026-03-26 00:00:00+00:00
[2026-03-26T22:57:54.116+0000] {processor.py:183} INFO - Processing /home/airflow/.local/lib/python3.8/site-packages/airflow/example_dags/example_skip_dag.py took 0.046 seconds
[2026-03-26T22:58:24.652+0000] {processor.py:161} INFO - Started process (PID=736) to work on /home/airflow/.local/lib/python3.8/site-packages/airflow/example_dags/example_skip_dag.py
[2026-03-26T22:58:24.653+0000] {processor.py:830} INFO - Processing file /home/airflow/.local/lib/python3.8/site-packages/airflow/example_dags/example_skip_dag.py for tasks to queue
[2026-03-26T22:58:24.654+0000] {logging_mixin.py:188} INFO - [2026-03-26T22:58:24.654+0000] {dagbag.py:538} INFO - Filling up the DagBag from /home/airflow/.local/lib/python3.8/site-packages/airflow/example_dags/example_skip_dag.py
[2026-03-26T22:58:24.658+0000] {processor.py:840} INFO - DAG(s) 'example_skip_dag' retrieved from /home/airflow/.local/lib/python3.8/site-packages/airflow/example_dags/example_skip_dag.py
[2026-03-26T22:58:24.666+0000] {logging_mixin.py:188} INFO - [2026-03-26T22:58:24.666+0000] {dag.py:3036} INFO - Sync 1 DAGs
[2026-03-26T22:58:24.679+0000] {logging_mixin.py:188} INFO - [2026-03-26T22:58:24.679+0000] {dag.py:3823} INFO - Setting next_dagrun for example_skip_dag to 2026-03-25 00:00:00+00:00, run_after=2026-03-26 00:00:00+00:00
[2026-03-26T22:58:24.701+0000] {processor.py:183} INFO - Processing /home/airflow/.local/lib/python3.8/site-packages/airflow/example_dags/example_skip_dag.py took 0.052 seconds
