[2026-03-26T22:45:50.551+0000] {processor.py:161} INFO - Started process (PID=67) to work on /home/airflow/.local/lib/python3.8/site-packages/airflow/example_dags/example_external_task_marker_dag.py
[2026-03-26T22:45:50.552+0000] {processor.py:830} INFO - Processing file /home/airflow/.local/lib/python3.8/site-packages/airflow/example_dags/example_external_task_marker_dag.py for tasks to queue
[2026-03-26T22:45:50.553+0000] {logging_mixin.py:188} INFO - [2026-03-26T22:45:50.553+0000] {dagbag.py:538} INFO - Filling up the DagBag from /home/airflow/.local/lib/python3.8/site-packages/airflow/example_dags/example_external_task_marker_dag.py
[2026-03-26T22:45:50.559+0000] {processor.py:840} INFO - DAG(s) 'example_external_task_marker_child', 'example_external_task_marker_parent' retrieved from /home/airflow/.local/lib/python3.8/site-packages/airflow/example_dags/example_external_task_marker_dag.py
[2026-03-26T22:45:50.568+0000] {logging_mixin.py:188} INFO - [2026-03-26T22:45:50.568+0000] {dag.py:3036} INFO - Sync 2 DAGs
[2026-03-26T22:45:50.576+0000] {logging_mixin.py:188} INFO - [2026-03-26T22:45:50.576+0000] {dag.py:3823} INFO - Setting next_dagrun for example_external_task_marker_child to None, run_after=None
[2026-03-26T22:45:50.578+0000] {logging_mixin.py:188} INFO - [2026-03-26T22:45:50.578+0000] {dag.py:3823} INFO - Setting next_dagrun for example_external_task_marker_parent to None, run_after=None
[2026-03-26T22:45:50.589+0000] {processor.py:183} INFO - Processing /home/airflow/.local/lib/python3.8/site-packages/airflow/example_dags/example_external_task_marker_dag.py took 0.043 seconds
[2026-03-26T22:46:22.707+0000] {processor.py:161} INFO - Started process (PID=122) to work on /home/airflow/.local/lib/python3.8/site-packages/airflow/example_dags/example_external_task_marker_dag.py
[2026-03-26T22:46:22.708+0000] {processor.py:830} INFO - Processing file /home/airflow/.local/lib/python3.8/site-packages/airflow/example_dags/example_external_task_marker_dag.py for tasks to queue
[2026-03-26T22:46:22.709+0000] {logging_mixin.py:188} INFO - [2026-03-26T22:46:22.709+0000] {dagbag.py:538} INFO - Filling up the DagBag from /home/airflow/.local/lib/python3.8/site-packages/airflow/example_dags/example_external_task_marker_dag.py
[2026-03-26T22:46:22.714+0000] {processor.py:840} INFO - DAG(s) 'example_external_task_marker_child', 'example_external_task_marker_parent' retrieved from /home/airflow/.local/lib/python3.8/site-packages/airflow/example_dags/example_external_task_marker_dag.py
[2026-03-26T22:46:22.784+0000] {logging_mixin.py:188} INFO - [2026-03-26T22:46:22.784+0000] {dag.py:3036} INFO - Sync 2 DAGs
[2026-03-26T22:46:22.789+0000] {logging_mixin.py:188} INFO - [2026-03-26T22:46:22.789+0000] {dag.py:3823} INFO - Setting next_dagrun for example_external_task_marker_child to None, run_after=None
[2026-03-26T22:46:22.791+0000] {logging_mixin.py:188} INFO - [2026-03-26T22:46:22.791+0000] {dag.py:3823} INFO - Setting next_dagrun for example_external_task_marker_parent to None, run_after=None
[2026-03-26T22:46:22.803+0000] {processor.py:183} INFO - Processing /home/airflow/.local/lib/python3.8/site-packages/airflow/example_dags/example_external_task_marker_dag.py took 0.099 seconds
[2026-03-26T22:46:53.189+0000] {processor.py:161} INFO - Started process (PID=177) to work on /home/airflow/.local/lib/python3.8/site-packages/airflow/example_dags/example_external_task_marker_dag.py
[2026-03-26T22:46:53.190+0000] {processor.py:830} INFO - Processing file /home/airflow/.local/lib/python3.8/site-packages/airflow/example_dags/example_external_task_marker_dag.py for tasks to queue
[2026-03-26T22:46:53.191+0000] {logging_mixin.py:188} INFO - [2026-03-26T22:46:53.191+0000] {dagbag.py:538} INFO - Filling up the DagBag from /home/airflow/.local/lib/python3.8/site-packages/airflow/example_dags/example_external_task_marker_dag.py
[2026-03-26T22:46:53.197+0000] {processor.py:840} INFO - DAG(s) 'example_external_task_marker_child', 'example_external_task_marker_parent' retrieved from /home/airflow/.local/lib/python3.8/site-packages/airflow/example_dags/example_external_task_marker_dag.py
[2026-03-26T22:46:53.215+0000] {logging_mixin.py:188} INFO - [2026-03-26T22:46:53.215+0000] {dag.py:3036} INFO - Sync 2 DAGs
[2026-03-26T22:46:53.224+0000] {logging_mixin.py:188} INFO - [2026-03-26T22:46:53.224+0000] {dag.py:3823} INFO - Setting next_dagrun for example_external_task_marker_child to None, run_after=None
[2026-03-26T22:46:53.226+0000] {logging_mixin.py:188} INFO - [2026-03-26T22:46:53.226+0000] {dag.py:3823} INFO - Setting next_dagrun for example_external_task_marker_parent to None, run_after=None
[2026-03-26T22:46:53.246+0000] {processor.py:183} INFO - Processing /home/airflow/.local/lib/python3.8/site-packages/airflow/example_dags/example_external_task_marker_dag.py took 0.059 seconds
[2026-03-26T22:47:23.484+0000] {processor.py:161} INFO - Started process (PID=232) to work on /home/airflow/.local/lib/python3.8/site-packages/airflow/example_dags/example_external_task_marker_dag.py
[2026-03-26T22:47:23.489+0000] {processor.py:830} INFO - Processing file /home/airflow/.local/lib/python3.8/site-packages/airflow/example_dags/example_external_task_marker_dag.py for tasks to queue
[2026-03-26T22:47:23.492+0000] {logging_mixin.py:188} INFO - [2026-03-26T22:47:23.492+0000] {dagbag.py:538} INFO - Filling up the DagBag from /home/airflow/.local/lib/python3.8/site-packages/airflow/example_dags/example_external_task_marker_dag.py
[2026-03-26T22:47:23.498+0000] {processor.py:840} INFO - DAG(s) 'example_external_task_marker_parent', 'example_external_task_marker_child' retrieved from /home/airflow/.local/lib/python3.8/site-packages/airflow/example_dags/example_external_task_marker_dag.py
[2026-03-26T22:47:23.518+0000] {logging_mixin.py:188} INFO - [2026-03-26T22:47:23.517+0000] {dag.py:3036} INFO - Sync 2 DAGs
[2026-03-26T22:47:23.526+0000] {logging_mixin.py:188} INFO - [2026-03-26T22:47:23.526+0000] {dag.py:3823} INFO - Setting next_dagrun for example_external_task_marker_child to None, run_after=None
[2026-03-26T22:47:23.528+0000] {logging_mixin.py:188} INFO - [2026-03-26T22:47:23.528+0000] {dag.py:3823} INFO - Setting next_dagrun for example_external_task_marker_parent to None, run_after=None
[2026-03-26T22:47:23.676+0000] {processor.py:183} INFO - Processing /home/airflow/.local/lib/python3.8/site-packages/airflow/example_dags/example_external_task_marker_dag.py took 0.197 seconds
[2026-03-26T22:47:54.689+0000] {processor.py:161} INFO - Started process (PID=293) to work on /home/airflow/.local/lib/python3.8/site-packages/airflow/example_dags/example_external_task_marker_dag.py
[2026-03-26T22:47:54.689+0000] {processor.py:830} INFO - Processing file /home/airflow/.local/lib/python3.8/site-packages/airflow/example_dags/example_external_task_marker_dag.py for tasks to queue
[2026-03-26T22:47:54.690+0000] {logging_mixin.py:188} INFO - [2026-03-26T22:47:54.690+0000] {dagbag.py:538} INFO - Filling up the DagBag from /home/airflow/.local/lib/python3.8/site-packages/airflow/example_dags/example_external_task_marker_dag.py
[2026-03-26T22:47:54.694+0000] {processor.py:840} INFO - DAG(s) 'example_external_task_marker_parent', 'example_external_task_marker_child' retrieved from /home/airflow/.local/lib/python3.8/site-packages/airflow/example_dags/example_external_task_marker_dag.py
[2026-03-26T22:47:54.711+0000] {logging_mixin.py:188} INFO - [2026-03-26T22:47:54.711+0000] {dag.py:3036} INFO - Sync 2 DAGs
[2026-03-26T22:47:54.718+0000] {logging_mixin.py:188} INFO - [2026-03-26T22:47:54.718+0000] {dag.py:3823} INFO - Setting next_dagrun for example_external_task_marker_child to None, run_after=None
[2026-03-26T22:47:54.720+0000] {logging_mixin.py:188} INFO - [2026-03-26T22:47:54.720+0000] {dag.py:3823} INFO - Setting next_dagrun for example_external_task_marker_parent to None, run_after=None
[2026-03-26T22:47:54.730+0000] {processor.py:183} INFO - Processing /home/airflow/.local/lib/python3.8/site-packages/airflow/example_dags/example_external_task_marker_dag.py took 0.043 seconds
[2026-03-26T22:48:25.177+0000] {processor.py:161} INFO - Started process (PID=347) to work on /home/airflow/.local/lib/python3.8/site-packages/airflow/example_dags/example_external_task_marker_dag.py
[2026-03-26T22:48:25.178+0000] {processor.py:830} INFO - Processing file /home/airflow/.local/lib/python3.8/site-packages/airflow/example_dags/example_external_task_marker_dag.py for tasks to queue
[2026-03-26T22:48:25.179+0000] {logging_mixin.py:188} INFO - [2026-03-26T22:48:25.179+0000] {dagbag.py:538} INFO - Filling up the DagBag from /home/airflow/.local/lib/python3.8/site-packages/airflow/example_dags/example_external_task_marker_dag.py
[2026-03-26T22:48:25.182+0000] {processor.py:840} INFO - DAG(s) 'example_external_task_marker_child', 'example_external_task_marker_parent' retrieved from /home/airflow/.local/lib/python3.8/site-packages/airflow/example_dags/example_external_task_marker_dag.py
[2026-03-26T22:48:25.199+0000] {logging_mixin.py:188} INFO - [2026-03-26T22:48:25.199+0000] {dag.py:3036} INFO - Sync 2 DAGs
[2026-03-26T22:48:25.206+0000] {logging_mixin.py:188} INFO - [2026-03-26T22:48:25.206+0000] {dag.py:3823} INFO - Setting next_dagrun for example_external_task_marker_child to None, run_after=None
[2026-03-26T22:48:25.208+0000] {logging_mixin.py:188} INFO - [2026-03-26T22:48:25.208+0000] {dag.py:3823} INFO - Setting next_dagrun for example_external_task_marker_parent to None, run_after=None
[2026-03-26T22:48:25.218+0000] {processor.py:183} INFO - Processing /home/airflow/.local/lib/python3.8/site-packages/airflow/example_dags/example_external_task_marker_dag.py took 0.043 seconds
[2026-03-26T22:48:55.760+0000] {processor.py:161} INFO - Started process (PID=402) to work on /home/airflow/.local/lib/python3.8/site-packages/airflow/example_dags/example_external_task_marker_dag.py
[2026-03-26T22:48:55.761+0000] {processor.py:830} INFO - Processing file /home/airflow/.local/lib/python3.8/site-packages/airflow/example_dags/example_external_task_marker_dag.py for tasks to queue
[2026-03-26T22:48:55.762+0000] {logging_mixin.py:188} INFO - [2026-03-26T22:48:55.762+0000] {dagbag.py:538} INFO - Filling up the DagBag from /home/airflow/.local/lib/python3.8/site-packages/airflow/example_dags/example_external_task_marker_dag.py
[2026-03-26T22:48:55.765+0000] {processor.py:840} INFO - DAG(s) 'example_external_task_marker_parent', 'example_external_task_marker_child' retrieved from /home/airflow/.local/lib/python3.8/site-packages/airflow/example_dags/example_external_task_marker_dag.py
[2026-03-26T22:48:55.780+0000] {logging_mixin.py:188} INFO - [2026-03-26T22:48:55.780+0000] {dag.py:3036} INFO - Sync 2 DAGs
[2026-03-26T22:48:55.787+0000] {logging_mixin.py:188} INFO - [2026-03-26T22:48:55.787+0000] {dag.py:3823} INFO - Setting next_dagrun for example_external_task_marker_child to None, run_after=None
[2026-03-26T22:48:55.789+0000] {logging_mixin.py:188} INFO - [2026-03-26T22:48:55.789+0000] {dag.py:3823} INFO - Setting next_dagrun for example_external_task_marker_parent to None, run_after=None
[2026-03-26T22:48:55.799+0000] {processor.py:183} INFO - Processing /home/airflow/.local/lib/python3.8/site-packages/airflow/example_dags/example_external_task_marker_dag.py took 0.041 seconds
[2026-03-26T22:49:26.233+0000] {processor.py:161} INFO - Started process (PID=456) to work on /home/airflow/.local/lib/python3.8/site-packages/airflow/example_dags/example_external_task_marker_dag.py
[2026-03-26T22:49:26.234+0000] {processor.py:830} INFO - Processing file /home/airflow/.local/lib/python3.8/site-packages/airflow/example_dags/example_external_task_marker_dag.py for tasks to queue
[2026-03-26T22:49:26.235+0000] {logging_mixin.py:188} INFO - [2026-03-26T22:49:26.235+0000] {dagbag.py:538} INFO - Filling up the DagBag from /home/airflow/.local/lib/python3.8/site-packages/airflow/example_dags/example_external_task_marker_dag.py
[2026-03-26T22:49:26.238+0000] {processor.py:840} INFO - DAG(s) 'example_external_task_marker_child', 'example_external_task_marker_parent' retrieved from /home/airflow/.local/lib/python3.8/site-packages/airflow/example_dags/example_external_task_marker_dag.py
[2026-03-26T22:49:26.254+0000] {logging_mixin.py:188} INFO - [2026-03-26T22:49:26.254+0000] {dag.py:3036} INFO - Sync 2 DAGs
[2026-03-26T22:49:26.261+0000] {logging_mixin.py:188} INFO - [2026-03-26T22:49:26.261+0000] {dag.py:3823} INFO - Setting next_dagrun for example_external_task_marker_child to None, run_after=None
[2026-03-26T22:49:26.263+0000] {logging_mixin.py:188} INFO - [2026-03-26T22:49:26.263+0000] {dag.py:3823} INFO - Setting next_dagrun for example_external_task_marker_parent to None, run_after=None
[2026-03-26T22:49:26.273+0000] {processor.py:183} INFO - Processing /home/airflow/.local/lib/python3.8/site-packages/airflow/example_dags/example_external_task_marker_dag.py took 0.042 seconds
[2026-03-26T22:49:56.732+0000] {processor.py:161} INFO - Started process (PID=511) to work on /home/airflow/.local/lib/python3.8/site-packages/airflow/example_dags/example_external_task_marker_dag.py
[2026-03-26T22:49:56.733+0000] {processor.py:830} INFO - Processing file /home/airflow/.local/lib/python3.8/site-packages/airflow/example_dags/example_external_task_marker_dag.py for tasks to queue
[2026-03-26T22:49:56.734+0000] {logging_mixin.py:188} INFO - [2026-03-26T22:49:56.734+0000] {dagbag.py:538} INFO - Filling up the DagBag from /home/airflow/.local/lib/python3.8/site-packages/airflow/example_dags/example_external_task_marker_dag.py
[2026-03-26T22:49:56.737+0000] {processor.py:840} INFO - DAG(s) 'example_external_task_marker_child', 'example_external_task_marker_parent' retrieved from /home/airflow/.local/lib/python3.8/site-packages/airflow/example_dags/example_external_task_marker_dag.py
[2026-03-26T22:49:56.753+0000] {logging_mixin.py:188} INFO - [2026-03-26T22:49:56.753+0000] {dag.py:3036} INFO - Sync 2 DAGs
[2026-03-26T22:49:56.760+0000] {logging_mixin.py:188} INFO - [2026-03-26T22:49:56.760+0000] {dag.py:3823} INFO - Setting next_dagrun for example_external_task_marker_child to None, run_after=None
[2026-03-26T22:49:56.762+0000] {logging_mixin.py:188} INFO - [2026-03-26T22:49:56.762+0000] {dag.py:3823} INFO - Setting next_dagrun for example_external_task_marker_parent to None, run_after=None
[2026-03-26T22:49:56.773+0000] {processor.py:183} INFO - Processing /home/airflow/.local/lib/python3.8/site-packages/airflow/example_dags/example_external_task_marker_dag.py took 0.043 seconds
[2026-03-26T22:50:27.398+0000] {processor.py:161} INFO - Started process (PID=566) to work on /home/airflow/.local/lib/python3.8/site-packages/airflow/example_dags/example_external_task_marker_dag.py
[2026-03-26T22:50:27.399+0000] {processor.py:830} INFO - Processing file /home/airflow/.local/lib/python3.8/site-packages/airflow/example_dags/example_external_task_marker_dag.py for tasks to queue
[2026-03-26T22:50:27.400+0000] {logging_mixin.py:188} INFO - [2026-03-26T22:50:27.400+0000] {dagbag.py:538} INFO - Filling up the DagBag from /home/airflow/.local/lib/python3.8/site-packages/airflow/example_dags/example_external_task_marker_dag.py
[2026-03-26T22:50:27.404+0000] {processor.py:840} INFO - DAG(s) 'example_external_task_marker_parent', 'example_external_task_marker_child' retrieved from /home/airflow/.local/lib/python3.8/site-packages/airflow/example_dags/example_external_task_marker_dag.py
[2026-03-26T22:50:27.420+0000] {logging_mixin.py:188} INFO - [2026-03-26T22:50:27.420+0000] {dag.py:3036} INFO - Sync 2 DAGs
[2026-03-26T22:50:27.427+0000] {logging_mixin.py:188} INFO - [2026-03-26T22:50:27.427+0000] {dag.py:3823} INFO - Setting next_dagrun for example_external_task_marker_child to None, run_after=None
[2026-03-26T22:50:27.429+0000] {logging_mixin.py:188} INFO - [2026-03-26T22:50:27.429+0000] {dag.py:3823} INFO - Setting next_dagrun for example_external_task_marker_parent to None, run_after=None
[2026-03-26T22:50:27.439+0000] {processor.py:183} INFO - Processing /home/airflow/.local/lib/python3.8/site-packages/airflow/example_dags/example_external_task_marker_dag.py took 0.043 seconds
[2026-03-26T22:50:58.195+0000] {processor.py:161} INFO - Started process (PID=621) to work on /home/airflow/.local/lib/python3.8/site-packages/airflow/example_dags/example_external_task_marker_dag.py
[2026-03-26T22:50:58.195+0000] {processor.py:830} INFO - Processing file /home/airflow/.local/lib/python3.8/site-packages/airflow/example_dags/example_external_task_marker_dag.py for tasks to queue
[2026-03-26T22:50:58.196+0000] {logging_mixin.py:188} INFO - [2026-03-26T22:50:58.196+0000] {dagbag.py:538} INFO - Filling up the DagBag from /home/airflow/.local/lib/python3.8/site-packages/airflow/example_dags/example_external_task_marker_dag.py
[2026-03-26T22:50:58.200+0000] {processor.py:840} INFO - DAG(s) 'example_external_task_marker_parent', 'example_external_task_marker_child' retrieved from /home/airflow/.local/lib/python3.8/site-packages/airflow/example_dags/example_external_task_marker_dag.py
[2026-03-26T22:50:58.215+0000] {logging_mixin.py:188} INFO - [2026-03-26T22:50:58.215+0000] {dag.py:3036} INFO - Sync 2 DAGs
[2026-03-26T22:50:58.224+0000] {logging_mixin.py:188} INFO - [2026-03-26T22:50:58.224+0000] {dag.py:3823} INFO - Setting next_dagrun for example_external_task_marker_child to None, run_after=None
[2026-03-26T22:50:58.226+0000] {logging_mixin.py:188} INFO - [2026-03-26T22:50:58.226+0000] {dag.py:3823} INFO - Setting next_dagrun for example_external_task_marker_parent to None, run_after=None
[2026-03-26T22:50:58.235+0000] {processor.py:183} INFO - Processing /home/airflow/.local/lib/python3.8/site-packages/airflow/example_dags/example_external_task_marker_dag.py took 0.043 seconds
[2026-03-26T22:51:28.771+0000] {processor.py:161} INFO - Started process (PID=676) to work on /home/airflow/.local/lib/python3.8/site-packages/airflow/example_dags/example_external_task_marker_dag.py
[2026-03-26T22:51:28.771+0000] {processor.py:830} INFO - Processing file /home/airflow/.local/lib/python3.8/site-packages/airflow/example_dags/example_external_task_marker_dag.py for tasks to queue
[2026-03-26T22:51:28.772+0000] {logging_mixin.py:188} INFO - [2026-03-26T22:51:28.772+0000] {dagbag.py:538} INFO - Filling up the DagBag from /home/airflow/.local/lib/python3.8/site-packages/airflow/example_dags/example_external_task_marker_dag.py
[2026-03-26T22:51:28.776+0000] {processor.py:840} INFO - DAG(s) 'example_external_task_marker_parent', 'example_external_task_marker_child' retrieved from /home/airflow/.local/lib/python3.8/site-packages/airflow/example_dags/example_external_task_marker_dag.py
[2026-03-26T22:51:28.790+0000] {logging_mixin.py:188} INFO - [2026-03-26T22:51:28.790+0000] {dag.py:3036} INFO - Sync 2 DAGs
[2026-03-26T22:51:28.797+0000] {logging_mixin.py:188} INFO - [2026-03-26T22:51:28.797+0000] {dag.py:3823} INFO - Setting next_dagrun for example_external_task_marker_child to None, run_after=None
[2026-03-26T22:51:28.799+0000] {logging_mixin.py:188} INFO - [2026-03-26T22:51:28.799+0000] {dag.py:3823} INFO - Setting next_dagrun for example_external_task_marker_parent to None, run_after=None
[2026-03-26T22:51:28.817+0000] {processor.py:183} INFO - Processing /home/airflow/.local/lib/python3.8/site-packages/airflow/example_dags/example_external_task_marker_dag.py took 0.049 seconds
[2026-03-26T22:52:16.051+0000] {processor.py:161} INFO - Started process (PID=67) to work on /home/airflow/.local/lib/python3.8/site-packages/airflow/example_dags/example_external_task_marker_dag.py
[2026-03-26T22:52:16.053+0000] {processor.py:830} INFO - Processing file /home/airflow/.local/lib/python3.8/site-packages/airflow/example_dags/example_external_task_marker_dag.py for tasks to queue
[2026-03-26T22:52:16.054+0000] {logging_mixin.py:188} INFO - [2026-03-26T22:52:16.054+0000] {dagbag.py:538} INFO - Filling up the DagBag from /home/airflow/.local/lib/python3.8/site-packages/airflow/example_dags/example_external_task_marker_dag.py
[2026-03-26T22:52:16.062+0000] {processor.py:840} INFO - DAG(s) 'example_external_task_marker_parent', 'example_external_task_marker_child' retrieved from /home/airflow/.local/lib/python3.8/site-packages/airflow/example_dags/example_external_task_marker_dag.py
[2026-03-26T22:52:16.079+0000] {logging_mixin.py:188} INFO - [2026-03-26T22:52:16.079+0000] {dag.py:3036} INFO - Sync 2 DAGs
[2026-03-26T22:52:16.100+0000] {logging_mixin.py:188} INFO - [2026-03-26T22:52:16.100+0000] {dag.py:3823} INFO - Setting next_dagrun for example_external_task_marker_child to None, run_after=None
[2026-03-26T22:52:16.115+0000] {logging_mixin.py:188} INFO - [2026-03-26T22:52:16.115+0000] {dag.py:3823} INFO - Setting next_dagrun for example_external_task_marker_parent to None, run_after=None
[2026-03-26T22:52:16.133+0000] {processor.py:183} INFO - Processing /home/airflow/.local/lib/python3.8/site-packages/airflow/example_dags/example_external_task_marker_dag.py took 0.088 seconds
[2026-03-26T22:52:46.552+0000] {processor.py:161} INFO - Started process (PID=122) to work on /home/airflow/.local/lib/python3.8/site-packages/airflow/example_dags/example_external_task_marker_dag.py
[2026-03-26T22:52:46.553+0000] {processor.py:830} INFO - Processing file /home/airflow/.local/lib/python3.8/site-packages/airflow/example_dags/example_external_task_marker_dag.py for tasks to queue
[2026-03-26T22:52:46.554+0000] {logging_mixin.py:188} INFO - [2026-03-26T22:52:46.554+0000] {dagbag.py:538} INFO - Filling up the DagBag from /home/airflow/.local/lib/python3.8/site-packages/airflow/example_dags/example_external_task_marker_dag.py
[2026-03-26T22:52:46.558+0000] {processor.py:840} INFO - DAG(s) 'example_external_task_marker_parent', 'example_external_task_marker_child' retrieved from /home/airflow/.local/lib/python3.8/site-packages/airflow/example_dags/example_external_task_marker_dag.py
[2026-03-26T22:52:46.620+0000] {logging_mixin.py:188} INFO - [2026-03-26T22:52:46.620+0000] {dag.py:3036} INFO - Sync 2 DAGs
[2026-03-26T22:52:46.626+0000] {logging_mixin.py:188} INFO - [2026-03-26T22:52:46.626+0000] {dag.py:3823} INFO - Setting next_dagrun for example_external_task_marker_child to None, run_after=None
[2026-03-26T22:52:46.627+0000] {logging_mixin.py:188} INFO - [2026-03-26T22:52:46.627+0000] {dag.py:3823} INFO - Setting next_dagrun for example_external_task_marker_parent to None, run_after=None
[2026-03-26T22:52:46.638+0000] {processor.py:183} INFO - Processing /home/airflow/.local/lib/python3.8/site-packages/airflow/example_dags/example_external_task_marker_dag.py took 0.089 seconds
[2026-03-26T22:53:16.891+0000] {processor.py:161} INFO - Started process (PID=177) to work on /home/airflow/.local/lib/python3.8/site-packages/airflow/example_dags/example_external_task_marker_dag.py
[2026-03-26T22:53:16.892+0000] {processor.py:830} INFO - Processing file /home/airflow/.local/lib/python3.8/site-packages/airflow/example_dags/example_external_task_marker_dag.py for tasks to queue
[2026-03-26T22:53:16.893+0000] {logging_mixin.py:188} INFO - [2026-03-26T22:53:16.893+0000] {dagbag.py:538} INFO - Filling up the DagBag from /home/airflow/.local/lib/python3.8/site-packages/airflow/example_dags/example_external_task_marker_dag.py
[2026-03-26T22:53:16.899+0000] {processor.py:840} INFO - DAG(s) 'example_external_task_marker_parent', 'example_external_task_marker_child' retrieved from /home/airflow/.local/lib/python3.8/site-packages/airflow/example_dags/example_external_task_marker_dag.py
[2026-03-26T22:53:16.920+0000] {logging_mixin.py:188} INFO - [2026-03-26T22:53:16.919+0000] {dag.py:3036} INFO - Sync 2 DAGs
[2026-03-26T22:53:16.928+0000] {logging_mixin.py:188} INFO - [2026-03-26T22:53:16.928+0000] {dag.py:3823} INFO - Setting next_dagrun for example_external_task_marker_child to None, run_after=None
[2026-03-26T22:53:16.931+0000] {logging_mixin.py:188} INFO - [2026-03-26T22:53:16.931+0000] {dag.py:3823} INFO - Setting next_dagrun for example_external_task_marker_parent to None, run_after=None
[2026-03-26T22:53:16.942+0000] {processor.py:183} INFO - Processing /home/airflow/.local/lib/python3.8/site-packages/airflow/example_dags/example_external_task_marker_dag.py took 0.054 seconds
[2026-03-26T22:53:47.301+0000] {processor.py:161} INFO - Started process (PID=232) to work on /home/airflow/.local/lib/python3.8/site-packages/airflow/example_dags/example_external_task_marker_dag.py
[2026-03-26T22:53:47.303+0000] {processor.py:830} INFO - Processing file /home/airflow/.local/lib/python3.8/site-packages/airflow/example_dags/example_external_task_marker_dag.py for tasks to queue
[2026-03-26T22:53:47.304+0000] {logging_mixin.py:188} INFO - [2026-03-26T22:53:47.304+0000] {dagbag.py:538} INFO - Filling up the DagBag from /home/airflow/.local/lib/python3.8/site-packages/airflow/example_dags/example_external_task_marker_dag.py
[2026-03-26T22:53:47.308+0000] {processor.py:840} INFO - DAG(s) 'example_external_task_marker_parent', 'example_external_task_marker_child' retrieved from /home/airflow/.local/lib/python3.8/site-packages/airflow/example_dags/example_external_task_marker_dag.py
[2026-03-26T22:53:47.334+0000] {logging_mixin.py:188} INFO - [2026-03-26T22:53:47.334+0000] {dag.py:3036} INFO - Sync 2 DAGs
[2026-03-26T22:53:47.343+0000] {logging_mixin.py:188} INFO - [2026-03-26T22:53:47.343+0000] {dag.py:3823} INFO - Setting next_dagrun for example_external_task_marker_child to None, run_after=None
[2026-03-26T22:53:47.346+0000] {logging_mixin.py:188} INFO - [2026-03-26T22:53:47.346+0000] {dag.py:3823} INFO - Setting next_dagrun for example_external_task_marker_parent to None, run_after=None
[2026-03-26T22:53:47.363+0000] {processor.py:183} INFO - Processing /home/airflow/.local/lib/python3.8/site-packages/airflow/example_dags/example_external_task_marker_dag.py took 0.065 seconds
[2026-03-26T22:54:18.307+0000] {processor.py:161} INFO - Started process (PID=287) to work on /home/airflow/.local/lib/python3.8/site-packages/airflow/example_dags/example_external_task_marker_dag.py
[2026-03-26T22:54:18.308+0000] {processor.py:830} INFO - Processing file /home/airflow/.local/lib/python3.8/site-packages/airflow/example_dags/example_external_task_marker_dag.py for tasks to queue
[2026-03-26T22:54:18.309+0000] {logging_mixin.py:188} INFO - [2026-03-26T22:54:18.309+0000] {dagbag.py:538} INFO - Filling up the DagBag from /home/airflow/.local/lib/python3.8/site-packages/airflow/example_dags/example_external_task_marker_dag.py
[2026-03-26T22:54:18.313+0000] {processor.py:840} INFO - DAG(s) 'example_external_task_marker_child', 'example_external_task_marker_parent' retrieved from /home/airflow/.local/lib/python3.8/site-packages/airflow/example_dags/example_external_task_marker_dag.py
[2026-03-26T22:54:18.333+0000] {logging_mixin.py:188} INFO - [2026-03-26T22:54:18.333+0000] {dag.py:3036} INFO - Sync 2 DAGs
[2026-03-26T22:54:18.340+0000] {logging_mixin.py:188} INFO - [2026-03-26T22:54:18.340+0000] {dag.py:3823} INFO - Setting next_dagrun for example_external_task_marker_child to None, run_after=None
[2026-03-26T22:54:18.342+0000] {logging_mixin.py:188} INFO - [2026-03-26T22:54:18.342+0000] {dag.py:3823} INFO - Setting next_dagrun for example_external_task_marker_parent to None, run_after=None
[2026-03-26T22:54:18.355+0000] {processor.py:183} INFO - Processing /home/airflow/.local/lib/python3.8/site-packages/airflow/example_dags/example_external_task_marker_dag.py took 0.050 seconds
[2026-03-26T22:54:48.919+0000] {processor.py:161} INFO - Started process (PID=342) to work on /home/airflow/.local/lib/python3.8/site-packages/airflow/example_dags/example_external_task_marker_dag.py
[2026-03-26T22:54:48.920+0000] {processor.py:830} INFO - Processing file /home/airflow/.local/lib/python3.8/site-packages/airflow/example_dags/example_external_task_marker_dag.py for tasks to queue
[2026-03-26T22:54:48.921+0000] {logging_mixin.py:188} INFO - [2026-03-26T22:54:48.921+0000] {dagbag.py:538} INFO - Filling up the DagBag from /home/airflow/.local/lib/python3.8/site-packages/airflow/example_dags/example_external_task_marker_dag.py
[2026-03-26T22:54:48.925+0000] {processor.py:840} INFO - DAG(s) 'example_external_task_marker_parent', 'example_external_task_marker_child' retrieved from /home/airflow/.local/lib/python3.8/site-packages/airflow/example_dags/example_external_task_marker_dag.py
[2026-03-26T22:54:48.940+0000] {logging_mixin.py:188} INFO - [2026-03-26T22:54:48.940+0000] {dag.py:3036} INFO - Sync 2 DAGs
[2026-03-26T22:54:48.948+0000] {logging_mixin.py:188} INFO - [2026-03-26T22:54:48.948+0000] {dag.py:3823} INFO - Setting next_dagrun for example_external_task_marker_child to None, run_after=None
[2026-03-26T22:54:48.950+0000] {logging_mixin.py:188} INFO - [2026-03-26T22:54:48.950+0000] {dag.py:3823} INFO - Setting next_dagrun for example_external_task_marker_parent to None, run_after=None
[2026-03-26T22:54:48.960+0000] {processor.py:183} INFO - Processing /home/airflow/.local/lib/python3.8/site-packages/airflow/example_dags/example_external_task_marker_dag.py took 0.044 seconds
[2026-03-26T22:55:19.500+0000] {processor.py:161} INFO - Started process (PID=397) to work on /home/airflow/.local/lib/python3.8/site-packages/airflow/example_dags/example_external_task_marker_dag.py
[2026-03-26T22:55:19.501+0000] {processor.py:830} INFO - Processing file /home/airflow/.local/lib/python3.8/site-packages/airflow/example_dags/example_external_task_marker_dag.py for tasks to queue
[2026-03-26T22:55:19.502+0000] {logging_mixin.py:188} INFO - [2026-03-26T22:55:19.502+0000] {dagbag.py:538} INFO - Filling up the DagBag from /home/airflow/.local/lib/python3.8/site-packages/airflow/example_dags/example_external_task_marker_dag.py
[2026-03-26T22:55:19.506+0000] {processor.py:840} INFO - DAG(s) 'example_external_task_marker_parent', 'example_external_task_marker_child' retrieved from /home/airflow/.local/lib/python3.8/site-packages/airflow/example_dags/example_external_task_marker_dag.py
[2026-03-26T22:55:19.521+0000] {logging_mixin.py:188} INFO - [2026-03-26T22:55:19.521+0000] {dag.py:3036} INFO - Sync 2 DAGs
[2026-03-26T22:55:19.530+0000] {logging_mixin.py:188} INFO - [2026-03-26T22:55:19.530+0000] {dag.py:3823} INFO - Setting next_dagrun for example_external_task_marker_child to None, run_after=None
[2026-03-26T22:55:19.532+0000] {logging_mixin.py:188} INFO - [2026-03-26T22:55:19.531+0000] {dag.py:3823} INFO - Setting next_dagrun for example_external_task_marker_parent to None, run_after=None
[2026-03-26T22:55:19.541+0000] {processor.py:183} INFO - Processing /home/airflow/.local/lib/python3.8/site-packages/airflow/example_dags/example_external_task_marker_dag.py took 0.044 seconds
[2026-03-26T22:55:50.063+0000] {processor.py:161} INFO - Started process (PID=452) to work on /home/airflow/.local/lib/python3.8/site-packages/airflow/example_dags/example_external_task_marker_dag.py
[2026-03-26T22:55:50.064+0000] {processor.py:830} INFO - Processing file /home/airflow/.local/lib/python3.8/site-packages/airflow/example_dags/example_external_task_marker_dag.py for tasks to queue
[2026-03-26T22:55:50.065+0000] {logging_mixin.py:188} INFO - [2026-03-26T22:55:50.065+0000] {dagbag.py:538} INFO - Filling up the DagBag from /home/airflow/.local/lib/python3.8/site-packages/airflow/example_dags/example_external_task_marker_dag.py
[2026-03-26T22:55:50.069+0000] {processor.py:840} INFO - DAG(s) 'example_external_task_marker_child', 'example_external_task_marker_parent' retrieved from /home/airflow/.local/lib/python3.8/site-packages/airflow/example_dags/example_external_task_marker_dag.py
[2026-03-26T22:55:50.084+0000] {logging_mixin.py:188} INFO - [2026-03-26T22:55:50.084+0000] {dag.py:3036} INFO - Sync 2 DAGs
[2026-03-26T22:55:50.091+0000] {logging_mixin.py:188} INFO - [2026-03-26T22:55:50.091+0000] {dag.py:3823} INFO - Setting next_dagrun for example_external_task_marker_child to None, run_after=None
[2026-03-26T22:55:50.097+0000] {logging_mixin.py:188} INFO - [2026-03-26T22:55:50.097+0000] {dag.py:3823} INFO - Setting next_dagrun for example_external_task_marker_parent to None, run_after=None
[2026-03-26T22:55:50.107+0000] {processor.py:183} INFO - Processing /home/airflow/.local/lib/python3.8/site-packages/airflow/example_dags/example_external_task_marker_dag.py took 0.046 seconds
[2026-03-26T22:56:20.796+0000] {processor.py:161} INFO - Started process (PID=506) to work on /home/airflow/.local/lib/python3.8/site-packages/airflow/example_dags/example_external_task_marker_dag.py
[2026-03-26T22:56:20.797+0000] {processor.py:830} INFO - Processing file /home/airflow/.local/lib/python3.8/site-packages/airflow/example_dags/example_external_task_marker_dag.py for tasks to queue
[2026-03-26T22:56:20.798+0000] {logging_mixin.py:188} INFO - [2026-03-26T22:56:20.798+0000] {dagbag.py:538} INFO - Filling up the DagBag from /home/airflow/.local/lib/python3.8/site-packages/airflow/example_dags/example_external_task_marker_dag.py
[2026-03-26T22:56:20.802+0000] {processor.py:840} INFO - DAG(s) 'example_external_task_marker_parent', 'example_external_task_marker_child' retrieved from /home/airflow/.local/lib/python3.8/site-packages/airflow/example_dags/example_external_task_marker_dag.py
[2026-03-26T22:56:20.817+0000] {logging_mixin.py:188} INFO - [2026-03-26T22:56:20.816+0000] {dag.py:3036} INFO - Sync 2 DAGs
[2026-03-26T22:56:20.823+0000] {logging_mixin.py:188} INFO - [2026-03-26T22:56:20.823+0000] {dag.py:3823} INFO - Setting next_dagrun for example_external_task_marker_child to None, run_after=None
[2026-03-26T22:56:20.825+0000] {logging_mixin.py:188} INFO - [2026-03-26T22:56:20.825+0000] {dag.py:3823} INFO - Setting next_dagrun for example_external_task_marker_parent to None, run_after=None
[2026-03-26T22:56:20.835+0000] {processor.py:183} INFO - Processing /home/airflow/.local/lib/python3.8/site-packages/airflow/example_dags/example_external_task_marker_dag.py took 0.041 seconds
[2026-03-26T22:56:51.471+0000] {processor.py:161} INFO - Started process (PID=561) to work on /home/airflow/.local/lib/python3.8/site-packages/airflow/example_dags/example_external_task_marker_dag.py
[2026-03-26T22:56:51.472+0000] {processor.py:830} INFO - Processing file /home/airflow/.local/lib/python3.8/site-packages/airflow/example_dags/example_external_task_marker_dag.py for tasks to queue
[2026-03-26T22:56:51.473+0000] {logging_mixin.py:188} INFO - [2026-03-26T22:56:51.473+0000] {dagbag.py:538} INFO - Filling up the DagBag from /home/airflow/.local/lib/python3.8/site-packages/airflow/example_dags/example_external_task_marker_dag.py
[2026-03-26T22:56:51.477+0000] {processor.py:840} INFO - DAG(s) 'example_external_task_marker_child', 'example_external_task_marker_parent' retrieved from /home/airflow/.local/lib/python3.8/site-packages/airflow/example_dags/example_external_task_marker_dag.py
[2026-03-26T22:56:51.495+0000] {logging_mixin.py:188} INFO - [2026-03-26T22:56:51.495+0000] {dag.py:3036} INFO - Sync 2 DAGs
[2026-03-26T22:56:51.502+0000] {logging_mixin.py:188} INFO - [2026-03-26T22:56:51.502+0000] {dag.py:3823} INFO - Setting next_dagrun for example_external_task_marker_child to None, run_after=None
[2026-03-26T22:56:51.503+0000] {logging_mixin.py:188} INFO - [2026-03-26T22:56:51.503+0000] {dag.py:3823} INFO - Setting next_dagrun for example_external_task_marker_parent to None, run_after=None
[2026-03-26T22:56:51.514+0000] {processor.py:183} INFO - Processing /home/airflow/.local/lib/python3.8/site-packages/airflow/example_dags/example_external_task_marker_dag.py took 0.045 seconds
[2026-03-26T22:57:22.060+0000] {processor.py:161} INFO - Started process (PID=616) to work on /home/airflow/.local/lib/python3.8/site-packages/airflow/example_dags/example_external_task_marker_dag.py
[2026-03-26T22:57:22.061+0000] {processor.py:830} INFO - Processing file /home/airflow/.local/lib/python3.8/site-packages/airflow/example_dags/example_external_task_marker_dag.py for tasks to queue
[2026-03-26T22:57:22.063+0000] {logging_mixin.py:188} INFO - [2026-03-26T22:57:22.062+0000] {dagbag.py:538} INFO - Filling up the DagBag from /home/airflow/.local/lib/python3.8/site-packages/airflow/example_dags/example_external_task_marker_dag.py
[2026-03-26T22:57:22.067+0000] {processor.py:840} INFO - DAG(s) 'example_external_task_marker_parent', 'example_external_task_marker_child' retrieved from /home/airflow/.local/lib/python3.8/site-packages/airflow/example_dags/example_external_task_marker_dag.py
[2026-03-26T22:57:22.082+0000] {logging_mixin.py:188} INFO - [2026-03-26T22:57:22.082+0000] {dag.py:3036} INFO - Sync 2 DAGs
[2026-03-26T22:57:22.094+0000] {logging_mixin.py:188} INFO - [2026-03-26T22:57:22.094+0000] {dag.py:3823} INFO - Setting next_dagrun for example_external_task_marker_child to None, run_after=None
[2026-03-26T22:57:22.097+0000] {logging_mixin.py:188} INFO - [2026-03-26T22:57:22.097+0000] {dag.py:3823} INFO - Setting next_dagrun for example_external_task_marker_parent to None, run_after=None
[2026-03-26T22:57:22.106+0000] {processor.py:183} INFO - Processing /home/airflow/.local/lib/python3.8/site-packages/airflow/example_dags/example_external_task_marker_dag.py took 0.049 seconds
[2026-03-26T22:57:52.760+0000] {processor.py:161} INFO - Started process (PID=671) to work on /home/airflow/.local/lib/python3.8/site-packages/airflow/example_dags/example_external_task_marker_dag.py
[2026-03-26T22:57:52.760+0000] {processor.py:830} INFO - Processing file /home/airflow/.local/lib/python3.8/site-packages/airflow/example_dags/example_external_task_marker_dag.py for tasks to queue
[2026-03-26T22:57:52.762+0000] {logging_mixin.py:188} INFO - [2026-03-26T22:57:52.762+0000] {dagbag.py:538} INFO - Filling up the DagBag from /home/airflow/.local/lib/python3.8/site-packages/airflow/example_dags/example_external_task_marker_dag.py
[2026-03-26T22:57:52.767+0000] {processor.py:840} INFO - DAG(s) 'example_external_task_marker_parent', 'example_external_task_marker_child' retrieved from /home/airflow/.local/lib/python3.8/site-packages/airflow/example_dags/example_external_task_marker_dag.py
[2026-03-26T22:57:52.785+0000] {logging_mixin.py:188} INFO - [2026-03-26T22:57:52.785+0000] {dag.py:3036} INFO - Sync 2 DAGs
[2026-03-26T22:57:52.792+0000] {logging_mixin.py:188} INFO - [2026-03-26T22:57:52.792+0000] {dag.py:3823} INFO - Setting next_dagrun for example_external_task_marker_child to None, run_after=None
[2026-03-26T22:57:52.794+0000] {logging_mixin.py:188} INFO - [2026-03-26T22:57:52.794+0000] {dag.py:3823} INFO - Setting next_dagrun for example_external_task_marker_parent to None, run_after=None
[2026-03-26T22:57:52.803+0000] {processor.py:183} INFO - Processing /home/airflow/.local/lib/python3.8/site-packages/airflow/example_dags/example_external_task_marker_dag.py took 0.047 seconds
[2026-03-26T22:58:23.319+0000] {processor.py:161} INFO - Started process (PID=726) to work on /home/airflow/.local/lib/python3.8/site-packages/airflow/example_dags/example_external_task_marker_dag.py
[2026-03-26T22:58:23.321+0000] {processor.py:830} INFO - Processing file /home/airflow/.local/lib/python3.8/site-packages/airflow/example_dags/example_external_task_marker_dag.py for tasks to queue
[2026-03-26T22:58:23.322+0000] {logging_mixin.py:188} INFO - [2026-03-26T22:58:23.322+0000] {dagbag.py:538} INFO - Filling up the DagBag from /home/airflow/.local/lib/python3.8/site-packages/airflow/example_dags/example_external_task_marker_dag.py
[2026-03-26T22:58:23.326+0000] {processor.py:840} INFO - DAG(s) 'example_external_task_marker_child', 'example_external_task_marker_parent' retrieved from /home/airflow/.local/lib/python3.8/site-packages/airflow/example_dags/example_external_task_marker_dag.py
[2026-03-26T22:58:23.336+0000] {logging_mixin.py:188} INFO - [2026-03-26T22:58:23.336+0000] {dag.py:3036} INFO - Sync 2 DAGs
[2026-03-26T22:58:23.345+0000] {logging_mixin.py:188} INFO - [2026-03-26T22:58:23.344+0000] {dag.py:3823} INFO - Setting next_dagrun for example_external_task_marker_child to None, run_after=None
[2026-03-26T22:58:23.346+0000] {logging_mixin.py:188} INFO - [2026-03-26T22:58:23.346+0000] {dag.py:3823} INFO - Setting next_dagrun for example_external_task_marker_parent to None, run_after=None
[2026-03-26T22:58:23.358+0000] {processor.py:183} INFO - Processing /home/airflow/.local/lib/python3.8/site-packages/airflow/example_dags/example_external_task_marker_dag.py took 0.041 seconds
