[2026-03-26T22:45:50.815+0000] {processor.py:161} INFO - Started process (PID=75) to work on /home/airflow/.local/lib/python3.8/site-packages/airflow/example_dags/example_bash_operator.py
[2026-03-26T22:45:50.816+0000] {processor.py:830} INFO - Processing file /home/airflow/.local/lib/python3.8/site-packages/airflow/example_dags/example_bash_operator.py for tasks to queue
[2026-03-26T22:45:50.818+0000] {logging_mixin.py:188} INFO - [2026-03-26T22:45:50.818+0000] {dagbag.py:538} INFO - Filling up the DagBag from /home/airflow/.local/lib/python3.8/site-packages/airflow/example_dags/example_bash_operator.py
[2026-03-26T22:45:50.827+0000] {processor.py:840} INFO - DAG(s) 'example_bash_operator' retrieved from /home/airflow/.local/lib/python3.8/site-packages/airflow/example_dags/example_bash_operator.py
[2026-03-26T22:45:50.835+0000] {logging_mixin.py:188} INFO - [2026-03-26T22:45:50.835+0000] {dag.py:3036} INFO - Sync 1 DAGs
[2026-03-26T22:45:50.854+0000] {logging_mixin.py:188} INFO - [2026-03-26T22:45:50.854+0000] {dag.py:3823} INFO - Setting next_dagrun for example_bash_operator to 2026-03-25 00:00:00+00:00, run_after=2026-03-26 00:00:00+00:00
[2026-03-26T22:45:50.868+0000] {processor.py:183} INFO - Processing /home/airflow/.local/lib/python3.8/site-packages/airflow/example_dags/example_bash_operator.py took 0.055 seconds
[2026-03-26T22:46:23.245+0000] {processor.py:161} INFO - Started process (PID=130) to work on /home/airflow/.local/lib/python3.8/site-packages/airflow/example_dags/example_bash_operator.py
[2026-03-26T22:46:23.246+0000] {processor.py:830} INFO - Processing file /home/airflow/.local/lib/python3.8/site-packages/airflow/example_dags/example_bash_operator.py for tasks to queue
[2026-03-26T22:46:23.247+0000] {logging_mixin.py:188} INFO - [2026-03-26T22:46:23.247+0000] {dagbag.py:538} INFO - Filling up the DagBag from /home/airflow/.local/lib/python3.8/site-packages/airflow/example_dags/example_bash_operator.py
[2026-03-26T22:46:23.254+0000] {processor.py:840} INFO - DAG(s) 'example_bash_operator' retrieved from /home/airflow/.local/lib/python3.8/site-packages/airflow/example_dags/example_bash_operator.py
[2026-03-26T22:46:23.315+0000] {logging_mixin.py:188} INFO - [2026-03-26T22:46:23.315+0000] {dag.py:3036} INFO - Sync 1 DAGs
[2026-03-26T22:46:23.326+0000] {logging_mixin.py:188} INFO - [2026-03-26T22:46:23.326+0000] {dag.py:3823} INFO - Setting next_dagrun for example_bash_operator to 2026-03-25 00:00:00+00:00, run_after=2026-03-26 00:00:00+00:00
[2026-03-26T22:46:23.337+0000] {processor.py:183} INFO - Processing /home/airflow/.local/lib/python3.8/site-packages/airflow/example_dags/example_bash_operator.py took 0.094 seconds
[2026-03-26T22:46:53.474+0000] {processor.py:161} INFO - Started process (PID=185) to work on /home/airflow/.local/lib/python3.8/site-packages/airflow/example_dags/example_bash_operator.py
[2026-03-26T22:46:53.475+0000] {processor.py:830} INFO - Processing file /home/airflow/.local/lib/python3.8/site-packages/airflow/example_dags/example_bash_operator.py for tasks to queue
[2026-03-26T22:46:53.476+0000] {logging_mixin.py:188} INFO - [2026-03-26T22:46:53.476+0000] {dagbag.py:538} INFO - Filling up the DagBag from /home/airflow/.local/lib/python3.8/site-packages/airflow/example_dags/example_bash_operator.py
[2026-03-26T22:46:53.484+0000] {processor.py:840} INFO - DAG(s) 'example_bash_operator' retrieved from /home/airflow/.local/lib/python3.8/site-packages/airflow/example_dags/example_bash_operator.py
[2026-03-26T22:46:53.501+0000] {logging_mixin.py:188} INFO - [2026-03-26T22:46:53.501+0000] {dag.py:3036} INFO - Sync 1 DAGs
[2026-03-26T22:46:53.514+0000] {logging_mixin.py:188} INFO - [2026-03-26T22:46:53.514+0000] {dag.py:3823} INFO - Setting next_dagrun for example_bash_operator to 2026-03-25 00:00:00+00:00, run_after=2026-03-26 00:00:00+00:00
[2026-03-26T22:46:53.528+0000] {processor.py:183} INFO - Processing /home/airflow/.local/lib/python3.8/site-packages/airflow/example_dags/example_bash_operator.py took 0.057 seconds
[2026-03-26T22:47:24.241+0000] {processor.py:161} INFO - Started process (PID=246) to work on /home/airflow/.local/lib/python3.8/site-packages/airflow/example_dags/example_bash_operator.py
[2026-03-26T22:47:24.242+0000] {processor.py:830} INFO - Processing file /home/airflow/.local/lib/python3.8/site-packages/airflow/example_dags/example_bash_operator.py for tasks to queue
[2026-03-26T22:47:24.243+0000] {logging_mixin.py:188} INFO - [2026-03-26T22:47:24.243+0000] {dagbag.py:538} INFO - Filling up the DagBag from /home/airflow/.local/lib/python3.8/site-packages/airflow/example_dags/example_bash_operator.py
[2026-03-26T22:47:24.251+0000] {processor.py:840} INFO - DAG(s) 'example_bash_operator' retrieved from /home/airflow/.local/lib/python3.8/site-packages/airflow/example_dags/example_bash_operator.py
[2026-03-26T22:47:24.268+0000] {logging_mixin.py:188} INFO - [2026-03-26T22:47:24.267+0000] {dag.py:3036} INFO - Sync 1 DAGs
[2026-03-26T22:47:24.281+0000] {logging_mixin.py:188} INFO - [2026-03-26T22:47:24.281+0000] {dag.py:3823} INFO - Setting next_dagrun for example_bash_operator to 2026-03-25 00:00:00+00:00, run_after=2026-03-26 00:00:00+00:00
[2026-03-26T22:47:24.293+0000] {processor.py:183} INFO - Processing /home/airflow/.local/lib/python3.8/site-packages/airflow/example_dags/example_bash_operator.py took 0.055 seconds
[2026-03-26T22:47:54.923+0000] {processor.py:161} INFO - Started process (PID=301) to work on /home/airflow/.local/lib/python3.8/site-packages/airflow/example_dags/example_bash_operator.py
[2026-03-26T22:47:54.924+0000] {processor.py:830} INFO - Processing file /home/airflow/.local/lib/python3.8/site-packages/airflow/example_dags/example_bash_operator.py for tasks to queue
[2026-03-26T22:47:54.925+0000] {logging_mixin.py:188} INFO - [2026-03-26T22:47:54.925+0000] {dagbag.py:538} INFO - Filling up the DagBag from /home/airflow/.local/lib/python3.8/site-packages/airflow/example_dags/example_bash_operator.py
[2026-03-26T22:47:54.932+0000] {processor.py:840} INFO - DAG(s) 'example_bash_operator' retrieved from /home/airflow/.local/lib/python3.8/site-packages/airflow/example_dags/example_bash_operator.py
[2026-03-26T22:47:54.947+0000] {logging_mixin.py:188} INFO - [2026-03-26T22:47:54.947+0000] {dag.py:3036} INFO - Sync 1 DAGs
[2026-03-26T22:47:54.960+0000] {logging_mixin.py:188} INFO - [2026-03-26T22:47:54.960+0000] {dag.py:3823} INFO - Setting next_dagrun for example_bash_operator to 2026-03-25 00:00:00+00:00, run_after=2026-03-26 00:00:00+00:00
[2026-03-26T22:47:54.972+0000] {processor.py:183} INFO - Processing /home/airflow/.local/lib/python3.8/site-packages/airflow/example_dags/example_bash_operator.py took 0.051 seconds
[2026-03-26T22:48:25.459+0000] {processor.py:161} INFO - Started process (PID=355) to work on /home/airflow/.local/lib/python3.8/site-packages/airflow/example_dags/example_bash_operator.py
[2026-03-26T22:48:25.460+0000] {processor.py:830} INFO - Processing file /home/airflow/.local/lib/python3.8/site-packages/airflow/example_dags/example_bash_operator.py for tasks to queue
[2026-03-26T22:48:25.461+0000] {logging_mixin.py:188} INFO - [2026-03-26T22:48:25.461+0000] {dagbag.py:538} INFO - Filling up the DagBag from /home/airflow/.local/lib/python3.8/site-packages/airflow/example_dags/example_bash_operator.py
[2026-03-26T22:48:25.469+0000] {processor.py:840} INFO - DAG(s) 'example_bash_operator' retrieved from /home/airflow/.local/lib/python3.8/site-packages/airflow/example_dags/example_bash_operator.py
[2026-03-26T22:48:25.484+0000] {logging_mixin.py:188} INFO - [2026-03-26T22:48:25.484+0000] {dag.py:3036} INFO - Sync 1 DAGs
[2026-03-26T22:48:25.496+0000] {logging_mixin.py:188} INFO - [2026-03-26T22:48:25.496+0000] {dag.py:3823} INFO - Setting next_dagrun for example_bash_operator to 2026-03-25 00:00:00+00:00, run_after=2026-03-26 00:00:00+00:00
[2026-03-26T22:48:25.506+0000] {processor.py:183} INFO - Processing /home/airflow/.local/lib/python3.8/site-packages/airflow/example_dags/example_bash_operator.py took 0.049 seconds
[2026-03-26T22:48:55.992+0000] {processor.py:161} INFO - Started process (PID=410) to work on /home/airflow/.local/lib/python3.8/site-packages/airflow/example_dags/example_bash_operator.py
[2026-03-26T22:48:55.993+0000] {processor.py:830} INFO - Processing file /home/airflow/.local/lib/python3.8/site-packages/airflow/example_dags/example_bash_operator.py for tasks to queue
[2026-03-26T22:48:55.994+0000] {logging_mixin.py:188} INFO - [2026-03-26T22:48:55.993+0000] {dagbag.py:538} INFO - Filling up the DagBag from /home/airflow/.local/lib/python3.8/site-packages/airflow/example_dags/example_bash_operator.py
[2026-03-26T22:48:56.001+0000] {processor.py:840} INFO - DAG(s) 'example_bash_operator' retrieved from /home/airflow/.local/lib/python3.8/site-packages/airflow/example_dags/example_bash_operator.py
[2026-03-26T22:48:56.019+0000] {logging_mixin.py:188} INFO - [2026-03-26T22:48:56.019+0000] {dag.py:3036} INFO - Sync 1 DAGs
[2026-03-26T22:48:56.031+0000] {logging_mixin.py:188} INFO - [2026-03-26T22:48:56.031+0000] {dag.py:3823} INFO - Setting next_dagrun for example_bash_operator to 2026-03-25 00:00:00+00:00, run_after=2026-03-26 00:00:00+00:00
[2026-03-26T22:48:56.042+0000] {processor.py:183} INFO - Processing /home/airflow/.local/lib/python3.8/site-packages/airflow/example_dags/example_bash_operator.py took 0.053 seconds
[2026-03-26T22:49:26.499+0000] {processor.py:161} INFO - Started process (PID=464) to work on /home/airflow/.local/lib/python3.8/site-packages/airflow/example_dags/example_bash_operator.py
[2026-03-26T22:49:26.500+0000] {processor.py:830} INFO - Processing file /home/airflow/.local/lib/python3.8/site-packages/airflow/example_dags/example_bash_operator.py for tasks to queue
[2026-03-26T22:49:26.501+0000] {logging_mixin.py:188} INFO - [2026-03-26T22:49:26.501+0000] {dagbag.py:538} INFO - Filling up the DagBag from /home/airflow/.local/lib/python3.8/site-packages/airflow/example_dags/example_bash_operator.py
[2026-03-26T22:49:26.512+0000] {processor.py:840} INFO - DAG(s) 'example_bash_operator' retrieved from /home/airflow/.local/lib/python3.8/site-packages/airflow/example_dags/example_bash_operator.py
[2026-03-26T22:49:26.529+0000] {logging_mixin.py:188} INFO - [2026-03-26T22:49:26.529+0000] {dag.py:3036} INFO - Sync 1 DAGs
[2026-03-26T22:49:26.544+0000] {logging_mixin.py:188} INFO - [2026-03-26T22:49:26.544+0000] {dag.py:3823} INFO - Setting next_dagrun for example_bash_operator to 2026-03-25 00:00:00+00:00, run_after=2026-03-26 00:00:00+00:00
[2026-03-26T22:49:26.555+0000] {processor.py:183} INFO - Processing /home/airflow/.local/lib/python3.8/site-packages/airflow/example_dags/example_bash_operator.py took 0.058 seconds
[2026-03-26T22:49:56.968+0000] {processor.py:161} INFO - Started process (PID=519) to work on /home/airflow/.local/lib/python3.8/site-packages/airflow/example_dags/example_bash_operator.py
[2026-03-26T22:49:56.969+0000] {processor.py:830} INFO - Processing file /home/airflow/.local/lib/python3.8/site-packages/airflow/example_dags/example_bash_operator.py for tasks to queue
[2026-03-26T22:49:56.970+0000] {logging_mixin.py:188} INFO - [2026-03-26T22:49:56.970+0000] {dagbag.py:538} INFO - Filling up the DagBag from /home/airflow/.local/lib/python3.8/site-packages/airflow/example_dags/example_bash_operator.py
[2026-03-26T22:49:56.977+0000] {processor.py:840} INFO - DAG(s) 'example_bash_operator' retrieved from /home/airflow/.local/lib/python3.8/site-packages/airflow/example_dags/example_bash_operator.py
[2026-03-26T22:49:56.993+0000] {logging_mixin.py:188} INFO - [2026-03-26T22:49:56.993+0000] {dag.py:3036} INFO - Sync 1 DAGs
[2026-03-26T22:49:57.005+0000] {logging_mixin.py:188} INFO - [2026-03-26T22:49:57.005+0000] {dag.py:3823} INFO - Setting next_dagrun for example_bash_operator to 2026-03-25 00:00:00+00:00, run_after=2026-03-26 00:00:00+00:00
[2026-03-26T22:49:57.015+0000] {processor.py:183} INFO - Processing /home/airflow/.local/lib/python3.8/site-packages/airflow/example_dags/example_bash_operator.py took 0.049 seconds
[2026-03-26T22:50:27.635+0000] {processor.py:161} INFO - Started process (PID=574) to work on /home/airflow/.local/lib/python3.8/site-packages/airflow/example_dags/example_bash_operator.py
[2026-03-26T22:50:27.636+0000] {processor.py:830} INFO - Processing file /home/airflow/.local/lib/python3.8/site-packages/airflow/example_dags/example_bash_operator.py for tasks to queue
[2026-03-26T22:50:27.637+0000] {logging_mixin.py:188} INFO - [2026-03-26T22:50:27.636+0000] {dagbag.py:538} INFO - Filling up the DagBag from /home/airflow/.local/lib/python3.8/site-packages/airflow/example_dags/example_bash_operator.py
[2026-03-26T22:50:27.644+0000] {processor.py:840} INFO - DAG(s) 'example_bash_operator' retrieved from /home/airflow/.local/lib/python3.8/site-packages/airflow/example_dags/example_bash_operator.py
[2026-03-26T22:50:27.660+0000] {logging_mixin.py:188} INFO - [2026-03-26T22:50:27.660+0000] {dag.py:3036} INFO - Sync 1 DAGs
[2026-03-26T22:50:27.673+0000] {logging_mixin.py:188} INFO - [2026-03-26T22:50:27.673+0000] {dag.py:3823} INFO - Setting next_dagrun for example_bash_operator to 2026-03-25 00:00:00+00:00, run_after=2026-03-26 00:00:00+00:00
[2026-03-26T22:50:27.683+0000] {processor.py:183} INFO - Processing /home/airflow/.local/lib/python3.8/site-packages/airflow/example_dags/example_bash_operator.py took 0.051 seconds
[2026-03-26T22:50:58.473+0000] {processor.py:161} INFO - Started process (PID=629) to work on /home/airflow/.local/lib/python3.8/site-packages/airflow/example_dags/example_bash_operator.py
[2026-03-26T22:50:58.474+0000] {processor.py:830} INFO - Processing file /home/airflow/.local/lib/python3.8/site-packages/airflow/example_dags/example_bash_operator.py for tasks to queue
[2026-03-26T22:50:58.475+0000] {logging_mixin.py:188} INFO - [2026-03-26T22:50:58.475+0000] {dagbag.py:538} INFO - Filling up the DagBag from /home/airflow/.local/lib/python3.8/site-packages/airflow/example_dags/example_bash_operator.py
[2026-03-26T22:50:58.481+0000] {processor.py:840} INFO - DAG(s) 'example_bash_operator' retrieved from /home/airflow/.local/lib/python3.8/site-packages/airflow/example_dags/example_bash_operator.py
[2026-03-26T22:50:58.498+0000] {logging_mixin.py:188} INFO - [2026-03-26T22:50:58.497+0000] {dag.py:3036} INFO - Sync 1 DAGs
[2026-03-26T22:50:58.509+0000] {logging_mixin.py:188} INFO - [2026-03-26T22:50:58.509+0000] {dag.py:3823} INFO - Setting next_dagrun for example_bash_operator to 2026-03-25 00:00:00+00:00, run_after=2026-03-26 00:00:00+00:00
[2026-03-26T22:50:58.522+0000] {processor.py:183} INFO - Processing /home/airflow/.local/lib/python3.8/site-packages/airflow/example_dags/example_bash_operator.py took 0.051 seconds
[2026-03-26T22:51:29.050+0000] {processor.py:161} INFO - Started process (PID=684) to work on /home/airflow/.local/lib/python3.8/site-packages/airflow/example_dags/example_bash_operator.py
[2026-03-26T22:51:29.051+0000] {processor.py:830} INFO - Processing file /home/airflow/.local/lib/python3.8/site-packages/airflow/example_dags/example_bash_operator.py for tasks to queue
[2026-03-26T22:51:29.052+0000] {logging_mixin.py:188} INFO - [2026-03-26T22:51:29.052+0000] {dagbag.py:538} INFO - Filling up the DagBag from /home/airflow/.local/lib/python3.8/site-packages/airflow/example_dags/example_bash_operator.py
[2026-03-26T22:51:29.059+0000] {processor.py:840} INFO - DAG(s) 'example_bash_operator' retrieved from /home/airflow/.local/lib/python3.8/site-packages/airflow/example_dags/example_bash_operator.py
[2026-03-26T22:51:29.074+0000] {logging_mixin.py:188} INFO - [2026-03-26T22:51:29.074+0000] {dag.py:3036} INFO - Sync 1 DAGs
[2026-03-26T22:51:29.085+0000] {logging_mixin.py:188} INFO - [2026-03-26T22:51:29.085+0000] {dag.py:3823} INFO - Setting next_dagrun for example_bash_operator to 2026-03-25 00:00:00+00:00, run_after=2026-03-26 00:00:00+00:00
[2026-03-26T22:51:29.097+0000] {processor.py:183} INFO - Processing /home/airflow/.local/lib/python3.8/site-packages/airflow/example_dags/example_bash_operator.py took 0.049 seconds
[2026-03-26T22:52:16.433+0000] {processor.py:161} INFO - Started process (PID=75) to work on /home/airflow/.local/lib/python3.8/site-packages/airflow/example_dags/example_bash_operator.py
[2026-03-26T22:52:16.435+0000] {processor.py:830} INFO - Processing file /home/airflow/.local/lib/python3.8/site-packages/airflow/example_dags/example_bash_operator.py for tasks to queue
[2026-03-26T22:52:16.436+0000] {logging_mixin.py:188} INFO - [2026-03-26T22:52:16.436+0000] {dagbag.py:538} INFO - Filling up the DagBag from /home/airflow/.local/lib/python3.8/site-packages/airflow/example_dags/example_bash_operator.py
[2026-03-26T22:52:16.445+0000] {processor.py:840} INFO - DAG(s) 'example_bash_operator' retrieved from /home/airflow/.local/lib/python3.8/site-packages/airflow/example_dags/example_bash_operator.py
[2026-03-26T22:52:16.454+0000] {logging_mixin.py:188} INFO - [2026-03-26T22:52:16.454+0000] {dag.py:3036} INFO - Sync 1 DAGs
[2026-03-26T22:52:16.468+0000] {logging_mixin.py:188} INFO - [2026-03-26T22:52:16.467+0000] {dag.py:3823} INFO - Setting next_dagrun for example_bash_operator to 2026-03-25 00:00:00+00:00, run_after=2026-03-26 00:00:00+00:00
[2026-03-26T22:52:16.479+0000] {processor.py:183} INFO - Processing /home/airflow/.local/lib/python3.8/site-packages/airflow/example_dags/example_bash_operator.py took 0.052 seconds
[2026-03-26T22:52:47.081+0000] {processor.py:161} INFO - Started process (PID=130) to work on /home/airflow/.local/lib/python3.8/site-packages/airflow/example_dags/example_bash_operator.py
[2026-03-26T22:52:47.082+0000] {processor.py:830} INFO - Processing file /home/airflow/.local/lib/python3.8/site-packages/airflow/example_dags/example_bash_operator.py for tasks to queue
[2026-03-26T22:52:47.085+0000] {logging_mixin.py:188} INFO - [2026-03-26T22:52:47.084+0000] {dagbag.py:538} INFO - Filling up the DagBag from /home/airflow/.local/lib/python3.8/site-packages/airflow/example_dags/example_bash_operator.py
[2026-03-26T22:52:47.096+0000] {processor.py:840} INFO - DAG(s) 'example_bash_operator' retrieved from /home/airflow/.local/lib/python3.8/site-packages/airflow/example_dags/example_bash_operator.py
[2026-03-26T22:52:47.155+0000] {logging_mixin.py:188} INFO - [2026-03-26T22:52:47.155+0000] {dag.py:3036} INFO - Sync 1 DAGs
[2026-03-26T22:52:47.169+0000] {logging_mixin.py:188} INFO - [2026-03-26T22:52:47.169+0000] {dag.py:3823} INFO - Setting next_dagrun for example_bash_operator to 2026-03-25 00:00:00+00:00, run_after=2026-03-26 00:00:00+00:00
[2026-03-26T22:52:47.182+0000] {processor.py:183} INFO - Processing /home/airflow/.local/lib/python3.8/site-packages/airflow/example_dags/example_bash_operator.py took 0.105 seconds
[2026-03-26T22:53:18.135+0000] {processor.py:161} INFO - Started process (PID=185) to work on /home/airflow/.local/lib/python3.8/site-packages/airflow/example_dags/example_bash_operator.py
[2026-03-26T22:53:18.136+0000] {processor.py:830} INFO - Processing file /home/airflow/.local/lib/python3.8/site-packages/airflow/example_dags/example_bash_operator.py for tasks to queue
[2026-03-26T22:53:18.137+0000] {logging_mixin.py:188} INFO - [2026-03-26T22:53:18.137+0000] {dagbag.py:538} INFO - Filling up the DagBag from /home/airflow/.local/lib/python3.8/site-packages/airflow/example_dags/example_bash_operator.py
[2026-03-26T22:53:18.144+0000] {processor.py:840} INFO - DAG(s) 'example_bash_operator' retrieved from /home/airflow/.local/lib/python3.8/site-packages/airflow/example_dags/example_bash_operator.py
[2026-03-26T22:53:18.161+0000] {logging_mixin.py:188} INFO - [2026-03-26T22:53:18.161+0000] {dag.py:3036} INFO - Sync 1 DAGs
[2026-03-26T22:53:18.173+0000] {logging_mixin.py:188} INFO - [2026-03-26T22:53:18.173+0000] {dag.py:3823} INFO - Setting next_dagrun for example_bash_operator to 2026-03-25 00:00:00+00:00, run_after=2026-03-26 00:00:00+00:00
[2026-03-26T22:53:18.184+0000] {processor.py:183} INFO - Processing /home/airflow/.local/lib/python3.8/site-packages/airflow/example_dags/example_bash_operator.py took 0.051 seconds
[2026-03-26T22:53:48.693+0000] {processor.py:161} INFO - Started process (PID=240) to work on /home/airflow/.local/lib/python3.8/site-packages/airflow/example_dags/example_bash_operator.py
[2026-03-26T22:53:48.694+0000] {processor.py:830} INFO - Processing file /home/airflow/.local/lib/python3.8/site-packages/airflow/example_dags/example_bash_operator.py for tasks to queue
[2026-03-26T22:53:48.695+0000] {logging_mixin.py:188} INFO - [2026-03-26T22:53:48.695+0000] {dagbag.py:538} INFO - Filling up the DagBag from /home/airflow/.local/lib/python3.8/site-packages/airflow/example_dags/example_bash_operator.py
[2026-03-26T22:53:48.703+0000] {processor.py:840} INFO - DAG(s) 'example_bash_operator' retrieved from /home/airflow/.local/lib/python3.8/site-packages/airflow/example_dags/example_bash_operator.py
[2026-03-26T22:53:48.727+0000] {logging_mixin.py:188} INFO - [2026-03-26T22:53:48.726+0000] {dag.py:3036} INFO - Sync 1 DAGs
[2026-03-26T22:53:48.740+0000] {logging_mixin.py:188} INFO - [2026-03-26T22:53:48.740+0000] {dag.py:3823} INFO - Setting next_dagrun for example_bash_operator to 2026-03-25 00:00:00+00:00, run_after=2026-03-26 00:00:00+00:00
[2026-03-26T22:53:48.753+0000] {processor.py:183} INFO - Processing /home/airflow/.local/lib/python3.8/site-packages/airflow/example_dags/example_bash_operator.py took 0.062 seconds
[2026-03-26T22:54:19.586+0000] {processor.py:161} INFO - Started process (PID=295) to work on /home/airflow/.local/lib/python3.8/site-packages/airflow/example_dags/example_bash_operator.py
[2026-03-26T22:54:19.588+0000] {processor.py:830} INFO - Processing file /home/airflow/.local/lib/python3.8/site-packages/airflow/example_dags/example_bash_operator.py for tasks to queue
[2026-03-26T22:54:19.590+0000] {logging_mixin.py:188} INFO - [2026-03-26T22:54:19.590+0000] {dagbag.py:538} INFO - Filling up the DagBag from /home/airflow/.local/lib/python3.8/site-packages/airflow/example_dags/example_bash_operator.py
[2026-03-26T22:54:19.597+0000] {processor.py:840} INFO - DAG(s) 'example_bash_operator' retrieved from /home/airflow/.local/lib/python3.8/site-packages/airflow/example_dags/example_bash_operator.py
[2026-03-26T22:54:19.614+0000] {logging_mixin.py:188} INFO - [2026-03-26T22:54:19.614+0000] {dag.py:3036} INFO - Sync 1 DAGs
[2026-03-26T22:54:19.626+0000] {logging_mixin.py:188} INFO - [2026-03-26T22:54:19.626+0000] {dag.py:3823} INFO - Setting next_dagrun for example_bash_operator to 2026-03-25 00:00:00+00:00, run_after=2026-03-26 00:00:00+00:00
[2026-03-26T22:54:19.637+0000] {processor.py:183} INFO - Processing /home/airflow/.local/lib/python3.8/site-packages/airflow/example_dags/example_bash_operator.py took 0.053 seconds
[2026-03-26T22:54:50.162+0000] {processor.py:161} INFO - Started process (PID=350) to work on /home/airflow/.local/lib/python3.8/site-packages/airflow/example_dags/example_bash_operator.py
[2026-03-26T22:54:50.163+0000] {processor.py:830} INFO - Processing file /home/airflow/.local/lib/python3.8/site-packages/airflow/example_dags/example_bash_operator.py for tasks to queue
[2026-03-26T22:54:50.164+0000] {logging_mixin.py:188} INFO - [2026-03-26T22:54:50.164+0000] {dagbag.py:538} INFO - Filling up the DagBag from /home/airflow/.local/lib/python3.8/site-packages/airflow/example_dags/example_bash_operator.py
[2026-03-26T22:54:50.170+0000] {processor.py:840} INFO - DAG(s) 'example_bash_operator' retrieved from /home/airflow/.local/lib/python3.8/site-packages/airflow/example_dags/example_bash_operator.py
[2026-03-26T22:54:50.187+0000] {logging_mixin.py:188} INFO - [2026-03-26T22:54:50.187+0000] {dag.py:3036} INFO - Sync 1 DAGs
[2026-03-26T22:54:50.201+0000] {logging_mixin.py:188} INFO - [2026-03-26T22:54:50.201+0000] {dag.py:3823} INFO - Setting next_dagrun for example_bash_operator to 2026-03-25 00:00:00+00:00, run_after=2026-03-26 00:00:00+00:00
[2026-03-26T22:54:50.210+0000] {processor.py:183} INFO - Processing /home/airflow/.local/lib/python3.8/site-packages/airflow/example_dags/example_bash_operator.py took 0.051 seconds
[2026-03-26T22:55:20.745+0000] {processor.py:161} INFO - Started process (PID=405) to work on /home/airflow/.local/lib/python3.8/site-packages/airflow/example_dags/example_bash_operator.py
[2026-03-26T22:55:20.746+0000] {processor.py:830} INFO - Processing file /home/airflow/.local/lib/python3.8/site-packages/airflow/example_dags/example_bash_operator.py for tasks to queue
[2026-03-26T22:55:20.747+0000] {logging_mixin.py:188} INFO - [2026-03-26T22:55:20.746+0000] {dagbag.py:538} INFO - Filling up the DagBag from /home/airflow/.local/lib/python3.8/site-packages/airflow/example_dags/example_bash_operator.py
[2026-03-26T22:55:20.754+0000] {processor.py:840} INFO - DAG(s) 'example_bash_operator' retrieved from /home/airflow/.local/lib/python3.8/site-packages/airflow/example_dags/example_bash_operator.py
[2026-03-26T22:55:20.772+0000] {logging_mixin.py:188} INFO - [2026-03-26T22:55:20.772+0000] {dag.py:3036} INFO - Sync 1 DAGs
[2026-03-26T22:55:20.785+0000] {logging_mixin.py:188} INFO - [2026-03-26T22:55:20.784+0000] {dag.py:3823} INFO - Setting next_dagrun for example_bash_operator to 2026-03-25 00:00:00+00:00, run_after=2026-03-26 00:00:00+00:00
[2026-03-26T22:55:20.796+0000] {processor.py:183} INFO - Processing /home/airflow/.local/lib/python3.8/site-packages/airflow/example_dags/example_bash_operator.py took 0.053 seconds
[2026-03-26T22:55:51.314+0000] {processor.py:161} INFO - Started process (PID=460) to work on /home/airflow/.local/lib/python3.8/site-packages/airflow/example_dags/example_bash_operator.py
[2026-03-26T22:55:51.315+0000] {processor.py:830} INFO - Processing file /home/airflow/.local/lib/python3.8/site-packages/airflow/example_dags/example_bash_operator.py for tasks to queue
[2026-03-26T22:55:51.316+0000] {logging_mixin.py:188} INFO - [2026-03-26T22:55:51.316+0000] {dagbag.py:538} INFO - Filling up the DagBag from /home/airflow/.local/lib/python3.8/site-packages/airflow/example_dags/example_bash_operator.py
[2026-03-26T22:55:51.323+0000] {processor.py:840} INFO - DAG(s) 'example_bash_operator' retrieved from /home/airflow/.local/lib/python3.8/site-packages/airflow/example_dags/example_bash_operator.py
[2026-03-26T22:55:51.344+0000] {logging_mixin.py:188} INFO - [2026-03-26T22:55:51.344+0000] {dag.py:3036} INFO - Sync 1 DAGs
[2026-03-26T22:55:51.358+0000] {logging_mixin.py:188} INFO - [2026-03-26T22:55:51.358+0000] {dag.py:3823} INFO - Setting next_dagrun for example_bash_operator to 2026-03-25 00:00:00+00:00, run_after=2026-03-26 00:00:00+00:00
[2026-03-26T22:55:51.372+0000] {processor.py:183} INFO - Processing /home/airflow/.local/lib/python3.8/site-packages/airflow/example_dags/example_bash_operator.py took 0.060 seconds
[2026-03-26T22:56:22.047+0000] {processor.py:161} INFO - Started process (PID=514) to work on /home/airflow/.local/lib/python3.8/site-packages/airflow/example_dags/example_bash_operator.py
[2026-03-26T22:56:22.048+0000] {processor.py:830} INFO - Processing file /home/airflow/.local/lib/python3.8/site-packages/airflow/example_dags/example_bash_operator.py for tasks to queue
[2026-03-26T22:56:22.049+0000] {logging_mixin.py:188} INFO - [2026-03-26T22:56:22.049+0000] {dagbag.py:538} INFO - Filling up the DagBag from /home/airflow/.local/lib/python3.8/site-packages/airflow/example_dags/example_bash_operator.py
[2026-03-26T22:56:22.056+0000] {processor.py:840} INFO - DAG(s) 'example_bash_operator' retrieved from /home/airflow/.local/lib/python3.8/site-packages/airflow/example_dags/example_bash_operator.py
[2026-03-26T22:56:22.074+0000] {logging_mixin.py:188} INFO - [2026-03-26T22:56:22.074+0000] {dag.py:3036} INFO - Sync 1 DAGs
[2026-03-26T22:56:22.086+0000] {logging_mixin.py:188} INFO - [2026-03-26T22:56:22.086+0000] {dag.py:3823} INFO - Setting next_dagrun for example_bash_operator to 2026-03-25 00:00:00+00:00, run_after=2026-03-26 00:00:00+00:00
[2026-03-26T22:56:22.097+0000] {processor.py:183} INFO - Processing /home/airflow/.local/lib/python3.8/site-packages/airflow/example_dags/example_bash_operator.py took 0.052 seconds
[2026-03-26T22:56:52.729+0000] {processor.py:161} INFO - Started process (PID=569) to work on /home/airflow/.local/lib/python3.8/site-packages/airflow/example_dags/example_bash_operator.py
[2026-03-26T22:56:52.729+0000] {processor.py:830} INFO - Processing file /home/airflow/.local/lib/python3.8/site-packages/airflow/example_dags/example_bash_operator.py for tasks to queue
[2026-03-26T22:56:52.730+0000] {logging_mixin.py:188} INFO - [2026-03-26T22:56:52.730+0000] {dagbag.py:538} INFO - Filling up the DagBag from /home/airflow/.local/lib/python3.8/site-packages/airflow/example_dags/example_bash_operator.py
[2026-03-26T22:56:52.737+0000] {processor.py:840} INFO - DAG(s) 'example_bash_operator' retrieved from /home/airflow/.local/lib/python3.8/site-packages/airflow/example_dags/example_bash_operator.py
[2026-03-26T22:56:52.754+0000] {logging_mixin.py:188} INFO - [2026-03-26T22:56:52.754+0000] {dag.py:3036} INFO - Sync 1 DAGs
[2026-03-26T22:56:52.766+0000] {logging_mixin.py:188} INFO - [2026-03-26T22:56:52.766+0000] {dag.py:3823} INFO - Setting next_dagrun for example_bash_operator to 2026-03-25 00:00:00+00:00, run_after=2026-03-26 00:00:00+00:00
[2026-03-26T22:56:52.781+0000] {processor.py:183} INFO - Processing /home/airflow/.local/lib/python3.8/site-packages/airflow/example_dags/example_bash_operator.py took 0.055 seconds
[2026-03-26T22:57:23.307+0000] {processor.py:161} INFO - Started process (PID=624) to work on /home/airflow/.local/lib/python3.8/site-packages/airflow/example_dags/example_bash_operator.py
[2026-03-26T22:57:23.307+0000] {processor.py:830} INFO - Processing file /home/airflow/.local/lib/python3.8/site-packages/airflow/example_dags/example_bash_operator.py for tasks to queue
[2026-03-26T22:57:23.309+0000] {logging_mixin.py:188} INFO - [2026-03-26T22:57:23.308+0000] {dagbag.py:538} INFO - Filling up the DagBag from /home/airflow/.local/lib/python3.8/site-packages/airflow/example_dags/example_bash_operator.py
[2026-03-26T22:57:23.315+0000] {processor.py:840} INFO - DAG(s) 'example_bash_operator' retrieved from /home/airflow/.local/lib/python3.8/site-packages/airflow/example_dags/example_bash_operator.py
[2026-03-26T22:57:23.334+0000] {logging_mixin.py:188} INFO - [2026-03-26T22:57:23.334+0000] {dag.py:3036} INFO - Sync 1 DAGs
[2026-03-26T22:57:23.346+0000] {logging_mixin.py:188} INFO - [2026-03-26T22:57:23.346+0000] {dag.py:3823} INFO - Setting next_dagrun for example_bash_operator to 2026-03-25 00:00:00+00:00, run_after=2026-03-26 00:00:00+00:00
[2026-03-26T22:57:23.363+0000] {processor.py:183} INFO - Processing /home/airflow/.local/lib/python3.8/site-packages/airflow/example_dags/example_bash_operator.py took 0.058 seconds
[2026-03-26T22:57:54.011+0000] {processor.py:161} INFO - Started process (PID=679) to work on /home/airflow/.local/lib/python3.8/site-packages/airflow/example_dags/example_bash_operator.py
[2026-03-26T22:57:54.012+0000] {processor.py:830} INFO - Processing file /home/airflow/.local/lib/python3.8/site-packages/airflow/example_dags/example_bash_operator.py for tasks to queue
[2026-03-26T22:57:54.013+0000] {logging_mixin.py:188} INFO - [2026-03-26T22:57:54.013+0000] {dagbag.py:538} INFO - Filling up the DagBag from /home/airflow/.local/lib/python3.8/site-packages/airflow/example_dags/example_bash_operator.py
[2026-03-26T22:57:54.020+0000] {processor.py:840} INFO - DAG(s) 'example_bash_operator' retrieved from /home/airflow/.local/lib/python3.8/site-packages/airflow/example_dags/example_bash_operator.py
[2026-03-26T22:57:54.037+0000] {logging_mixin.py:188} INFO - [2026-03-26T22:57:54.037+0000] {dag.py:3036} INFO - Sync 1 DAGs
[2026-03-26T22:57:54.050+0000] {logging_mixin.py:188} INFO - [2026-03-26T22:57:54.049+0000] {dag.py:3823} INFO - Setting next_dagrun for example_bash_operator to 2026-03-25 00:00:00+00:00, run_after=2026-03-26 00:00:00+00:00
[2026-03-26T22:57:54.061+0000] {processor.py:183} INFO - Processing /home/airflow/.local/lib/python3.8/site-packages/airflow/example_dags/example_bash_operator.py took 0.055 seconds
[2026-03-26T22:58:24.589+0000] {processor.py:161} INFO - Started process (PID=734) to work on /home/airflow/.local/lib/python3.8/site-packages/airflow/example_dags/example_bash_operator.py
[2026-03-26T22:58:24.590+0000] {processor.py:830} INFO - Processing file /home/airflow/.local/lib/python3.8/site-packages/airflow/example_dags/example_bash_operator.py for tasks to queue
[2026-03-26T22:58:24.591+0000] {logging_mixin.py:188} INFO - [2026-03-26T22:58:24.591+0000] {dagbag.py:538} INFO - Filling up the DagBag from /home/airflow/.local/lib/python3.8/site-packages/airflow/example_dags/example_bash_operator.py
[2026-03-26T22:58:24.599+0000] {processor.py:840} INFO - DAG(s) 'example_bash_operator' retrieved from /home/airflow/.local/lib/python3.8/site-packages/airflow/example_dags/example_bash_operator.py
[2026-03-26T22:58:24.608+0000] {logging_mixin.py:188} INFO - [2026-03-26T22:58:24.608+0000] {dag.py:3036} INFO - Sync 1 DAGs
[2026-03-26T22:58:24.627+0000] {logging_mixin.py:188} INFO - [2026-03-26T22:58:24.627+0000] {dag.py:3823} INFO - Setting next_dagrun for example_bash_operator to 2026-03-25 00:00:00+00:00, run_after=2026-03-26 00:00:00+00:00
[2026-03-26T22:58:24.638+0000] {processor.py:183} INFO - Processing /home/airflow/.local/lib/python3.8/site-packages/airflow/example_dags/example_bash_operator.py took 0.051 seconds
