[2026-03-26T22:45:49.622+0000] {processor.py:161} INFO - Started process (PID=45) to work on /home/airflow/.local/lib/python3.8/site-packages/airflow/example_dags/example_trigger_target_dag.py
[2026-03-26T22:45:49.623+0000] {processor.py:830} INFO - Processing file /home/airflow/.local/lib/python3.8/site-packages/airflow/example_dags/example_trigger_target_dag.py for tasks to queue
[2026-03-26T22:45:49.624+0000] {logging_mixin.py:188} INFO - [2026-03-26T22:45:49.624+0000] {dagbag.py:538} INFO - Filling up the DagBag from /home/airflow/.local/lib/python3.8/site-packages/airflow/example_dags/example_trigger_target_dag.py
[2026-03-26T22:45:49.638+0000] {processor.py:840} INFO - DAG(s) 'example_trigger_target_dag' retrieved from /home/airflow/.local/lib/python3.8/site-packages/airflow/example_dags/example_trigger_target_dag.py
[2026-03-26T22:45:49.655+0000] {logging_mixin.py:188} INFO - [2026-03-26T22:45:49.655+0000] {dag.py:3036} INFO - Sync 1 DAGs
[2026-03-26T22:45:49.662+0000] {logging_mixin.py:188} INFO - [2026-03-26T22:45:49.662+0000] {dag.py:3823} INFO - Setting next_dagrun for example_trigger_target_dag to None, run_after=None
[2026-03-26T22:45:49.672+0000] {processor.py:183} INFO - Processing /home/airflow/.local/lib/python3.8/site-packages/airflow/example_dags/example_trigger_target_dag.py took 0.052 seconds
[2026-03-26T22:46:20.436+0000] {processor.py:161} INFO - Started process (PID=100) to work on /home/airflow/.local/lib/python3.8/site-packages/airflow/example_dags/example_trigger_target_dag.py
[2026-03-26T22:46:20.446+0000] {processor.py:830} INFO - Processing file /home/airflow/.local/lib/python3.8/site-packages/airflow/example_dags/example_trigger_target_dag.py for tasks to queue
[2026-03-26T22:46:20.448+0000] {logging_mixin.py:188} INFO - [2026-03-26T22:46:20.447+0000] {dagbag.py:538} INFO - Filling up the DagBag from /home/airflow/.local/lib/python3.8/site-packages/airflow/example_dags/example_trigger_target_dag.py
[2026-03-26T22:46:20.452+0000] {processor.py:840} INFO - DAG(s) 'example_trigger_target_dag' retrieved from /home/airflow/.local/lib/python3.8/site-packages/airflow/example_dags/example_trigger_target_dag.py
[2026-03-26T22:46:20.890+0000] {logging_mixin.py:188} INFO - [2026-03-26T22:46:20.890+0000] {dag.py:3036} INFO - Sync 1 DAGs
[2026-03-26T22:46:20.895+0000] {logging_mixin.py:188} INFO - [2026-03-26T22:46:20.895+0000] {dag.py:3823} INFO - Setting next_dagrun for example_trigger_target_dag to None, run_after=None
[2026-03-26T22:46:20.934+0000] {processor.py:183} INFO - Processing /home/airflow/.local/lib/python3.8/site-packages/airflow/example_dags/example_trigger_target_dag.py took 0.504 seconds
[2026-03-26T22:46:51.308+0000] {processor.py:161} INFO - Started process (PID=155) to work on /home/airflow/.local/lib/python3.8/site-packages/airflow/example_dags/example_trigger_target_dag.py
[2026-03-26T22:46:51.309+0000] {processor.py:830} INFO - Processing file /home/airflow/.local/lib/python3.8/site-packages/airflow/example_dags/example_trigger_target_dag.py for tasks to queue
[2026-03-26T22:46:51.310+0000] {logging_mixin.py:188} INFO - [2026-03-26T22:46:51.310+0000] {dagbag.py:538} INFO - Filling up the DagBag from /home/airflow/.local/lib/python3.8/site-packages/airflow/example_dags/example_trigger_target_dag.py
[2026-03-26T22:46:51.315+0000] {processor.py:840} INFO - DAG(s) 'example_trigger_target_dag' retrieved from /home/airflow/.local/lib/python3.8/site-packages/airflow/example_dags/example_trigger_target_dag.py
[2026-03-26T22:46:51.334+0000] {logging_mixin.py:188} INFO - [2026-03-26T22:46:51.334+0000] {dag.py:3036} INFO - Sync 1 DAGs
[2026-03-26T22:46:51.341+0000] {logging_mixin.py:188} INFO - [2026-03-26T22:46:51.341+0000] {dag.py:3823} INFO - Setting next_dagrun for example_trigger_target_dag to None, run_after=None
[2026-03-26T22:46:51.388+0000] {processor.py:183} INFO - Processing /home/airflow/.local/lib/python3.8/site-packages/airflow/example_dags/example_trigger_target_dag.py took 0.082 seconds
[2026-03-26T22:47:21.484+0000] {processor.py:161} INFO - Started process (PID=210) to work on /home/airflow/.local/lib/python3.8/site-packages/airflow/example_dags/example_trigger_target_dag.py
[2026-03-26T22:47:21.485+0000] {processor.py:830} INFO - Processing file /home/airflow/.local/lib/python3.8/site-packages/airflow/example_dags/example_trigger_target_dag.py for tasks to queue
[2026-03-26T22:47:21.486+0000] {logging_mixin.py:188} INFO - [2026-03-26T22:47:21.486+0000] {dagbag.py:538} INFO - Filling up the DagBag from /home/airflow/.local/lib/python3.8/site-packages/airflow/example_dags/example_trigger_target_dag.py
[2026-03-26T22:47:21.492+0000] {processor.py:840} INFO - DAG(s) 'example_trigger_target_dag' retrieved from /home/airflow/.local/lib/python3.8/site-packages/airflow/example_dags/example_trigger_target_dag.py
[2026-03-26T22:47:21.507+0000] {logging_mixin.py:188} INFO - [2026-03-26T22:47:21.507+0000] {dag.py:3036} INFO - Sync 1 DAGs
[2026-03-26T22:47:21.514+0000] {logging_mixin.py:188} INFO - [2026-03-26T22:47:21.514+0000] {dag.py:3823} INFO - Setting next_dagrun for example_trigger_target_dag to None, run_after=None
[2026-03-26T22:47:21.524+0000] {processor.py:183} INFO - Processing /home/airflow/.local/lib/python3.8/site-packages/airflow/example_dags/example_trigger_target_dag.py took 0.042 seconds
[2026-03-26T22:47:52.022+0000] {processor.py:161} INFO - Started process (PID=265) to work on /home/airflow/.local/lib/python3.8/site-packages/airflow/example_dags/example_trigger_target_dag.py
[2026-03-26T22:47:52.023+0000] {processor.py:830} INFO - Processing file /home/airflow/.local/lib/python3.8/site-packages/airflow/example_dags/example_trigger_target_dag.py for tasks to queue
[2026-03-26T22:47:52.024+0000] {logging_mixin.py:188} INFO - [2026-03-26T22:47:52.024+0000] {dagbag.py:538} INFO - Filling up the DagBag from /home/airflow/.local/lib/python3.8/site-packages/airflow/example_dags/example_trigger_target_dag.py
[2026-03-26T22:47:52.028+0000] {processor.py:840} INFO - DAG(s) 'example_trigger_target_dag' retrieved from /home/airflow/.local/lib/python3.8/site-packages/airflow/example_dags/example_trigger_target_dag.py
[2026-03-26T22:47:52.041+0000] {logging_mixin.py:188} INFO - [2026-03-26T22:47:52.041+0000] {dag.py:3036} INFO - Sync 1 DAGs
[2026-03-26T22:47:52.048+0000] {logging_mixin.py:188} INFO - [2026-03-26T22:47:52.048+0000] {dag.py:3823} INFO - Setting next_dagrun for example_trigger_target_dag to None, run_after=None
[2026-03-26T22:47:52.058+0000] {processor.py:183} INFO - Processing /home/airflow/.local/lib/python3.8/site-packages/airflow/example_dags/example_trigger_target_dag.py took 0.039 seconds
[2026-03-26T22:48:22.559+0000] {processor.py:161} INFO - Started process (PID=320) to work on /home/airflow/.local/lib/python3.8/site-packages/airflow/example_dags/example_trigger_target_dag.py
[2026-03-26T22:48:22.559+0000] {processor.py:830} INFO - Processing file /home/airflow/.local/lib/python3.8/site-packages/airflow/example_dags/example_trigger_target_dag.py for tasks to queue
[2026-03-26T22:48:22.560+0000] {logging_mixin.py:188} INFO - [2026-03-26T22:48:22.560+0000] {dagbag.py:538} INFO - Filling up the DagBag from /home/airflow/.local/lib/python3.8/site-packages/airflow/example_dags/example_trigger_target_dag.py
[2026-03-26T22:48:22.564+0000] {processor.py:840} INFO - DAG(s) 'example_trigger_target_dag' retrieved from /home/airflow/.local/lib/python3.8/site-packages/airflow/example_dags/example_trigger_target_dag.py
[2026-03-26T22:48:22.581+0000] {logging_mixin.py:188} INFO - [2026-03-26T22:48:22.581+0000] {dag.py:3036} INFO - Sync 1 DAGs
[2026-03-26T22:48:22.587+0000] {logging_mixin.py:188} INFO - [2026-03-26T22:48:22.587+0000] {dag.py:3823} INFO - Setting next_dagrun for example_trigger_target_dag to None, run_after=None
[2026-03-26T22:48:22.598+0000] {processor.py:183} INFO - Processing /home/airflow/.local/lib/python3.8/site-packages/airflow/example_dags/example_trigger_target_dag.py took 0.041 seconds
[2026-03-26T22:48:53.135+0000] {processor.py:161} INFO - Started process (PID=374) to work on /home/airflow/.local/lib/python3.8/site-packages/airflow/example_dags/example_trigger_target_dag.py
[2026-03-26T22:48:53.136+0000] {processor.py:830} INFO - Processing file /home/airflow/.local/lib/python3.8/site-packages/airflow/example_dags/example_trigger_target_dag.py for tasks to queue
[2026-03-26T22:48:53.137+0000] {logging_mixin.py:188} INFO - [2026-03-26T22:48:53.137+0000] {dagbag.py:538} INFO - Filling up the DagBag from /home/airflow/.local/lib/python3.8/site-packages/airflow/example_dags/example_trigger_target_dag.py
[2026-03-26T22:48:53.140+0000] {processor.py:840} INFO - DAG(s) 'example_trigger_target_dag' retrieved from /home/airflow/.local/lib/python3.8/site-packages/airflow/example_dags/example_trigger_target_dag.py
[2026-03-26T22:48:53.154+0000] {logging_mixin.py:188} INFO - [2026-03-26T22:48:53.154+0000] {dag.py:3036} INFO - Sync 1 DAGs
[2026-03-26T22:48:53.161+0000] {logging_mixin.py:188} INFO - [2026-03-26T22:48:53.161+0000] {dag.py:3823} INFO - Setting next_dagrun for example_trigger_target_dag to None, run_after=None
[2026-03-26T22:48:53.172+0000] {processor.py:183} INFO - Processing /home/airflow/.local/lib/python3.8/site-packages/airflow/example_dags/example_trigger_target_dag.py took 0.040 seconds
[2026-03-26T22:49:23.603+0000] {processor.py:161} INFO - Started process (PID=429) to work on /home/airflow/.local/lib/python3.8/site-packages/airflow/example_dags/example_trigger_target_dag.py
[2026-03-26T22:49:23.604+0000] {processor.py:830} INFO - Processing file /home/airflow/.local/lib/python3.8/site-packages/airflow/example_dags/example_trigger_target_dag.py for tasks to queue
[2026-03-26T22:49:23.605+0000] {logging_mixin.py:188} INFO - [2026-03-26T22:49:23.605+0000] {dagbag.py:538} INFO - Filling up the DagBag from /home/airflow/.local/lib/python3.8/site-packages/airflow/example_dags/example_trigger_target_dag.py
[2026-03-26T22:49:23.608+0000] {processor.py:840} INFO - DAG(s) 'example_trigger_target_dag' retrieved from /home/airflow/.local/lib/python3.8/site-packages/airflow/example_dags/example_trigger_target_dag.py
[2026-03-26T22:49:23.621+0000] {logging_mixin.py:188} INFO - [2026-03-26T22:49:23.621+0000] {dag.py:3036} INFO - Sync 1 DAGs
[2026-03-26T22:49:23.627+0000] {logging_mixin.py:188} INFO - [2026-03-26T22:49:23.627+0000] {dag.py:3823} INFO - Setting next_dagrun for example_trigger_target_dag to None, run_after=None
[2026-03-26T22:49:23.638+0000] {processor.py:183} INFO - Processing /home/airflow/.local/lib/python3.8/site-packages/airflow/example_dags/example_trigger_target_dag.py took 0.037 seconds
[2026-03-26T22:49:54.103+0000] {processor.py:161} INFO - Started process (PID=483) to work on /home/airflow/.local/lib/python3.8/site-packages/airflow/example_dags/example_trigger_target_dag.py
[2026-03-26T22:49:54.104+0000] {processor.py:830} INFO - Processing file /home/airflow/.local/lib/python3.8/site-packages/airflow/example_dags/example_trigger_target_dag.py for tasks to queue
[2026-03-26T22:49:54.106+0000] {logging_mixin.py:188} INFO - [2026-03-26T22:49:54.106+0000] {dagbag.py:538} INFO - Filling up the DagBag from /home/airflow/.local/lib/python3.8/site-packages/airflow/example_dags/example_trigger_target_dag.py
[2026-03-26T22:49:54.109+0000] {processor.py:840} INFO - DAG(s) 'example_trigger_target_dag' retrieved from /home/airflow/.local/lib/python3.8/site-packages/airflow/example_dags/example_trigger_target_dag.py
[2026-03-26T22:49:54.125+0000] {logging_mixin.py:188} INFO - [2026-03-26T22:49:54.125+0000] {dag.py:3036} INFO - Sync 1 DAGs
[2026-03-26T22:49:54.132+0000] {logging_mixin.py:188} INFO - [2026-03-26T22:49:54.132+0000] {dag.py:3823} INFO - Setting next_dagrun for example_trigger_target_dag to None, run_after=None
[2026-03-26T22:49:54.142+0000] {processor.py:183} INFO - Processing /home/airflow/.local/lib/python3.8/site-packages/airflow/example_dags/example_trigger_target_dag.py took 0.041 seconds
[2026-03-26T22:50:24.743+0000] {processor.py:161} INFO - Started process (PID=544) to work on /home/airflow/.local/lib/python3.8/site-packages/airflow/example_dags/example_trigger_target_dag.py
[2026-03-26T22:50:24.744+0000] {processor.py:830} INFO - Processing file /home/airflow/.local/lib/python3.8/site-packages/airflow/example_dags/example_trigger_target_dag.py for tasks to queue
[2026-03-26T22:50:24.745+0000] {logging_mixin.py:188} INFO - [2026-03-26T22:50:24.745+0000] {dagbag.py:538} INFO - Filling up the DagBag from /home/airflow/.local/lib/python3.8/site-packages/airflow/example_dags/example_trigger_target_dag.py
[2026-03-26T22:50:24.748+0000] {processor.py:840} INFO - DAG(s) 'example_trigger_target_dag' retrieved from /home/airflow/.local/lib/python3.8/site-packages/airflow/example_dags/example_trigger_target_dag.py
[2026-03-26T22:50:24.762+0000] {logging_mixin.py:188} INFO - [2026-03-26T22:50:24.762+0000] {dag.py:3036} INFO - Sync 1 DAGs
[2026-03-26T22:50:24.769+0000] {logging_mixin.py:188} INFO - [2026-03-26T22:50:24.769+0000] {dag.py:3823} INFO - Setting next_dagrun for example_trigger_target_dag to None, run_after=None
[2026-03-26T22:50:24.780+0000] {processor.py:183} INFO - Processing /home/airflow/.local/lib/python3.8/site-packages/airflow/example_dags/example_trigger_target_dag.py took 0.039 seconds
[2026-03-26T22:50:55.565+0000] {processor.py:161} INFO - Started process (PID=599) to work on /home/airflow/.local/lib/python3.8/site-packages/airflow/example_dags/example_trigger_target_dag.py
[2026-03-26T22:50:55.566+0000] {processor.py:830} INFO - Processing file /home/airflow/.local/lib/python3.8/site-packages/airflow/example_dags/example_trigger_target_dag.py for tasks to queue
[2026-03-26T22:50:55.567+0000] {logging_mixin.py:188} INFO - [2026-03-26T22:50:55.567+0000] {dagbag.py:538} INFO - Filling up the DagBag from /home/airflow/.local/lib/python3.8/site-packages/airflow/example_dags/example_trigger_target_dag.py
[2026-03-26T22:50:55.570+0000] {processor.py:840} INFO - DAG(s) 'example_trigger_target_dag' retrieved from /home/airflow/.local/lib/python3.8/site-packages/airflow/example_dags/example_trigger_target_dag.py
[2026-03-26T22:50:55.584+0000] {logging_mixin.py:188} INFO - [2026-03-26T22:50:55.584+0000] {dag.py:3036} INFO - Sync 1 DAGs
[2026-03-26T22:50:55.592+0000] {logging_mixin.py:188} INFO - [2026-03-26T22:50:55.592+0000] {dag.py:3823} INFO - Setting next_dagrun for example_trigger_target_dag to None, run_after=None
[2026-03-26T22:50:55.604+0000] {processor.py:183} INFO - Processing /home/airflow/.local/lib/python3.8/site-packages/airflow/example_dags/example_trigger_target_dag.py took 0.041 seconds
[2026-03-26T22:51:26.154+0000] {processor.py:161} INFO - Started process (PID=654) to work on /home/airflow/.local/lib/python3.8/site-packages/airflow/example_dags/example_trigger_target_dag.py
[2026-03-26T22:51:26.155+0000] {processor.py:830} INFO - Processing file /home/airflow/.local/lib/python3.8/site-packages/airflow/example_dags/example_trigger_target_dag.py for tasks to queue
[2026-03-26T22:51:26.156+0000] {logging_mixin.py:188} INFO - [2026-03-26T22:51:26.155+0000] {dagbag.py:538} INFO - Filling up the DagBag from /home/airflow/.local/lib/python3.8/site-packages/airflow/example_dags/example_trigger_target_dag.py
[2026-03-26T22:51:26.159+0000] {processor.py:840} INFO - DAG(s) 'example_trigger_target_dag' retrieved from /home/airflow/.local/lib/python3.8/site-packages/airflow/example_dags/example_trigger_target_dag.py
[2026-03-26T22:51:26.173+0000] {logging_mixin.py:188} INFO - [2026-03-26T22:51:26.173+0000] {dag.py:3036} INFO - Sync 1 DAGs
[2026-03-26T22:51:26.180+0000] {logging_mixin.py:188} INFO - [2026-03-26T22:51:26.180+0000] {dag.py:3823} INFO - Setting next_dagrun for example_trigger_target_dag to None, run_after=None
[2026-03-26T22:51:26.191+0000] {processor.py:183} INFO - Processing /home/airflow/.local/lib/python3.8/site-packages/airflow/example_dags/example_trigger_target_dag.py took 0.039 seconds
[2026-03-26T22:52:14.989+0000] {processor.py:161} INFO - Started process (PID=39) to work on /home/airflow/.local/lib/python3.8/site-packages/airflow/example_dags/example_trigger_target_dag.py
[2026-03-26T22:52:14.990+0000] {processor.py:830} INFO - Processing file /home/airflow/.local/lib/python3.8/site-packages/airflow/example_dags/example_trigger_target_dag.py for tasks to queue
[2026-03-26T22:52:14.991+0000] {logging_mixin.py:188} INFO - [2026-03-26T22:52:14.991+0000] {dagbag.py:538} INFO - Filling up the DagBag from /home/airflow/.local/lib/python3.8/site-packages/airflow/example_dags/example_trigger_target_dag.py
[2026-03-26T22:52:15.011+0000] {processor.py:840} INFO - DAG(s) 'example_trigger_target_dag' retrieved from /home/airflow/.local/lib/python3.8/site-packages/airflow/example_dags/example_trigger_target_dag.py
[2026-03-26T22:52:15.027+0000] {logging_mixin.py:188} INFO - [2026-03-26T22:52:15.027+0000] {dag.py:3036} INFO - Sync 1 DAGs
[2026-03-26T22:52:15.034+0000] {logging_mixin.py:188} INFO - [2026-03-26T22:52:15.034+0000] {dag.py:3823} INFO - Setting next_dagrun for example_trigger_target_dag to None, run_after=None
[2026-03-26T22:52:15.045+0000] {processor.py:183} INFO - Processing /home/airflow/.local/lib/python3.8/site-packages/airflow/example_dags/example_trigger_target_dag.py took 0.058 seconds
[2026-03-26T22:52:45.125+0000] {processor.py:161} INFO - Started process (PID=94) to work on /home/airflow/.local/lib/python3.8/site-packages/airflow/example_dags/example_trigger_target_dag.py
[2026-03-26T22:52:45.126+0000] {processor.py:830} INFO - Processing file /home/airflow/.local/lib/python3.8/site-packages/airflow/example_dags/example_trigger_target_dag.py for tasks to queue
[2026-03-26T22:52:45.127+0000] {logging_mixin.py:188} INFO - [2026-03-26T22:52:45.127+0000] {dagbag.py:538} INFO - Filling up the DagBag from /home/airflow/.local/lib/python3.8/site-packages/airflow/example_dags/example_trigger_target_dag.py
[2026-03-26T22:52:45.131+0000] {processor.py:840} INFO - DAG(s) 'example_trigger_target_dag' retrieved from /home/airflow/.local/lib/python3.8/site-packages/airflow/example_dags/example_trigger_target_dag.py
[2026-03-26T22:52:45.283+0000] {logging_mixin.py:188} INFO - [2026-03-26T22:52:45.283+0000] {dag.py:3036} INFO - Sync 1 DAGs
[2026-03-26T22:52:45.288+0000] {logging_mixin.py:188} INFO - [2026-03-26T22:52:45.288+0000] {dag.py:3823} INFO - Setting next_dagrun for example_trigger_target_dag to None, run_after=None
[2026-03-26T22:52:45.300+0000] {processor.py:183} INFO - Processing /home/airflow/.local/lib/python3.8/site-packages/airflow/example_dags/example_trigger_target_dag.py took 0.177 seconds
[2026-03-26T22:53:16.101+0000] {processor.py:161} INFO - Started process (PID=155) to work on /home/airflow/.local/lib/python3.8/site-packages/airflow/example_dags/example_trigger_target_dag.py
[2026-03-26T22:53:16.102+0000] {processor.py:830} INFO - Processing file /home/airflow/.local/lib/python3.8/site-packages/airflow/example_dags/example_trigger_target_dag.py for tasks to queue
[2026-03-26T22:53:16.105+0000] {logging_mixin.py:188} INFO - [2026-03-26T22:53:16.105+0000] {dagbag.py:538} INFO - Filling up the DagBag from /home/airflow/.local/lib/python3.8/site-packages/airflow/example_dags/example_trigger_target_dag.py
[2026-03-26T22:53:16.109+0000] {processor.py:840} INFO - DAG(s) 'example_trigger_target_dag' retrieved from /home/airflow/.local/lib/python3.8/site-packages/airflow/example_dags/example_trigger_target_dag.py
[2026-03-26T22:53:16.130+0000] {logging_mixin.py:188} INFO - [2026-03-26T22:53:16.129+0000] {dag.py:3036} INFO - Sync 1 DAGs
[2026-03-26T22:53:16.137+0000] {logging_mixin.py:188} INFO - [2026-03-26T22:53:16.137+0000] {dag.py:3823} INFO - Setting next_dagrun for example_trigger_target_dag to None, run_after=None
[2026-03-26T22:53:16.152+0000] {processor.py:183} INFO - Processing /home/airflow/.local/lib/python3.8/site-packages/airflow/example_dags/example_trigger_target_dag.py took 0.054 seconds
[2026-03-26T22:53:46.213+0000] {processor.py:161} INFO - Started process (PID=210) to work on /home/airflow/.local/lib/python3.8/site-packages/airflow/example_dags/example_trigger_target_dag.py
[2026-03-26T22:53:46.214+0000] {processor.py:830} INFO - Processing file /home/airflow/.local/lib/python3.8/site-packages/airflow/example_dags/example_trigger_target_dag.py for tasks to queue
[2026-03-26T22:53:46.215+0000] {logging_mixin.py:188} INFO - [2026-03-26T22:53:46.215+0000] {dagbag.py:538} INFO - Filling up the DagBag from /home/airflow/.local/lib/python3.8/site-packages/airflow/example_dags/example_trigger_target_dag.py
[2026-03-26T22:53:46.219+0000] {processor.py:840} INFO - DAG(s) 'example_trigger_target_dag' retrieved from /home/airflow/.local/lib/python3.8/site-packages/airflow/example_dags/example_trigger_target_dag.py
[2026-03-26T22:53:46.237+0000] {logging_mixin.py:188} INFO - [2026-03-26T22:53:46.237+0000] {dag.py:3036} INFO - Sync 1 DAGs
[2026-03-26T22:53:46.247+0000] {logging_mixin.py:188} INFO - [2026-03-26T22:53:46.247+0000] {dag.py:3823} INFO - Setting next_dagrun for example_trigger_target_dag to None, run_after=None
[2026-03-26T22:53:46.258+0000] {processor.py:183} INFO - Processing /home/airflow/.local/lib/python3.8/site-packages/airflow/example_dags/example_trigger_target_dag.py took 0.049 seconds
[2026-03-26T22:54:16.405+0000] {processor.py:161} INFO - Started process (PID=265) to work on /home/airflow/.local/lib/python3.8/site-packages/airflow/example_dags/example_trigger_target_dag.py
[2026-03-26T22:54:16.406+0000] {processor.py:830} INFO - Processing file /home/airflow/.local/lib/python3.8/site-packages/airflow/example_dags/example_trigger_target_dag.py for tasks to queue
[2026-03-26T22:54:16.408+0000] {logging_mixin.py:188} INFO - [2026-03-26T22:54:16.408+0000] {dagbag.py:538} INFO - Filling up the DagBag from /home/airflow/.local/lib/python3.8/site-packages/airflow/example_dags/example_trigger_target_dag.py
[2026-03-26T22:54:16.412+0000] {processor.py:840} INFO - DAG(s) 'example_trigger_target_dag' retrieved from /home/airflow/.local/lib/python3.8/site-packages/airflow/example_dags/example_trigger_target_dag.py
[2026-03-26T22:54:16.425+0000] {logging_mixin.py:188} INFO - [2026-03-26T22:54:16.425+0000] {dag.py:3036} INFO - Sync 1 DAGs
[2026-03-26T22:54:16.432+0000] {logging_mixin.py:188} INFO - [2026-03-26T22:54:16.432+0000] {dag.py:3823} INFO - Setting next_dagrun for example_trigger_target_dag to None, run_after=None
[2026-03-26T22:54:16.443+0000] {processor.py:183} INFO - Processing /home/airflow/.local/lib/python3.8/site-packages/airflow/example_dags/example_trigger_target_dag.py took 0.041 seconds
[2026-03-26T22:54:47.259+0000] {processor.py:161} INFO - Started process (PID=320) to work on /home/airflow/.local/lib/python3.8/site-packages/airflow/example_dags/example_trigger_target_dag.py
[2026-03-26T22:54:47.260+0000] {processor.py:830} INFO - Processing file /home/airflow/.local/lib/python3.8/site-packages/airflow/example_dags/example_trigger_target_dag.py for tasks to queue
[2026-03-26T22:54:47.261+0000] {logging_mixin.py:188} INFO - [2026-03-26T22:54:47.261+0000] {dagbag.py:538} INFO - Filling up the DagBag from /home/airflow/.local/lib/python3.8/site-packages/airflow/example_dags/example_trigger_target_dag.py
[2026-03-26T22:54:47.265+0000] {processor.py:840} INFO - DAG(s) 'example_trigger_target_dag' retrieved from /home/airflow/.local/lib/python3.8/site-packages/airflow/example_dags/example_trigger_target_dag.py
[2026-03-26T22:54:47.278+0000] {logging_mixin.py:188} INFO - [2026-03-26T22:54:47.278+0000] {dag.py:3036} INFO - Sync 1 DAGs
[2026-03-26T22:54:47.285+0000] {logging_mixin.py:188} INFO - [2026-03-26T22:54:47.285+0000] {dag.py:3823} INFO - Setting next_dagrun for example_trigger_target_dag to None, run_after=None
[2026-03-26T22:54:47.296+0000] {processor.py:183} INFO - Processing /home/airflow/.local/lib/python3.8/site-packages/airflow/example_dags/example_trigger_target_dag.py took 0.039 seconds
[2026-03-26T22:55:17.798+0000] {processor.py:161} INFO - Started process (PID=375) to work on /home/airflow/.local/lib/python3.8/site-packages/airflow/example_dags/example_trigger_target_dag.py
[2026-03-26T22:55:17.799+0000] {processor.py:830} INFO - Processing file /home/airflow/.local/lib/python3.8/site-packages/airflow/example_dags/example_trigger_target_dag.py for tasks to queue
[2026-03-26T22:55:17.800+0000] {logging_mixin.py:188} INFO - [2026-03-26T22:55:17.800+0000] {dagbag.py:538} INFO - Filling up the DagBag from /home/airflow/.local/lib/python3.8/site-packages/airflow/example_dags/example_trigger_target_dag.py
[2026-03-26T22:55:17.804+0000] {processor.py:840} INFO - DAG(s) 'example_trigger_target_dag' retrieved from /home/airflow/.local/lib/python3.8/site-packages/airflow/example_dags/example_trigger_target_dag.py
[2026-03-26T22:55:17.817+0000] {logging_mixin.py:188} INFO - [2026-03-26T22:55:17.817+0000] {dag.py:3036} INFO - Sync 1 DAGs
[2026-03-26T22:55:17.825+0000] {logging_mixin.py:188} INFO - [2026-03-26T22:55:17.825+0000] {dag.py:3823} INFO - Setting next_dagrun for example_trigger_target_dag to None, run_after=None
[2026-03-26T22:55:17.838+0000] {processor.py:183} INFO - Processing /home/airflow/.local/lib/python3.8/site-packages/airflow/example_dags/example_trigger_target_dag.py took 0.042 seconds
[2026-03-26T22:55:48.357+0000] {processor.py:161} INFO - Started process (PID=430) to work on /home/airflow/.local/lib/python3.8/site-packages/airflow/example_dags/example_trigger_target_dag.py
[2026-03-26T22:55:48.358+0000] {processor.py:830} INFO - Processing file /home/airflow/.local/lib/python3.8/site-packages/airflow/example_dags/example_trigger_target_dag.py for tasks to queue
[2026-03-26T22:55:48.359+0000] {logging_mixin.py:188} INFO - [2026-03-26T22:55:48.359+0000] {dagbag.py:538} INFO - Filling up the DagBag from /home/airflow/.local/lib/python3.8/site-packages/airflow/example_dags/example_trigger_target_dag.py
[2026-03-26T22:55:48.363+0000] {processor.py:840} INFO - DAG(s) 'example_trigger_target_dag' retrieved from /home/airflow/.local/lib/python3.8/site-packages/airflow/example_dags/example_trigger_target_dag.py
[2026-03-26T22:55:48.377+0000] {logging_mixin.py:188} INFO - [2026-03-26T22:55:48.377+0000] {dag.py:3036} INFO - Sync 1 DAGs
[2026-03-26T22:55:48.385+0000] {logging_mixin.py:188} INFO - [2026-03-26T22:55:48.385+0000] {dag.py:3823} INFO - Setting next_dagrun for example_trigger_target_dag to None, run_after=None
[2026-03-26T22:55:48.396+0000] {processor.py:183} INFO - Processing /home/airflow/.local/lib/python3.8/site-packages/airflow/example_dags/example_trigger_target_dag.py took 0.041 seconds
[2026-03-26T22:56:19.102+0000] {processor.py:161} INFO - Started process (PID=484) to work on /home/airflow/.local/lib/python3.8/site-packages/airflow/example_dags/example_trigger_target_dag.py
[2026-03-26T22:56:19.102+0000] {processor.py:830} INFO - Processing file /home/airflow/.local/lib/python3.8/site-packages/airflow/example_dags/example_trigger_target_dag.py for tasks to queue
[2026-03-26T22:56:19.103+0000] {logging_mixin.py:188} INFO - [2026-03-26T22:56:19.103+0000] {dagbag.py:538} INFO - Filling up the DagBag from /home/airflow/.local/lib/python3.8/site-packages/airflow/example_dags/example_trigger_target_dag.py
[2026-03-26T22:56:19.107+0000] {processor.py:840} INFO - DAG(s) 'example_trigger_target_dag' retrieved from /home/airflow/.local/lib/python3.8/site-packages/airflow/example_dags/example_trigger_target_dag.py
[2026-03-26T22:56:19.121+0000] {logging_mixin.py:188} INFO - [2026-03-26T22:56:19.120+0000] {dag.py:3036} INFO - Sync 1 DAGs
[2026-03-26T22:56:19.128+0000] {logging_mixin.py:188} INFO - [2026-03-26T22:56:19.128+0000] {dag.py:3823} INFO - Setting next_dagrun for example_trigger_target_dag to None, run_after=None
[2026-03-26T22:56:19.139+0000] {processor.py:183} INFO - Processing /home/airflow/.local/lib/python3.8/site-packages/airflow/example_dags/example_trigger_target_dag.py took 0.040 seconds
[2026-03-26T22:56:49.777+0000] {processor.py:161} INFO - Started process (PID=539) to work on /home/airflow/.local/lib/python3.8/site-packages/airflow/example_dags/example_trigger_target_dag.py
[2026-03-26T22:56:49.777+0000] {processor.py:830} INFO - Processing file /home/airflow/.local/lib/python3.8/site-packages/airflow/example_dags/example_trigger_target_dag.py for tasks to queue
[2026-03-26T22:56:49.778+0000] {logging_mixin.py:188} INFO - [2026-03-26T22:56:49.778+0000] {dagbag.py:538} INFO - Filling up the DagBag from /home/airflow/.local/lib/python3.8/site-packages/airflow/example_dags/example_trigger_target_dag.py
[2026-03-26T22:56:49.782+0000] {processor.py:840} INFO - DAG(s) 'example_trigger_target_dag' retrieved from /home/airflow/.local/lib/python3.8/site-packages/airflow/example_dags/example_trigger_target_dag.py
[2026-03-26T22:56:49.794+0000] {logging_mixin.py:188} INFO - [2026-03-26T22:56:49.794+0000] {dag.py:3036} INFO - Sync 1 DAGs
[2026-03-26T22:56:49.802+0000] {logging_mixin.py:188} INFO - [2026-03-26T22:56:49.802+0000] {dag.py:3823} INFO - Setting next_dagrun for example_trigger_target_dag to None, run_after=None
[2026-03-26T22:56:49.817+0000] {processor.py:183} INFO - Processing /home/airflow/.local/lib/python3.8/site-packages/airflow/example_dags/example_trigger_target_dag.py took 0.042 seconds
[2026-03-26T22:57:20.373+0000] {processor.py:161} INFO - Started process (PID=594) to work on /home/airflow/.local/lib/python3.8/site-packages/airflow/example_dags/example_trigger_target_dag.py
[2026-03-26T22:57:20.373+0000] {processor.py:830} INFO - Processing file /home/airflow/.local/lib/python3.8/site-packages/airflow/example_dags/example_trigger_target_dag.py for tasks to queue
[2026-03-26T22:57:20.375+0000] {logging_mixin.py:188} INFO - [2026-03-26T22:57:20.374+0000] {dagbag.py:538} INFO - Filling up the DagBag from /home/airflow/.local/lib/python3.8/site-packages/airflow/example_dags/example_trigger_target_dag.py
[2026-03-26T22:57:20.378+0000] {processor.py:840} INFO - DAG(s) 'example_trigger_target_dag' retrieved from /home/airflow/.local/lib/python3.8/site-packages/airflow/example_dags/example_trigger_target_dag.py
[2026-03-26T22:57:20.392+0000] {logging_mixin.py:188} INFO - [2026-03-26T22:57:20.391+0000] {dag.py:3036} INFO - Sync 1 DAGs
[2026-03-26T22:57:20.399+0000] {logging_mixin.py:188} INFO - [2026-03-26T22:57:20.399+0000] {dag.py:3823} INFO - Setting next_dagrun for example_trigger_target_dag to None, run_after=None
[2026-03-26T22:57:20.410+0000] {processor.py:183} INFO - Processing /home/airflow/.local/lib/python3.8/site-packages/airflow/example_dags/example_trigger_target_dag.py took 0.040 seconds
[2026-03-26T22:57:51.072+0000] {processor.py:161} INFO - Started process (PID=649) to work on /home/airflow/.local/lib/python3.8/site-packages/airflow/example_dags/example_trigger_target_dag.py
[2026-03-26T22:57:51.073+0000] {processor.py:830} INFO - Processing file /home/airflow/.local/lib/python3.8/site-packages/airflow/example_dags/example_trigger_target_dag.py for tasks to queue
[2026-03-26T22:57:51.074+0000] {logging_mixin.py:188} INFO - [2026-03-26T22:57:51.073+0000] {dagbag.py:538} INFO - Filling up the DagBag from /home/airflow/.local/lib/python3.8/site-packages/airflow/example_dags/example_trigger_target_dag.py
[2026-03-26T22:57:51.077+0000] {processor.py:840} INFO - DAG(s) 'example_trigger_target_dag' retrieved from /home/airflow/.local/lib/python3.8/site-packages/airflow/example_dags/example_trigger_target_dag.py
[2026-03-26T22:57:51.091+0000] {logging_mixin.py:188} INFO - [2026-03-26T22:57:51.091+0000] {dag.py:3036} INFO - Sync 1 DAGs
[2026-03-26T22:57:51.099+0000] {logging_mixin.py:188} INFO - [2026-03-26T22:57:51.099+0000] {dag.py:3823} INFO - Setting next_dagrun for example_trigger_target_dag to None, run_after=None
[2026-03-26T22:57:51.110+0000] {processor.py:183} INFO - Processing /home/airflow/.local/lib/python3.8/site-packages/airflow/example_dags/example_trigger_target_dag.py took 0.040 seconds
[2026-03-26T22:58:21.631+0000] {processor.py:161} INFO - Started process (PID=704) to work on /home/airflow/.local/lib/python3.8/site-packages/airflow/example_dags/example_trigger_target_dag.py
[2026-03-26T22:58:21.632+0000] {processor.py:830} INFO - Processing file /home/airflow/.local/lib/python3.8/site-packages/airflow/example_dags/example_trigger_target_dag.py for tasks to queue
[2026-03-26T22:58:21.634+0000] {logging_mixin.py:188} INFO - [2026-03-26T22:58:21.633+0000] {dagbag.py:538} INFO - Filling up the DagBag from /home/airflow/.local/lib/python3.8/site-packages/airflow/example_dags/example_trigger_target_dag.py
[2026-03-26T22:58:21.637+0000] {processor.py:840} INFO - DAG(s) 'example_trigger_target_dag' retrieved from /home/airflow/.local/lib/python3.8/site-packages/airflow/example_dags/example_trigger_target_dag.py
[2026-03-26T22:58:21.653+0000] {logging_mixin.py:188} INFO - [2026-03-26T22:58:21.653+0000] {dag.py:3036} INFO - Sync 1 DAGs
[2026-03-26T22:58:21.660+0000] {logging_mixin.py:188} INFO - [2026-03-26T22:58:21.660+0000] {dag.py:3823} INFO - Setting next_dagrun for example_trigger_target_dag to None, run_after=None
[2026-03-26T22:58:21.671+0000] {processor.py:183} INFO - Processing /home/airflow/.local/lib/python3.8/site-packages/airflow/example_dags/example_trigger_target_dag.py took 0.042 seconds
