[2026-03-26T22:45:51.051+0000] {processor.py:161} INFO - Started process (PID=82) to work on /home/airflow/.local/lib/python3.8/site-packages/airflow/example_dags/example_branch_python_dop_operator_3.py
[2026-03-26T22:45:51.052+0000] {processor.py:830} INFO - Processing file /home/airflow/.local/lib/python3.8/site-packages/airflow/example_dags/example_branch_python_dop_operator_3.py for tasks to queue
[2026-03-26T22:45:51.053+0000] {logging_mixin.py:188} INFO - [2026-03-26T22:45:51.053+0000] {dagbag.py:538} INFO - Filling up the DagBag from /home/airflow/.local/lib/python3.8/site-packages/airflow/example_dags/example_branch_python_dop_operator_3.py
[2026-03-26T22:45:51.060+0000] {processor.py:840} INFO - DAG(s) 'example_branch_dop_operator_v3' retrieved from /home/airflow/.local/lib/python3.8/site-packages/airflow/example_dags/example_branch_python_dop_operator_3.py
[2026-03-26T22:45:51.068+0000] {logging_mixin.py:188} INFO - [2026-03-26T22:45:51.068+0000] {dag.py:3036} INFO - Sync 1 DAGs
[2026-03-26T22:45:51.083+0000] {logging_mixin.py:188} INFO - [2026-03-26T22:45:51.083+0000] {dag.py:3823} INFO - Setting next_dagrun for example_branch_dop_operator_v3 to 2026-03-26 22:44:00+00:00, run_after=2026-03-26 22:45:00+00:00
[2026-03-26T22:45:51.094+0000] {processor.py:183} INFO - Processing /home/airflow/.local/lib/python3.8/site-packages/airflow/example_dags/example_branch_python_dop_operator_3.py took 0.045 seconds
[2026-03-26T22:46:23.697+0000] {processor.py:161} INFO - Started process (PID=137) to work on /home/airflow/.local/lib/python3.8/site-packages/airflow/example_dags/example_branch_python_dop_operator_3.py
[2026-03-26T22:46:23.698+0000] {processor.py:830} INFO - Processing file /home/airflow/.local/lib/python3.8/site-packages/airflow/example_dags/example_branch_python_dop_operator_3.py for tasks to queue
[2026-03-26T22:46:23.699+0000] {logging_mixin.py:188} INFO - [2026-03-26T22:46:23.699+0000] {dagbag.py:538} INFO - Filling up the DagBag from /home/airflow/.local/lib/python3.8/site-packages/airflow/example_dags/example_branch_python_dop_operator_3.py
[2026-03-26T22:46:23.705+0000] {processor.py:840} INFO - DAG(s) 'example_branch_dop_operator_v3' retrieved from /home/airflow/.local/lib/python3.8/site-packages/airflow/example_dags/example_branch_python_dop_operator_3.py
[2026-03-26T22:46:23.762+0000] {logging_mixin.py:188} INFO - [2026-03-26T22:46:23.762+0000] {dag.py:3036} INFO - Sync 1 DAGs
[2026-03-26T22:46:23.774+0000] {logging_mixin.py:188} INFO - [2026-03-26T22:46:23.773+0000] {dag.py:3823} INFO - Setting next_dagrun for example_branch_dop_operator_v3 to 2026-03-26 22:45:00+00:00, run_after=2026-03-26 22:46:00+00:00
[2026-03-26T22:46:23.785+0000] {processor.py:183} INFO - Processing /home/airflow/.local/lib/python3.8/site-packages/airflow/example_dags/example_branch_python_dop_operator_3.py took 0.090 seconds
[2026-03-26T22:46:54.696+0000] {processor.py:161} INFO - Started process (PID=198) to work on /home/airflow/.local/lib/python3.8/site-packages/airflow/example_dags/example_branch_python_dop_operator_3.py
[2026-03-26T22:46:54.696+0000] {processor.py:830} INFO - Processing file /home/airflow/.local/lib/python3.8/site-packages/airflow/example_dags/example_branch_python_dop_operator_3.py for tasks to queue
[2026-03-26T22:46:54.697+0000] {logging_mixin.py:188} INFO - [2026-03-26T22:46:54.697+0000] {dagbag.py:538} INFO - Filling up the DagBag from /home/airflow/.local/lib/python3.8/site-packages/airflow/example_dags/example_branch_python_dop_operator_3.py
[2026-03-26T22:46:54.703+0000] {processor.py:840} INFO - DAG(s) 'example_branch_dop_operator_v3' retrieved from /home/airflow/.local/lib/python3.8/site-packages/airflow/example_dags/example_branch_python_dop_operator_3.py
[2026-03-26T22:46:54.716+0000] {logging_mixin.py:188} INFO - [2026-03-26T22:46:54.716+0000] {dag.py:3036} INFO - Sync 1 DAGs
[2026-03-26T22:46:54.730+0000] {logging_mixin.py:188} INFO - [2026-03-26T22:46:54.730+0000] {dag.py:3823} INFO - Setting next_dagrun for example_branch_dop_operator_v3 to 2026-03-26 22:45:00+00:00, run_after=2026-03-26 22:46:00+00:00
[2026-03-26T22:46:54.746+0000] {processor.py:183} INFO - Processing /home/airflow/.local/lib/python3.8/site-packages/airflow/example_dags/example_branch_python_dop_operator_3.py took 0.053 seconds
[2026-03-26T22:47:25.555+0000] {processor.py:161} INFO - Started process (PID=253) to work on /home/airflow/.local/lib/python3.8/site-packages/airflow/example_dags/example_branch_python_dop_operator_3.py
[2026-03-26T22:47:25.557+0000] {processor.py:830} INFO - Processing file /home/airflow/.local/lib/python3.8/site-packages/airflow/example_dags/example_branch_python_dop_operator_3.py for tasks to queue
[2026-03-26T22:47:25.559+0000] {logging_mixin.py:188} INFO - [2026-03-26T22:47:25.558+0000] {dagbag.py:538} INFO - Filling up the DagBag from /home/airflow/.local/lib/python3.8/site-packages/airflow/example_dags/example_branch_python_dop_operator_3.py
[2026-03-26T22:47:25.564+0000] {processor.py:840} INFO - DAG(s) 'example_branch_dop_operator_v3' retrieved from /home/airflow/.local/lib/python3.8/site-packages/airflow/example_dags/example_branch_python_dop_operator_3.py
[2026-03-26T22:47:25.578+0000] {logging_mixin.py:188} INFO - [2026-03-26T22:47:25.578+0000] {dag.py:3036} INFO - Sync 1 DAGs
[2026-03-26T22:47:25.592+0000] {logging_mixin.py:188} INFO - [2026-03-26T22:47:25.592+0000] {dag.py:3823} INFO - Setting next_dagrun for example_branch_dop_operator_v3 to 2026-03-26 22:46:00+00:00, run_after=2026-03-26 22:47:00+00:00
[2026-03-26T22:47:25.604+0000] {processor.py:183} INFO - Processing /home/airflow/.local/lib/python3.8/site-packages/airflow/example_dags/example_branch_python_dop_operator_3.py took 0.051 seconds
[2026-03-26T22:47:56.127+0000] {processor.py:161} INFO - Started process (PID=308) to work on /home/airflow/.local/lib/python3.8/site-packages/airflow/example_dags/example_branch_python_dop_operator_3.py
[2026-03-26T22:47:56.128+0000] {processor.py:830} INFO - Processing file /home/airflow/.local/lib/python3.8/site-packages/airflow/example_dags/example_branch_python_dop_operator_3.py for tasks to queue
[2026-03-26T22:47:56.129+0000] {logging_mixin.py:188} INFO - [2026-03-26T22:47:56.129+0000] {dagbag.py:538} INFO - Filling up the DagBag from /home/airflow/.local/lib/python3.8/site-packages/airflow/example_dags/example_branch_python_dop_operator_3.py
[2026-03-26T22:47:56.135+0000] {processor.py:840} INFO - DAG(s) 'example_branch_dop_operator_v3' retrieved from /home/airflow/.local/lib/python3.8/site-packages/airflow/example_dags/example_branch_python_dop_operator_3.py
[2026-03-26T22:47:56.148+0000] {logging_mixin.py:188} INFO - [2026-03-26T22:47:56.148+0000] {dag.py:3036} INFO - Sync 1 DAGs
[2026-03-26T22:47:56.161+0000] {logging_mixin.py:188} INFO - [2026-03-26T22:47:56.161+0000] {dag.py:3823} INFO - Setting next_dagrun for example_branch_dop_operator_v3 to 2026-03-26 22:46:00+00:00, run_after=2026-03-26 22:47:00+00:00
[2026-03-26T22:47:56.172+0000] {processor.py:183} INFO - Processing /home/airflow/.local/lib/python3.8/site-packages/airflow/example_dags/example_branch_python_dop_operator_3.py took 0.047 seconds
[2026-03-26T22:48:26.713+0000] {processor.py:161} INFO - Started process (PID=362) to work on /home/airflow/.local/lib/python3.8/site-packages/airflow/example_dags/example_branch_python_dop_operator_3.py
[2026-03-26T22:48:26.714+0000] {processor.py:830} INFO - Processing file /home/airflow/.local/lib/python3.8/site-packages/airflow/example_dags/example_branch_python_dop_operator_3.py for tasks to queue
[2026-03-26T22:48:26.715+0000] {logging_mixin.py:188} INFO - [2026-03-26T22:48:26.715+0000] {dagbag.py:538} INFO - Filling up the DagBag from /home/airflow/.local/lib/python3.8/site-packages/airflow/example_dags/example_branch_python_dop_operator_3.py
[2026-03-26T22:48:26.721+0000] {processor.py:840} INFO - DAG(s) 'example_branch_dop_operator_v3' retrieved from /home/airflow/.local/lib/python3.8/site-packages/airflow/example_dags/example_branch_python_dop_operator_3.py
[2026-03-26T22:48:26.735+0000] {logging_mixin.py:188} INFO - [2026-03-26T22:48:26.735+0000] {dag.py:3036} INFO - Sync 1 DAGs
[2026-03-26T22:48:26.747+0000] {logging_mixin.py:188} INFO - [2026-03-26T22:48:26.747+0000] {dag.py:3823} INFO - Setting next_dagrun for example_branch_dop_operator_v3 to 2026-03-26 22:47:00+00:00, run_after=2026-03-26 22:48:00+00:00
[2026-03-26T22:48:26.758+0000] {processor.py:183} INFO - Processing /home/airflow/.local/lib/python3.8/site-packages/airflow/example_dags/example_branch_python_dop_operator_3.py took 0.047 seconds
[2026-03-26T22:48:57.230+0000] {processor.py:161} INFO - Started process (PID=417) to work on /home/airflow/.local/lib/python3.8/site-packages/airflow/example_dags/example_branch_python_dop_operator_3.py
[2026-03-26T22:48:57.231+0000] {processor.py:830} INFO - Processing file /home/airflow/.local/lib/python3.8/site-packages/airflow/example_dags/example_branch_python_dop_operator_3.py for tasks to queue
[2026-03-26T22:48:57.232+0000] {logging_mixin.py:188} INFO - [2026-03-26T22:48:57.232+0000] {dagbag.py:538} INFO - Filling up the DagBag from /home/airflow/.local/lib/python3.8/site-packages/airflow/example_dags/example_branch_python_dop_operator_3.py
[2026-03-26T22:48:57.237+0000] {processor.py:840} INFO - DAG(s) 'example_branch_dop_operator_v3' retrieved from /home/airflow/.local/lib/python3.8/site-packages/airflow/example_dags/example_branch_python_dop_operator_3.py
[2026-03-26T22:48:57.252+0000] {logging_mixin.py:188} INFO - [2026-03-26T22:48:57.252+0000] {dag.py:3036} INFO - Sync 1 DAGs
[2026-03-26T22:48:57.265+0000] {logging_mixin.py:188} INFO - [2026-03-26T22:48:57.265+0000] {dag.py:3823} INFO - Setting next_dagrun for example_branch_dop_operator_v3 to 2026-03-26 22:47:00+00:00, run_after=2026-03-26 22:48:00+00:00
[2026-03-26T22:48:57.276+0000] {processor.py:183} INFO - Processing /home/airflow/.local/lib/python3.8/site-packages/airflow/example_dags/example_branch_python_dop_operator_3.py took 0.048 seconds
[2026-03-26T22:49:27.709+0000] {processor.py:161} INFO - Started process (PID=471) to work on /home/airflow/.local/lib/python3.8/site-packages/airflow/example_dags/example_branch_python_dop_operator_3.py
[2026-03-26T22:49:27.710+0000] {processor.py:830} INFO - Processing file /home/airflow/.local/lib/python3.8/site-packages/airflow/example_dags/example_branch_python_dop_operator_3.py for tasks to queue
[2026-03-26T22:49:27.711+0000] {logging_mixin.py:188} INFO - [2026-03-26T22:49:27.711+0000] {dagbag.py:538} INFO - Filling up the DagBag from /home/airflow/.local/lib/python3.8/site-packages/airflow/example_dags/example_branch_python_dop_operator_3.py
[2026-03-26T22:49:27.717+0000] {processor.py:840} INFO - DAG(s) 'example_branch_dop_operator_v3' retrieved from /home/airflow/.local/lib/python3.8/site-packages/airflow/example_dags/example_branch_python_dop_operator_3.py
[2026-03-26T22:49:27.739+0000] {logging_mixin.py:188} INFO - [2026-03-26T22:49:27.739+0000] {dag.py:3036} INFO - Sync 1 DAGs
[2026-03-26T22:49:27.754+0000] {logging_mixin.py:188} INFO - [2026-03-26T22:49:27.754+0000] {dag.py:3823} INFO - Setting next_dagrun for example_branch_dop_operator_v3 to 2026-03-26 22:48:00+00:00, run_after=2026-03-26 22:49:00+00:00
[2026-03-26T22:49:27.766+0000] {processor.py:183} INFO - Processing /home/airflow/.local/lib/python3.8/site-packages/airflow/example_dags/example_branch_python_dop_operator_3.py took 0.060 seconds
[2026-03-26T22:49:58.214+0000] {processor.py:161} INFO - Started process (PID=526) to work on /home/airflow/.local/lib/python3.8/site-packages/airflow/example_dags/example_branch_python_dop_operator_3.py
[2026-03-26T22:49:58.215+0000] {processor.py:830} INFO - Processing file /home/airflow/.local/lib/python3.8/site-packages/airflow/example_dags/example_branch_python_dop_operator_3.py for tasks to queue
[2026-03-26T22:49:58.216+0000] {logging_mixin.py:188} INFO - [2026-03-26T22:49:58.216+0000] {dagbag.py:538} INFO - Filling up the DagBag from /home/airflow/.local/lib/python3.8/site-packages/airflow/example_dags/example_branch_python_dop_operator_3.py
[2026-03-26T22:49:58.222+0000] {processor.py:840} INFO - DAG(s) 'example_branch_dop_operator_v3' retrieved from /home/airflow/.local/lib/python3.8/site-packages/airflow/example_dags/example_branch_python_dop_operator_3.py
[2026-03-26T22:49:58.234+0000] {logging_mixin.py:188} INFO - [2026-03-26T22:49:58.234+0000] {dag.py:3036} INFO - Sync 1 DAGs
[2026-03-26T22:49:58.248+0000] {logging_mixin.py:188} INFO - [2026-03-26T22:49:58.247+0000] {dag.py:3823} INFO - Setting next_dagrun for example_branch_dop_operator_v3 to 2026-03-26 22:48:00+00:00, run_after=2026-03-26 22:49:00+00:00
[2026-03-26T22:49:58.259+0000] {processor.py:183} INFO - Processing /home/airflow/.local/lib/python3.8/site-packages/airflow/example_dags/example_branch_python_dop_operator_3.py took 0.047 seconds
[2026-03-26T22:50:28.873+0000] {processor.py:161} INFO - Started process (PID=581) to work on /home/airflow/.local/lib/python3.8/site-packages/airflow/example_dags/example_branch_python_dop_operator_3.py
[2026-03-26T22:50:28.874+0000] {processor.py:830} INFO - Processing file /home/airflow/.local/lib/python3.8/site-packages/airflow/example_dags/example_branch_python_dop_operator_3.py for tasks to queue
[2026-03-26T22:50:28.875+0000] {logging_mixin.py:188} INFO - [2026-03-26T22:50:28.875+0000] {dagbag.py:538} INFO - Filling up the DagBag from /home/airflow/.local/lib/python3.8/site-packages/airflow/example_dags/example_branch_python_dop_operator_3.py
[2026-03-26T22:50:28.880+0000] {processor.py:840} INFO - DAG(s) 'example_branch_dop_operator_v3' retrieved from /home/airflow/.local/lib/python3.8/site-packages/airflow/example_dags/example_branch_python_dop_operator_3.py
[2026-03-26T22:50:28.894+0000] {logging_mixin.py:188} INFO - [2026-03-26T22:50:28.894+0000] {dag.py:3036} INFO - Sync 1 DAGs
[2026-03-26T22:50:28.907+0000] {logging_mixin.py:188} INFO - [2026-03-26T22:50:28.907+0000] {dag.py:3823} INFO - Setting next_dagrun for example_branch_dop_operator_v3 to 2026-03-26 22:49:00+00:00, run_after=2026-03-26 22:50:00+00:00
[2026-03-26T22:50:28.918+0000] {processor.py:183} INFO - Processing /home/airflow/.local/lib/python3.8/site-packages/airflow/example_dags/example_branch_python_dop_operator_3.py took 0.047 seconds
[2026-03-26T22:50:59.691+0000] {processor.py:161} INFO - Started process (PID=636) to work on /home/airflow/.local/lib/python3.8/site-packages/airflow/example_dags/example_branch_python_dop_operator_3.py
[2026-03-26T22:50:59.691+0000] {processor.py:830} INFO - Processing file /home/airflow/.local/lib/python3.8/site-packages/airflow/example_dags/example_branch_python_dop_operator_3.py for tasks to queue
[2026-03-26T22:50:59.693+0000] {logging_mixin.py:188} INFO - [2026-03-26T22:50:59.693+0000] {dagbag.py:538} INFO - Filling up the DagBag from /home/airflow/.local/lib/python3.8/site-packages/airflow/example_dags/example_branch_python_dop_operator_3.py
[2026-03-26T22:50:59.698+0000] {processor.py:840} INFO - DAG(s) 'example_branch_dop_operator_v3' retrieved from /home/airflow/.local/lib/python3.8/site-packages/airflow/example_dags/example_branch_python_dop_operator_3.py
[2026-03-26T22:50:59.711+0000] {logging_mixin.py:188} INFO - [2026-03-26T22:50:59.711+0000] {dag.py:3036} INFO - Sync 1 DAGs
[2026-03-26T22:50:59.724+0000] {logging_mixin.py:188} INFO - [2026-03-26T22:50:59.724+0000] {dag.py:3823} INFO - Setting next_dagrun for example_branch_dop_operator_v3 to 2026-03-26 22:49:00+00:00, run_after=2026-03-26 22:50:00+00:00
[2026-03-26T22:50:59.734+0000] {processor.py:183} INFO - Processing /home/airflow/.local/lib/python3.8/site-packages/airflow/example_dags/example_branch_python_dop_operator_3.py took 0.046 seconds
[2026-03-26T22:51:30.308+0000] {processor.py:161} INFO - Started process (PID=691) to work on /home/airflow/.local/lib/python3.8/site-packages/airflow/example_dags/example_branch_python_dop_operator_3.py
[2026-03-26T22:51:30.309+0000] {processor.py:830} INFO - Processing file /home/airflow/.local/lib/python3.8/site-packages/airflow/example_dags/example_branch_python_dop_operator_3.py for tasks to queue
[2026-03-26T22:51:30.310+0000] {logging_mixin.py:188} INFO - [2026-03-26T22:51:30.310+0000] {dagbag.py:538} INFO - Filling up the DagBag from /home/airflow/.local/lib/python3.8/site-packages/airflow/example_dags/example_branch_python_dop_operator_3.py
[2026-03-26T22:51:30.316+0000] {processor.py:840} INFO - DAG(s) 'example_branch_dop_operator_v3' retrieved from /home/airflow/.local/lib/python3.8/site-packages/airflow/example_dags/example_branch_python_dop_operator_3.py
[2026-03-26T22:51:30.330+0000] {logging_mixin.py:188} INFO - [2026-03-26T22:51:30.329+0000] {dag.py:3036} INFO - Sync 1 DAGs
[2026-03-26T22:51:30.344+0000] {logging_mixin.py:188} INFO - [2026-03-26T22:51:30.344+0000] {dag.py:3823} INFO - Setting next_dagrun for example_branch_dop_operator_v3 to 2026-03-26 22:50:00+00:00, run_after=2026-03-26 22:51:00+00:00
[2026-03-26T22:51:30.354+0000] {processor.py:183} INFO - Processing /home/airflow/.local/lib/python3.8/site-packages/airflow/example_dags/example_branch_python_dop_operator_3.py took 0.048 seconds
[2026-03-26T22:52:16.685+0000] {processor.py:161} INFO - Started process (PID=82) to work on /home/airflow/.local/lib/python3.8/site-packages/airflow/example_dags/example_branch_python_dop_operator_3.py
[2026-03-26T22:52:16.686+0000] {processor.py:830} INFO - Processing file /home/airflow/.local/lib/python3.8/site-packages/airflow/example_dags/example_branch_python_dop_operator_3.py for tasks to queue
[2026-03-26T22:52:16.688+0000] {logging_mixin.py:188} INFO - [2026-03-26T22:52:16.687+0000] {dagbag.py:538} INFO - Filling up the DagBag from /home/airflow/.local/lib/python3.8/site-packages/airflow/example_dags/example_branch_python_dop_operator_3.py
[2026-03-26T22:52:16.694+0000] {processor.py:840} INFO - DAG(s) 'example_branch_dop_operator_v3' retrieved from /home/airflow/.local/lib/python3.8/site-packages/airflow/example_dags/example_branch_python_dop_operator_3.py
[2026-03-26T22:52:16.702+0000] {logging_mixin.py:188} INFO - [2026-03-26T22:52:16.702+0000] {dag.py:3036} INFO - Sync 1 DAGs
[2026-03-26T22:52:16.723+0000] {logging_mixin.py:188} INFO - [2026-03-26T22:52:16.723+0000] {dag.py:3823} INFO - Setting next_dagrun for example_branch_dop_operator_v3 to 2026-03-26 22:51:00+00:00, run_after=2026-03-26 22:52:00+00:00
[2026-03-26T22:52:16.739+0000] {processor.py:183} INFO - Processing /home/airflow/.local/lib/python3.8/site-packages/airflow/example_dags/example_branch_python_dop_operator_3.py took 0.056 seconds
[2026-03-26T22:52:47.536+0000] {processor.py:161} INFO - Started process (PID=137) to work on /home/airflow/.local/lib/python3.8/site-packages/airflow/example_dags/example_branch_python_dop_operator_3.py
[2026-03-26T22:52:47.536+0000] {processor.py:830} INFO - Processing file /home/airflow/.local/lib/python3.8/site-packages/airflow/example_dags/example_branch_python_dop_operator_3.py for tasks to queue
[2026-03-26T22:52:47.537+0000] {logging_mixin.py:188} INFO - [2026-03-26T22:52:47.537+0000] {dagbag.py:538} INFO - Filling up the DagBag from /home/airflow/.local/lib/python3.8/site-packages/airflow/example_dags/example_branch_python_dop_operator_3.py
[2026-03-26T22:52:47.543+0000] {processor.py:840} INFO - DAG(s) 'example_branch_dop_operator_v3' retrieved from /home/airflow/.local/lib/python3.8/site-packages/airflow/example_dags/example_branch_python_dop_operator_3.py
[2026-03-26T22:52:47.600+0000] {logging_mixin.py:188} INFO - [2026-03-26T22:52:47.600+0000] {dag.py:3036} INFO - Sync 1 DAGs
[2026-03-26T22:52:47.616+0000] {logging_mixin.py:188} INFO - [2026-03-26T22:52:47.615+0000] {dag.py:3823} INFO - Setting next_dagrun for example_branch_dop_operator_v3 to 2026-03-26 22:51:00+00:00, run_after=2026-03-26 22:52:00+00:00
[2026-03-26T22:52:47.627+0000] {processor.py:183} INFO - Processing /home/airflow/.local/lib/python3.8/site-packages/airflow/example_dags/example_branch_python_dop_operator_3.py took 0.094 seconds
[2026-03-26T22:53:18.411+0000] {processor.py:161} INFO - Started process (PID=192) to work on /home/airflow/.local/lib/python3.8/site-packages/airflow/example_dags/example_branch_python_dop_operator_3.py
[2026-03-26T22:53:18.412+0000] {processor.py:830} INFO - Processing file /home/airflow/.local/lib/python3.8/site-packages/airflow/example_dags/example_branch_python_dop_operator_3.py for tasks to queue
[2026-03-26T22:53:18.414+0000] {logging_mixin.py:188} INFO - [2026-03-26T22:53:18.413+0000] {dagbag.py:538} INFO - Filling up the DagBag from /home/airflow/.local/lib/python3.8/site-packages/airflow/example_dags/example_branch_python_dop_operator_3.py
[2026-03-26T22:53:18.422+0000] {processor.py:840} INFO - DAG(s) 'example_branch_dop_operator_v3' retrieved from /home/airflow/.local/lib/python3.8/site-packages/airflow/example_dags/example_branch_python_dop_operator_3.py
[2026-03-26T22:53:18.442+0000] {logging_mixin.py:188} INFO - [2026-03-26T22:53:18.442+0000] {dag.py:3036} INFO - Sync 1 DAGs
[2026-03-26T22:53:18.461+0000] {logging_mixin.py:188} INFO - [2026-03-26T22:53:18.460+0000] {dag.py:3823} INFO - Setting next_dagrun for example_branch_dop_operator_v3 to 2026-03-26 22:52:00+00:00, run_after=2026-03-26 22:53:00+00:00
[2026-03-26T22:53:18.475+0000] {processor.py:183} INFO - Processing /home/airflow/.local/lib/python3.8/site-packages/airflow/example_dags/example_branch_python_dop_operator_3.py took 0.066 seconds
[2026-03-26T22:53:48.966+0000] {processor.py:161} INFO - Started process (PID=247) to work on /home/airflow/.local/lib/python3.8/site-packages/airflow/example_dags/example_branch_python_dop_operator_3.py
[2026-03-26T22:53:48.966+0000] {processor.py:830} INFO - Processing file /home/airflow/.local/lib/python3.8/site-packages/airflow/example_dags/example_branch_python_dop_operator_3.py for tasks to queue
[2026-03-26T22:53:48.968+0000] {logging_mixin.py:188} INFO - [2026-03-26T22:53:48.967+0000] {dagbag.py:538} INFO - Filling up the DagBag from /home/airflow/.local/lib/python3.8/site-packages/airflow/example_dags/example_branch_python_dop_operator_3.py
[2026-03-26T22:53:48.974+0000] {processor.py:840} INFO - DAG(s) 'example_branch_dop_operator_v3' retrieved from /home/airflow/.local/lib/python3.8/site-packages/airflow/example_dags/example_branch_python_dop_operator_3.py
[2026-03-26T22:53:48.990+0000] {logging_mixin.py:188} INFO - [2026-03-26T22:53:48.990+0000] {dag.py:3036} INFO - Sync 1 DAGs
[2026-03-26T22:53:49.012+0000] {logging_mixin.py:188} INFO - [2026-03-26T22:53:49.012+0000] {dag.py:3823} INFO - Setting next_dagrun for example_branch_dop_operator_v3 to 2026-03-26 22:52:00+00:00, run_after=2026-03-26 22:53:00+00:00
[2026-03-26T22:53:49.024+0000] {processor.py:183} INFO - Processing /home/airflow/.local/lib/python3.8/site-packages/airflow/example_dags/example_branch_python_dop_operator_3.py took 0.060 seconds
[2026-03-26T22:54:19.842+0000] {processor.py:161} INFO - Started process (PID=302) to work on /home/airflow/.local/lib/python3.8/site-packages/airflow/example_dags/example_branch_python_dop_operator_3.py
[2026-03-26T22:54:19.843+0000] {processor.py:830} INFO - Processing file /home/airflow/.local/lib/python3.8/site-packages/airflow/example_dags/example_branch_python_dop_operator_3.py for tasks to queue
[2026-03-26T22:54:19.844+0000] {logging_mixin.py:188} INFO - [2026-03-26T22:54:19.844+0000] {dagbag.py:538} INFO - Filling up the DagBag from /home/airflow/.local/lib/python3.8/site-packages/airflow/example_dags/example_branch_python_dop_operator_3.py
[2026-03-26T22:54:19.849+0000] {processor.py:840} INFO - DAG(s) 'example_branch_dop_operator_v3' retrieved from /home/airflow/.local/lib/python3.8/site-packages/airflow/example_dags/example_branch_python_dop_operator_3.py
[2026-03-26T22:54:19.864+0000] {logging_mixin.py:188} INFO - [2026-03-26T22:54:19.864+0000] {dag.py:3036} INFO - Sync 1 DAGs
[2026-03-26T22:54:19.880+0000] {logging_mixin.py:188} INFO - [2026-03-26T22:54:19.880+0000] {dag.py:3823} INFO - Setting next_dagrun for example_branch_dop_operator_v3 to 2026-03-26 22:53:00+00:00, run_after=2026-03-26 22:54:00+00:00
[2026-03-26T22:54:19.892+0000] {processor.py:183} INFO - Processing /home/airflow/.local/lib/python3.8/site-packages/airflow/example_dags/example_branch_python_dop_operator_3.py took 0.052 seconds
[2026-03-26T22:54:50.415+0000] {processor.py:161} INFO - Started process (PID=357) to work on /home/airflow/.local/lib/python3.8/site-packages/airflow/example_dags/example_branch_python_dop_operator_3.py
[2026-03-26T22:54:50.416+0000] {processor.py:830} INFO - Processing file /home/airflow/.local/lib/python3.8/site-packages/airflow/example_dags/example_branch_python_dop_operator_3.py for tasks to queue
[2026-03-26T22:54:50.417+0000] {logging_mixin.py:188} INFO - [2026-03-26T22:54:50.417+0000] {dagbag.py:538} INFO - Filling up the DagBag from /home/airflow/.local/lib/python3.8/site-packages/airflow/example_dags/example_branch_python_dop_operator_3.py
[2026-03-26T22:54:50.423+0000] {processor.py:840} INFO - DAG(s) 'example_branch_dop_operator_v3' retrieved from /home/airflow/.local/lib/python3.8/site-packages/airflow/example_dags/example_branch_python_dop_operator_3.py
[2026-03-26T22:54:50.438+0000] {logging_mixin.py:188} INFO - [2026-03-26T22:54:50.438+0000] {dag.py:3036} INFO - Sync 1 DAGs
[2026-03-26T22:54:50.452+0000] {logging_mixin.py:188} INFO - [2026-03-26T22:54:50.452+0000] {dag.py:3823} INFO - Setting next_dagrun for example_branch_dop_operator_v3 to 2026-03-26 22:53:00+00:00, run_after=2026-03-26 22:54:00+00:00
[2026-03-26T22:54:50.465+0000] {processor.py:183} INFO - Processing /home/airflow/.local/lib/python3.8/site-packages/airflow/example_dags/example_branch_python_dop_operator_3.py took 0.053 seconds
[2026-03-26T22:55:20.999+0000] {processor.py:161} INFO - Started process (PID=412) to work on /home/airflow/.local/lib/python3.8/site-packages/airflow/example_dags/example_branch_python_dop_operator_3.py
[2026-03-26T22:55:21.000+0000] {processor.py:830} INFO - Processing file /home/airflow/.local/lib/python3.8/site-packages/airflow/example_dags/example_branch_python_dop_operator_3.py for tasks to queue
[2026-03-26T22:55:21.001+0000] {logging_mixin.py:188} INFO - [2026-03-26T22:55:21.001+0000] {dagbag.py:538} INFO - Filling up the DagBag from /home/airflow/.local/lib/python3.8/site-packages/airflow/example_dags/example_branch_python_dop_operator_3.py
[2026-03-26T22:55:21.007+0000] {processor.py:840} INFO - DAG(s) 'example_branch_dop_operator_v3' retrieved from /home/airflow/.local/lib/python3.8/site-packages/airflow/example_dags/example_branch_python_dop_operator_3.py
[2026-03-26T22:55:21.020+0000] {logging_mixin.py:188} INFO - [2026-03-26T22:55:21.020+0000] {dag.py:3036} INFO - Sync 1 DAGs
[2026-03-26T22:55:21.034+0000] {logging_mixin.py:188} INFO - [2026-03-26T22:55:21.034+0000] {dag.py:3823} INFO - Setting next_dagrun for example_branch_dop_operator_v3 to 2026-03-26 22:54:00+00:00, run_after=2026-03-26 22:55:00+00:00
[2026-03-26T22:55:21.045+0000] {processor.py:183} INFO - Processing /home/airflow/.local/lib/python3.8/site-packages/airflow/example_dags/example_branch_python_dop_operator_3.py took 0.048 seconds
[2026-03-26T22:55:51.583+0000] {processor.py:161} INFO - Started process (PID=467) to work on /home/airflow/.local/lib/python3.8/site-packages/airflow/example_dags/example_branch_python_dop_operator_3.py
[2026-03-26T22:55:51.584+0000] {processor.py:830} INFO - Processing file /home/airflow/.local/lib/python3.8/site-packages/airflow/example_dags/example_branch_python_dop_operator_3.py for tasks to queue
[2026-03-26T22:55:51.585+0000] {logging_mixin.py:188} INFO - [2026-03-26T22:55:51.585+0000] {dagbag.py:538} INFO - Filling up the DagBag from /home/airflow/.local/lib/python3.8/site-packages/airflow/example_dags/example_branch_python_dop_operator_3.py
[2026-03-26T22:55:51.591+0000] {processor.py:840} INFO - DAG(s) 'example_branch_dop_operator_v3' retrieved from /home/airflow/.local/lib/python3.8/site-packages/airflow/example_dags/example_branch_python_dop_operator_3.py
[2026-03-26T22:55:51.605+0000] {logging_mixin.py:188} INFO - [2026-03-26T22:55:51.605+0000] {dag.py:3036} INFO - Sync 1 DAGs
[2026-03-26T22:55:51.619+0000] {logging_mixin.py:188} INFO - [2026-03-26T22:55:51.619+0000] {dag.py:3823} INFO - Setting next_dagrun for example_branch_dop_operator_v3 to 2026-03-26 22:54:00+00:00, run_after=2026-03-26 22:55:00+00:00
[2026-03-26T22:55:51.630+0000] {processor.py:183} INFO - Processing /home/airflow/.local/lib/python3.8/site-packages/airflow/example_dags/example_branch_python_dop_operator_3.py took 0.049 seconds
[2026-03-26T22:56:22.297+0000] {processor.py:161} INFO - Started process (PID=521) to work on /home/airflow/.local/lib/python3.8/site-packages/airflow/example_dags/example_branch_python_dop_operator_3.py
[2026-03-26T22:56:22.297+0000] {processor.py:830} INFO - Processing file /home/airflow/.local/lib/python3.8/site-packages/airflow/example_dags/example_branch_python_dop_operator_3.py for tasks to queue
[2026-03-26T22:56:22.299+0000] {logging_mixin.py:188} INFO - [2026-03-26T22:56:22.298+0000] {dagbag.py:538} INFO - Filling up the DagBag from /home/airflow/.local/lib/python3.8/site-packages/airflow/example_dags/example_branch_python_dop_operator_3.py
[2026-03-26T22:56:22.305+0000] {processor.py:840} INFO - DAG(s) 'example_branch_dop_operator_v3' retrieved from /home/airflow/.local/lib/python3.8/site-packages/airflow/example_dags/example_branch_python_dop_operator_3.py
[2026-03-26T22:56:22.318+0000] {logging_mixin.py:188} INFO - [2026-03-26T22:56:22.318+0000] {dag.py:3036} INFO - Sync 1 DAGs
[2026-03-26T22:56:22.335+0000] {logging_mixin.py:188} INFO - [2026-03-26T22:56:22.335+0000] {dag.py:3823} INFO - Setting next_dagrun for example_branch_dop_operator_v3 to 2026-03-26 22:55:00+00:00, run_after=2026-03-26 22:56:00+00:00
[2026-03-26T22:56:22.347+0000] {processor.py:183} INFO - Processing /home/airflow/.local/lib/python3.8/site-packages/airflow/example_dags/example_branch_python_dop_operator_3.py took 0.053 seconds
[2026-03-26T22:56:52.985+0000] {processor.py:161} INFO - Started process (PID=576) to work on /home/airflow/.local/lib/python3.8/site-packages/airflow/example_dags/example_branch_python_dop_operator_3.py
[2026-03-26T22:56:52.986+0000] {processor.py:830} INFO - Processing file /home/airflow/.local/lib/python3.8/site-packages/airflow/example_dags/example_branch_python_dop_operator_3.py for tasks to queue
[2026-03-26T22:56:52.987+0000] {logging_mixin.py:188} INFO - [2026-03-26T22:56:52.987+0000] {dagbag.py:538} INFO - Filling up the DagBag from /home/airflow/.local/lib/python3.8/site-packages/airflow/example_dags/example_branch_python_dop_operator_3.py
[2026-03-26T22:56:52.994+0000] {processor.py:840} INFO - DAG(s) 'example_branch_dop_operator_v3' retrieved from /home/airflow/.local/lib/python3.8/site-packages/airflow/example_dags/example_branch_python_dop_operator_3.py
[2026-03-26T22:56:53.008+0000] {logging_mixin.py:188} INFO - [2026-03-26T22:56:53.008+0000] {dag.py:3036} INFO - Sync 1 DAGs
[2026-03-26T22:56:53.022+0000] {logging_mixin.py:188} INFO - [2026-03-26T22:56:53.022+0000] {dag.py:3823} INFO - Setting next_dagrun for example_branch_dop_operator_v3 to 2026-03-26 22:55:00+00:00, run_after=2026-03-26 22:56:00+00:00
[2026-03-26T22:56:53.033+0000] {processor.py:183} INFO - Processing /home/airflow/.local/lib/python3.8/site-packages/airflow/example_dags/example_branch_python_dop_operator_3.py took 0.050 seconds
[2026-03-26T22:57:23.576+0000] {processor.py:161} INFO - Started process (PID=631) to work on /home/airflow/.local/lib/python3.8/site-packages/airflow/example_dags/example_branch_python_dop_operator_3.py
[2026-03-26T22:57:23.576+0000] {processor.py:830} INFO - Processing file /home/airflow/.local/lib/python3.8/site-packages/airflow/example_dags/example_branch_python_dop_operator_3.py for tasks to queue
[2026-03-26T22:57:23.578+0000] {logging_mixin.py:188} INFO - [2026-03-26T22:57:23.577+0000] {dagbag.py:538} INFO - Filling up the DagBag from /home/airflow/.local/lib/python3.8/site-packages/airflow/example_dags/example_branch_python_dop_operator_3.py
[2026-03-26T22:57:23.583+0000] {processor.py:840} INFO - DAG(s) 'example_branch_dop_operator_v3' retrieved from /home/airflow/.local/lib/python3.8/site-packages/airflow/example_dags/example_branch_python_dop_operator_3.py
[2026-03-26T22:57:23.596+0000] {logging_mixin.py:188} INFO - [2026-03-26T22:57:23.596+0000] {dag.py:3036} INFO - Sync 1 DAGs
[2026-03-26T22:57:23.610+0000] {logging_mixin.py:188} INFO - [2026-03-26T22:57:23.610+0000] {dag.py:3823} INFO - Setting next_dagrun for example_branch_dop_operator_v3 to 2026-03-26 22:56:00+00:00, run_after=2026-03-26 22:57:00+00:00
[2026-03-26T22:57:23.621+0000] {processor.py:183} INFO - Processing /home/airflow/.local/lib/python3.8/site-packages/airflow/example_dags/example_branch_python_dop_operator_3.py took 0.047 seconds
[2026-03-26T22:57:54.254+0000] {processor.py:161} INFO - Started process (PID=686) to work on /home/airflow/.local/lib/python3.8/site-packages/airflow/example_dags/example_branch_python_dop_operator_3.py
[2026-03-26T22:57:54.254+0000] {processor.py:830} INFO - Processing file /home/airflow/.local/lib/python3.8/site-packages/airflow/example_dags/example_branch_python_dop_operator_3.py for tasks to queue
[2026-03-26T22:57:54.255+0000] {logging_mixin.py:188} INFO - [2026-03-26T22:57:54.255+0000] {dagbag.py:538} INFO - Filling up the DagBag from /home/airflow/.local/lib/python3.8/site-packages/airflow/example_dags/example_branch_python_dop_operator_3.py
[2026-03-26T22:57:54.261+0000] {processor.py:840} INFO - DAG(s) 'example_branch_dop_operator_v3' retrieved from /home/airflow/.local/lib/python3.8/site-packages/airflow/example_dags/example_branch_python_dop_operator_3.py
[2026-03-26T22:57:54.274+0000] {logging_mixin.py:188} INFO - [2026-03-26T22:57:54.274+0000] {dag.py:3036} INFO - Sync 1 DAGs
[2026-03-26T22:57:54.287+0000] {logging_mixin.py:188} INFO - [2026-03-26T22:57:54.287+0000] {dag.py:3823} INFO - Setting next_dagrun for example_branch_dop_operator_v3 to 2026-03-26 22:56:00+00:00, run_after=2026-03-26 22:57:00+00:00
[2026-03-26T22:57:54.299+0000] {processor.py:183} INFO - Processing /home/airflow/.local/lib/python3.8/site-packages/airflow/example_dags/example_branch_python_dop_operator_3.py took 0.048 seconds
[2026-03-26T22:58:24.859+0000] {processor.py:161} INFO - Started process (PID=741) to work on /home/airflow/.local/lib/python3.8/site-packages/airflow/example_dags/example_branch_python_dop_operator_3.py
[2026-03-26T22:58:24.860+0000] {processor.py:830} INFO - Processing file /home/airflow/.local/lib/python3.8/site-packages/airflow/example_dags/example_branch_python_dop_operator_3.py for tasks to queue
[2026-03-26T22:58:24.862+0000] {logging_mixin.py:188} INFO - [2026-03-26T22:58:24.861+0000] {dagbag.py:538} INFO - Filling up the DagBag from /home/airflow/.local/lib/python3.8/site-packages/airflow/example_dags/example_branch_python_dop_operator_3.py
[2026-03-26T22:58:24.867+0000] {processor.py:840} INFO - DAG(s) 'example_branch_dop_operator_v3' retrieved from /home/airflow/.local/lib/python3.8/site-packages/airflow/example_dags/example_branch_python_dop_operator_3.py
[2026-03-26T22:58:24.877+0000] {logging_mixin.py:188} INFO - [2026-03-26T22:58:24.876+0000] {dag.py:3036} INFO - Sync 1 DAGs
[2026-03-26T22:58:24.893+0000] {logging_mixin.py:188} INFO - [2026-03-26T22:58:24.893+0000] {dag.py:3823} INFO - Setting next_dagrun for example_branch_dop_operator_v3 to 2026-03-26 22:57:00+00:00, run_after=2026-03-26 22:58:00+00:00
[2026-03-26T22:58:24.904+0000] {processor.py:183} INFO - Processing /home/airflow/.local/lib/python3.8/site-packages/airflow/example_dags/example_branch_python_dop_operator_3.py took 0.047 seconds
