[2026-03-26T22:45:50.453+0000] {processor.py:161} INFO - Started process (PID=65) to work on /home/airflow/.local/lib/python3.8/site-packages/airflow/example_dags/example_datasets.py
[2026-03-26T22:45:50.453+0000] {processor.py:830} INFO - Processing file /home/airflow/.local/lib/python3.8/site-packages/airflow/example_dags/example_datasets.py for tasks to queue
[2026-03-26T22:45:50.455+0000] {logging_mixin.py:188} INFO - [2026-03-26T22:45:50.455+0000] {dagbag.py:538} INFO - Filling up the DagBag from /home/airflow/.local/lib/python3.8/site-packages/airflow/example_dags/example_datasets.py
[2026-03-26T22:45:50.465+0000] {processor.py:840} INFO - DAG(s) 'dataset_consumes_1_and_2', 'dataset_consumes_unknown_never_scheduled', 'dataset_produces_2', 'dataset_produces_1', 'dataset_consumes_1', 'dataset_consumes_1_never_scheduled' retrieved from /home/airflow/.local/lib/python3.8/site-packages/airflow/example_dags/example_datasets.py
[2026-03-26T22:45:50.476+0000] {logging_mixin.py:188} INFO - [2026-03-26T22:45:50.476+0000] {dag.py:3036} INFO - Sync 6 DAGs
[2026-03-26T22:45:50.491+0000] {logging_mixin.py:188} INFO - [2026-03-26T22:45:50.491+0000] {dag.py:3823} INFO - Setting next_dagrun for dataset_consumes_1 to None, run_after=None
[2026-03-26T22:45:50.493+0000] {logging_mixin.py:188} INFO - [2026-03-26T22:45:50.493+0000] {dag.py:3823} INFO - Setting next_dagrun for dataset_consumes_1_and_2 to None, run_after=None
[2026-03-26T22:45:50.494+0000] {logging_mixin.py:188} INFO - [2026-03-26T22:45:50.493+0000] {dag.py:3823} INFO - Setting next_dagrun for dataset_consumes_1_never_scheduled to None, run_after=None
[2026-03-26T22:45:50.494+0000] {logging_mixin.py:188} INFO - [2026-03-26T22:45:50.494+0000] {dag.py:3823} INFO - Setting next_dagrun for dataset_consumes_unknown_never_scheduled to None, run_after=None
[2026-03-26T22:45:50.496+0000] {logging_mixin.py:188} INFO - [2026-03-26T22:45:50.495+0000] {dag.py:3823} INFO - Setting next_dagrun for dataset_produces_1 to 2026-03-25 00:00:00+00:00, run_after=2026-03-26 00:00:00+00:00
[2026-03-26T22:45:50.496+0000] {logging_mixin.py:188} INFO - [2026-03-26T22:45:50.496+0000] {dag.py:3823} INFO - Setting next_dagrun for dataset_produces_2 to None, run_after=None
[2026-03-26T22:45:50.518+0000] {processor.py:183} INFO - Processing /home/airflow/.local/lib/python3.8/site-packages/airflow/example_dags/example_datasets.py took 0.068 seconds
[2026-03-26T22:46:22.492+0000] {processor.py:161} INFO - Started process (PID=120) to work on /home/airflow/.local/lib/python3.8/site-packages/airflow/example_dags/example_datasets.py
[2026-03-26T22:46:22.495+0000] {processor.py:830} INFO - Processing file /home/airflow/.local/lib/python3.8/site-packages/airflow/example_dags/example_datasets.py for tasks to queue
[2026-03-26T22:46:22.499+0000] {logging_mixin.py:188} INFO - [2026-03-26T22:46:22.499+0000] {dagbag.py:538} INFO - Filling up the DagBag from /home/airflow/.local/lib/python3.8/site-packages/airflow/example_dags/example_datasets.py
[2026-03-26T22:46:22.507+0000] {processor.py:840} INFO - DAG(s) 'dataset_produces_1', 'dataset_consumes_unknown_never_scheduled', 'dataset_consumes_1', 'dataset_consumes_1_never_scheduled', 'dataset_consumes_1_and_2', 'dataset_produces_2' retrieved from /home/airflow/.local/lib/python3.8/site-packages/airflow/example_dags/example_datasets.py
[2026-03-26T22:46:22.635+0000] {logging_mixin.py:188} INFO - [2026-03-26T22:46:22.635+0000] {dag.py:3036} INFO - Sync 6 DAGs
[2026-03-26T22:46:22.654+0000] {logging_mixin.py:188} INFO - [2026-03-26T22:46:22.654+0000] {dag.py:3823} INFO - Setting next_dagrun for dataset_consumes_1 to None, run_after=None
[2026-03-26T22:46:22.660+0000] {logging_mixin.py:188} INFO - [2026-03-26T22:46:22.659+0000] {dag.py:3823} INFO - Setting next_dagrun for dataset_consumes_1_and_2 to None, run_after=None
[2026-03-26T22:46:22.660+0000] {logging_mixin.py:188} INFO - [2026-03-26T22:46:22.660+0000] {dag.py:3823} INFO - Setting next_dagrun for dataset_consumes_1_never_scheduled to None, run_after=None
[2026-03-26T22:46:22.661+0000] {logging_mixin.py:188} INFO - [2026-03-26T22:46:22.661+0000] {dag.py:3823} INFO - Setting next_dagrun for dataset_consumes_unknown_never_scheduled to None, run_after=None
[2026-03-26T22:46:22.663+0000] {logging_mixin.py:188} INFO - [2026-03-26T22:46:22.662+0000] {dag.py:3823} INFO - Setting next_dagrun for dataset_produces_1 to 2026-03-25 00:00:00+00:00, run_after=2026-03-26 00:00:00+00:00
[2026-03-26T22:46:22.663+0000] {logging_mixin.py:188} INFO - [2026-03-26T22:46:22.663+0000] {dag.py:3823} INFO - Setting next_dagrun for dataset_produces_2 to None, run_after=None
[2026-03-26T22:46:22.691+0000] {processor.py:183} INFO - Processing /home/airflow/.local/lib/python3.8/site-packages/airflow/example_dags/example_datasets.py took 0.204 seconds
[2026-03-26T22:46:53.109+0000] {processor.py:161} INFO - Started process (PID=175) to work on /home/airflow/.local/lib/python3.8/site-packages/airflow/example_dags/example_datasets.py
[2026-03-26T22:46:53.109+0000] {processor.py:830} INFO - Processing file /home/airflow/.local/lib/python3.8/site-packages/airflow/example_dags/example_datasets.py for tasks to queue
[2026-03-26T22:46:53.111+0000] {logging_mixin.py:188} INFO - [2026-03-26T22:46:53.110+0000] {dagbag.py:538} INFO - Filling up the DagBag from /home/airflow/.local/lib/python3.8/site-packages/airflow/example_dags/example_datasets.py
[2026-03-26T22:46:53.117+0000] {processor.py:840} INFO - DAG(s) 'dataset_consumes_unknown_never_scheduled', 'dataset_produces_1', 'dataset_consumes_1_never_scheduled', 'dataset_consumes_1', 'dataset_consumes_1_and_2', 'dataset_produces_2' retrieved from /home/airflow/.local/lib/python3.8/site-packages/airflow/example_dags/example_datasets.py
[2026-03-26T22:46:53.139+0000] {logging_mixin.py:188} INFO - [2026-03-26T22:46:53.139+0000] {dag.py:3036} INFO - Sync 6 DAGs
[2026-03-26T22:46:53.152+0000] {logging_mixin.py:188} INFO - [2026-03-26T22:46:53.152+0000] {dag.py:3823} INFO - Setting next_dagrun for dataset_consumes_1 to None, run_after=None
[2026-03-26T22:46:53.154+0000] {logging_mixin.py:188} INFO - [2026-03-26T22:46:53.154+0000] {dag.py:3823} INFO - Setting next_dagrun for dataset_consumes_1_and_2 to None, run_after=None
[2026-03-26T22:46:53.154+0000] {logging_mixin.py:188} INFO - [2026-03-26T22:46:53.154+0000] {dag.py:3823} INFO - Setting next_dagrun for dataset_consumes_1_never_scheduled to None, run_after=None
[2026-03-26T22:46:53.155+0000] {logging_mixin.py:188} INFO - [2026-03-26T22:46:53.155+0000] {dag.py:3823} INFO - Setting next_dagrun for dataset_consumes_unknown_never_scheduled to None, run_after=None
[2026-03-26T22:46:53.156+0000] {logging_mixin.py:188} INFO - [2026-03-26T22:46:53.156+0000] {dag.py:3823} INFO - Setting next_dagrun for dataset_produces_1 to 2026-03-25 00:00:00+00:00, run_after=2026-03-26 00:00:00+00:00
[2026-03-26T22:46:53.157+0000] {logging_mixin.py:188} INFO - [2026-03-26T22:46:53.157+0000] {dag.py:3823} INFO - Setting next_dagrun for dataset_produces_2 to None, run_after=None
[2026-03-26T22:46:53.176+0000] {processor.py:183} INFO - Processing /home/airflow/.local/lib/python3.8/site-packages/airflow/example_dags/example_datasets.py took 0.070 seconds
[2026-03-26T22:47:23.366+0000] {processor.py:161} INFO - Started process (PID=230) to work on /home/airflow/.local/lib/python3.8/site-packages/airflow/example_dags/example_datasets.py
[2026-03-26T22:47:23.370+0000] {processor.py:830} INFO - Processing file /home/airflow/.local/lib/python3.8/site-packages/airflow/example_dags/example_datasets.py for tasks to queue
[2026-03-26T22:47:23.371+0000] {logging_mixin.py:188} INFO - [2026-03-26T22:47:23.371+0000] {dagbag.py:538} INFO - Filling up the DagBag from /home/airflow/.local/lib/python3.8/site-packages/airflow/example_dags/example_datasets.py
[2026-03-26T22:47:23.378+0000] {processor.py:840} INFO - DAG(s) 'dataset_produces_1', 'dataset_consumes_1_never_scheduled', 'dataset_consumes_unknown_never_scheduled', 'dataset_produces_2', 'dataset_consumes_1', 'dataset_consumes_1_and_2' retrieved from /home/airflow/.local/lib/python3.8/site-packages/airflow/example_dags/example_datasets.py
[2026-03-26T22:47:23.411+0000] {logging_mixin.py:188} INFO - [2026-03-26T22:47:23.411+0000] {dag.py:3036} INFO - Sync 6 DAGs
[2026-03-26T22:47:23.428+0000] {logging_mixin.py:188} INFO - [2026-03-26T22:47:23.428+0000] {dag.py:3823} INFO - Setting next_dagrun for dataset_consumes_1 to None, run_after=None
[2026-03-26T22:47:23.431+0000] {logging_mixin.py:188} INFO - [2026-03-26T22:47:23.430+0000] {dag.py:3823} INFO - Setting next_dagrun for dataset_consumes_1_and_2 to None, run_after=None
[2026-03-26T22:47:23.431+0000] {logging_mixin.py:188} INFO - [2026-03-26T22:47:23.431+0000] {dag.py:3823} INFO - Setting next_dagrun for dataset_consumes_1_never_scheduled to None, run_after=None
[2026-03-26T22:47:23.434+0000] {logging_mixin.py:188} INFO - [2026-03-26T22:47:23.434+0000] {dag.py:3823} INFO - Setting next_dagrun for dataset_consumes_unknown_never_scheduled to None, run_after=None
[2026-03-26T22:47:23.435+0000] {logging_mixin.py:188} INFO - [2026-03-26T22:47:23.435+0000] {dag.py:3823} INFO - Setting next_dagrun for dataset_produces_1 to 2026-03-25 00:00:00+00:00, run_after=2026-03-26 00:00:00+00:00
[2026-03-26T22:47:23.436+0000] {logging_mixin.py:188} INFO - [2026-03-26T22:47:23.436+0000] {dag.py:3823} INFO - Setting next_dagrun for dataset_produces_2 to None, run_after=None
[2026-03-26T22:47:23.460+0000] {processor.py:183} INFO - Processing /home/airflow/.local/lib/python3.8/site-packages/airflow/example_dags/example_datasets.py took 0.096 seconds
[2026-03-26T22:47:53.633+0000] {processor.py:161} INFO - Started process (PID=285) to work on /home/airflow/.local/lib/python3.8/site-packages/airflow/example_dags/example_datasets.py
[2026-03-26T22:47:53.634+0000] {processor.py:830} INFO - Processing file /home/airflow/.local/lib/python3.8/site-packages/airflow/example_dags/example_datasets.py for tasks to queue
[2026-03-26T22:47:53.635+0000] {logging_mixin.py:188} INFO - [2026-03-26T22:47:53.635+0000] {dagbag.py:538} INFO - Filling up the DagBag from /home/airflow/.local/lib/python3.8/site-packages/airflow/example_dags/example_datasets.py
[2026-03-26T22:47:53.641+0000] {processor.py:840} INFO - DAG(s) 'dataset_consumes_1', 'dataset_produces_2', 'dataset_consumes_1_never_scheduled', 'dataset_consumes_unknown_never_scheduled', 'dataset_produces_1', 'dataset_consumes_1_and_2' retrieved from /home/airflow/.local/lib/python3.8/site-packages/airflow/example_dags/example_datasets.py
[2026-03-26T22:47:53.660+0000] {logging_mixin.py:188} INFO - [2026-03-26T22:47:53.660+0000] {dag.py:3036} INFO - Sync 6 DAGs
[2026-03-26T22:47:53.672+0000] {logging_mixin.py:188} INFO - [2026-03-26T22:47:53.672+0000] {dag.py:3823} INFO - Setting next_dagrun for dataset_consumes_1 to None, run_after=None
[2026-03-26T22:47:53.675+0000] {logging_mixin.py:188} INFO - [2026-03-26T22:47:53.674+0000] {dag.py:3823} INFO - Setting next_dagrun for dataset_consumes_1_and_2 to None, run_after=None
[2026-03-26T22:47:53.675+0000] {logging_mixin.py:188} INFO - [2026-03-26T22:47:53.675+0000] {dag.py:3823} INFO - Setting next_dagrun for dataset_consumes_1_never_scheduled to None, run_after=None
[2026-03-26T22:47:53.676+0000] {logging_mixin.py:188} INFO - [2026-03-26T22:47:53.676+0000] {dag.py:3823} INFO - Setting next_dagrun for dataset_consumes_unknown_never_scheduled to None, run_after=None
[2026-03-26T22:47:53.677+0000] {logging_mixin.py:188} INFO - [2026-03-26T22:47:53.677+0000] {dag.py:3823} INFO - Setting next_dagrun for dataset_produces_1 to 2026-03-25 00:00:00+00:00, run_after=2026-03-26 00:00:00+00:00
[2026-03-26T22:47:53.677+0000] {logging_mixin.py:188} INFO - [2026-03-26T22:47:53.677+0000] {dag.py:3823} INFO - Setting next_dagrun for dataset_produces_2 to None, run_after=None
[2026-03-26T22:47:53.693+0000] {processor.py:183} INFO - Processing /home/airflow/.local/lib/python3.8/site-packages/airflow/example_dags/example_datasets.py took 0.062 seconds
[2026-03-26T22:48:24.148+0000] {processor.py:161} INFO - Started process (PID=345) to work on /home/airflow/.local/lib/python3.8/site-packages/airflow/example_dags/example_datasets.py
[2026-03-26T22:48:24.148+0000] {processor.py:830} INFO - Processing file /home/airflow/.local/lib/python3.8/site-packages/airflow/example_dags/example_datasets.py for tasks to queue
[2026-03-26T22:48:24.150+0000] {logging_mixin.py:188} INFO - [2026-03-26T22:48:24.149+0000] {dagbag.py:538} INFO - Filling up the DagBag from /home/airflow/.local/lib/python3.8/site-packages/airflow/example_dags/example_datasets.py
[2026-03-26T22:48:24.155+0000] {processor.py:840} INFO - DAG(s) 'dataset_produces_1', 'dataset_consumes_1_never_scheduled', 'dataset_produces_2', 'dataset_consumes_1_and_2', 'dataset_consumes_unknown_never_scheduled', 'dataset_consumes_1' retrieved from /home/airflow/.local/lib/python3.8/site-packages/airflow/example_dags/example_datasets.py
[2026-03-26T22:48:24.176+0000] {logging_mixin.py:188} INFO - [2026-03-26T22:48:24.176+0000] {dag.py:3036} INFO - Sync 6 DAGs
[2026-03-26T22:48:24.190+0000] {logging_mixin.py:188} INFO - [2026-03-26T22:48:24.190+0000] {dag.py:3823} INFO - Setting next_dagrun for dataset_consumes_1 to None, run_after=None
[2026-03-26T22:48:24.192+0000] {logging_mixin.py:188} INFO - [2026-03-26T22:48:24.192+0000] {dag.py:3823} INFO - Setting next_dagrun for dataset_consumes_1_and_2 to None, run_after=None
[2026-03-26T22:48:24.193+0000] {logging_mixin.py:188} INFO - [2026-03-26T22:48:24.193+0000] {dag.py:3823} INFO - Setting next_dagrun for dataset_consumes_1_never_scheduled to None, run_after=None
[2026-03-26T22:48:24.193+0000] {logging_mixin.py:188} INFO - [2026-03-26T22:48:24.193+0000] {dag.py:3823} INFO - Setting next_dagrun for dataset_consumes_unknown_never_scheduled to None, run_after=None
[2026-03-26T22:48:24.194+0000] {logging_mixin.py:188} INFO - [2026-03-26T22:48:24.194+0000] {dag.py:3823} INFO - Setting next_dagrun for dataset_produces_1 to 2026-03-25 00:00:00+00:00, run_after=2026-03-26 00:00:00+00:00
[2026-03-26T22:48:24.195+0000] {logging_mixin.py:188} INFO - [2026-03-26T22:48:24.195+0000] {dag.py:3823} INFO - Setting next_dagrun for dataset_produces_2 to None, run_after=None
[2026-03-26T22:48:24.211+0000] {processor.py:183} INFO - Processing /home/airflow/.local/lib/python3.8/site-packages/airflow/example_dags/example_datasets.py took 0.065 seconds
[2026-03-26T22:48:54.725+0000] {processor.py:161} INFO - Started process (PID=400) to work on /home/airflow/.local/lib/python3.8/site-packages/airflow/example_dags/example_datasets.py
[2026-03-26T22:48:54.726+0000] {processor.py:830} INFO - Processing file /home/airflow/.local/lib/python3.8/site-packages/airflow/example_dags/example_datasets.py for tasks to queue
[2026-03-26T22:48:54.727+0000] {logging_mixin.py:188} INFO - [2026-03-26T22:48:54.727+0000] {dagbag.py:538} INFO - Filling up the DagBag from /home/airflow/.local/lib/python3.8/site-packages/airflow/example_dags/example_datasets.py
[2026-03-26T22:48:54.733+0000] {processor.py:840} INFO - DAG(s) 'dataset_consumes_1_never_scheduled', 'dataset_consumes_1', 'dataset_produces_1', 'dataset_produces_2', 'dataset_consumes_unknown_never_scheduled', 'dataset_consumes_1_and_2' retrieved from /home/airflow/.local/lib/python3.8/site-packages/airflow/example_dags/example_datasets.py
[2026-03-26T22:48:54.754+0000] {logging_mixin.py:188} INFO - [2026-03-26T22:48:54.754+0000] {dag.py:3036} INFO - Sync 6 DAGs
[2026-03-26T22:48:54.766+0000] {logging_mixin.py:188} INFO - [2026-03-26T22:48:54.766+0000] {dag.py:3823} INFO - Setting next_dagrun for dataset_consumes_1 to None, run_after=None
[2026-03-26T22:48:54.767+0000] {logging_mixin.py:188} INFO - [2026-03-26T22:48:54.767+0000] {dag.py:3823} INFO - Setting next_dagrun for dataset_consumes_1_and_2 to None, run_after=None
[2026-03-26T22:48:54.768+0000] {logging_mixin.py:188} INFO - [2026-03-26T22:48:54.768+0000] {dag.py:3823} INFO - Setting next_dagrun for dataset_consumes_1_never_scheduled to None, run_after=None
[2026-03-26T22:48:54.769+0000] {logging_mixin.py:188} INFO - [2026-03-26T22:48:54.769+0000] {dag.py:3823} INFO - Setting next_dagrun for dataset_consumes_unknown_never_scheduled to None, run_after=None
[2026-03-26T22:48:54.771+0000] {logging_mixin.py:188} INFO - [2026-03-26T22:48:54.771+0000] {dag.py:3823} INFO - Setting next_dagrun for dataset_produces_1 to 2026-03-25 00:00:00+00:00, run_after=2026-03-26 00:00:00+00:00
[2026-03-26T22:48:54.771+0000] {logging_mixin.py:188} INFO - [2026-03-26T22:48:54.771+0000] {dag.py:3823} INFO - Setting next_dagrun for dataset_produces_2 to None, run_after=None
[2026-03-26T22:48:54.788+0000] {processor.py:183} INFO - Processing /home/airflow/.local/lib/python3.8/site-packages/airflow/example_dags/example_datasets.py took 0.065 seconds
[2026-03-26T22:49:25.193+0000] {processor.py:161} INFO - Started process (PID=454) to work on /home/airflow/.local/lib/python3.8/site-packages/airflow/example_dags/example_datasets.py
[2026-03-26T22:49:25.194+0000] {processor.py:830} INFO - Processing file /home/airflow/.local/lib/python3.8/site-packages/airflow/example_dags/example_datasets.py for tasks to queue
[2026-03-26T22:49:25.195+0000] {logging_mixin.py:188} INFO - [2026-03-26T22:49:25.195+0000] {dagbag.py:538} INFO - Filling up the DagBag from /home/airflow/.local/lib/python3.8/site-packages/airflow/example_dags/example_datasets.py
[2026-03-26T22:49:25.201+0000] {processor.py:840} INFO - DAG(s) 'dataset_consumes_1_and_2', 'dataset_produces_1', 'dataset_consumes_1', 'dataset_consumes_unknown_never_scheduled', 'dataset_produces_2', 'dataset_consumes_1_never_scheduled' retrieved from /home/airflow/.local/lib/python3.8/site-packages/airflow/example_dags/example_datasets.py
[2026-03-26T22:49:25.221+0000] {logging_mixin.py:188} INFO - [2026-03-26T22:49:25.220+0000] {dag.py:3036} INFO - Sync 6 DAGs
[2026-03-26T22:49:25.233+0000] {logging_mixin.py:188} INFO - [2026-03-26T22:49:25.233+0000] {dag.py:3823} INFO - Setting next_dagrun for dataset_consumes_1 to None, run_after=None
[2026-03-26T22:49:25.235+0000] {logging_mixin.py:188} INFO - [2026-03-26T22:49:25.234+0000] {dag.py:3823} INFO - Setting next_dagrun for dataset_consumes_1_and_2 to None, run_after=None
[2026-03-26T22:49:25.235+0000] {logging_mixin.py:188} INFO - [2026-03-26T22:49:25.235+0000] {dag.py:3823} INFO - Setting next_dagrun for dataset_consumes_1_never_scheduled to None, run_after=None
[2026-03-26T22:49:25.236+0000] {logging_mixin.py:188} INFO - [2026-03-26T22:49:25.236+0000] {dag.py:3823} INFO - Setting next_dagrun for dataset_consumes_unknown_never_scheduled to None, run_after=None
[2026-03-26T22:49:25.238+0000] {logging_mixin.py:188} INFO - [2026-03-26T22:49:25.237+0000] {dag.py:3823} INFO - Setting next_dagrun for dataset_produces_1 to 2026-03-25 00:00:00+00:00, run_after=2026-03-26 00:00:00+00:00
[2026-03-26T22:49:25.238+0000] {logging_mixin.py:188} INFO - [2026-03-26T22:49:25.238+0000] {dag.py:3823} INFO - Setting next_dagrun for dataset_produces_2 to None, run_after=None
[2026-03-26T22:49:25.254+0000] {processor.py:183} INFO - Processing /home/airflow/.local/lib/python3.8/site-packages/airflow/example_dags/example_datasets.py took 0.063 seconds
[2026-03-26T22:49:55.696+0000] {processor.py:161} INFO - Started process (PID=509) to work on /home/airflow/.local/lib/python3.8/site-packages/airflow/example_dags/example_datasets.py
[2026-03-26T22:49:55.697+0000] {processor.py:830} INFO - Processing file /home/airflow/.local/lib/python3.8/site-packages/airflow/example_dags/example_datasets.py for tasks to queue
[2026-03-26T22:49:55.698+0000] {logging_mixin.py:188} INFO - [2026-03-26T22:49:55.698+0000] {dagbag.py:538} INFO - Filling up the DagBag from /home/airflow/.local/lib/python3.8/site-packages/airflow/example_dags/example_datasets.py
[2026-03-26T22:49:55.704+0000] {processor.py:840} INFO - DAG(s) 'dataset_produces_1', 'dataset_consumes_1_and_2', 'dataset_consumes_1_never_scheduled', 'dataset_produces_2', 'dataset_consumes_1', 'dataset_consumes_unknown_never_scheduled' retrieved from /home/airflow/.local/lib/python3.8/site-packages/airflow/example_dags/example_datasets.py
[2026-03-26T22:49:55.725+0000] {logging_mixin.py:188} INFO - [2026-03-26T22:49:55.725+0000] {dag.py:3036} INFO - Sync 6 DAGs
[2026-03-26T22:49:55.737+0000] {logging_mixin.py:188} INFO - [2026-03-26T22:49:55.737+0000] {dag.py:3823} INFO - Setting next_dagrun for dataset_consumes_1 to None, run_after=None
[2026-03-26T22:49:55.739+0000] {logging_mixin.py:188} INFO - [2026-03-26T22:49:55.739+0000] {dag.py:3823} INFO - Setting next_dagrun for dataset_consumes_1_and_2 to None, run_after=None
[2026-03-26T22:49:55.740+0000] {logging_mixin.py:188} INFO - [2026-03-26T22:49:55.739+0000] {dag.py:3823} INFO - Setting next_dagrun for dataset_consumes_1_never_scheduled to None, run_after=None
[2026-03-26T22:49:55.741+0000] {logging_mixin.py:188} INFO - [2026-03-26T22:49:55.740+0000] {dag.py:3823} INFO - Setting next_dagrun for dataset_consumes_unknown_never_scheduled to None, run_after=None
[2026-03-26T22:49:55.742+0000] {logging_mixin.py:188} INFO - [2026-03-26T22:49:55.742+0000] {dag.py:3823} INFO - Setting next_dagrun for dataset_produces_1 to 2026-03-25 00:00:00+00:00, run_after=2026-03-26 00:00:00+00:00
[2026-03-26T22:49:55.743+0000] {logging_mixin.py:188} INFO - [2026-03-26T22:49:55.743+0000] {dag.py:3823} INFO - Setting next_dagrun for dataset_produces_2 to None, run_after=None
[2026-03-26T22:49:55.760+0000] {processor.py:183} INFO - Processing /home/airflow/.local/lib/python3.8/site-packages/airflow/example_dags/example_datasets.py took 0.066 seconds
[2026-03-26T22:50:26.347+0000] {processor.py:161} INFO - Started process (PID=564) to work on /home/airflow/.local/lib/python3.8/site-packages/airflow/example_dags/example_datasets.py
[2026-03-26T22:50:26.347+0000] {processor.py:830} INFO - Processing file /home/airflow/.local/lib/python3.8/site-packages/airflow/example_dags/example_datasets.py for tasks to queue
[2026-03-26T22:50:26.349+0000] {logging_mixin.py:188} INFO - [2026-03-26T22:50:26.348+0000] {dagbag.py:538} INFO - Filling up the DagBag from /home/airflow/.local/lib/python3.8/site-packages/airflow/example_dags/example_datasets.py
[2026-03-26T22:50:26.354+0000] {processor.py:840} INFO - DAG(s) 'dataset_produces_1', 'dataset_consumes_1', 'dataset_consumes_1_never_scheduled', 'dataset_consumes_1_and_2', 'dataset_produces_2', 'dataset_consumes_unknown_never_scheduled' retrieved from /home/airflow/.local/lib/python3.8/site-packages/airflow/example_dags/example_datasets.py
[2026-03-26T22:50:26.376+0000] {logging_mixin.py:188} INFO - [2026-03-26T22:50:26.376+0000] {dag.py:3036} INFO - Sync 6 DAGs
[2026-03-26T22:50:26.388+0000] {logging_mixin.py:188} INFO - [2026-03-26T22:50:26.388+0000] {dag.py:3823} INFO - Setting next_dagrun for dataset_consumes_1 to None, run_after=None
[2026-03-26T22:50:26.390+0000] {logging_mixin.py:188} INFO - [2026-03-26T22:50:26.390+0000] {dag.py:3823} INFO - Setting next_dagrun for dataset_consumes_1_and_2 to None, run_after=None
[2026-03-26T22:50:26.390+0000] {logging_mixin.py:188} INFO - [2026-03-26T22:50:26.390+0000] {dag.py:3823} INFO - Setting next_dagrun for dataset_consumes_1_never_scheduled to None, run_after=None
[2026-03-26T22:50:26.391+0000] {logging_mixin.py:188} INFO - [2026-03-26T22:50:26.391+0000] {dag.py:3823} INFO - Setting next_dagrun for dataset_consumes_unknown_never_scheduled to None, run_after=None
[2026-03-26T22:50:26.392+0000] {logging_mixin.py:188} INFO - [2026-03-26T22:50:26.392+0000] {dag.py:3823} INFO - Setting next_dagrun for dataset_produces_1 to 2026-03-25 00:00:00+00:00, run_after=2026-03-26 00:00:00+00:00
[2026-03-26T22:50:26.393+0000] {logging_mixin.py:188} INFO - [2026-03-26T22:50:26.393+0000] {dag.py:3823} INFO - Setting next_dagrun for dataset_produces_2 to None, run_after=None
[2026-03-26T22:50:26.409+0000] {processor.py:183} INFO - Processing /home/airflow/.local/lib/python3.8/site-packages/airflow/example_dags/example_datasets.py took 0.065 seconds
[2026-03-26T22:50:57.159+0000] {processor.py:161} INFO - Started process (PID=619) to work on /home/airflow/.local/lib/python3.8/site-packages/airflow/example_dags/example_datasets.py
[2026-03-26T22:50:57.160+0000] {processor.py:830} INFO - Processing file /home/airflow/.local/lib/python3.8/site-packages/airflow/example_dags/example_datasets.py for tasks to queue
[2026-03-26T22:50:57.161+0000] {logging_mixin.py:188} INFO - [2026-03-26T22:50:57.161+0000] {dagbag.py:538} INFO - Filling up the DagBag from /home/airflow/.local/lib/python3.8/site-packages/airflow/example_dags/example_datasets.py
[2026-03-26T22:50:57.166+0000] {processor.py:840} INFO - DAG(s) 'dataset_produces_2', 'dataset_consumes_1', 'dataset_consumes_1_and_2', 'dataset_consumes_1_never_scheduled', 'dataset_consumes_unknown_never_scheduled', 'dataset_produces_1' retrieved from /home/airflow/.local/lib/python3.8/site-packages/airflow/example_dags/example_datasets.py
[2026-03-26T22:50:57.187+0000] {logging_mixin.py:188} INFO - [2026-03-26T22:50:57.187+0000] {dag.py:3036} INFO - Sync 6 DAGs
[2026-03-26T22:50:57.200+0000] {logging_mixin.py:188} INFO - [2026-03-26T22:50:57.199+0000] {dag.py:3823} INFO - Setting next_dagrun for dataset_consumes_1 to None, run_after=None
[2026-03-26T22:50:57.202+0000] {logging_mixin.py:188} INFO - [2026-03-26T22:50:57.201+0000] {dag.py:3823} INFO - Setting next_dagrun for dataset_consumes_1_and_2 to None, run_after=None
[2026-03-26T22:50:57.202+0000] {logging_mixin.py:188} INFO - [2026-03-26T22:50:57.202+0000] {dag.py:3823} INFO - Setting next_dagrun for dataset_consumes_1_never_scheduled to None, run_after=None
[2026-03-26T22:50:57.203+0000] {logging_mixin.py:188} INFO - [2026-03-26T22:50:57.203+0000] {dag.py:3823} INFO - Setting next_dagrun for dataset_consumes_unknown_never_scheduled to None, run_after=None
[2026-03-26T22:50:57.204+0000] {logging_mixin.py:188} INFO - [2026-03-26T22:50:57.204+0000] {dag.py:3823} INFO - Setting next_dagrun for dataset_produces_1 to 2026-03-25 00:00:00+00:00, run_after=2026-03-26 00:00:00+00:00
[2026-03-26T22:50:57.204+0000] {logging_mixin.py:188} INFO - [2026-03-26T22:50:57.204+0000] {dag.py:3823} INFO - Setting next_dagrun for dataset_produces_2 to None, run_after=None
[2026-03-26T22:50:57.222+0000] {processor.py:183} INFO - Processing /home/airflow/.local/lib/python3.8/site-packages/airflow/example_dags/example_datasets.py took 0.065 seconds
[2026-03-26T22:51:27.737+0000] {processor.py:161} INFO - Started process (PID=674) to work on /home/airflow/.local/lib/python3.8/site-packages/airflow/example_dags/example_datasets.py
[2026-03-26T22:51:27.737+0000] {processor.py:830} INFO - Processing file /home/airflow/.local/lib/python3.8/site-packages/airflow/example_dags/example_datasets.py for tasks to queue
[2026-03-26T22:51:27.738+0000] {logging_mixin.py:188} INFO - [2026-03-26T22:51:27.738+0000] {dagbag.py:538} INFO - Filling up the DagBag from /home/airflow/.local/lib/python3.8/site-packages/airflow/example_dags/example_datasets.py
[2026-03-26T22:51:27.744+0000] {processor.py:840} INFO - DAG(s) 'dataset_consumes_unknown_never_scheduled', 'dataset_consumes_1_never_scheduled', 'dataset_consumes_1_and_2', 'dataset_consumes_1', 'dataset_produces_2', 'dataset_produces_1' retrieved from /home/airflow/.local/lib/python3.8/site-packages/airflow/example_dags/example_datasets.py
[2026-03-26T22:51:27.765+0000] {logging_mixin.py:188} INFO - [2026-03-26T22:51:27.765+0000] {dag.py:3036} INFO - Sync 6 DAGs
[2026-03-26T22:51:27.776+0000] {logging_mixin.py:188} INFO - [2026-03-26T22:51:27.776+0000] {dag.py:3823} INFO - Setting next_dagrun for dataset_consumes_1 to None, run_after=None
[2026-03-26T22:51:27.778+0000] {logging_mixin.py:188} INFO - [2026-03-26T22:51:27.778+0000] {dag.py:3823} INFO - Setting next_dagrun for dataset_consumes_1_and_2 to None, run_after=None
[2026-03-26T22:51:27.779+0000] {logging_mixin.py:188} INFO - [2026-03-26T22:51:27.778+0000] {dag.py:3823} INFO - Setting next_dagrun for dataset_consumes_1_never_scheduled to None, run_after=None
[2026-03-26T22:51:27.779+0000] {logging_mixin.py:188} INFO - [2026-03-26T22:51:27.779+0000] {dag.py:3823} INFO - Setting next_dagrun for dataset_consumes_unknown_never_scheduled to None, run_after=None
[2026-03-26T22:51:27.780+0000] {logging_mixin.py:188} INFO - [2026-03-26T22:51:27.780+0000] {dag.py:3823} INFO - Setting next_dagrun for dataset_produces_1 to 2026-03-25 00:00:00+00:00, run_after=2026-03-26 00:00:00+00:00
[2026-03-26T22:51:27.781+0000] {logging_mixin.py:188} INFO - [2026-03-26T22:51:27.781+0000] {dag.py:3823} INFO - Setting next_dagrun for dataset_produces_2 to None, run_after=None
[2026-03-26T22:51:27.798+0000] {processor.py:183} INFO - Processing /home/airflow/.local/lib/python3.8/site-packages/airflow/example_dags/example_datasets.py took 0.064 seconds
[2026-03-26T22:52:15.815+0000] {processor.py:161} INFO - Started process (PID=65) to work on /home/airflow/.local/lib/python3.8/site-packages/airflow/example_dags/example_datasets.py
[2026-03-26T22:52:15.817+0000] {processor.py:830} INFO - Processing file /home/airflow/.local/lib/python3.8/site-packages/airflow/example_dags/example_datasets.py for tasks to queue
[2026-03-26T22:52:15.818+0000] {logging_mixin.py:188} INFO - [2026-03-26T22:52:15.818+0000] {dagbag.py:538} INFO - Filling up the DagBag from /home/airflow/.local/lib/python3.8/site-packages/airflow/example_dags/example_datasets.py
[2026-03-26T22:52:15.833+0000] {processor.py:840} INFO - DAG(s) 'dataset_consumes_1', 'dataset_produces_1', 'dataset_consumes_1_never_scheduled', 'dataset_consumes_1_and_2', 'dataset_produces_2', 'dataset_consumes_unknown_never_scheduled' retrieved from /home/airflow/.local/lib/python3.8/site-packages/airflow/example_dags/example_datasets.py
[2026-03-26T22:52:15.847+0000] {logging_mixin.py:188} INFO - [2026-03-26T22:52:15.847+0000] {dag.py:3036} INFO - Sync 6 DAGs
[2026-03-26T22:52:15.870+0000] {logging_mixin.py:188} INFO - [2026-03-26T22:52:15.870+0000] {dag.py:3823} INFO - Setting next_dagrun for dataset_consumes_1 to None, run_after=None
[2026-03-26T22:52:15.873+0000] {logging_mixin.py:188} INFO - [2026-03-26T22:52:15.873+0000] {dag.py:3823} INFO - Setting next_dagrun for dataset_consumes_1_and_2 to None, run_after=None
[2026-03-26T22:52:15.874+0000] {logging_mixin.py:188} INFO - [2026-03-26T22:52:15.874+0000] {dag.py:3823} INFO - Setting next_dagrun for dataset_consumes_1_never_scheduled to None, run_after=None
[2026-03-26T22:52:15.875+0000] {logging_mixin.py:188} INFO - [2026-03-26T22:52:15.874+0000] {dag.py:3823} INFO - Setting next_dagrun for dataset_consumes_unknown_never_scheduled to None, run_after=None
[2026-03-26T22:52:15.876+0000] {logging_mixin.py:188} INFO - [2026-03-26T22:52:15.876+0000] {dag.py:3823} INFO - Setting next_dagrun for dataset_produces_1 to 2026-03-25 00:00:00+00:00, run_after=2026-03-26 00:00:00+00:00
[2026-03-26T22:52:15.877+0000] {logging_mixin.py:188} INFO - [2026-03-26T22:52:15.877+0000] {dag.py:3823} INFO - Setting next_dagrun for dataset_produces_2 to None, run_after=None
[2026-03-26T22:52:15.931+0000] {processor.py:183} INFO - Processing /home/airflow/.local/lib/python3.8/site-packages/airflow/example_dags/example_datasets.py took 0.118 seconds
[2026-03-26T22:52:46.406+0000] {processor.py:161} INFO - Started process (PID=120) to work on /home/airflow/.local/lib/python3.8/site-packages/airflow/example_dags/example_datasets.py
[2026-03-26T22:52:46.406+0000] {processor.py:830} INFO - Processing file /home/airflow/.local/lib/python3.8/site-packages/airflow/example_dags/example_datasets.py for tasks to queue
[2026-03-26T22:52:46.407+0000] {logging_mixin.py:188} INFO - [2026-03-26T22:52:46.407+0000] {dagbag.py:538} INFO - Filling up the DagBag from /home/airflow/.local/lib/python3.8/site-packages/airflow/example_dags/example_datasets.py
[2026-03-26T22:52:46.414+0000] {processor.py:840} INFO - DAG(s) 'dataset_produces_1', 'dataset_consumes_unknown_never_scheduled', 'dataset_consumes_1_never_scheduled', 'dataset_consumes_1', 'dataset_produces_2', 'dataset_consumes_1_and_2' retrieved from /home/airflow/.local/lib/python3.8/site-packages/airflow/example_dags/example_datasets.py
[2026-03-26T22:52:46.498+0000] {logging_mixin.py:188} INFO - [2026-03-26T22:52:46.498+0000] {dag.py:3036} INFO - Sync 6 DAGs
[2026-03-26T22:52:46.508+0000] {logging_mixin.py:188} INFO - [2026-03-26T22:52:46.508+0000] {dag.py:3823} INFO - Setting next_dagrun for dataset_consumes_1 to None, run_after=None
[2026-03-26T22:52:46.510+0000] {logging_mixin.py:188} INFO - [2026-03-26T22:52:46.510+0000] {dag.py:3823} INFO - Setting next_dagrun for dataset_consumes_1_and_2 to None, run_after=None
[2026-03-26T22:52:46.510+0000] {logging_mixin.py:188} INFO - [2026-03-26T22:52:46.510+0000] {dag.py:3823} INFO - Setting next_dagrun for dataset_consumes_1_never_scheduled to None, run_after=None
[2026-03-26T22:52:46.511+0000] {logging_mixin.py:188} INFO - [2026-03-26T22:52:46.511+0000] {dag.py:3823} INFO - Setting next_dagrun for dataset_consumes_unknown_never_scheduled to None, run_after=None
[2026-03-26T22:52:46.513+0000] {logging_mixin.py:188} INFO - [2026-03-26T22:52:46.513+0000] {dag.py:3823} INFO - Setting next_dagrun for dataset_produces_1 to 2026-03-25 00:00:00+00:00, run_after=2026-03-26 00:00:00+00:00
[2026-03-26T22:52:46.514+0000] {logging_mixin.py:188} INFO - [2026-03-26T22:52:46.513+0000] {dag.py:3823} INFO - Setting next_dagrun for dataset_produces_2 to None, run_after=None
[2026-03-26T22:52:46.532+0000] {processor.py:183} INFO - Processing /home/airflow/.local/lib/python3.8/site-packages/airflow/example_dags/example_datasets.py took 0.129 seconds
[2026-03-26T22:53:16.797+0000] {processor.py:161} INFO - Started process (PID=175) to work on /home/airflow/.local/lib/python3.8/site-packages/airflow/example_dags/example_datasets.py
[2026-03-26T22:53:16.799+0000] {processor.py:830} INFO - Processing file /home/airflow/.local/lib/python3.8/site-packages/airflow/example_dags/example_datasets.py for tasks to queue
[2026-03-26T22:53:16.801+0000] {logging_mixin.py:188} INFO - [2026-03-26T22:53:16.800+0000] {dagbag.py:538} INFO - Filling up the DagBag from /home/airflow/.local/lib/python3.8/site-packages/airflow/example_dags/example_datasets.py
[2026-03-26T22:53:16.807+0000] {processor.py:840} INFO - DAG(s) 'dataset_consumes_1', 'dataset_produces_2', 'dataset_consumes_1_and_2', 'dataset_produces_1', 'dataset_consumes_1_never_scheduled', 'dataset_consumes_unknown_never_scheduled' retrieved from /home/airflow/.local/lib/python3.8/site-packages/airflow/example_dags/example_datasets.py
[2026-03-26T22:53:16.834+0000] {logging_mixin.py:188} INFO - [2026-03-26T22:53:16.834+0000] {dag.py:3036} INFO - Sync 6 DAGs
[2026-03-26T22:53:16.847+0000] {logging_mixin.py:188} INFO - [2026-03-26T22:53:16.847+0000] {dag.py:3823} INFO - Setting next_dagrun for dataset_consumes_1 to None, run_after=None
[2026-03-26T22:53:16.849+0000] {logging_mixin.py:188} INFO - [2026-03-26T22:53:16.849+0000] {dag.py:3823} INFO - Setting next_dagrun for dataset_consumes_1_and_2 to None, run_after=None
[2026-03-26T22:53:16.850+0000] {logging_mixin.py:188} INFO - [2026-03-26T22:53:16.850+0000] {dag.py:3823} INFO - Setting next_dagrun for dataset_consumes_1_never_scheduled to None, run_after=None
[2026-03-26T22:53:16.850+0000] {logging_mixin.py:188} INFO - [2026-03-26T22:53:16.850+0000] {dag.py:3823} INFO - Setting next_dagrun for dataset_consumes_unknown_never_scheduled to None, run_after=None
[2026-03-26T22:53:16.852+0000] {logging_mixin.py:188} INFO - [2026-03-26T22:53:16.852+0000] {dag.py:3823} INFO - Setting next_dagrun for dataset_produces_1 to 2026-03-25 00:00:00+00:00, run_after=2026-03-26 00:00:00+00:00
[2026-03-26T22:53:16.852+0000] {logging_mixin.py:188} INFO - [2026-03-26T22:53:16.852+0000] {dag.py:3823} INFO - Setting next_dagrun for dataset_produces_2 to None, run_after=None
[2026-03-26T22:53:16.875+0000] {processor.py:183} INFO - Processing /home/airflow/.local/lib/python3.8/site-packages/airflow/example_dags/example_datasets.py took 0.081 seconds
[2026-03-26T22:53:47.204+0000] {processor.py:161} INFO - Started process (PID=230) to work on /home/airflow/.local/lib/python3.8/site-packages/airflow/example_dags/example_datasets.py
[2026-03-26T22:53:47.205+0000] {processor.py:830} INFO - Processing file /home/airflow/.local/lib/python3.8/site-packages/airflow/example_dags/example_datasets.py for tasks to queue
[2026-03-26T22:53:47.206+0000] {logging_mixin.py:188} INFO - [2026-03-26T22:53:47.206+0000] {dagbag.py:538} INFO - Filling up the DagBag from /home/airflow/.local/lib/python3.8/site-packages/airflow/example_dags/example_datasets.py
[2026-03-26T22:53:47.213+0000] {processor.py:840} INFO - DAG(s) 'dataset_consumes_1_never_scheduled', 'dataset_consumes_1_and_2', 'dataset_produces_1', 'dataset_consumes_unknown_never_scheduled', 'dataset_produces_2', 'dataset_consumes_1' retrieved from /home/airflow/.local/lib/python3.8/site-packages/airflow/example_dags/example_datasets.py
[2026-03-26T22:53:47.239+0000] {logging_mixin.py:188} INFO - [2026-03-26T22:53:47.239+0000] {dag.py:3036} INFO - Sync 6 DAGs
[2026-03-26T22:53:47.256+0000] {logging_mixin.py:188} INFO - [2026-03-26T22:53:47.256+0000] {dag.py:3823} INFO - Setting next_dagrun for dataset_consumes_1 to None, run_after=None
[2026-03-26T22:53:47.259+0000] {logging_mixin.py:188} INFO - [2026-03-26T22:53:47.258+0000] {dag.py:3823} INFO - Setting next_dagrun for dataset_consumes_1_and_2 to None, run_after=None
[2026-03-26T22:53:47.259+0000] {logging_mixin.py:188} INFO - [2026-03-26T22:53:47.259+0000] {dag.py:3823} INFO - Setting next_dagrun for dataset_consumes_1_never_scheduled to None, run_after=None
[2026-03-26T22:53:47.260+0000] {logging_mixin.py:188} INFO - [2026-03-26T22:53:47.260+0000] {dag.py:3823} INFO - Setting next_dagrun for dataset_consumes_unknown_never_scheduled to None, run_after=None
[2026-03-26T22:53:47.261+0000] {logging_mixin.py:188} INFO - [2026-03-26T22:53:47.261+0000] {dag.py:3823} INFO - Setting next_dagrun for dataset_produces_1 to 2026-03-25 00:00:00+00:00, run_after=2026-03-26 00:00:00+00:00
[2026-03-26T22:53:47.262+0000] {logging_mixin.py:188} INFO - [2026-03-26T22:53:47.262+0000] {dag.py:3823} INFO - Setting next_dagrun for dataset_produces_2 to None, run_after=None
[2026-03-26T22:53:47.278+0000] {processor.py:183} INFO - Processing /home/airflow/.local/lib/python3.8/site-packages/airflow/example_dags/example_datasets.py took 0.079 seconds
[2026-03-26T22:54:18.222+0000] {processor.py:161} INFO - Started process (PID=285) to work on /home/airflow/.local/lib/python3.8/site-packages/airflow/example_dags/example_datasets.py
[2026-03-26T22:54:18.223+0000] {processor.py:830} INFO - Processing file /home/airflow/.local/lib/python3.8/site-packages/airflow/example_dags/example_datasets.py for tasks to queue
[2026-03-26T22:54:18.224+0000] {logging_mixin.py:188} INFO - [2026-03-26T22:54:18.224+0000] {dagbag.py:538} INFO - Filling up the DagBag from /home/airflow/.local/lib/python3.8/site-packages/airflow/example_dags/example_datasets.py
[2026-03-26T22:54:18.230+0000] {processor.py:840} INFO - DAG(s) 'dataset_consumes_1_never_scheduled', 'dataset_produces_2', 'dataset_consumes_1_and_2', 'dataset_produces_1', 'dataset_consumes_unknown_never_scheduled', 'dataset_consumes_1' retrieved from /home/airflow/.local/lib/python3.8/site-packages/airflow/example_dags/example_datasets.py
[2026-03-26T22:54:18.249+0000] {logging_mixin.py:188} INFO - [2026-03-26T22:54:18.249+0000] {dag.py:3036} INFO - Sync 6 DAGs
[2026-03-26T22:54:18.261+0000] {logging_mixin.py:188} INFO - [2026-03-26T22:54:18.261+0000] {dag.py:3823} INFO - Setting next_dagrun for dataset_consumes_1 to None, run_after=None
[2026-03-26T22:54:18.263+0000] {logging_mixin.py:188} INFO - [2026-03-26T22:54:18.263+0000] {dag.py:3823} INFO - Setting next_dagrun for dataset_consumes_1_and_2 to None, run_after=None
[2026-03-26T22:54:18.264+0000] {logging_mixin.py:188} INFO - [2026-03-26T22:54:18.264+0000] {dag.py:3823} INFO - Setting next_dagrun for dataset_consumes_1_never_scheduled to None, run_after=None
[2026-03-26T22:54:18.264+0000] {logging_mixin.py:188} INFO - [2026-03-26T22:54:18.264+0000] {dag.py:3823} INFO - Setting next_dagrun for dataset_consumes_unknown_never_scheduled to None, run_after=None
[2026-03-26T22:54:18.265+0000] {logging_mixin.py:188} INFO - [2026-03-26T22:54:18.265+0000] {dag.py:3823} INFO - Setting next_dagrun for dataset_produces_1 to 2026-03-25 00:00:00+00:00, run_after=2026-03-26 00:00:00+00:00
[2026-03-26T22:54:18.266+0000] {logging_mixin.py:188} INFO - [2026-03-26T22:54:18.266+0000] {dag.py:3823} INFO - Setting next_dagrun for dataset_produces_2 to None, run_after=None
[2026-03-26T22:54:18.287+0000] {processor.py:183} INFO - Processing /home/airflow/.local/lib/python3.8/site-packages/airflow/example_dags/example_datasets.py took 0.067 seconds
[2026-03-26T22:54:48.839+0000] {processor.py:161} INFO - Started process (PID=340) to work on /home/airflow/.local/lib/python3.8/site-packages/airflow/example_dags/example_datasets.py
[2026-03-26T22:54:48.840+0000] {processor.py:830} INFO - Processing file /home/airflow/.local/lib/python3.8/site-packages/airflow/example_dags/example_datasets.py for tasks to queue
[2026-03-26T22:54:48.841+0000] {logging_mixin.py:188} INFO - [2026-03-26T22:54:48.841+0000] {dagbag.py:538} INFO - Filling up the DagBag from /home/airflow/.local/lib/python3.8/site-packages/airflow/example_dags/example_datasets.py
[2026-03-26T22:54:48.847+0000] {processor.py:840} INFO - DAG(s) 'dataset_consumes_1_and_2', 'dataset_produces_2', 'dataset_consumes_1', 'dataset_consumes_1_never_scheduled', 'dataset_produces_1', 'dataset_consumes_unknown_never_scheduled' retrieved from /home/airflow/.local/lib/python3.8/site-packages/airflow/example_dags/example_datasets.py
[2026-03-26T22:54:48.869+0000] {logging_mixin.py:188} INFO - [2026-03-26T22:54:48.868+0000] {dag.py:3036} INFO - Sync 6 DAGs
[2026-03-26T22:54:48.880+0000] {logging_mixin.py:188} INFO - [2026-03-26T22:54:48.880+0000] {dag.py:3823} INFO - Setting next_dagrun for dataset_consumes_1 to None, run_after=None
[2026-03-26T22:54:48.882+0000] {logging_mixin.py:188} INFO - [2026-03-26T22:54:48.882+0000] {dag.py:3823} INFO - Setting next_dagrun for dataset_consumes_1_and_2 to None, run_after=None
[2026-03-26T22:54:48.883+0000] {logging_mixin.py:188} INFO - [2026-03-26T22:54:48.882+0000] {dag.py:3823} INFO - Setting next_dagrun for dataset_consumes_1_never_scheduled to None, run_after=None
[2026-03-26T22:54:48.883+0000] {logging_mixin.py:188} INFO - [2026-03-26T22:54:48.883+0000] {dag.py:3823} INFO - Setting next_dagrun for dataset_consumes_unknown_never_scheduled to None, run_after=None
[2026-03-26T22:54:48.884+0000] {logging_mixin.py:188} INFO - [2026-03-26T22:54:48.884+0000] {dag.py:3823} INFO - Setting next_dagrun for dataset_produces_1 to 2026-03-25 00:00:00+00:00, run_after=2026-03-26 00:00:00+00:00
[2026-03-26T22:54:48.885+0000] {logging_mixin.py:188} INFO - [2026-03-26T22:54:48.885+0000] {dag.py:3823} INFO - Setting next_dagrun for dataset_produces_2 to None, run_after=None
[2026-03-26T22:54:48.902+0000] {processor.py:183} INFO - Processing /home/airflow/.local/lib/python3.8/site-packages/airflow/example_dags/example_datasets.py took 0.065 seconds
[2026-03-26T22:55:19.418+0000] {processor.py:161} INFO - Started process (PID=395) to work on /home/airflow/.local/lib/python3.8/site-packages/airflow/example_dags/example_datasets.py
[2026-03-26T22:55:19.419+0000] {processor.py:830} INFO - Processing file /home/airflow/.local/lib/python3.8/site-packages/airflow/example_dags/example_datasets.py for tasks to queue
[2026-03-26T22:55:19.421+0000] {logging_mixin.py:188} INFO - [2026-03-26T22:55:19.421+0000] {dagbag.py:538} INFO - Filling up the DagBag from /home/airflow/.local/lib/python3.8/site-packages/airflow/example_dags/example_datasets.py
[2026-03-26T22:55:19.427+0000] {processor.py:840} INFO - DAG(s) 'dataset_consumes_1_and_2', 'dataset_consumes_1_never_scheduled', 'dataset_produces_2', 'dataset_consumes_unknown_never_scheduled', 'dataset_consumes_1', 'dataset_produces_1' retrieved from /home/airflow/.local/lib/python3.8/site-packages/airflow/example_dags/example_datasets.py
[2026-03-26T22:55:19.450+0000] {logging_mixin.py:188} INFO - [2026-03-26T22:55:19.450+0000] {dag.py:3036} INFO - Sync 6 DAGs
[2026-03-26T22:55:19.463+0000] {logging_mixin.py:188} INFO - [2026-03-26T22:55:19.463+0000] {dag.py:3823} INFO - Setting next_dagrun for dataset_consumes_1 to None, run_after=None
[2026-03-26T22:55:19.465+0000] {logging_mixin.py:188} INFO - [2026-03-26T22:55:19.465+0000] {dag.py:3823} INFO - Setting next_dagrun for dataset_consumes_1_and_2 to None, run_after=None
[2026-03-26T22:55:19.466+0000] {logging_mixin.py:188} INFO - [2026-03-26T22:55:19.466+0000] {dag.py:3823} INFO - Setting next_dagrun for dataset_consumes_1_never_scheduled to None, run_after=None
[2026-03-26T22:55:19.467+0000] {logging_mixin.py:188} INFO - [2026-03-26T22:55:19.467+0000] {dag.py:3823} INFO - Setting next_dagrun for dataset_consumes_unknown_never_scheduled to None, run_after=None
[2026-03-26T22:55:19.468+0000] {logging_mixin.py:188} INFO - [2026-03-26T22:55:19.468+0000] {dag.py:3823} INFO - Setting next_dagrun for dataset_produces_1 to 2026-03-25 00:00:00+00:00, run_after=2026-03-26 00:00:00+00:00
[2026-03-26T22:55:19.469+0000] {logging_mixin.py:188} INFO - [2026-03-26T22:55:19.469+0000] {dag.py:3823} INFO - Setting next_dagrun for dataset_produces_2 to None, run_after=None
[2026-03-26T22:55:19.487+0000] {processor.py:183} INFO - Processing /home/airflow/.local/lib/python3.8/site-packages/airflow/example_dags/example_datasets.py took 0.071 seconds
[2026-03-26T22:55:49.981+0000] {processor.py:161} INFO - Started process (PID=450) to work on /home/airflow/.local/lib/python3.8/site-packages/airflow/example_dags/example_datasets.py
[2026-03-26T22:55:49.982+0000] {processor.py:830} INFO - Processing file /home/airflow/.local/lib/python3.8/site-packages/airflow/example_dags/example_datasets.py for tasks to queue
[2026-03-26T22:55:49.983+0000] {logging_mixin.py:188} INFO - [2026-03-26T22:55:49.983+0000] {dagbag.py:538} INFO - Filling up the DagBag from /home/airflow/.local/lib/python3.8/site-packages/airflow/example_dags/example_datasets.py
[2026-03-26T22:55:49.989+0000] {processor.py:840} INFO - DAG(s) 'dataset_produces_1', 'dataset_consumes_1', 'dataset_consumes_1_never_scheduled', 'dataset_consumes_1_and_2', 'dataset_produces_2', 'dataset_consumes_unknown_never_scheduled' retrieved from /home/airflow/.local/lib/python3.8/site-packages/airflow/example_dags/example_datasets.py
[2026-03-26T22:55:50.009+0000] {logging_mixin.py:188} INFO - [2026-03-26T22:55:50.009+0000] {dag.py:3036} INFO - Sync 6 DAGs
[2026-03-26T22:55:50.024+0000] {logging_mixin.py:188} INFO - [2026-03-26T22:55:50.024+0000] {dag.py:3823} INFO - Setting next_dagrun for dataset_consumes_1 to None, run_after=None
[2026-03-26T22:55:50.026+0000] {logging_mixin.py:188} INFO - [2026-03-26T22:55:50.026+0000] {dag.py:3823} INFO - Setting next_dagrun for dataset_consumes_1_and_2 to None, run_after=None
[2026-03-26T22:55:50.027+0000] {logging_mixin.py:188} INFO - [2026-03-26T22:55:50.027+0000] {dag.py:3823} INFO - Setting next_dagrun for dataset_consumes_1_never_scheduled to None, run_after=None
[2026-03-26T22:55:50.027+0000] {logging_mixin.py:188} INFO - [2026-03-26T22:55:50.027+0000] {dag.py:3823} INFO - Setting next_dagrun for dataset_consumes_unknown_never_scheduled to None, run_after=None
[2026-03-26T22:55:50.029+0000] {logging_mixin.py:188} INFO - [2026-03-26T22:55:50.029+0000] {dag.py:3823} INFO - Setting next_dagrun for dataset_produces_1 to 2026-03-25 00:00:00+00:00, run_after=2026-03-26 00:00:00+00:00
[2026-03-26T22:55:50.029+0000] {logging_mixin.py:188} INFO - [2026-03-26T22:55:50.029+0000] {dag.py:3823} INFO - Setting next_dagrun for dataset_produces_2 to None, run_after=None
[2026-03-26T22:55:50.045+0000] {processor.py:183} INFO - Processing /home/airflow/.local/lib/python3.8/site-packages/airflow/example_dags/example_datasets.py took 0.066 seconds
[2026-03-26T22:56:20.717+0000] {processor.py:161} INFO - Started process (PID=504) to work on /home/airflow/.local/lib/python3.8/site-packages/airflow/example_dags/example_datasets.py
[2026-03-26T22:56:20.718+0000] {processor.py:830} INFO - Processing file /home/airflow/.local/lib/python3.8/site-packages/airflow/example_dags/example_datasets.py for tasks to queue
[2026-03-26T22:56:20.719+0000] {logging_mixin.py:188} INFO - [2026-03-26T22:56:20.719+0000] {dagbag.py:538} INFO - Filling up the DagBag from /home/airflow/.local/lib/python3.8/site-packages/airflow/example_dags/example_datasets.py
[2026-03-26T22:56:20.725+0000] {processor.py:840} INFO - DAG(s) 'dataset_produces_1', 'dataset_consumes_unknown_never_scheduled', 'dataset_produces_2', 'dataset_consumes_1_and_2', 'dataset_consumes_1_never_scheduled', 'dataset_consumes_1' retrieved from /home/airflow/.local/lib/python3.8/site-packages/airflow/example_dags/example_datasets.py
[2026-03-26T22:56:20.745+0000] {logging_mixin.py:188} INFO - [2026-03-26T22:56:20.745+0000] {dag.py:3036} INFO - Sync 6 DAGs
[2026-03-26T22:56:20.757+0000] {logging_mixin.py:188} INFO - [2026-03-26T22:56:20.757+0000] {dag.py:3823} INFO - Setting next_dagrun for dataset_consumes_1 to None, run_after=None
[2026-03-26T22:56:20.759+0000] {logging_mixin.py:188} INFO - [2026-03-26T22:56:20.759+0000] {dag.py:3823} INFO - Setting next_dagrun for dataset_consumes_1_and_2 to None, run_after=None
[2026-03-26T22:56:20.760+0000] {logging_mixin.py:188} INFO - [2026-03-26T22:56:20.760+0000] {dag.py:3823} INFO - Setting next_dagrun for dataset_consumes_1_never_scheduled to None, run_after=None
[2026-03-26T22:56:20.761+0000] {logging_mixin.py:188} INFO - [2026-03-26T22:56:20.761+0000] {dag.py:3823} INFO - Setting next_dagrun for dataset_consumes_unknown_never_scheduled to None, run_after=None
[2026-03-26T22:56:20.762+0000] {logging_mixin.py:188} INFO - [2026-03-26T22:56:20.762+0000] {dag.py:3823} INFO - Setting next_dagrun for dataset_produces_1 to 2026-03-25 00:00:00+00:00, run_after=2026-03-26 00:00:00+00:00
[2026-03-26T22:56:20.763+0000] {logging_mixin.py:188} INFO - [2026-03-26T22:56:20.763+0000] {dag.py:3823} INFO - Setting next_dagrun for dataset_produces_2 to None, run_after=None
[2026-03-26T22:56:20.779+0000] {processor.py:183} INFO - Processing /home/airflow/.local/lib/python3.8/site-packages/airflow/example_dags/example_datasets.py took 0.064 seconds
[2026-03-26T22:56:51.391+0000] {processor.py:161} INFO - Started process (PID=559) to work on /home/airflow/.local/lib/python3.8/site-packages/airflow/example_dags/example_datasets.py
[2026-03-26T22:56:51.392+0000] {processor.py:830} INFO - Processing file /home/airflow/.local/lib/python3.8/site-packages/airflow/example_dags/example_datasets.py for tasks to queue
[2026-03-26T22:56:51.393+0000] {logging_mixin.py:188} INFO - [2026-03-26T22:56:51.393+0000] {dagbag.py:538} INFO - Filling up the DagBag from /home/airflow/.local/lib/python3.8/site-packages/airflow/example_dags/example_datasets.py
[2026-03-26T22:56:51.399+0000] {processor.py:840} INFO - DAG(s) 'dataset_consumes_unknown_never_scheduled', 'dataset_produces_2', 'dataset_consumes_1_never_scheduled', 'dataset_consumes_1', 'dataset_consumes_1_and_2', 'dataset_produces_1' retrieved from /home/airflow/.local/lib/python3.8/site-packages/airflow/example_dags/example_datasets.py
[2026-03-26T22:56:51.419+0000] {logging_mixin.py:188} INFO - [2026-03-26T22:56:51.418+0000] {dag.py:3036} INFO - Sync 6 DAGs
[2026-03-26T22:56:51.431+0000] {logging_mixin.py:188} INFO - [2026-03-26T22:56:51.431+0000] {dag.py:3823} INFO - Setting next_dagrun for dataset_consumes_1 to None, run_after=None
[2026-03-26T22:56:51.433+0000] {logging_mixin.py:188} INFO - [2026-03-26T22:56:51.433+0000] {dag.py:3823} INFO - Setting next_dagrun for dataset_consumes_1_and_2 to None, run_after=None
[2026-03-26T22:56:51.433+0000] {logging_mixin.py:188} INFO - [2026-03-26T22:56:51.433+0000] {dag.py:3823} INFO - Setting next_dagrun for dataset_consumes_1_never_scheduled to None, run_after=None
[2026-03-26T22:56:51.434+0000] {logging_mixin.py:188} INFO - [2026-03-26T22:56:51.434+0000] {dag.py:3823} INFO - Setting next_dagrun for dataset_consumes_unknown_never_scheduled to None, run_after=None
[2026-03-26T22:56:51.436+0000] {logging_mixin.py:188} INFO - [2026-03-26T22:56:51.436+0000] {dag.py:3823} INFO - Setting next_dagrun for dataset_produces_1 to 2026-03-25 00:00:00+00:00, run_after=2026-03-26 00:00:00+00:00
[2026-03-26T22:56:51.436+0000] {logging_mixin.py:188} INFO - [2026-03-26T22:56:51.436+0000] {dag.py:3823} INFO - Setting next_dagrun for dataset_produces_2 to None, run_after=None
[2026-03-26T22:56:51.454+0000] {processor.py:183} INFO - Processing /home/airflow/.local/lib/python3.8/site-packages/airflow/example_dags/example_datasets.py took 0.066 seconds
[2026-03-26T22:57:21.978+0000] {processor.py:161} INFO - Started process (PID=614) to work on /home/airflow/.local/lib/python3.8/site-packages/airflow/example_dags/example_datasets.py
[2026-03-26T22:57:21.979+0000] {processor.py:830} INFO - Processing file /home/airflow/.local/lib/python3.8/site-packages/airflow/example_dags/example_datasets.py for tasks to queue
[2026-03-26T22:57:21.980+0000] {logging_mixin.py:188} INFO - [2026-03-26T22:57:21.980+0000] {dagbag.py:538} INFO - Filling up the DagBag from /home/airflow/.local/lib/python3.8/site-packages/airflow/example_dags/example_datasets.py
[2026-03-26T22:57:21.986+0000] {processor.py:840} INFO - DAG(s) 'dataset_produces_2', 'dataset_produces_1', 'dataset_consumes_1_never_scheduled', 'dataset_consumes_1_and_2', 'dataset_consumes_1', 'dataset_consumes_unknown_never_scheduled' retrieved from /home/airflow/.local/lib/python3.8/site-packages/airflow/example_dags/example_datasets.py
[2026-03-26T22:57:22.005+0000] {logging_mixin.py:188} INFO - [2026-03-26T22:57:22.005+0000] {dag.py:3036} INFO - Sync 6 DAGs
[2026-03-26T22:57:22.017+0000] {logging_mixin.py:188} INFO - [2026-03-26T22:57:22.017+0000] {dag.py:3823} INFO - Setting next_dagrun for dataset_consumes_1 to None, run_after=None
[2026-03-26T22:57:22.019+0000] {logging_mixin.py:188} INFO - [2026-03-26T22:57:22.019+0000] {dag.py:3823} INFO - Setting next_dagrun for dataset_consumes_1_and_2 to None, run_after=None
[2026-03-26T22:57:22.020+0000] {logging_mixin.py:188} INFO - [2026-03-26T22:57:22.020+0000] {dag.py:3823} INFO - Setting next_dagrun for dataset_consumes_1_never_scheduled to None, run_after=None
[2026-03-26T22:57:22.020+0000] {logging_mixin.py:188} INFO - [2026-03-26T22:57:22.020+0000] {dag.py:3823} INFO - Setting next_dagrun for dataset_consumes_unknown_never_scheduled to None, run_after=None
[2026-03-26T22:57:22.021+0000] {logging_mixin.py:188} INFO - [2026-03-26T22:57:22.021+0000] {dag.py:3823} INFO - Setting next_dagrun for dataset_produces_1 to 2026-03-25 00:00:00+00:00, run_after=2026-03-26 00:00:00+00:00
[2026-03-26T22:57:22.022+0000] {logging_mixin.py:188} INFO - [2026-03-26T22:57:22.022+0000] {dag.py:3823} INFO - Setting next_dagrun for dataset_produces_2 to None, run_after=None
[2026-03-26T22:57:22.041+0000] {processor.py:183} INFO - Processing /home/airflow/.local/lib/python3.8/site-packages/airflow/example_dags/example_datasets.py took 0.065 seconds
[2026-03-26T22:57:52.679+0000] {processor.py:161} INFO - Started process (PID=669) to work on /home/airflow/.local/lib/python3.8/site-packages/airflow/example_dags/example_datasets.py
[2026-03-26T22:57:52.679+0000] {processor.py:830} INFO - Processing file /home/airflow/.local/lib/python3.8/site-packages/airflow/example_dags/example_datasets.py for tasks to queue
[2026-03-26T22:57:52.680+0000] {logging_mixin.py:188} INFO - [2026-03-26T22:57:52.680+0000] {dagbag.py:538} INFO - Filling up the DagBag from /home/airflow/.local/lib/python3.8/site-packages/airflow/example_dags/example_datasets.py
[2026-03-26T22:57:52.686+0000] {processor.py:840} INFO - DAG(s) 'dataset_produces_1', 'dataset_consumes_1_never_scheduled', 'dataset_consumes_1', 'dataset_consumes_1_and_2', 'dataset_consumes_unknown_never_scheduled', 'dataset_produces_2' retrieved from /home/airflow/.local/lib/python3.8/site-packages/airflow/example_dags/example_datasets.py
[2026-03-26T22:57:52.707+0000] {logging_mixin.py:188} INFO - [2026-03-26T22:57:52.707+0000] {dag.py:3036} INFO - Sync 6 DAGs
[2026-03-26T22:57:52.719+0000] {logging_mixin.py:188} INFO - [2026-03-26T22:57:52.719+0000] {dag.py:3823} INFO - Setting next_dagrun for dataset_consumes_1 to None, run_after=None
[2026-03-26T22:57:52.721+0000] {logging_mixin.py:188} INFO - [2026-03-26T22:57:52.721+0000] {dag.py:3823} INFO - Setting next_dagrun for dataset_consumes_1_and_2 to None, run_after=None
[2026-03-26T22:57:52.721+0000] {logging_mixin.py:188} INFO - [2026-03-26T22:57:52.721+0000] {dag.py:3823} INFO - Setting next_dagrun for dataset_consumes_1_never_scheduled to None, run_after=None
[2026-03-26T22:57:52.722+0000] {logging_mixin.py:188} INFO - [2026-03-26T22:57:52.722+0000] {dag.py:3823} INFO - Setting next_dagrun for dataset_consumes_unknown_never_scheduled to None, run_after=None
[2026-03-26T22:57:52.723+0000] {logging_mixin.py:188} INFO - [2026-03-26T22:57:52.723+0000] {dag.py:3823} INFO - Setting next_dagrun for dataset_produces_1 to 2026-03-25 00:00:00+00:00, run_after=2026-03-26 00:00:00+00:00
[2026-03-26T22:57:52.724+0000] {logging_mixin.py:188} INFO - [2026-03-26T22:57:52.724+0000] {dag.py:3823} INFO - Setting next_dagrun for dataset_produces_2 to None, run_after=None
[2026-03-26T22:57:52.741+0000] {processor.py:183} INFO - Processing /home/airflow/.local/lib/python3.8/site-packages/airflow/example_dags/example_datasets.py took 0.065 seconds
[2026-03-26T22:58:23.248+0000] {processor.py:161} INFO - Started process (PID=724) to work on /home/airflow/.local/lib/python3.8/site-packages/airflow/example_dags/example_datasets.py
[2026-03-26T22:58:23.249+0000] {processor.py:830} INFO - Processing file /home/airflow/.local/lib/python3.8/site-packages/airflow/example_dags/example_datasets.py for tasks to queue
[2026-03-26T22:58:23.250+0000] {logging_mixin.py:188} INFO - [2026-03-26T22:58:23.250+0000] {dagbag.py:538} INFO - Filling up the DagBag from /home/airflow/.local/lib/python3.8/site-packages/airflow/example_dags/example_datasets.py
[2026-03-26T22:58:23.256+0000] {processor.py:840} INFO - DAG(s) 'dataset_consumes_1_and_2', 'dataset_consumes_unknown_never_scheduled', 'dataset_consumes_1_never_scheduled', 'dataset_produces_1', 'dataset_consumes_1', 'dataset_produces_2' retrieved from /home/airflow/.local/lib/python3.8/site-packages/airflow/example_dags/example_datasets.py
[2026-03-26T22:58:23.266+0000] {logging_mixin.py:188} INFO - [2026-03-26T22:58:23.266+0000] {dag.py:3036} INFO - Sync 6 DAGs
[2026-03-26T22:58:23.280+0000] {logging_mixin.py:188} INFO - [2026-03-26T22:58:23.279+0000] {dag.py:3823} INFO - Setting next_dagrun for dataset_consumes_1 to None, run_after=None
[2026-03-26T22:58:23.281+0000] {logging_mixin.py:188} INFO - [2026-03-26T22:58:23.281+0000] {dag.py:3823} INFO - Setting next_dagrun for dataset_consumes_1_and_2 to None, run_after=None
[2026-03-26T22:58:23.282+0000] {logging_mixin.py:188} INFO - [2026-03-26T22:58:23.282+0000] {dag.py:3823} INFO - Setting next_dagrun for dataset_consumes_1_never_scheduled to None, run_after=None
[2026-03-26T22:58:23.283+0000] {logging_mixin.py:188} INFO - [2026-03-26T22:58:23.283+0000] {dag.py:3823} INFO - Setting next_dagrun for dataset_consumes_unknown_never_scheduled to None, run_after=None
[2026-03-26T22:58:23.284+0000] {logging_mixin.py:188} INFO - [2026-03-26T22:58:23.284+0000] {dag.py:3823} INFO - Setting next_dagrun for dataset_produces_1 to 2026-03-25 00:00:00+00:00, run_after=2026-03-26 00:00:00+00:00
[2026-03-26T22:58:23.285+0000] {logging_mixin.py:188} INFO - [2026-03-26T22:58:23.285+0000] {dag.py:3823} INFO - Setting next_dagrun for dataset_produces_2 to None, run_after=None
[2026-03-26T22:58:23.302+0000] {processor.py:183} INFO - Processing /home/airflow/.local/lib/python3.8/site-packages/airflow/example_dags/example_datasets.py took 0.057 seconds
