[2026-03-26T22:45:50.672+0000] {processor.py:161} INFO - Started process (PID=71) to work on /home/airflow/.local/lib/python3.8/site-packages/airflow/example_dags/example_sensor_decorator.py
[2026-03-26T22:45:50.673+0000] {processor.py:830} INFO - Processing file /home/airflow/.local/lib/python3.8/site-packages/airflow/example_dags/example_sensor_decorator.py for tasks to queue
[2026-03-26T22:45:50.674+0000] {logging_mixin.py:188} INFO - [2026-03-26T22:45:50.674+0000] {dagbag.py:538} INFO - Filling up the DagBag from /home/airflow/.local/lib/python3.8/site-packages/airflow/example_dags/example_sensor_decorator.py
[2026-03-26T22:45:50.680+0000] {processor.py:840} INFO - DAG(s) 'example_sensor_decorator' retrieved from /home/airflow/.local/lib/python3.8/site-packages/airflow/example_dags/example_sensor_decorator.py
[2026-03-26T22:45:50.696+0000] {logging_mixin.py:188} INFO - [2026-03-26T22:45:50.696+0000] {dag.py:3036} INFO - Sync 1 DAGs
[2026-03-26T22:45:50.706+0000] {logging_mixin.py:188} INFO - [2026-03-26T22:45:50.706+0000] {dag.py:3823} INFO - Setting next_dagrun for example_sensor_decorator to None, run_after=None
[2026-03-26T22:45:50.723+0000] {processor.py:183} INFO - Processing /home/airflow/.local/lib/python3.8/site-packages/airflow/example_dags/example_sensor_decorator.py took 0.053 seconds
[2026-03-26T22:46:22.936+0000] {processor.py:161} INFO - Started process (PID=126) to work on /home/airflow/.local/lib/python3.8/site-packages/airflow/example_dags/example_sensor_decorator.py
[2026-03-26T22:46:22.937+0000] {processor.py:830} INFO - Processing file /home/airflow/.local/lib/python3.8/site-packages/airflow/example_dags/example_sensor_decorator.py for tasks to queue
[2026-03-26T22:46:22.939+0000] {logging_mixin.py:188} INFO - [2026-03-26T22:46:22.939+0000] {dagbag.py:538} INFO - Filling up the DagBag from /home/airflow/.local/lib/python3.8/site-packages/airflow/example_dags/example_sensor_decorator.py
[2026-03-26T22:46:22.944+0000] {processor.py:840} INFO - DAG(s) 'example_sensor_decorator' retrieved from /home/airflow/.local/lib/python3.8/site-packages/airflow/example_dags/example_sensor_decorator.py
[2026-03-26T22:46:23.011+0000] {logging_mixin.py:188} INFO - [2026-03-26T22:46:23.011+0000] {dag.py:3036} INFO - Sync 1 DAGs
[2026-03-26T22:46:23.016+0000] {logging_mixin.py:188} INFO - [2026-03-26T22:46:23.016+0000] {dag.py:3823} INFO - Setting next_dagrun for example_sensor_decorator to None, run_after=None
[2026-03-26T22:46:23.030+0000] {processor.py:183} INFO - Processing /home/airflow/.local/lib/python3.8/site-packages/airflow/example_dags/example_sensor_decorator.py took 0.096 seconds
[2026-03-26T22:46:53.342+0000] {processor.py:161} INFO - Started process (PID=181) to work on /home/airflow/.local/lib/python3.8/site-packages/airflow/example_dags/example_sensor_decorator.py
[2026-03-26T22:46:53.345+0000] {processor.py:830} INFO - Processing file /home/airflow/.local/lib/python3.8/site-packages/airflow/example_dags/example_sensor_decorator.py for tasks to queue
[2026-03-26T22:46:53.347+0000] {logging_mixin.py:188} INFO - [2026-03-26T22:46:53.346+0000] {dagbag.py:538} INFO - Filling up the DagBag from /home/airflow/.local/lib/python3.8/site-packages/airflow/example_dags/example_sensor_decorator.py
[2026-03-26T22:46:53.352+0000] {processor.py:840} INFO - DAG(s) 'example_sensor_decorator' retrieved from /home/airflow/.local/lib/python3.8/site-packages/airflow/example_dags/example_sensor_decorator.py
[2026-03-26T22:46:53.370+0000] {logging_mixin.py:188} INFO - [2026-03-26T22:46:53.369+0000] {dag.py:3036} INFO - Sync 1 DAGs
[2026-03-26T22:46:53.380+0000] {logging_mixin.py:188} INFO - [2026-03-26T22:46:53.380+0000] {dag.py:3823} INFO - Setting next_dagrun for example_sensor_decorator to None, run_after=None
[2026-03-26T22:46:53.394+0000] {processor.py:183} INFO - Processing /home/airflow/.local/lib/python3.8/site-packages/airflow/example_dags/example_sensor_decorator.py took 0.055 seconds
[2026-03-26T22:47:24.090+0000] {processor.py:161} INFO - Started process (PID=242) to work on /home/airflow/.local/lib/python3.8/site-packages/airflow/example_dags/example_sensor_decorator.py
[2026-03-26T22:47:24.092+0000] {processor.py:830} INFO - Processing file /home/airflow/.local/lib/python3.8/site-packages/airflow/example_dags/example_sensor_decorator.py for tasks to queue
[2026-03-26T22:47:24.093+0000] {logging_mixin.py:188} INFO - [2026-03-26T22:47:24.093+0000] {dagbag.py:538} INFO - Filling up the DagBag from /home/airflow/.local/lib/python3.8/site-packages/airflow/example_dags/example_sensor_decorator.py
[2026-03-26T22:47:24.098+0000] {processor.py:840} INFO - DAG(s) 'example_sensor_decorator' retrieved from /home/airflow/.local/lib/python3.8/site-packages/airflow/example_dags/example_sensor_decorator.py
[2026-03-26T22:47:24.132+0000] {logging_mixin.py:188} INFO - [2026-03-26T22:47:24.132+0000] {dag.py:3036} INFO - Sync 1 DAGs
[2026-03-26T22:47:24.144+0000] {logging_mixin.py:188} INFO - [2026-03-26T22:47:24.144+0000] {dag.py:3823} INFO - Setting next_dagrun for example_sensor_decorator to None, run_after=None
[2026-03-26T22:47:24.159+0000] {processor.py:183} INFO - Processing /home/airflow/.local/lib/python3.8/site-packages/airflow/example_dags/example_sensor_decorator.py took 0.072 seconds
[2026-03-26T22:47:54.818+0000] {processor.py:161} INFO - Started process (PID=297) to work on /home/airflow/.local/lib/python3.8/site-packages/airflow/example_dags/example_sensor_decorator.py
[2026-03-26T22:47:54.818+0000] {processor.py:830} INFO - Processing file /home/airflow/.local/lib/python3.8/site-packages/airflow/example_dags/example_sensor_decorator.py for tasks to queue
[2026-03-26T22:47:54.820+0000] {logging_mixin.py:188} INFO - [2026-03-26T22:47:54.819+0000] {dagbag.py:538} INFO - Filling up the DagBag from /home/airflow/.local/lib/python3.8/site-packages/airflow/example_dags/example_sensor_decorator.py
[2026-03-26T22:47:54.824+0000] {processor.py:840} INFO - DAG(s) 'example_sensor_decorator' retrieved from /home/airflow/.local/lib/python3.8/site-packages/airflow/example_dags/example_sensor_decorator.py
[2026-03-26T22:47:54.836+0000] {logging_mixin.py:188} INFO - [2026-03-26T22:47:54.836+0000] {dag.py:3036} INFO - Sync 1 DAGs
[2026-03-26T22:47:54.843+0000] {logging_mixin.py:188} INFO - [2026-03-26T22:47:54.842+0000] {dag.py:3823} INFO - Setting next_dagrun for example_sensor_decorator to None, run_after=None
[2026-03-26T22:47:54.854+0000] {processor.py:183} INFO - Processing /home/airflow/.local/lib/python3.8/site-packages/airflow/example_dags/example_sensor_decorator.py took 0.039 seconds
[2026-03-26T22:48:25.303+0000] {processor.py:161} INFO - Started process (PID=351) to work on /home/airflow/.local/lib/python3.8/site-packages/airflow/example_dags/example_sensor_decorator.py
[2026-03-26T22:48:25.306+0000] {processor.py:830} INFO - Processing file /home/airflow/.local/lib/python3.8/site-packages/airflow/example_dags/example_sensor_decorator.py for tasks to queue
[2026-03-26T22:48:25.308+0000] {logging_mixin.py:188} INFO - [2026-03-26T22:48:25.308+0000] {dagbag.py:538} INFO - Filling up the DagBag from /home/airflow/.local/lib/python3.8/site-packages/airflow/example_dags/example_sensor_decorator.py
[2026-03-26T22:48:25.312+0000] {processor.py:840} INFO - DAG(s) 'example_sensor_decorator' retrieved from /home/airflow/.local/lib/python3.8/site-packages/airflow/example_dags/example_sensor_decorator.py
[2026-03-26T22:48:25.326+0000] {logging_mixin.py:188} INFO - [2026-03-26T22:48:25.325+0000] {dag.py:3036} INFO - Sync 1 DAGs
[2026-03-26T22:48:25.332+0000] {logging_mixin.py:188} INFO - [2026-03-26T22:48:25.332+0000] {dag.py:3823} INFO - Setting next_dagrun for example_sensor_decorator to None, run_after=None
[2026-03-26T22:48:25.343+0000] {processor.py:183} INFO - Processing /home/airflow/.local/lib/python3.8/site-packages/airflow/example_dags/example_sensor_decorator.py took 0.042 seconds
[2026-03-26T22:48:55.885+0000] {processor.py:161} INFO - Started process (PID=406) to work on /home/airflow/.local/lib/python3.8/site-packages/airflow/example_dags/example_sensor_decorator.py
[2026-03-26T22:48:55.885+0000] {processor.py:830} INFO - Processing file /home/airflow/.local/lib/python3.8/site-packages/airflow/example_dags/example_sensor_decorator.py for tasks to queue
[2026-03-26T22:48:55.887+0000] {logging_mixin.py:188} INFO - [2026-03-26T22:48:55.886+0000] {dagbag.py:538} INFO - Filling up the DagBag from /home/airflow/.local/lib/python3.8/site-packages/airflow/example_dags/example_sensor_decorator.py
[2026-03-26T22:48:55.891+0000] {processor.py:840} INFO - DAG(s) 'example_sensor_decorator' retrieved from /home/airflow/.local/lib/python3.8/site-packages/airflow/example_dags/example_sensor_decorator.py
[2026-03-26T22:48:55.903+0000] {logging_mixin.py:188} INFO - [2026-03-26T22:48:55.903+0000] {dag.py:3036} INFO - Sync 1 DAGs
[2026-03-26T22:48:55.909+0000] {logging_mixin.py:188} INFO - [2026-03-26T22:48:55.909+0000] {dag.py:3823} INFO - Setting next_dagrun for example_sensor_decorator to None, run_after=None
[2026-03-26T22:48:55.920+0000] {processor.py:183} INFO - Processing /home/airflow/.local/lib/python3.8/site-packages/airflow/example_dags/example_sensor_decorator.py took 0.038 seconds
[2026-03-26T22:49:26.360+0000] {processor.py:161} INFO - Started process (PID=460) to work on /home/airflow/.local/lib/python3.8/site-packages/airflow/example_dags/example_sensor_decorator.py
[2026-03-26T22:49:26.360+0000] {processor.py:830} INFO - Processing file /home/airflow/.local/lib/python3.8/site-packages/airflow/example_dags/example_sensor_decorator.py for tasks to queue
[2026-03-26T22:49:26.362+0000] {logging_mixin.py:188} INFO - [2026-03-26T22:49:26.361+0000] {dagbag.py:538} INFO - Filling up the DagBag from /home/airflow/.local/lib/python3.8/site-packages/airflow/example_dags/example_sensor_decorator.py
[2026-03-26T22:49:26.366+0000] {processor.py:840} INFO - DAG(s) 'example_sensor_decorator' retrieved from /home/airflow/.local/lib/python3.8/site-packages/airflow/example_dags/example_sensor_decorator.py
[2026-03-26T22:49:26.378+0000] {logging_mixin.py:188} INFO - [2026-03-26T22:49:26.378+0000] {dag.py:3036} INFO - Sync 1 DAGs
[2026-03-26T22:49:26.385+0000] {logging_mixin.py:188} INFO - [2026-03-26T22:49:26.385+0000] {dag.py:3823} INFO - Setting next_dagrun for example_sensor_decorator to None, run_after=None
[2026-03-26T22:49:26.395+0000] {processor.py:183} INFO - Processing /home/airflow/.local/lib/python3.8/site-packages/airflow/example_dags/example_sensor_decorator.py took 0.038 seconds
[2026-03-26T22:49:56.861+0000] {processor.py:161} INFO - Started process (PID=515) to work on /home/airflow/.local/lib/python3.8/site-packages/airflow/example_dags/example_sensor_decorator.py
[2026-03-26T22:49:56.862+0000] {processor.py:830} INFO - Processing file /home/airflow/.local/lib/python3.8/site-packages/airflow/example_dags/example_sensor_decorator.py for tasks to queue
[2026-03-26T22:49:56.863+0000] {logging_mixin.py:188} INFO - [2026-03-26T22:49:56.863+0000] {dagbag.py:538} INFO - Filling up the DagBag from /home/airflow/.local/lib/python3.8/site-packages/airflow/example_dags/example_sensor_decorator.py
[2026-03-26T22:49:56.867+0000] {processor.py:840} INFO - DAG(s) 'example_sensor_decorator' retrieved from /home/airflow/.local/lib/python3.8/site-packages/airflow/example_dags/example_sensor_decorator.py
[2026-03-26T22:49:56.880+0000] {logging_mixin.py:188} INFO - [2026-03-26T22:49:56.879+0000] {dag.py:3036} INFO - Sync 1 DAGs
[2026-03-26T22:49:56.886+0000] {logging_mixin.py:188} INFO - [2026-03-26T22:49:56.886+0000] {dag.py:3823} INFO - Setting next_dagrun for example_sensor_decorator to None, run_after=None
[2026-03-26T22:49:56.896+0000] {processor.py:183} INFO - Processing /home/airflow/.local/lib/python3.8/site-packages/airflow/example_dags/example_sensor_decorator.py took 0.037 seconds
[2026-03-26T22:50:27.525+0000] {processor.py:161} INFO - Started process (PID=570) to work on /home/airflow/.local/lib/python3.8/site-packages/airflow/example_dags/example_sensor_decorator.py
[2026-03-26T22:50:27.526+0000] {processor.py:830} INFO - Processing file /home/airflow/.local/lib/python3.8/site-packages/airflow/example_dags/example_sensor_decorator.py for tasks to queue
[2026-03-26T22:50:27.527+0000] {logging_mixin.py:188} INFO - [2026-03-26T22:50:27.527+0000] {dagbag.py:538} INFO - Filling up the DagBag from /home/airflow/.local/lib/python3.8/site-packages/airflow/example_dags/example_sensor_decorator.py
[2026-03-26T22:50:27.531+0000] {processor.py:840} INFO - DAG(s) 'example_sensor_decorator' retrieved from /home/airflow/.local/lib/python3.8/site-packages/airflow/example_dags/example_sensor_decorator.py
[2026-03-26T22:50:27.544+0000] {logging_mixin.py:188} INFO - [2026-03-26T22:50:27.544+0000] {dag.py:3036} INFO - Sync 1 DAGs
[2026-03-26T22:50:27.550+0000] {logging_mixin.py:188} INFO - [2026-03-26T22:50:27.550+0000] {dag.py:3823} INFO - Setting next_dagrun for example_sensor_decorator to None, run_after=None
[2026-03-26T22:50:27.562+0000] {processor.py:183} INFO - Processing /home/airflow/.local/lib/python3.8/site-packages/airflow/example_dags/example_sensor_decorator.py took 0.039 seconds
[2026-03-26T22:50:58.318+0000] {processor.py:161} INFO - Started process (PID=625) to work on /home/airflow/.local/lib/python3.8/site-packages/airflow/example_dags/example_sensor_decorator.py
[2026-03-26T22:50:58.319+0000] {processor.py:830} INFO - Processing file /home/airflow/.local/lib/python3.8/site-packages/airflow/example_dags/example_sensor_decorator.py for tasks to queue
[2026-03-26T22:50:58.320+0000] {logging_mixin.py:188} INFO - [2026-03-26T22:50:58.320+0000] {dagbag.py:538} INFO - Filling up the DagBag from /home/airflow/.local/lib/python3.8/site-packages/airflow/example_dags/example_sensor_decorator.py
[2026-03-26T22:50:58.324+0000] {processor.py:840} INFO - DAG(s) 'example_sensor_decorator' retrieved from /home/airflow/.local/lib/python3.8/site-packages/airflow/example_dags/example_sensor_decorator.py
[2026-03-26T22:50:58.337+0000] {logging_mixin.py:188} INFO - [2026-03-26T22:50:58.337+0000] {dag.py:3036} INFO - Sync 1 DAGs
[2026-03-26T22:50:58.344+0000] {logging_mixin.py:188} INFO - [2026-03-26T22:50:58.344+0000] {dag.py:3823} INFO - Setting next_dagrun for example_sensor_decorator to None, run_after=None
[2026-03-26T22:50:58.354+0000] {processor.py:183} INFO - Processing /home/airflow/.local/lib/python3.8/site-packages/airflow/example_dags/example_sensor_decorator.py took 0.038 seconds
[2026-03-26T22:51:28.893+0000] {processor.py:161} INFO - Started process (PID=680) to work on /home/airflow/.local/lib/python3.8/site-packages/airflow/example_dags/example_sensor_decorator.py
[2026-03-26T22:51:28.894+0000] {processor.py:830} INFO - Processing file /home/airflow/.local/lib/python3.8/site-packages/airflow/example_dags/example_sensor_decorator.py for tasks to queue
[2026-03-26T22:51:28.895+0000] {logging_mixin.py:188} INFO - [2026-03-26T22:51:28.895+0000] {dagbag.py:538} INFO - Filling up the DagBag from /home/airflow/.local/lib/python3.8/site-packages/airflow/example_dags/example_sensor_decorator.py
[2026-03-26T22:51:28.899+0000] {processor.py:840} INFO - DAG(s) 'example_sensor_decorator' retrieved from /home/airflow/.local/lib/python3.8/site-packages/airflow/example_dags/example_sensor_decorator.py
[2026-03-26T22:51:28.912+0000] {logging_mixin.py:188} INFO - [2026-03-26T22:51:28.912+0000] {dag.py:3036} INFO - Sync 1 DAGs
[2026-03-26T22:51:28.919+0000] {logging_mixin.py:188} INFO - [2026-03-26T22:51:28.919+0000] {dag.py:3823} INFO - Setting next_dagrun for example_sensor_decorator to None, run_after=None
[2026-03-26T22:51:28.930+0000] {processor.py:183} INFO - Processing /home/airflow/.local/lib/python3.8/site-packages/airflow/example_dags/example_sensor_decorator.py took 0.039 seconds
[2026-03-26T22:52:16.251+0000] {processor.py:161} INFO - Started process (PID=71) to work on /home/airflow/.local/lib/python3.8/site-packages/airflow/example_dags/example_sensor_decorator.py
[2026-03-26T22:52:16.253+0000] {processor.py:830} INFO - Processing file /home/airflow/.local/lib/python3.8/site-packages/airflow/example_dags/example_sensor_decorator.py for tasks to queue
[2026-03-26T22:52:16.255+0000] {logging_mixin.py:188} INFO - [2026-03-26T22:52:16.254+0000] {dagbag.py:538} INFO - Filling up the DagBag from /home/airflow/.local/lib/python3.8/site-packages/airflow/example_dags/example_sensor_decorator.py
[2026-03-26T22:52:16.262+0000] {processor.py:840} INFO - DAG(s) 'example_sensor_decorator' retrieved from /home/airflow/.local/lib/python3.8/site-packages/airflow/example_dags/example_sensor_decorator.py
[2026-03-26T22:52:16.277+0000] {logging_mixin.py:188} INFO - [2026-03-26T22:52:16.277+0000] {dag.py:3036} INFO - Sync 1 DAGs
[2026-03-26T22:52:16.286+0000] {logging_mixin.py:188} INFO - [2026-03-26T22:52:16.286+0000] {dag.py:3823} INFO - Setting next_dagrun for example_sensor_decorator to None, run_after=None
[2026-03-26T22:52:16.300+0000] {processor.py:183} INFO - Processing /home/airflow/.local/lib/python3.8/site-packages/airflow/example_dags/example_sensor_decorator.py took 0.052 seconds
[2026-03-26T22:52:46.776+0000] {processor.py:161} INFO - Started process (PID=126) to work on /home/airflow/.local/lib/python3.8/site-packages/airflow/example_dags/example_sensor_decorator.py
[2026-03-26T22:52:46.778+0000] {processor.py:830} INFO - Processing file /home/airflow/.local/lib/python3.8/site-packages/airflow/example_dags/example_sensor_decorator.py for tasks to queue
[2026-03-26T22:52:46.779+0000] {logging_mixin.py:188} INFO - [2026-03-26T22:52:46.779+0000] {dagbag.py:538} INFO - Filling up the DagBag from /home/airflow/.local/lib/python3.8/site-packages/airflow/example_dags/example_sensor_decorator.py
[2026-03-26T22:52:46.784+0000] {processor.py:840} INFO - DAG(s) 'example_sensor_decorator' retrieved from /home/airflow/.local/lib/python3.8/site-packages/airflow/example_dags/example_sensor_decorator.py
[2026-03-26T22:52:46.843+0000] {logging_mixin.py:188} INFO - [2026-03-26T22:52:46.843+0000] {dag.py:3036} INFO - Sync 1 DAGs
[2026-03-26T22:52:46.848+0000] {logging_mixin.py:188} INFO - [2026-03-26T22:52:46.848+0000] {dag.py:3823} INFO - Setting next_dagrun for example_sensor_decorator to None, run_after=None
[2026-03-26T22:52:46.859+0000] {processor.py:183} INFO - Processing /home/airflow/.local/lib/python3.8/site-packages/airflow/example_dags/example_sensor_decorator.py took 0.085 seconds
[2026-03-26T22:53:17.021+0000] {processor.py:161} INFO - Started process (PID=181) to work on /home/airflow/.local/lib/python3.8/site-packages/airflow/example_dags/example_sensor_decorator.py
[2026-03-26T22:53:17.022+0000] {processor.py:830} INFO - Processing file /home/airflow/.local/lib/python3.8/site-packages/airflow/example_dags/example_sensor_decorator.py for tasks to queue
[2026-03-26T22:53:17.023+0000] {logging_mixin.py:188} INFO - [2026-03-26T22:53:17.023+0000] {dagbag.py:538} INFO - Filling up the DagBag from /home/airflow/.local/lib/python3.8/site-packages/airflow/example_dags/example_sensor_decorator.py
[2026-03-26T22:53:17.028+0000] {processor.py:840} INFO - DAG(s) 'example_sensor_decorator' retrieved from /home/airflow/.local/lib/python3.8/site-packages/airflow/example_dags/example_sensor_decorator.py
[2026-03-26T22:53:17.041+0000] {logging_mixin.py:188} INFO - [2026-03-26T22:53:17.041+0000] {dag.py:3036} INFO - Sync 1 DAGs
[2026-03-26T22:53:17.048+0000] {logging_mixin.py:188} INFO - [2026-03-26T22:53:17.047+0000] {dag.py:3823} INFO - Setting next_dagrun for example_sensor_decorator to None, run_after=None
[2026-03-26T22:53:17.060+0000] {processor.py:183} INFO - Processing /home/airflow/.local/lib/python3.8/site-packages/airflow/example_dags/example_sensor_decorator.py took 0.041 seconds
[2026-03-26T22:53:47.530+0000] {processor.py:161} INFO - Started process (PID=236) to work on /home/airflow/.local/lib/python3.8/site-packages/airflow/example_dags/example_sensor_decorator.py
[2026-03-26T22:53:47.531+0000] {processor.py:830} INFO - Processing file /home/airflow/.local/lib/python3.8/site-packages/airflow/example_dags/example_sensor_decorator.py for tasks to queue
[2026-03-26T22:53:47.533+0000] {logging_mixin.py:188} INFO - [2026-03-26T22:53:47.532+0000] {dagbag.py:538} INFO - Filling up the DagBag from /home/airflow/.local/lib/python3.8/site-packages/airflow/example_dags/example_sensor_decorator.py
[2026-03-26T22:53:47.538+0000] {processor.py:840} INFO - DAG(s) 'example_sensor_decorator' retrieved from /home/airflow/.local/lib/python3.8/site-packages/airflow/example_dags/example_sensor_decorator.py
[2026-03-26T22:53:47.554+0000] {logging_mixin.py:188} INFO - [2026-03-26T22:53:47.554+0000] {dag.py:3036} INFO - Sync 1 DAGs
[2026-03-26T22:53:47.561+0000] {logging_mixin.py:188} INFO - [2026-03-26T22:53:47.561+0000] {dag.py:3823} INFO - Setting next_dagrun for example_sensor_decorator to None, run_after=None
[2026-03-26T22:53:47.573+0000] {processor.py:183} INFO - Processing /home/airflow/.local/lib/python3.8/site-packages/airflow/example_dags/example_sensor_decorator.py took 0.047 seconds
[2026-03-26T22:54:18.455+0000] {processor.py:161} INFO - Started process (PID=291) to work on /home/airflow/.local/lib/python3.8/site-packages/airflow/example_dags/example_sensor_decorator.py
[2026-03-26T22:54:18.456+0000] {processor.py:830} INFO - Processing file /home/airflow/.local/lib/python3.8/site-packages/airflow/example_dags/example_sensor_decorator.py for tasks to queue
[2026-03-26T22:54:18.457+0000] {logging_mixin.py:188} INFO - [2026-03-26T22:54:18.457+0000] {dagbag.py:538} INFO - Filling up the DagBag from /home/airflow/.local/lib/python3.8/site-packages/airflow/example_dags/example_sensor_decorator.py
[2026-03-26T22:54:18.462+0000] {processor.py:840} INFO - DAG(s) 'example_sensor_decorator' retrieved from /home/airflow/.local/lib/python3.8/site-packages/airflow/example_dags/example_sensor_decorator.py
[2026-03-26T22:54:18.479+0000] {logging_mixin.py:188} INFO - [2026-03-26T22:54:18.479+0000] {dag.py:3036} INFO - Sync 1 DAGs
[2026-03-26T22:54:18.486+0000] {logging_mixin.py:188} INFO - [2026-03-26T22:54:18.486+0000] {dag.py:3823} INFO - Setting next_dagrun for example_sensor_decorator to None, run_after=None
[2026-03-26T22:54:18.499+0000] {processor.py:183} INFO - Processing /home/airflow/.local/lib/python3.8/site-packages/airflow/example_dags/example_sensor_decorator.py took 0.046 seconds
[2026-03-26T22:54:49.051+0000] {processor.py:161} INFO - Started process (PID=346) to work on /home/airflow/.local/lib/python3.8/site-packages/airflow/example_dags/example_sensor_decorator.py
[2026-03-26T22:54:49.051+0000] {processor.py:830} INFO - Processing file /home/airflow/.local/lib/python3.8/site-packages/airflow/example_dags/example_sensor_decorator.py for tasks to queue
[2026-03-26T22:54:49.053+0000] {logging_mixin.py:188} INFO - [2026-03-26T22:54:49.052+0000] {dagbag.py:538} INFO - Filling up the DagBag from /home/airflow/.local/lib/python3.8/site-packages/airflow/example_dags/example_sensor_decorator.py
[2026-03-26T22:54:49.057+0000] {processor.py:840} INFO - DAG(s) 'example_sensor_decorator' retrieved from /home/airflow/.local/lib/python3.8/site-packages/airflow/example_dags/example_sensor_decorator.py
[2026-03-26T22:54:49.071+0000] {logging_mixin.py:188} INFO - [2026-03-26T22:54:49.071+0000] {dag.py:3036} INFO - Sync 1 DAGs
[2026-03-26T22:54:49.078+0000] {logging_mixin.py:188} INFO - [2026-03-26T22:54:49.078+0000] {dag.py:3823} INFO - Setting next_dagrun for example_sensor_decorator to None, run_after=None
[2026-03-26T22:54:49.091+0000] {processor.py:183} INFO - Processing /home/airflow/.local/lib/python3.8/site-packages/airflow/example_dags/example_sensor_decorator.py took 0.042 seconds
[2026-03-26T22:55:19.627+0000] {processor.py:161} INFO - Started process (PID=401) to work on /home/airflow/.local/lib/python3.8/site-packages/airflow/example_dags/example_sensor_decorator.py
[2026-03-26T22:55:19.627+0000] {processor.py:830} INFO - Processing file /home/airflow/.local/lib/python3.8/site-packages/airflow/example_dags/example_sensor_decorator.py for tasks to queue
[2026-03-26T22:55:19.629+0000] {logging_mixin.py:188} INFO - [2026-03-26T22:55:19.628+0000] {dagbag.py:538} INFO - Filling up the DagBag from /home/airflow/.local/lib/python3.8/site-packages/airflow/example_dags/example_sensor_decorator.py
[2026-03-26T22:55:19.633+0000] {processor.py:840} INFO - DAG(s) 'example_sensor_decorator' retrieved from /home/airflow/.local/lib/python3.8/site-packages/airflow/example_dags/example_sensor_decorator.py
[2026-03-26T22:55:19.647+0000] {logging_mixin.py:188} INFO - [2026-03-26T22:55:19.646+0000] {dag.py:3036} INFO - Sync 1 DAGs
[2026-03-26T22:55:19.654+0000] {logging_mixin.py:188} INFO - [2026-03-26T22:55:19.654+0000] {dag.py:3823} INFO - Setting next_dagrun for example_sensor_decorator to None, run_after=None
[2026-03-26T22:55:19.665+0000] {processor.py:183} INFO - Processing /home/airflow/.local/lib/python3.8/site-packages/airflow/example_dags/example_sensor_decorator.py took 0.041 seconds
[2026-03-26T22:55:50.192+0000] {processor.py:161} INFO - Started process (PID=456) to work on /home/airflow/.local/lib/python3.8/site-packages/airflow/example_dags/example_sensor_decorator.py
[2026-03-26T22:55:50.193+0000] {processor.py:830} INFO - Processing file /home/airflow/.local/lib/python3.8/site-packages/airflow/example_dags/example_sensor_decorator.py for tasks to queue
[2026-03-26T22:55:50.194+0000] {logging_mixin.py:188} INFO - [2026-03-26T22:55:50.194+0000] {dagbag.py:538} INFO - Filling up the DagBag from /home/airflow/.local/lib/python3.8/site-packages/airflow/example_dags/example_sensor_decorator.py
[2026-03-26T22:55:50.198+0000] {processor.py:840} INFO - DAG(s) 'example_sensor_decorator' retrieved from /home/airflow/.local/lib/python3.8/site-packages/airflow/example_dags/example_sensor_decorator.py
[2026-03-26T22:55:50.211+0000] {logging_mixin.py:188} INFO - [2026-03-26T22:55:50.211+0000] {dag.py:3036} INFO - Sync 1 DAGs
[2026-03-26T22:55:50.218+0000] {logging_mixin.py:188} INFO - [2026-03-26T22:55:50.218+0000] {dag.py:3823} INFO - Setting next_dagrun for example_sensor_decorator to None, run_after=None
[2026-03-26T22:55:50.230+0000] {processor.py:183} INFO - Processing /home/airflow/.local/lib/python3.8/site-packages/airflow/example_dags/example_sensor_decorator.py took 0.041 seconds
[2026-03-26T22:56:20.933+0000] {processor.py:161} INFO - Started process (PID=510) to work on /home/airflow/.local/lib/python3.8/site-packages/airflow/example_dags/example_sensor_decorator.py
[2026-03-26T22:56:20.934+0000] {processor.py:830} INFO - Processing file /home/airflow/.local/lib/python3.8/site-packages/airflow/example_dags/example_sensor_decorator.py for tasks to queue
[2026-03-26T22:56:20.935+0000] {logging_mixin.py:188} INFO - [2026-03-26T22:56:20.935+0000] {dagbag.py:538} INFO - Filling up the DagBag from /home/airflow/.local/lib/python3.8/site-packages/airflow/example_dags/example_sensor_decorator.py
[2026-03-26T22:56:20.939+0000] {processor.py:840} INFO - DAG(s) 'example_sensor_decorator' retrieved from /home/airflow/.local/lib/python3.8/site-packages/airflow/example_dags/example_sensor_decorator.py
[2026-03-26T22:56:20.952+0000] {logging_mixin.py:188} INFO - [2026-03-26T22:56:20.952+0000] {dag.py:3036} INFO - Sync 1 DAGs
[2026-03-26T22:56:20.958+0000] {logging_mixin.py:188} INFO - [2026-03-26T22:56:20.958+0000] {dag.py:3823} INFO - Setting next_dagrun for example_sensor_decorator to None, run_after=None
[2026-03-26T22:56:20.969+0000] {processor.py:183} INFO - Processing /home/airflow/.local/lib/python3.8/site-packages/airflow/example_dags/example_sensor_decorator.py took 0.038 seconds
[2026-03-26T22:56:51.607+0000] {processor.py:161} INFO - Started process (PID=565) to work on /home/airflow/.local/lib/python3.8/site-packages/airflow/example_dags/example_sensor_decorator.py
[2026-03-26T22:56:51.607+0000] {processor.py:830} INFO - Processing file /home/airflow/.local/lib/python3.8/site-packages/airflow/example_dags/example_sensor_decorator.py for tasks to queue
[2026-03-26T22:56:51.609+0000] {logging_mixin.py:188} INFO - [2026-03-26T22:56:51.608+0000] {dagbag.py:538} INFO - Filling up the DagBag from /home/airflow/.local/lib/python3.8/site-packages/airflow/example_dags/example_sensor_decorator.py
[2026-03-26T22:56:51.613+0000] {processor.py:840} INFO - DAG(s) 'example_sensor_decorator' retrieved from /home/airflow/.local/lib/python3.8/site-packages/airflow/example_dags/example_sensor_decorator.py
[2026-03-26T22:56:51.627+0000] {logging_mixin.py:188} INFO - [2026-03-26T22:56:51.627+0000] {dag.py:3036} INFO - Sync 1 DAGs
[2026-03-26T22:56:51.634+0000] {logging_mixin.py:188} INFO - [2026-03-26T22:56:51.634+0000] {dag.py:3823} INFO - Setting next_dagrun for example_sensor_decorator to None, run_after=None
[2026-03-26T22:56:51.648+0000] {processor.py:183} INFO - Processing /home/airflow/.local/lib/python3.8/site-packages/airflow/example_dags/example_sensor_decorator.py took 0.044 seconds
[2026-03-26T22:57:22.193+0000] {processor.py:161} INFO - Started process (PID=620) to work on /home/airflow/.local/lib/python3.8/site-packages/airflow/example_dags/example_sensor_decorator.py
[2026-03-26T22:57:22.193+0000] {processor.py:830} INFO - Processing file /home/airflow/.local/lib/python3.8/site-packages/airflow/example_dags/example_sensor_decorator.py for tasks to queue
[2026-03-26T22:57:22.194+0000] {logging_mixin.py:188} INFO - [2026-03-26T22:57:22.194+0000] {dagbag.py:538} INFO - Filling up the DagBag from /home/airflow/.local/lib/python3.8/site-packages/airflow/example_dags/example_sensor_decorator.py
[2026-03-26T22:57:22.199+0000] {processor.py:840} INFO - DAG(s) 'example_sensor_decorator' retrieved from /home/airflow/.local/lib/python3.8/site-packages/airflow/example_dags/example_sensor_decorator.py
[2026-03-26T22:57:22.218+0000] {logging_mixin.py:188} INFO - [2026-03-26T22:57:22.217+0000] {dag.py:3036} INFO - Sync 1 DAGs
[2026-03-26T22:57:22.224+0000] {logging_mixin.py:188} INFO - [2026-03-26T22:57:22.224+0000] {dag.py:3823} INFO - Setting next_dagrun for example_sensor_decorator to None, run_after=None
[2026-03-26T22:57:22.235+0000] {processor.py:183} INFO - Processing /home/airflow/.local/lib/python3.8/site-packages/airflow/example_dags/example_sensor_decorator.py took 0.045 seconds
[2026-03-26T22:57:52.891+0000] {processor.py:161} INFO - Started process (PID=675) to work on /home/airflow/.local/lib/python3.8/site-packages/airflow/example_dags/example_sensor_decorator.py
[2026-03-26T22:57:52.892+0000] {processor.py:830} INFO - Processing file /home/airflow/.local/lib/python3.8/site-packages/airflow/example_dags/example_sensor_decorator.py for tasks to queue
[2026-03-26T22:57:52.893+0000] {logging_mixin.py:188} INFO - [2026-03-26T22:57:52.893+0000] {dagbag.py:538} INFO - Filling up the DagBag from /home/airflow/.local/lib/python3.8/site-packages/airflow/example_dags/example_sensor_decorator.py
[2026-03-26T22:57:52.897+0000] {processor.py:840} INFO - DAG(s) 'example_sensor_decorator' retrieved from /home/airflow/.local/lib/python3.8/site-packages/airflow/example_dags/example_sensor_decorator.py
[2026-03-26T22:57:52.910+0000] {logging_mixin.py:188} INFO - [2026-03-26T22:57:52.910+0000] {dag.py:3036} INFO - Sync 1 DAGs
[2026-03-26T22:57:52.918+0000] {logging_mixin.py:188} INFO - [2026-03-26T22:57:52.918+0000] {dag.py:3823} INFO - Setting next_dagrun for example_sensor_decorator to None, run_after=None
[2026-03-26T22:57:52.928+0000] {processor.py:183} INFO - Processing /home/airflow/.local/lib/python3.8/site-packages/airflow/example_dags/example_sensor_decorator.py took 0.039 seconds
[2026-03-26T22:58:23.478+0000] {processor.py:161} INFO - Started process (PID=730) to work on /home/airflow/.local/lib/python3.8/site-packages/airflow/example_dags/example_sensor_decorator.py
[2026-03-26T22:58:23.479+0000] {processor.py:830} INFO - Processing file /home/airflow/.local/lib/python3.8/site-packages/airflow/example_dags/example_sensor_decorator.py for tasks to queue
[2026-03-26T22:58:23.481+0000] {logging_mixin.py:188} INFO - [2026-03-26T22:58:23.480+0000] {dagbag.py:538} INFO - Filling up the DagBag from /home/airflow/.local/lib/python3.8/site-packages/airflow/example_dags/example_sensor_decorator.py
[2026-03-26T22:58:23.485+0000] {processor.py:840} INFO - DAG(s) 'example_sensor_decorator' retrieved from /home/airflow/.local/lib/python3.8/site-packages/airflow/example_dags/example_sensor_decorator.py
[2026-03-26T22:58:23.493+0000] {logging_mixin.py:188} INFO - [2026-03-26T22:58:23.492+0000] {dag.py:3036} INFO - Sync 1 DAGs
[2026-03-26T22:58:23.500+0000] {logging_mixin.py:188} INFO - [2026-03-26T22:58:23.500+0000] {dag.py:3823} INFO - Setting next_dagrun for example_sensor_decorator to None, run_after=None
[2026-03-26T22:58:23.512+0000] {processor.py:183} INFO - Processing /home/airflow/.local/lib/python3.8/site-packages/airflow/example_dags/example_sensor_decorator.py took 0.036 seconds
