[2026-03-26T22:45:50.738+0000] {processor.py:161} INFO - Started process (PID=73) to work on /home/airflow/.local/lib/python3.8/site-packages/airflow/example_dags/example_sla_dag.py
[2026-03-26T22:45:50.739+0000] {processor.py:830} INFO - Processing file /home/airflow/.local/lib/python3.8/site-packages/airflow/example_dags/example_sla_dag.py for tasks to queue
[2026-03-26T22:45:50.741+0000] {logging_mixin.py:188} INFO - [2026-03-26T22:45:50.740+0000] {dagbag.py:538} INFO - Filling up the DagBag from /home/airflow/.local/lib/python3.8/site-packages/airflow/example_dags/example_sla_dag.py
[2026-03-26T22:45:50.747+0000] {processor.py:840} INFO - DAG(s) 'example_sla_dag' retrieved from /home/airflow/.local/lib/python3.8/site-packages/airflow/example_dags/example_sla_dag.py
[2026-03-26T22:45:50.762+0000] {logging_mixin.py:188} INFO - [2026-03-26T22:45:50.762+0000] {dag.py:3036} INFO - Sync 1 DAGs
[2026-03-26T22:45:50.785+0000] {logging_mixin.py:188} INFO - [2026-03-26T22:45:50.785+0000] {dag.py:3823} INFO - Setting next_dagrun for example_sla_dag to 2026-03-26 22:42:00+00:00, run_after=2026-03-26 22:44:00+00:00
[2026-03-26T22:45:50.799+0000] {processor.py:183} INFO - Processing /home/airflow/.local/lib/python3.8/site-packages/airflow/example_dags/example_sla_dag.py took 0.064 seconds
[2026-03-26T22:46:23.146+0000] {processor.py:161} INFO - Started process (PID=128) to work on /home/airflow/.local/lib/python3.8/site-packages/airflow/example_dags/example_sla_dag.py
[2026-03-26T22:46:23.148+0000] {processor.py:830} INFO - Processing file /home/airflow/.local/lib/python3.8/site-packages/airflow/example_dags/example_sla_dag.py for tasks to queue
[2026-03-26T22:46:23.149+0000] {logging_mixin.py:188} INFO - [2026-03-26T22:46:23.149+0000] {dagbag.py:538} INFO - Filling up the DagBag from /home/airflow/.local/lib/python3.8/site-packages/airflow/example_dags/example_sla_dag.py
[2026-03-26T22:46:23.155+0000] {processor.py:840} INFO - DAG(s) 'example_sla_dag' retrieved from /home/airflow/.local/lib/python3.8/site-packages/airflow/example_dags/example_sla_dag.py
[2026-03-26T22:46:23.210+0000] {logging_mixin.py:188} INFO - [2026-03-26T22:46:23.210+0000] {dag.py:3036} INFO - Sync 1 DAGs
[2026-03-26T22:46:23.222+0000] {logging_mixin.py:188} INFO - [2026-03-26T22:46:23.222+0000] {dag.py:3823} INFO - Setting next_dagrun for example_sla_dag to 2026-03-26 22:44:00+00:00, run_after=2026-03-26 22:46:00+00:00
[2026-03-26T22:46:23.233+0000] {processor.py:183} INFO - Processing /home/airflow/.local/lib/python3.8/site-packages/airflow/example_dags/example_sla_dag.py took 0.090 seconds
[2026-03-26T22:46:53.409+0000] {processor.py:161} INFO - Started process (PID=183) to work on /home/airflow/.local/lib/python3.8/site-packages/airflow/example_dags/example_sla_dag.py
[2026-03-26T22:46:53.410+0000] {processor.py:830} INFO - Processing file /home/airflow/.local/lib/python3.8/site-packages/airflow/example_dags/example_sla_dag.py for tasks to queue
[2026-03-26T22:46:53.411+0000] {logging_mixin.py:188} INFO - [2026-03-26T22:46:53.411+0000] {dagbag.py:538} INFO - Filling up the DagBag from /home/airflow/.local/lib/python3.8/site-packages/airflow/example_dags/example_sla_dag.py
[2026-03-26T22:46:53.417+0000] {processor.py:840} INFO - DAG(s) 'example_sla_dag' retrieved from /home/airflow/.local/lib/python3.8/site-packages/airflow/example_dags/example_sla_dag.py
[2026-03-26T22:46:53.430+0000] {logging_mixin.py:188} INFO - [2026-03-26T22:46:53.430+0000] {dag.py:3036} INFO - Sync 1 DAGs
[2026-03-26T22:46:53.446+0000] {logging_mixin.py:188} INFO - [2026-03-26T22:46:53.446+0000] {dag.py:3823} INFO - Setting next_dagrun for example_sla_dag to 2026-03-26 22:44:00+00:00, run_after=2026-03-26 22:46:00+00:00
[2026-03-26T22:46:53.459+0000] {processor.py:183} INFO - Processing /home/airflow/.local/lib/python3.8/site-packages/airflow/example_dags/example_sla_dag.py took 0.052 seconds
[2026-03-26T22:47:24.174+0000] {processor.py:161} INFO - Started process (PID=244) to work on /home/airflow/.local/lib/python3.8/site-packages/airflow/example_dags/example_sla_dag.py
[2026-03-26T22:47:24.175+0000] {processor.py:830} INFO - Processing file /home/airflow/.local/lib/python3.8/site-packages/airflow/example_dags/example_sla_dag.py for tasks to queue
[2026-03-26T22:47:24.177+0000] {logging_mixin.py:188} INFO - [2026-03-26T22:47:24.177+0000] {dagbag.py:538} INFO - Filling up the DagBag from /home/airflow/.local/lib/python3.8/site-packages/airflow/example_dags/example_sla_dag.py
[2026-03-26T22:47:24.183+0000] {processor.py:840} INFO - DAG(s) 'example_sla_dag' retrieved from /home/airflow/.local/lib/python3.8/site-packages/airflow/example_dags/example_sla_dag.py
[2026-03-26T22:47:24.200+0000] {logging_mixin.py:188} INFO - [2026-03-26T22:47:24.200+0000] {dag.py:3036} INFO - Sync 1 DAGs
[2026-03-26T22:47:24.217+0000] {logging_mixin.py:188} INFO - [2026-03-26T22:47:24.217+0000] {dag.py:3823} INFO - Setting next_dagrun for example_sla_dag to 2026-03-26 22:44:00+00:00, run_after=2026-03-26 22:46:00+00:00
[2026-03-26T22:47:24.227+0000] {processor.py:183} INFO - Processing /home/airflow/.local/lib/python3.8/site-packages/airflow/example_dags/example_sla_dag.py took 0.055 seconds
[2026-03-26T22:47:54.867+0000] {processor.py:161} INFO - Started process (PID=299) to work on /home/airflow/.local/lib/python3.8/site-packages/airflow/example_dags/example_sla_dag.py
[2026-03-26T22:47:54.868+0000] {processor.py:830} INFO - Processing file /home/airflow/.local/lib/python3.8/site-packages/airflow/example_dags/example_sla_dag.py for tasks to queue
[2026-03-26T22:47:54.869+0000] {logging_mixin.py:188} INFO - [2026-03-26T22:47:54.869+0000] {dagbag.py:538} INFO - Filling up the DagBag from /home/airflow/.local/lib/python3.8/site-packages/airflow/example_dags/example_sla_dag.py
[2026-03-26T22:47:54.875+0000] {processor.py:840} INFO - DAG(s) 'example_sla_dag' retrieved from /home/airflow/.local/lib/python3.8/site-packages/airflow/example_dags/example_sla_dag.py
[2026-03-26T22:47:54.887+0000] {logging_mixin.py:188} INFO - [2026-03-26T22:47:54.886+0000] {dag.py:3036} INFO - Sync 1 DAGs
[2026-03-26T22:47:54.899+0000] {logging_mixin.py:188} INFO - [2026-03-26T22:47:54.899+0000] {dag.py:3823} INFO - Setting next_dagrun for example_sla_dag to 2026-03-26 22:44:00+00:00, run_after=2026-03-26 22:46:00+00:00
[2026-03-26T22:47:54.909+0000] {processor.py:183} INFO - Processing /home/airflow/.local/lib/python3.8/site-packages/airflow/example_dags/example_sla_dag.py took 0.044 seconds
[2026-03-26T22:48:25.400+0000] {processor.py:161} INFO - Started process (PID=353) to work on /home/airflow/.local/lib/python3.8/site-packages/airflow/example_dags/example_sla_dag.py
[2026-03-26T22:48:25.401+0000] {processor.py:830} INFO - Processing file /home/airflow/.local/lib/python3.8/site-packages/airflow/example_dags/example_sla_dag.py for tasks to queue
[2026-03-26T22:48:25.402+0000] {logging_mixin.py:188} INFO - [2026-03-26T22:48:25.402+0000] {dagbag.py:538} INFO - Filling up the DagBag from /home/airflow/.local/lib/python3.8/site-packages/airflow/example_dags/example_sla_dag.py
[2026-03-26T22:48:25.407+0000] {processor.py:840} INFO - DAG(s) 'example_sla_dag' retrieved from /home/airflow/.local/lib/python3.8/site-packages/airflow/example_dags/example_sla_dag.py
[2026-03-26T22:48:25.424+0000] {logging_mixin.py:188} INFO - [2026-03-26T22:48:25.424+0000] {dag.py:3036} INFO - Sync 1 DAGs
[2026-03-26T22:48:25.438+0000] {logging_mixin.py:188} INFO - [2026-03-26T22:48:25.438+0000] {dag.py:3823} INFO - Setting next_dagrun for example_sla_dag to 2026-03-26 22:46:00+00:00, run_after=2026-03-26 22:48:00+00:00
[2026-03-26T22:48:25.447+0000] {processor.py:183} INFO - Processing /home/airflow/.local/lib/python3.8/site-packages/airflow/example_dags/example_sla_dag.py took 0.050 seconds
[2026-03-26T22:48:55.934+0000] {processor.py:161} INFO - Started process (PID=408) to work on /home/airflow/.local/lib/python3.8/site-packages/airflow/example_dags/example_sla_dag.py
[2026-03-26T22:48:55.935+0000] {processor.py:830} INFO - Processing file /home/airflow/.local/lib/python3.8/site-packages/airflow/example_dags/example_sla_dag.py for tasks to queue
[2026-03-26T22:48:55.936+0000] {logging_mixin.py:188} INFO - [2026-03-26T22:48:55.936+0000] {dagbag.py:538} INFO - Filling up the DagBag from /home/airflow/.local/lib/python3.8/site-packages/airflow/example_dags/example_sla_dag.py
[2026-03-26T22:48:55.941+0000] {processor.py:840} INFO - DAG(s) 'example_sla_dag' retrieved from /home/airflow/.local/lib/python3.8/site-packages/airflow/example_dags/example_sla_dag.py
[2026-03-26T22:48:55.953+0000] {logging_mixin.py:188} INFO - [2026-03-26T22:48:55.953+0000] {dag.py:3036} INFO - Sync 1 DAGs
[2026-03-26T22:48:55.966+0000] {logging_mixin.py:188} INFO - [2026-03-26T22:48:55.966+0000] {dag.py:3823} INFO - Setting next_dagrun for example_sla_dag to 2026-03-26 22:46:00+00:00, run_after=2026-03-26 22:48:00+00:00
[2026-03-26T22:48:55.976+0000] {processor.py:183} INFO - Processing /home/airflow/.local/lib/python3.8/site-packages/airflow/example_dags/example_sla_dag.py took 0.045 seconds
[2026-03-26T22:49:26.410+0000] {processor.py:161} INFO - Started process (PID=462) to work on /home/airflow/.local/lib/python3.8/site-packages/airflow/example_dags/example_sla_dag.py
[2026-03-26T22:49:26.411+0000] {processor.py:830} INFO - Processing file /home/airflow/.local/lib/python3.8/site-packages/airflow/example_dags/example_sla_dag.py for tasks to queue
[2026-03-26T22:49:26.412+0000] {logging_mixin.py:188} INFO - [2026-03-26T22:49:26.412+0000] {dagbag.py:538} INFO - Filling up the DagBag from /home/airflow/.local/lib/python3.8/site-packages/airflow/example_dags/example_sla_dag.py
[2026-03-26T22:49:26.427+0000] {processor.py:840} INFO - DAG(s) 'example_sla_dag' retrieved from /home/airflow/.local/lib/python3.8/site-packages/airflow/example_dags/example_sla_dag.py
[2026-03-26T22:49:26.453+0000] {logging_mixin.py:188} INFO - [2026-03-26T22:49:26.453+0000] {dag.py:3036} INFO - Sync 1 DAGs
[2026-03-26T22:49:26.471+0000] {logging_mixin.py:188} INFO - [2026-03-26T22:49:26.470+0000] {dag.py:3823} INFO - Setting next_dagrun for example_sla_dag to 2026-03-26 22:46:00+00:00, run_after=2026-03-26 22:48:00+00:00
[2026-03-26T22:49:26.482+0000] {processor.py:183} INFO - Processing /home/airflow/.local/lib/python3.8/site-packages/airflow/example_dags/example_sla_dag.py took 0.074 seconds
[2026-03-26T22:49:56.910+0000] {processor.py:161} INFO - Started process (PID=517) to work on /home/airflow/.local/lib/python3.8/site-packages/airflow/example_dags/example_sla_dag.py
[2026-03-26T22:49:56.911+0000] {processor.py:830} INFO - Processing file /home/airflow/.local/lib/python3.8/site-packages/airflow/example_dags/example_sla_dag.py for tasks to queue
[2026-03-26T22:49:56.912+0000] {logging_mixin.py:188} INFO - [2026-03-26T22:49:56.912+0000] {dagbag.py:538} INFO - Filling up the DagBag from /home/airflow/.local/lib/python3.8/site-packages/airflow/example_dags/example_sla_dag.py
[2026-03-26T22:49:56.917+0000] {processor.py:840} INFO - DAG(s) 'example_sla_dag' retrieved from /home/airflow/.local/lib/python3.8/site-packages/airflow/example_dags/example_sla_dag.py
[2026-03-26T22:49:56.930+0000] {logging_mixin.py:188} INFO - [2026-03-26T22:49:56.930+0000] {dag.py:3036} INFO - Sync 1 DAGs
[2026-03-26T22:49:56.943+0000] {logging_mixin.py:188} INFO - [2026-03-26T22:49:56.943+0000] {dag.py:3823} INFO - Setting next_dagrun for example_sla_dag to 2026-03-26 22:46:00+00:00, run_after=2026-03-26 22:48:00+00:00
[2026-03-26T22:49:56.955+0000] {processor.py:183} INFO - Processing /home/airflow/.local/lib/python3.8/site-packages/airflow/example_dags/example_sla_dag.py took 0.047 seconds
[2026-03-26T22:50:27.577+0000] {processor.py:161} INFO - Started process (PID=572) to work on /home/airflow/.local/lib/python3.8/site-packages/airflow/example_dags/example_sla_dag.py
[2026-03-26T22:50:27.578+0000] {processor.py:830} INFO - Processing file /home/airflow/.local/lib/python3.8/site-packages/airflow/example_dags/example_sla_dag.py for tasks to queue
[2026-03-26T22:50:27.579+0000] {logging_mixin.py:188} INFO - [2026-03-26T22:50:27.579+0000] {dagbag.py:538} INFO - Filling up the DagBag from /home/airflow/.local/lib/python3.8/site-packages/airflow/example_dags/example_sla_dag.py
[2026-03-26T22:50:27.585+0000] {processor.py:840} INFO - DAG(s) 'example_sla_dag' retrieved from /home/airflow/.local/lib/python3.8/site-packages/airflow/example_dags/example_sla_dag.py
[2026-03-26T22:50:27.597+0000] {logging_mixin.py:188} INFO - [2026-03-26T22:50:27.597+0000] {dag.py:3036} INFO - Sync 1 DAGs
[2026-03-26T22:50:27.610+0000] {logging_mixin.py:188} INFO - [2026-03-26T22:50:27.610+0000] {dag.py:3823} INFO - Setting next_dagrun for example_sla_dag to 2026-03-26 22:48:00+00:00, run_after=2026-03-26 22:50:00+00:00
[2026-03-26T22:50:27.620+0000] {processor.py:183} INFO - Processing /home/airflow/.local/lib/python3.8/site-packages/airflow/example_dags/example_sla_dag.py took 0.046 seconds
[2026-03-26T22:50:58.414+0000] {processor.py:161} INFO - Started process (PID=627) to work on /home/airflow/.local/lib/python3.8/site-packages/airflow/example_dags/example_sla_dag.py
[2026-03-26T22:50:58.415+0000] {processor.py:830} INFO - Processing file /home/airflow/.local/lib/python3.8/site-packages/airflow/example_dags/example_sla_dag.py for tasks to queue
[2026-03-26T22:50:58.416+0000] {logging_mixin.py:188} INFO - [2026-03-26T22:50:58.416+0000] {dagbag.py:538} INFO - Filling up the DagBag from /home/airflow/.local/lib/python3.8/site-packages/airflow/example_dags/example_sla_dag.py
[2026-03-26T22:50:58.422+0000] {processor.py:840} INFO - DAG(s) 'example_sla_dag' retrieved from /home/airflow/.local/lib/python3.8/site-packages/airflow/example_dags/example_sla_dag.py
[2026-03-26T22:50:58.437+0000] {logging_mixin.py:188} INFO - [2026-03-26T22:50:58.437+0000] {dag.py:3036} INFO - Sync 1 DAGs
[2026-03-26T22:50:58.451+0000] {logging_mixin.py:188} INFO - [2026-03-26T22:50:58.450+0000] {dag.py:3823} INFO - Setting next_dagrun for example_sla_dag to 2026-03-26 22:48:00+00:00, run_after=2026-03-26 22:50:00+00:00
[2026-03-26T22:50:58.460+0000] {processor.py:183} INFO - Processing /home/airflow/.local/lib/python3.8/site-packages/airflow/example_dags/example_sla_dag.py took 0.048 seconds
[2026-03-26T22:51:28.992+0000] {processor.py:161} INFO - Started process (PID=682) to work on /home/airflow/.local/lib/python3.8/site-packages/airflow/example_dags/example_sla_dag.py
[2026-03-26T22:51:28.993+0000] {processor.py:830} INFO - Processing file /home/airflow/.local/lib/python3.8/site-packages/airflow/example_dags/example_sla_dag.py for tasks to queue
[2026-03-26T22:51:28.995+0000] {logging_mixin.py:188} INFO - [2026-03-26T22:51:28.994+0000] {dagbag.py:538} INFO - Filling up the DagBag from /home/airflow/.local/lib/python3.8/site-packages/airflow/example_dags/example_sla_dag.py
[2026-03-26T22:51:29.000+0000] {processor.py:840} INFO - DAG(s) 'example_sla_dag' retrieved from /home/airflow/.local/lib/python3.8/site-packages/airflow/example_dags/example_sla_dag.py
[2026-03-26T22:51:29.015+0000] {logging_mixin.py:188} INFO - [2026-03-26T22:51:29.015+0000] {dag.py:3036} INFO - Sync 1 DAGs
[2026-03-26T22:51:29.028+0000] {logging_mixin.py:188} INFO - [2026-03-26T22:51:29.028+0000] {dag.py:3823} INFO - Setting next_dagrun for example_sla_dag to 2026-03-26 22:48:00+00:00, run_after=2026-03-26 22:50:00+00:00
[2026-03-26T22:51:29.038+0000] {processor.py:183} INFO - Processing /home/airflow/.local/lib/python3.8/site-packages/airflow/example_dags/example_sla_dag.py took 0.048 seconds
[2026-03-26T22:52:16.369+0000] {processor.py:161} INFO - Started process (PID=73) to work on /home/airflow/.local/lib/python3.8/site-packages/airflow/example_dags/example_sla_dag.py
[2026-03-26T22:52:16.370+0000] {processor.py:830} INFO - Processing file /home/airflow/.local/lib/python3.8/site-packages/airflow/example_dags/example_sla_dag.py for tasks to queue
[2026-03-26T22:52:16.371+0000] {logging_mixin.py:188} INFO - [2026-03-26T22:52:16.371+0000] {dagbag.py:538} INFO - Filling up the DagBag from /home/airflow/.local/lib/python3.8/site-packages/airflow/example_dags/example_sla_dag.py
[2026-03-26T22:52:16.378+0000] {processor.py:840} INFO - DAG(s) 'example_sla_dag' retrieved from /home/airflow/.local/lib/python3.8/site-packages/airflow/example_dags/example_sla_dag.py
[2026-03-26T22:52:16.388+0000] {logging_mixin.py:188} INFO - [2026-03-26T22:52:16.387+0000] {dag.py:3036} INFO - Sync 1 DAGs
[2026-03-26T22:52:16.403+0000] {logging_mixin.py:188} INFO - [2026-03-26T22:52:16.403+0000] {dag.py:3823} INFO - Setting next_dagrun for example_sla_dag to 2026-03-26 22:50:00+00:00, run_after=2026-03-26 22:52:00+00:00
[2026-03-26T22:52:16.413+0000] {processor.py:183} INFO - Processing /home/airflow/.local/lib/python3.8/site-packages/airflow/example_dags/example_sla_dag.py took 0.047 seconds
[2026-03-26T22:52:46.962+0000] {processor.py:161} INFO - Started process (PID=128) to work on /home/airflow/.local/lib/python3.8/site-packages/airflow/example_dags/example_sla_dag.py
[2026-03-26T22:52:46.963+0000] {processor.py:830} INFO - Processing file /home/airflow/.local/lib/python3.8/site-packages/airflow/example_dags/example_sla_dag.py for tasks to queue
[2026-03-26T22:52:46.964+0000] {logging_mixin.py:188} INFO - [2026-03-26T22:52:46.964+0000] {dagbag.py:538} INFO - Filling up the DagBag from /home/airflow/.local/lib/python3.8/site-packages/airflow/example_dags/example_sla_dag.py
[2026-03-26T22:52:46.970+0000] {processor.py:840} INFO - DAG(s) 'example_sla_dag' retrieved from /home/airflow/.local/lib/python3.8/site-packages/airflow/example_dags/example_sla_dag.py
[2026-03-26T22:52:47.028+0000] {logging_mixin.py:188} INFO - [2026-03-26T22:52:47.028+0000] {dag.py:3036} INFO - Sync 1 DAGs
[2026-03-26T22:52:47.041+0000] {logging_mixin.py:188} INFO - [2026-03-26T22:52:47.041+0000] {dag.py:3823} INFO - Setting next_dagrun for example_sla_dag to 2026-03-26 22:50:00+00:00, run_after=2026-03-26 22:52:00+00:00
[2026-03-26T22:52:47.061+0000] {processor.py:183} INFO - Processing /home/airflow/.local/lib/python3.8/site-packages/airflow/example_dags/example_sla_dag.py took 0.102 seconds
[2026-03-26T22:53:17.124+0000] {processor.py:161} INFO - Started process (PID=183) to work on /home/airflow/.local/lib/python3.8/site-packages/airflow/example_dags/example_sla_dag.py
[2026-03-26T22:53:17.125+0000] {processor.py:830} INFO - Processing file /home/airflow/.local/lib/python3.8/site-packages/airflow/example_dags/example_sla_dag.py for tasks to queue
[2026-03-26T22:53:17.126+0000] {logging_mixin.py:188} INFO - [2026-03-26T22:53:17.126+0000] {dagbag.py:538} INFO - Filling up the DagBag from /home/airflow/.local/lib/python3.8/site-packages/airflow/example_dags/example_sla_dag.py
[2026-03-26T22:53:17.132+0000] {processor.py:840} INFO - DAG(s) 'example_sla_dag' retrieved from /home/airflow/.local/lib/python3.8/site-packages/airflow/example_dags/example_sla_dag.py
[2026-03-26T22:53:17.146+0000] {logging_mixin.py:188} INFO - [2026-03-26T22:53:17.145+0000] {dag.py:3036} INFO - Sync 1 DAGs
[2026-03-26T22:53:17.159+0000] {logging_mixin.py:188} INFO - [2026-03-26T22:53:17.159+0000] {dag.py:3823} INFO - Setting next_dagrun for example_sla_dag to 2026-03-26 22:50:00+00:00, run_after=2026-03-26 22:52:00+00:00
[2026-03-26T22:53:17.169+0000] {processor.py:183} INFO - Processing /home/airflow/.local/lib/python3.8/site-packages/airflow/example_dags/example_sla_dag.py took 0.047 seconds
[2026-03-26T22:53:47.600+0000] {processor.py:161} INFO - Started process (PID=238) to work on /home/airflow/.local/lib/python3.8/site-packages/airflow/example_dags/example_sla_dag.py
[2026-03-26T22:53:47.602+0000] {processor.py:830} INFO - Processing file /home/airflow/.local/lib/python3.8/site-packages/airflow/example_dags/example_sla_dag.py for tasks to queue
[2026-03-26T22:53:47.603+0000] {logging_mixin.py:188} INFO - [2026-03-26T22:53:47.603+0000] {dagbag.py:538} INFO - Filling up the DagBag from /home/airflow/.local/lib/python3.8/site-packages/airflow/example_dags/example_sla_dag.py
[2026-03-26T22:53:47.611+0000] {processor.py:840} INFO - DAG(s) 'example_sla_dag' retrieved from /home/airflow/.local/lib/python3.8/site-packages/airflow/example_dags/example_sla_dag.py
[2026-03-26T22:53:47.634+0000] {logging_mixin.py:188} INFO - [2026-03-26T22:53:47.634+0000] {dag.py:3036} INFO - Sync 1 DAGs
[2026-03-26T22:53:47.656+0000] {logging_mixin.py:188} INFO - [2026-03-26T22:53:47.656+0000] {dag.py:3823} INFO - Setting next_dagrun for example_sla_dag to 2026-03-26 22:50:00+00:00, run_after=2026-03-26 22:52:00+00:00
[2026-03-26T22:53:47.672+0000] {processor.py:183} INFO - Processing /home/airflow/.local/lib/python3.8/site-packages/airflow/example_dags/example_sla_dag.py took 0.076 seconds
[2026-03-26T22:54:18.522+0000] {processor.py:161} INFO - Started process (PID=293) to work on /home/airflow/.local/lib/python3.8/site-packages/airflow/example_dags/example_sla_dag.py
[2026-03-26T22:54:18.523+0000] {processor.py:830} INFO - Processing file /home/airflow/.local/lib/python3.8/site-packages/airflow/example_dags/example_sla_dag.py for tasks to queue
[2026-03-26T22:54:18.524+0000] {logging_mixin.py:188} INFO - [2026-03-26T22:54:18.524+0000] {dagbag.py:538} INFO - Filling up the DagBag from /home/airflow/.local/lib/python3.8/site-packages/airflow/example_dags/example_sla_dag.py
[2026-03-26T22:54:18.530+0000] {processor.py:840} INFO - DAG(s) 'example_sla_dag' retrieved from /home/airflow/.local/lib/python3.8/site-packages/airflow/example_dags/example_sla_dag.py
[2026-03-26T22:54:18.543+0000] {logging_mixin.py:188} INFO - [2026-03-26T22:54:18.543+0000] {dag.py:3036} INFO - Sync 1 DAGs
[2026-03-26T22:54:18.559+0000] {logging_mixin.py:188} INFO - [2026-03-26T22:54:18.559+0000] {dag.py:3823} INFO - Setting next_dagrun for example_sla_dag to 2026-03-26 22:52:00+00:00, run_after=2026-03-26 22:54:00+00:00
[2026-03-26T22:54:18.569+0000] {processor.py:183} INFO - Processing /home/airflow/.local/lib/python3.8/site-packages/airflow/example_dags/example_sla_dag.py took 0.050 seconds
[2026-03-26T22:54:49.152+0000] {processor.py:161} INFO - Started process (PID=348) to work on /home/airflow/.local/lib/python3.8/site-packages/airflow/example_dags/example_sla_dag.py
[2026-03-26T22:54:49.152+0000] {processor.py:830} INFO - Processing file /home/airflow/.local/lib/python3.8/site-packages/airflow/example_dags/example_sla_dag.py for tasks to queue
[2026-03-26T22:54:49.154+0000] {logging_mixin.py:188} INFO - [2026-03-26T22:54:49.153+0000] {dagbag.py:538} INFO - Filling up the DagBag from /home/airflow/.local/lib/python3.8/site-packages/airflow/example_dags/example_sla_dag.py
[2026-03-26T22:54:49.159+0000] {processor.py:840} INFO - DAG(s) 'example_sla_dag' retrieved from /home/airflow/.local/lib/python3.8/site-packages/airflow/example_dags/example_sla_dag.py
[2026-03-26T22:54:49.173+0000] {logging_mixin.py:188} INFO - [2026-03-26T22:54:49.173+0000] {dag.py:3036} INFO - Sync 1 DAGs
[2026-03-26T22:54:49.187+0000] {logging_mixin.py:188} INFO - [2026-03-26T22:54:49.186+0000] {dag.py:3823} INFO - Setting next_dagrun for example_sla_dag to 2026-03-26 22:52:00+00:00, run_after=2026-03-26 22:54:00+00:00
[2026-03-26T22:54:49.197+0000] {processor.py:183} INFO - Processing /home/airflow/.local/lib/python3.8/site-packages/airflow/example_dags/example_sla_dag.py took 0.048 seconds
[2026-03-26T22:55:19.679+0000] {processor.py:161} INFO - Started process (PID=403) to work on /home/airflow/.local/lib/python3.8/site-packages/airflow/example_dags/example_sla_dag.py
[2026-03-26T22:55:19.680+0000] {processor.py:830} INFO - Processing file /home/airflow/.local/lib/python3.8/site-packages/airflow/example_dags/example_sla_dag.py for tasks to queue
[2026-03-26T22:55:19.681+0000] {logging_mixin.py:188} INFO - [2026-03-26T22:55:19.681+0000] {dagbag.py:538} INFO - Filling up the DagBag from /home/airflow/.local/lib/python3.8/site-packages/airflow/example_dags/example_sla_dag.py
[2026-03-26T22:55:19.687+0000] {processor.py:840} INFO - DAG(s) 'example_sla_dag' retrieved from /home/airflow/.local/lib/python3.8/site-packages/airflow/example_dags/example_sla_dag.py
[2026-03-26T22:55:19.701+0000] {logging_mixin.py:188} INFO - [2026-03-26T22:55:19.701+0000] {dag.py:3036} INFO - Sync 1 DAGs
[2026-03-26T22:55:19.714+0000] {logging_mixin.py:188} INFO - [2026-03-26T22:55:19.714+0000] {dag.py:3823} INFO - Setting next_dagrun for example_sla_dag to 2026-03-26 22:52:00+00:00, run_after=2026-03-26 22:54:00+00:00
[2026-03-26T22:55:19.725+0000] {processor.py:183} INFO - Processing /home/airflow/.local/lib/python3.8/site-packages/airflow/example_dags/example_sla_dag.py took 0.048 seconds
[2026-03-26T22:55:50.303+0000] {processor.py:161} INFO - Started process (PID=458) to work on /home/airflow/.local/lib/python3.8/site-packages/airflow/example_dags/example_sla_dag.py
[2026-03-26T22:55:50.304+0000] {processor.py:830} INFO - Processing file /home/airflow/.local/lib/python3.8/site-packages/airflow/example_dags/example_sla_dag.py for tasks to queue
[2026-03-26T22:55:50.305+0000] {logging_mixin.py:188} INFO - [2026-03-26T22:55:50.305+0000] {dagbag.py:538} INFO - Filling up the DagBag from /home/airflow/.local/lib/python3.8/site-packages/airflow/example_dags/example_sla_dag.py
[2026-03-26T22:55:50.311+0000] {processor.py:840} INFO - DAG(s) 'example_sla_dag' retrieved from /home/airflow/.local/lib/python3.8/site-packages/airflow/example_dags/example_sla_dag.py
[2026-03-26T22:55:50.324+0000] {logging_mixin.py:188} INFO - [2026-03-26T22:55:50.323+0000] {dag.py:3036} INFO - Sync 1 DAGs
[2026-03-26T22:55:50.337+0000] {logging_mixin.py:188} INFO - [2026-03-26T22:55:50.336+0000] {dag.py:3823} INFO - Setting next_dagrun for example_sla_dag to 2026-03-26 22:52:00+00:00, run_after=2026-03-26 22:54:00+00:00
[2026-03-26T22:55:50.347+0000] {processor.py:183} INFO - Processing /home/airflow/.local/lib/python3.8/site-packages/airflow/example_dags/example_sla_dag.py took 0.046 seconds
[2026-03-26T22:56:20.983+0000] {processor.py:161} INFO - Started process (PID=512) to work on /home/airflow/.local/lib/python3.8/site-packages/airflow/example_dags/example_sla_dag.py
[2026-03-26T22:56:20.984+0000] {processor.py:830} INFO - Processing file /home/airflow/.local/lib/python3.8/site-packages/airflow/example_dags/example_sla_dag.py for tasks to queue
[2026-03-26T22:56:20.985+0000] {logging_mixin.py:188} INFO - [2026-03-26T22:56:20.985+0000] {dagbag.py:538} INFO - Filling up the DagBag from /home/airflow/.local/lib/python3.8/site-packages/airflow/example_dags/example_sla_dag.py
[2026-03-26T22:56:20.991+0000] {processor.py:840} INFO - DAG(s) 'example_sla_dag' retrieved from /home/airflow/.local/lib/python3.8/site-packages/airflow/example_dags/example_sla_dag.py
[2026-03-26T22:56:21.004+0000] {logging_mixin.py:188} INFO - [2026-03-26T22:56:21.003+0000] {dag.py:3036} INFO - Sync 1 DAGs
[2026-03-26T22:56:21.017+0000] {logging_mixin.py:188} INFO - [2026-03-26T22:56:21.016+0000] {dag.py:3823} INFO - Setting next_dagrun for example_sla_dag to 2026-03-26 22:54:00+00:00, run_after=2026-03-26 22:56:00+00:00
[2026-03-26T22:56:21.029+0000] {processor.py:183} INFO - Processing /home/airflow/.local/lib/python3.8/site-packages/airflow/example_dags/example_sla_dag.py took 0.048 seconds
[2026-03-26T22:56:51.666+0000] {processor.py:161} INFO - Started process (PID=567) to work on /home/airflow/.local/lib/python3.8/site-packages/airflow/example_dags/example_sla_dag.py
[2026-03-26T22:56:51.667+0000] {processor.py:830} INFO - Processing file /home/airflow/.local/lib/python3.8/site-packages/airflow/example_dags/example_sla_dag.py for tasks to queue
[2026-03-26T22:56:51.669+0000] {logging_mixin.py:188} INFO - [2026-03-26T22:56:51.669+0000] {dagbag.py:538} INFO - Filling up the DagBag from /home/airflow/.local/lib/python3.8/site-packages/airflow/example_dags/example_sla_dag.py
[2026-03-26T22:56:51.674+0000] {processor.py:840} INFO - DAG(s) 'example_sla_dag' retrieved from /home/airflow/.local/lib/python3.8/site-packages/airflow/example_dags/example_sla_dag.py
[2026-03-26T22:56:51.688+0000] {logging_mixin.py:188} INFO - [2026-03-26T22:56:51.687+0000] {dag.py:3036} INFO - Sync 1 DAGs
[2026-03-26T22:56:51.701+0000] {logging_mixin.py:188} INFO - [2026-03-26T22:56:51.701+0000] {dag.py:3823} INFO - Setting next_dagrun for example_sla_dag to 2026-03-26 22:54:00+00:00, run_after=2026-03-26 22:56:00+00:00
[2026-03-26T22:56:51.712+0000] {processor.py:183} INFO - Processing /home/airflow/.local/lib/python3.8/site-packages/airflow/example_dags/example_sla_dag.py took 0.048 seconds
[2026-03-26T22:57:22.295+0000] {processor.py:161} INFO - Started process (PID=622) to work on /home/airflow/.local/lib/python3.8/site-packages/airflow/example_dags/example_sla_dag.py
[2026-03-26T22:57:22.296+0000] {processor.py:830} INFO - Processing file /home/airflow/.local/lib/python3.8/site-packages/airflow/example_dags/example_sla_dag.py for tasks to queue
[2026-03-26T22:57:22.297+0000] {logging_mixin.py:188} INFO - [2026-03-26T22:57:22.297+0000] {dagbag.py:538} INFO - Filling up the DagBag from /home/airflow/.local/lib/python3.8/site-packages/airflow/example_dags/example_sla_dag.py
[2026-03-26T22:57:22.302+0000] {processor.py:840} INFO - DAG(s) 'example_sla_dag' retrieved from /home/airflow/.local/lib/python3.8/site-packages/airflow/example_dags/example_sla_dag.py
[2026-03-26T22:57:22.316+0000] {logging_mixin.py:188} INFO - [2026-03-26T22:57:22.316+0000] {dag.py:3036} INFO - Sync 1 DAGs
[2026-03-26T22:57:22.330+0000] {logging_mixin.py:188} INFO - [2026-03-26T22:57:22.330+0000] {dag.py:3823} INFO - Setting next_dagrun for example_sla_dag to 2026-03-26 22:54:00+00:00, run_after=2026-03-26 22:56:00+00:00
[2026-03-26T22:57:22.341+0000] {processor.py:183} INFO - Processing /home/airflow/.local/lib/python3.8/site-packages/airflow/example_dags/example_sla_dag.py took 0.048 seconds
[2026-03-26T22:57:52.942+0000] {processor.py:161} INFO - Started process (PID=677) to work on /home/airflow/.local/lib/python3.8/site-packages/airflow/example_dags/example_sla_dag.py
[2026-03-26T22:57:52.943+0000] {processor.py:830} INFO - Processing file /home/airflow/.local/lib/python3.8/site-packages/airflow/example_dags/example_sla_dag.py for tasks to queue
[2026-03-26T22:57:52.944+0000] {logging_mixin.py:188} INFO - [2026-03-26T22:57:52.944+0000] {dagbag.py:538} INFO - Filling up the DagBag from /home/airflow/.local/lib/python3.8/site-packages/airflow/example_dags/example_sla_dag.py
[2026-03-26T22:57:52.950+0000] {processor.py:840} INFO - DAG(s) 'example_sla_dag' retrieved from /home/airflow/.local/lib/python3.8/site-packages/airflow/example_dags/example_sla_dag.py
[2026-03-26T22:57:52.963+0000] {logging_mixin.py:188} INFO - [2026-03-26T22:57:52.963+0000] {dag.py:3036} INFO - Sync 1 DAGs
[2026-03-26T22:57:52.976+0000] {logging_mixin.py:188} INFO - [2026-03-26T22:57:52.976+0000] {dag.py:3823} INFO - Setting next_dagrun for example_sla_dag to 2026-03-26 22:54:00+00:00, run_after=2026-03-26 22:56:00+00:00
[2026-03-26T22:57:52.986+0000] {processor.py:183} INFO - Processing /home/airflow/.local/lib/python3.8/site-packages/airflow/example_dags/example_sla_dag.py took 0.047 seconds
[2026-03-26T22:58:23.529+0000] {processor.py:161} INFO - Started process (PID=732) to work on /home/airflow/.local/lib/python3.8/site-packages/airflow/example_dags/example_sla_dag.py
[2026-03-26T22:58:23.530+0000] {processor.py:830} INFO - Processing file /home/airflow/.local/lib/python3.8/site-packages/airflow/example_dags/example_sla_dag.py for tasks to queue
[2026-03-26T22:58:23.531+0000] {logging_mixin.py:188} INFO - [2026-03-26T22:58:23.531+0000] {dagbag.py:538} INFO - Filling up the DagBag from /home/airflow/.local/lib/python3.8/site-packages/airflow/example_dags/example_sla_dag.py
[2026-03-26T22:58:23.538+0000] {processor.py:840} INFO - DAG(s) 'example_sla_dag' retrieved from /home/airflow/.local/lib/python3.8/site-packages/airflow/example_dags/example_sla_dag.py
[2026-03-26T22:58:23.546+0000] {logging_mixin.py:188} INFO - [2026-03-26T22:58:23.546+0000] {dag.py:3036} INFO - Sync 1 DAGs
[2026-03-26T22:58:23.562+0000] {logging_mixin.py:188} INFO - [2026-03-26T22:58:23.562+0000] {dag.py:3823} INFO - Setting next_dagrun for example_sla_dag to 2026-03-26 22:56:00+00:00, run_after=2026-03-26 22:58:00+00:00
[2026-03-26T22:58:23.574+0000] {processor.py:183} INFO - Processing /home/airflow/.local/lib/python3.8/site-packages/airflow/example_dags/example_sla_dag.py took 0.047 seconds
