[2026-03-26T22:45:51.258+0000] {processor.py:161} INFO - Started process (PID=87) to work on /home/airflow/.local/lib/python3.8/site-packages/airflow/example_dags/example_task_group_decorator.py
[2026-03-26T22:45:51.258+0000] {processor.py:830} INFO - Processing file /home/airflow/.local/lib/python3.8/site-packages/airflow/example_dags/example_task_group_decorator.py for tasks to queue
[2026-03-26T22:45:51.260+0000] {logging_mixin.py:188} INFO - [2026-03-26T22:45:51.259+0000] {dagbag.py:538} INFO - Filling up the DagBag from /home/airflow/.local/lib/python3.8/site-packages/airflow/example_dags/example_task_group_decorator.py
[2026-03-26T22:45:51.268+0000] {processor.py:840} INFO - DAG(s) 'example_task_group_decorator' retrieved from /home/airflow/.local/lib/python3.8/site-packages/airflow/example_dags/example_task_group_decorator.py
[2026-03-26T22:45:51.276+0000] {logging_mixin.py:188} INFO - [2026-03-26T22:45:51.275+0000] {dag.py:3036} INFO - Sync 1 DAGs
[2026-03-26T22:45:51.289+0000] {logging_mixin.py:188} INFO - [2026-03-26T22:45:51.289+0000] {dag.py:3823} INFO - Setting next_dagrun for example_task_group_decorator to 2026-03-25 00:00:00+00:00, run_after=2026-03-26 00:00:00+00:00
[2026-03-26T22:45:51.302+0000] {processor.py:183} INFO - Processing /home/airflow/.local/lib/python3.8/site-packages/airflow/example_dags/example_task_group_decorator.py took 0.047 seconds
[2026-03-26T22:46:24.017+0000] {processor.py:161} INFO - Started process (PID=148) to work on /home/airflow/.local/lib/python3.8/site-packages/airflow/example_dags/example_task_group_decorator.py
[2026-03-26T22:46:24.018+0000] {processor.py:830} INFO - Processing file /home/airflow/.local/lib/python3.8/site-packages/airflow/example_dags/example_task_group_decorator.py for tasks to queue
[2026-03-26T22:46:24.019+0000] {logging_mixin.py:188} INFO - [2026-03-26T22:46:24.019+0000] {dagbag.py:538} INFO - Filling up the DagBag from /home/airflow/.local/lib/python3.8/site-packages/airflow/example_dags/example_task_group_decorator.py
[2026-03-26T22:46:24.027+0000] {processor.py:840} INFO - DAG(s) 'example_task_group_decorator' retrieved from /home/airflow/.local/lib/python3.8/site-packages/airflow/example_dags/example_task_group_decorator.py
[2026-03-26T22:46:24.087+0000] {logging_mixin.py:188} INFO - [2026-03-26T22:46:24.087+0000] {dag.py:3036} INFO - Sync 1 DAGs
[2026-03-26T22:46:24.099+0000] {logging_mixin.py:188} INFO - [2026-03-26T22:46:24.099+0000] {dag.py:3823} INFO - Setting next_dagrun for example_task_group_decorator to 2026-03-25 00:00:00+00:00, run_after=2026-03-26 00:00:00+00:00
[2026-03-26T22:46:24.124+0000] {processor.py:183} INFO - Processing /home/airflow/.local/lib/python3.8/site-packages/airflow/example_dags/example_task_group_decorator.py took 0.109 seconds
[2026-03-26T22:46:54.892+0000] {processor.py:161} INFO - Started process (PID=203) to work on /home/airflow/.local/lib/python3.8/site-packages/airflow/example_dags/example_task_group_decorator.py
[2026-03-26T22:46:54.892+0000] {processor.py:830} INFO - Processing file /home/airflow/.local/lib/python3.8/site-packages/airflow/example_dags/example_task_group_decorator.py for tasks to queue
[2026-03-26T22:46:54.894+0000] {logging_mixin.py:188} INFO - [2026-03-26T22:46:54.893+0000] {dagbag.py:538} INFO - Filling up the DagBag from /home/airflow/.local/lib/python3.8/site-packages/airflow/example_dags/example_task_group_decorator.py
[2026-03-26T22:46:54.907+0000] {processor.py:840} INFO - DAG(s) 'example_task_group_decorator' retrieved from /home/airflow/.local/lib/python3.8/site-packages/airflow/example_dags/example_task_group_decorator.py
[2026-03-26T22:46:54.923+0000] {logging_mixin.py:188} INFO - [2026-03-26T22:46:54.923+0000] {dag.py:3036} INFO - Sync 1 DAGs
[2026-03-26T22:46:54.936+0000] {logging_mixin.py:188} INFO - [2026-03-26T22:46:54.936+0000] {dag.py:3823} INFO - Setting next_dagrun for example_task_group_decorator to 2026-03-25 00:00:00+00:00, run_after=2026-03-26 00:00:00+00:00
[2026-03-26T22:46:54.951+0000] {processor.py:183} INFO - Processing /home/airflow/.local/lib/python3.8/site-packages/airflow/example_dags/example_task_group_decorator.py took 0.062 seconds
[2026-03-26T22:47:25.745+0000] {processor.py:161} INFO - Started process (PID=258) to work on /home/airflow/.local/lib/python3.8/site-packages/airflow/example_dags/example_task_group_decorator.py
[2026-03-26T22:47:25.746+0000] {processor.py:830} INFO - Processing file /home/airflow/.local/lib/python3.8/site-packages/airflow/example_dags/example_task_group_decorator.py for tasks to queue
[2026-03-26T22:47:25.747+0000] {logging_mixin.py:188} INFO - [2026-03-26T22:47:25.747+0000] {dagbag.py:538} INFO - Filling up the DagBag from /home/airflow/.local/lib/python3.8/site-packages/airflow/example_dags/example_task_group_decorator.py
[2026-03-26T22:47:25.755+0000] {processor.py:840} INFO - DAG(s) 'example_task_group_decorator' retrieved from /home/airflow/.local/lib/python3.8/site-packages/airflow/example_dags/example_task_group_decorator.py
[2026-03-26T22:47:25.772+0000] {logging_mixin.py:188} INFO - [2026-03-26T22:47:25.772+0000] {dag.py:3036} INFO - Sync 1 DAGs
[2026-03-26T22:47:25.785+0000] {logging_mixin.py:188} INFO - [2026-03-26T22:47:25.785+0000] {dag.py:3823} INFO - Setting next_dagrun for example_task_group_decorator to 2026-03-25 00:00:00+00:00, run_after=2026-03-26 00:00:00+00:00
[2026-03-26T22:47:25.796+0000] {processor.py:183} INFO - Processing /home/airflow/.local/lib/python3.8/site-packages/airflow/example_dags/example_task_group_decorator.py took 0.053 seconds
[2026-03-26T22:47:56.365+0000] {processor.py:161} INFO - Started process (PID=313) to work on /home/airflow/.local/lib/python3.8/site-packages/airflow/example_dags/example_task_group_decorator.py
[2026-03-26T22:47:56.365+0000] {processor.py:830} INFO - Processing file /home/airflow/.local/lib/python3.8/site-packages/airflow/example_dags/example_task_group_decorator.py for tasks to queue
[2026-03-26T22:47:56.366+0000] {logging_mixin.py:188} INFO - [2026-03-26T22:47:56.366+0000] {dagbag.py:538} INFO - Filling up the DagBag from /home/airflow/.local/lib/python3.8/site-packages/airflow/example_dags/example_task_group_decorator.py
[2026-03-26T22:47:56.374+0000] {processor.py:840} INFO - DAG(s) 'example_task_group_decorator' retrieved from /home/airflow/.local/lib/python3.8/site-packages/airflow/example_dags/example_task_group_decorator.py
[2026-03-26T22:47:56.390+0000] {logging_mixin.py:188} INFO - [2026-03-26T22:47:56.390+0000] {dag.py:3036} INFO - Sync 1 DAGs
[2026-03-26T22:47:56.403+0000] {logging_mixin.py:188} INFO - [2026-03-26T22:47:56.403+0000] {dag.py:3823} INFO - Setting next_dagrun for example_task_group_decorator to 2026-03-25 00:00:00+00:00, run_after=2026-03-26 00:00:00+00:00
[2026-03-26T22:47:56.414+0000] {processor.py:183} INFO - Processing /home/airflow/.local/lib/python3.8/site-packages/airflow/example_dags/example_task_group_decorator.py took 0.052 seconds
[2026-03-26T22:48:26.890+0000] {processor.py:161} INFO - Started process (PID=367) to work on /home/airflow/.local/lib/python3.8/site-packages/airflow/example_dags/example_task_group_decorator.py
[2026-03-26T22:48:26.891+0000] {processor.py:830} INFO - Processing file /home/airflow/.local/lib/python3.8/site-packages/airflow/example_dags/example_task_group_decorator.py for tasks to queue
[2026-03-26T22:48:26.892+0000] {logging_mixin.py:188} INFO - [2026-03-26T22:48:26.892+0000] {dagbag.py:538} INFO - Filling up the DagBag from /home/airflow/.local/lib/python3.8/site-packages/airflow/example_dags/example_task_group_decorator.py
[2026-03-26T22:48:26.900+0000] {processor.py:840} INFO - DAG(s) 'example_task_group_decorator' retrieved from /home/airflow/.local/lib/python3.8/site-packages/airflow/example_dags/example_task_group_decorator.py
[2026-03-26T22:48:26.914+0000] {logging_mixin.py:188} INFO - [2026-03-26T22:48:26.914+0000] {dag.py:3036} INFO - Sync 1 DAGs
[2026-03-26T22:48:26.925+0000] {logging_mixin.py:188} INFO - [2026-03-26T22:48:26.925+0000] {dag.py:3823} INFO - Setting next_dagrun for example_task_group_decorator to 2026-03-25 00:00:00+00:00, run_after=2026-03-26 00:00:00+00:00
[2026-03-26T22:48:26.937+0000] {processor.py:183} INFO - Processing /home/airflow/.local/lib/python3.8/site-packages/airflow/example_dags/example_task_group_decorator.py took 0.049 seconds
[2026-03-26T22:48:57.373+0000] {processor.py:161} INFO - Started process (PID=422) to work on /home/airflow/.local/lib/python3.8/site-packages/airflow/example_dags/example_task_group_decorator.py
[2026-03-26T22:48:57.374+0000] {processor.py:830} INFO - Processing file /home/airflow/.local/lib/python3.8/site-packages/airflow/example_dags/example_task_group_decorator.py for tasks to queue
[2026-03-26T22:48:57.375+0000] {logging_mixin.py:188} INFO - [2026-03-26T22:48:57.375+0000] {dagbag.py:538} INFO - Filling up the DagBag from /home/airflow/.local/lib/python3.8/site-packages/airflow/example_dags/example_task_group_decorator.py
[2026-03-26T22:48:57.382+0000] {processor.py:840} INFO - DAG(s) 'example_task_group_decorator' retrieved from /home/airflow/.local/lib/python3.8/site-packages/airflow/example_dags/example_task_group_decorator.py
[2026-03-26T22:48:57.397+0000] {logging_mixin.py:188} INFO - [2026-03-26T22:48:57.397+0000] {dag.py:3036} INFO - Sync 1 DAGs
[2026-03-26T22:48:57.409+0000] {logging_mixin.py:188} INFO - [2026-03-26T22:48:57.409+0000] {dag.py:3823} INFO - Setting next_dagrun for example_task_group_decorator to 2026-03-25 00:00:00+00:00, run_after=2026-03-26 00:00:00+00:00
[2026-03-26T22:48:57.419+0000] {processor.py:183} INFO - Processing /home/airflow/.local/lib/python3.8/site-packages/airflow/example_dags/example_task_group_decorator.py took 0.048 seconds
[2026-03-26T22:49:27.898+0000] {processor.py:161} INFO - Started process (PID=476) to work on /home/airflow/.local/lib/python3.8/site-packages/airflow/example_dags/example_task_group_decorator.py
[2026-03-26T22:49:27.899+0000] {processor.py:830} INFO - Processing file /home/airflow/.local/lib/python3.8/site-packages/airflow/example_dags/example_task_group_decorator.py for tasks to queue
[2026-03-26T22:49:27.900+0000] {logging_mixin.py:188} INFO - [2026-03-26T22:49:27.900+0000] {dagbag.py:538} INFO - Filling up the DagBag from /home/airflow/.local/lib/python3.8/site-packages/airflow/example_dags/example_task_group_decorator.py
[2026-03-26T22:49:27.908+0000] {processor.py:840} INFO - DAG(s) 'example_task_group_decorator' retrieved from /home/airflow/.local/lib/python3.8/site-packages/airflow/example_dags/example_task_group_decorator.py
[2026-03-26T22:49:27.923+0000] {logging_mixin.py:188} INFO - [2026-03-26T22:49:27.922+0000] {dag.py:3036} INFO - Sync 1 DAGs
[2026-03-26T22:49:27.934+0000] {logging_mixin.py:188} INFO - [2026-03-26T22:49:27.934+0000] {dag.py:3823} INFO - Setting next_dagrun for example_task_group_decorator to 2026-03-25 00:00:00+00:00, run_after=2026-03-26 00:00:00+00:00
[2026-03-26T22:49:27.945+0000] {processor.py:183} INFO - Processing /home/airflow/.local/lib/python3.8/site-packages/airflow/example_dags/example_task_group_decorator.py took 0.049 seconds
[2026-03-26T22:49:58.440+0000] {processor.py:161} INFO - Started process (PID=531) to work on /home/airflow/.local/lib/python3.8/site-packages/airflow/example_dags/example_task_group_decorator.py
[2026-03-26T22:49:58.441+0000] {processor.py:830} INFO - Processing file /home/airflow/.local/lib/python3.8/site-packages/airflow/example_dags/example_task_group_decorator.py for tasks to queue
[2026-03-26T22:49:58.442+0000] {logging_mixin.py:188} INFO - [2026-03-26T22:49:58.442+0000] {dagbag.py:538} INFO - Filling up the DagBag from /home/airflow/.local/lib/python3.8/site-packages/airflow/example_dags/example_task_group_decorator.py
[2026-03-26T22:49:58.450+0000] {processor.py:840} INFO - DAG(s) 'example_task_group_decorator' retrieved from /home/airflow/.local/lib/python3.8/site-packages/airflow/example_dags/example_task_group_decorator.py
[2026-03-26T22:49:58.465+0000] {logging_mixin.py:188} INFO - [2026-03-26T22:49:58.465+0000] {dag.py:3036} INFO - Sync 1 DAGs
[2026-03-26T22:49:58.477+0000] {logging_mixin.py:188} INFO - [2026-03-26T22:49:58.477+0000] {dag.py:3823} INFO - Setting next_dagrun for example_task_group_decorator to 2026-03-25 00:00:00+00:00, run_after=2026-03-26 00:00:00+00:00
[2026-03-26T22:49:58.487+0000] {processor.py:183} INFO - Processing /home/airflow/.local/lib/python3.8/site-packages/airflow/example_dags/example_task_group_decorator.py took 0.049 seconds
[2026-03-26T22:50:29.098+0000] {processor.py:161} INFO - Started process (PID=586) to work on /home/airflow/.local/lib/python3.8/site-packages/airflow/example_dags/example_task_group_decorator.py
[2026-03-26T22:50:29.099+0000] {processor.py:830} INFO - Processing file /home/airflow/.local/lib/python3.8/site-packages/airflow/example_dags/example_task_group_decorator.py for tasks to queue
[2026-03-26T22:50:29.100+0000] {logging_mixin.py:188} INFO - [2026-03-26T22:50:29.100+0000] {dagbag.py:538} INFO - Filling up the DagBag from /home/airflow/.local/lib/python3.8/site-packages/airflow/example_dags/example_task_group_decorator.py
[2026-03-26T22:50:29.108+0000] {processor.py:840} INFO - DAG(s) 'example_task_group_decorator' retrieved from /home/airflow/.local/lib/python3.8/site-packages/airflow/example_dags/example_task_group_decorator.py
[2026-03-26T22:50:29.123+0000] {logging_mixin.py:188} INFO - [2026-03-26T22:50:29.122+0000] {dag.py:3036} INFO - Sync 1 DAGs
[2026-03-26T22:50:29.134+0000] {logging_mixin.py:188} INFO - [2026-03-26T22:50:29.134+0000] {dag.py:3823} INFO - Setting next_dagrun for example_task_group_decorator to 2026-03-25 00:00:00+00:00, run_after=2026-03-26 00:00:00+00:00
[2026-03-26T22:50:29.148+0000] {processor.py:183} INFO - Processing /home/airflow/.local/lib/python3.8/site-packages/airflow/example_dags/example_task_group_decorator.py took 0.052 seconds
[2026-03-26T22:50:59.910+0000] {processor.py:161} INFO - Started process (PID=641) to work on /home/airflow/.local/lib/python3.8/site-packages/airflow/example_dags/example_task_group_decorator.py
[2026-03-26T22:50:59.911+0000] {processor.py:830} INFO - Processing file /home/airflow/.local/lib/python3.8/site-packages/airflow/example_dags/example_task_group_decorator.py for tasks to queue
[2026-03-26T22:50:59.912+0000] {logging_mixin.py:188} INFO - [2026-03-26T22:50:59.912+0000] {dagbag.py:538} INFO - Filling up the DagBag from /home/airflow/.local/lib/python3.8/site-packages/airflow/example_dags/example_task_group_decorator.py
[2026-03-26T22:50:59.920+0000] {processor.py:840} INFO - DAG(s) 'example_task_group_decorator' retrieved from /home/airflow/.local/lib/python3.8/site-packages/airflow/example_dags/example_task_group_decorator.py
[2026-03-26T22:50:59.938+0000] {logging_mixin.py:188} INFO - [2026-03-26T22:50:59.938+0000] {dag.py:3036} INFO - Sync 1 DAGs
[2026-03-26T22:50:59.953+0000] {logging_mixin.py:188} INFO - [2026-03-26T22:50:59.953+0000] {dag.py:3823} INFO - Setting next_dagrun for example_task_group_decorator to 2026-03-25 00:00:00+00:00, run_after=2026-03-26 00:00:00+00:00
[2026-03-26T22:50:59.964+0000] {processor.py:183} INFO - Processing /home/airflow/.local/lib/python3.8/site-packages/airflow/example_dags/example_task_group_decorator.py took 0.056 seconds
[2026-03-26T22:51:30.534+0000] {processor.py:161} INFO - Started process (PID=696) to work on /home/airflow/.local/lib/python3.8/site-packages/airflow/example_dags/example_task_group_decorator.py
[2026-03-26T22:51:30.535+0000] {processor.py:830} INFO - Processing file /home/airflow/.local/lib/python3.8/site-packages/airflow/example_dags/example_task_group_decorator.py for tasks to queue
[2026-03-26T22:51:30.537+0000] {logging_mixin.py:188} INFO - [2026-03-26T22:51:30.537+0000] {dagbag.py:538} INFO - Filling up the DagBag from /home/airflow/.local/lib/python3.8/site-packages/airflow/example_dags/example_task_group_decorator.py
[2026-03-26T22:51:30.545+0000] {processor.py:840} INFO - DAG(s) 'example_task_group_decorator' retrieved from /home/airflow/.local/lib/python3.8/site-packages/airflow/example_dags/example_task_group_decorator.py
[2026-03-26T22:51:30.560+0000] {logging_mixin.py:188} INFO - [2026-03-26T22:51:30.559+0000] {dag.py:3036} INFO - Sync 1 DAGs
[2026-03-26T22:51:30.576+0000] {logging_mixin.py:188} INFO - [2026-03-26T22:51:30.576+0000] {dag.py:3823} INFO - Setting next_dagrun for example_task_group_decorator to 2026-03-25 00:00:00+00:00, run_after=2026-03-26 00:00:00+00:00
[2026-03-26T22:51:30.586+0000] {processor.py:183} INFO - Processing /home/airflow/.local/lib/python3.8/site-packages/airflow/example_dags/example_task_group_decorator.py took 0.055 seconds
[2026-03-26T22:52:16.860+0000] {processor.py:161} INFO - Started process (PID=87) to work on /home/airflow/.local/lib/python3.8/site-packages/airflow/example_dags/example_task_group_decorator.py
[2026-03-26T22:52:16.862+0000] {processor.py:830} INFO - Processing file /home/airflow/.local/lib/python3.8/site-packages/airflow/example_dags/example_task_group_decorator.py for tasks to queue
[2026-03-26T22:52:16.863+0000] {logging_mixin.py:188} INFO - [2026-03-26T22:52:16.863+0000] {dagbag.py:538} INFO - Filling up the DagBag from /home/airflow/.local/lib/python3.8/site-packages/airflow/example_dags/example_task_group_decorator.py
[2026-03-26T22:52:16.871+0000] {processor.py:840} INFO - DAG(s) 'example_task_group_decorator' retrieved from /home/airflow/.local/lib/python3.8/site-packages/airflow/example_dags/example_task_group_decorator.py
[2026-03-26T22:52:16.879+0000] {logging_mixin.py:188} INFO - [2026-03-26T22:52:16.879+0000] {dag.py:3036} INFO - Sync 1 DAGs
[2026-03-26T22:52:16.898+0000] {logging_mixin.py:188} INFO - [2026-03-26T22:52:16.898+0000] {dag.py:3823} INFO - Setting next_dagrun for example_task_group_decorator to 2026-03-25 00:00:00+00:00, run_after=2026-03-26 00:00:00+00:00
[2026-03-26T22:52:16.911+0000] {processor.py:183} INFO - Processing /home/airflow/.local/lib/python3.8/site-packages/airflow/example_dags/example_task_group_decorator.py took 0.054 seconds
[2026-03-26T22:52:47.820+0000] {processor.py:161} INFO - Started process (PID=142) to work on /home/airflow/.local/lib/python3.8/site-packages/airflow/example_dags/example_task_group_decorator.py
[2026-03-26T22:52:47.820+0000] {processor.py:830} INFO - Processing file /home/airflow/.local/lib/python3.8/site-packages/airflow/example_dags/example_task_group_decorator.py for tasks to queue
[2026-03-26T22:52:47.822+0000] {logging_mixin.py:188} INFO - [2026-03-26T22:52:47.821+0000] {dagbag.py:538} INFO - Filling up the DagBag from /home/airflow/.local/lib/python3.8/site-packages/airflow/example_dags/example_task_group_decorator.py
[2026-03-26T22:52:47.830+0000] {processor.py:840} INFO - DAG(s) 'example_task_group_decorator' retrieved from /home/airflow/.local/lib/python3.8/site-packages/airflow/example_dags/example_task_group_decorator.py
[2026-03-26T22:52:47.889+0000] {logging_mixin.py:188} INFO - [2026-03-26T22:52:47.889+0000] {dag.py:3036} INFO - Sync 1 DAGs
[2026-03-26T22:52:47.901+0000] {logging_mixin.py:188} INFO - [2026-03-26T22:52:47.901+0000] {dag.py:3823} INFO - Setting next_dagrun for example_task_group_decorator to 2026-03-25 00:00:00+00:00, run_after=2026-03-26 00:00:00+00:00
[2026-03-26T22:52:47.913+0000] {processor.py:183} INFO - Processing /home/airflow/.local/lib/python3.8/site-packages/airflow/example_dags/example_task_group_decorator.py took 0.095 seconds
[2026-03-26T22:53:18.578+0000] {processor.py:161} INFO - Started process (PID=197) to work on /home/airflow/.local/lib/python3.8/site-packages/airflow/example_dags/example_task_group_decorator.py
[2026-03-26T22:53:18.579+0000] {processor.py:830} INFO - Processing file /home/airflow/.local/lib/python3.8/site-packages/airflow/example_dags/example_task_group_decorator.py for tasks to queue
[2026-03-26T22:53:18.581+0000] {logging_mixin.py:188} INFO - [2026-03-26T22:53:18.580+0000] {dagbag.py:538} INFO - Filling up the DagBag from /home/airflow/.local/lib/python3.8/site-packages/airflow/example_dags/example_task_group_decorator.py
[2026-03-26T22:53:18.589+0000] {processor.py:840} INFO - DAG(s) 'example_task_group_decorator' retrieved from /home/airflow/.local/lib/python3.8/site-packages/airflow/example_dags/example_task_group_decorator.py
[2026-03-26T22:53:18.608+0000] {logging_mixin.py:188} INFO - [2026-03-26T22:53:18.607+0000] {dag.py:3036} INFO - Sync 1 DAGs
[2026-03-26T22:53:18.621+0000] {logging_mixin.py:188} INFO - [2026-03-26T22:53:18.621+0000] {dag.py:3823} INFO - Setting next_dagrun for example_task_group_decorator to 2026-03-25 00:00:00+00:00, run_after=2026-03-26 00:00:00+00:00
[2026-03-26T22:53:18.638+0000] {processor.py:183} INFO - Processing /home/airflow/.local/lib/python3.8/site-packages/airflow/example_dags/example_task_group_decorator.py took 0.062 seconds
[2026-03-26T22:53:49.146+0000] {processor.py:161} INFO - Started process (PID=252) to work on /home/airflow/.local/lib/python3.8/site-packages/airflow/example_dags/example_task_group_decorator.py
[2026-03-26T22:53:49.147+0000] {processor.py:830} INFO - Processing file /home/airflow/.local/lib/python3.8/site-packages/airflow/example_dags/example_task_group_decorator.py for tasks to queue
[2026-03-26T22:53:49.148+0000] {logging_mixin.py:188} INFO - [2026-03-26T22:53:49.148+0000] {dagbag.py:538} INFO - Filling up the DagBag from /home/airflow/.local/lib/python3.8/site-packages/airflow/example_dags/example_task_group_decorator.py
[2026-03-26T22:53:49.156+0000] {processor.py:840} INFO - DAG(s) 'example_task_group_decorator' retrieved from /home/airflow/.local/lib/python3.8/site-packages/airflow/example_dags/example_task_group_decorator.py
[2026-03-26T22:53:49.171+0000] {logging_mixin.py:188} INFO - [2026-03-26T22:53:49.171+0000] {dag.py:3036} INFO - Sync 1 DAGs
[2026-03-26T22:53:49.186+0000] {logging_mixin.py:188} INFO - [2026-03-26T22:53:49.186+0000] {dag.py:3823} INFO - Setting next_dagrun for example_task_group_decorator to 2026-03-25 00:00:00+00:00, run_after=2026-03-26 00:00:00+00:00
[2026-03-26T22:53:49.202+0000] {processor.py:183} INFO - Processing /home/airflow/.local/lib/python3.8/site-packages/airflow/example_dags/example_task_group_decorator.py took 0.059 seconds
[2026-03-26T22:54:19.999+0000] {processor.py:161} INFO - Started process (PID=307) to work on /home/airflow/.local/lib/python3.8/site-packages/airflow/example_dags/example_task_group_decorator.py
[2026-03-26T22:54:20.000+0000] {processor.py:830} INFO - Processing file /home/airflow/.local/lib/python3.8/site-packages/airflow/example_dags/example_task_group_decorator.py for tasks to queue
[2026-03-26T22:54:20.002+0000] {logging_mixin.py:188} INFO - [2026-03-26T22:54:20.001+0000] {dagbag.py:538} INFO - Filling up the DagBag from /home/airflow/.local/lib/python3.8/site-packages/airflow/example_dags/example_task_group_decorator.py
[2026-03-26T22:54:20.009+0000] {processor.py:840} INFO - DAG(s) 'example_task_group_decorator' retrieved from /home/airflow/.local/lib/python3.8/site-packages/airflow/example_dags/example_task_group_decorator.py
[2026-03-26T22:54:20.024+0000] {logging_mixin.py:188} INFO - [2026-03-26T22:54:20.024+0000] {dag.py:3036} INFO - Sync 1 DAGs
[2026-03-26T22:54:20.036+0000] {logging_mixin.py:188} INFO - [2026-03-26T22:54:20.036+0000] {dag.py:3823} INFO - Setting next_dagrun for example_task_group_decorator to 2026-03-25 00:00:00+00:00, run_after=2026-03-26 00:00:00+00:00
[2026-03-26T22:54:20.046+0000] {processor.py:183} INFO - Processing /home/airflow/.local/lib/python3.8/site-packages/airflow/example_dags/example_task_group_decorator.py took 0.049 seconds
[2026-03-26T22:54:50.561+0000] {processor.py:161} INFO - Started process (PID=362) to work on /home/airflow/.local/lib/python3.8/site-packages/airflow/example_dags/example_task_group_decorator.py
[2026-03-26T22:54:50.562+0000] {processor.py:830} INFO - Processing file /home/airflow/.local/lib/python3.8/site-packages/airflow/example_dags/example_task_group_decorator.py for tasks to queue
[2026-03-26T22:54:50.563+0000] {logging_mixin.py:188} INFO - [2026-03-26T22:54:50.563+0000] {dagbag.py:538} INFO - Filling up the DagBag from /home/airflow/.local/lib/python3.8/site-packages/airflow/example_dags/example_task_group_decorator.py
[2026-03-26T22:54:50.571+0000] {processor.py:840} INFO - DAG(s) 'example_task_group_decorator' retrieved from /home/airflow/.local/lib/python3.8/site-packages/airflow/example_dags/example_task_group_decorator.py
[2026-03-26T22:54:50.587+0000] {logging_mixin.py:188} INFO - [2026-03-26T22:54:50.587+0000] {dag.py:3036} INFO - Sync 1 DAGs
[2026-03-26T22:54:50.600+0000] {logging_mixin.py:188} INFO - [2026-03-26T22:54:50.600+0000] {dag.py:3823} INFO - Setting next_dagrun for example_task_group_decorator to 2026-03-25 00:00:00+00:00, run_after=2026-03-26 00:00:00+00:00
[2026-03-26T22:54:50.613+0000] {processor.py:183} INFO - Processing /home/airflow/.local/lib/python3.8/site-packages/airflow/example_dags/example_task_group_decorator.py took 0.054 seconds
[2026-03-26T22:55:21.139+0000] {processor.py:161} INFO - Started process (PID=417) to work on /home/airflow/.local/lib/python3.8/site-packages/airflow/example_dags/example_task_group_decorator.py
[2026-03-26T22:55:21.140+0000] {processor.py:830} INFO - Processing file /home/airflow/.local/lib/python3.8/site-packages/airflow/example_dags/example_task_group_decorator.py for tasks to queue
[2026-03-26T22:55:21.141+0000] {logging_mixin.py:188} INFO - [2026-03-26T22:55:21.141+0000] {dagbag.py:538} INFO - Filling up the DagBag from /home/airflow/.local/lib/python3.8/site-packages/airflow/example_dags/example_task_group_decorator.py
[2026-03-26T22:55:21.149+0000] {processor.py:840} INFO - DAG(s) 'example_task_group_decorator' retrieved from /home/airflow/.local/lib/python3.8/site-packages/airflow/example_dags/example_task_group_decorator.py
[2026-03-26T22:55:21.163+0000] {logging_mixin.py:188} INFO - [2026-03-26T22:55:21.163+0000] {dag.py:3036} INFO - Sync 1 DAGs
[2026-03-26T22:55:21.175+0000] {logging_mixin.py:188} INFO - [2026-03-26T22:55:21.175+0000] {dag.py:3823} INFO - Setting next_dagrun for example_task_group_decorator to 2026-03-25 00:00:00+00:00, run_after=2026-03-26 00:00:00+00:00
[2026-03-26T22:55:21.186+0000] {processor.py:183} INFO - Processing /home/airflow/.local/lib/python3.8/site-packages/airflow/example_dags/example_task_group_decorator.py took 0.049 seconds
[2026-03-26T22:55:51.738+0000] {processor.py:161} INFO - Started process (PID=472) to work on /home/airflow/.local/lib/python3.8/site-packages/airflow/example_dags/example_task_group_decorator.py
[2026-03-26T22:55:51.738+0000] {processor.py:830} INFO - Processing file /home/airflow/.local/lib/python3.8/site-packages/airflow/example_dags/example_task_group_decorator.py for tasks to queue
[2026-03-26T22:55:51.739+0000] {logging_mixin.py:188} INFO - [2026-03-26T22:55:51.739+0000] {dagbag.py:538} INFO - Filling up the DagBag from /home/airflow/.local/lib/python3.8/site-packages/airflow/example_dags/example_task_group_decorator.py
[2026-03-26T22:55:51.747+0000] {processor.py:840} INFO - DAG(s) 'example_task_group_decorator' retrieved from /home/airflow/.local/lib/python3.8/site-packages/airflow/example_dags/example_task_group_decorator.py
[2026-03-26T22:55:51.763+0000] {logging_mixin.py:188} INFO - [2026-03-26T22:55:51.762+0000] {dag.py:3036} INFO - Sync 1 DAGs
[2026-03-26T22:55:51.775+0000] {logging_mixin.py:188} INFO - [2026-03-26T22:55:51.775+0000] {dag.py:3823} INFO - Setting next_dagrun for example_task_group_decorator to 2026-03-25 00:00:00+00:00, run_after=2026-03-26 00:00:00+00:00
[2026-03-26T22:55:51.785+0000] {processor.py:183} INFO - Processing /home/airflow/.local/lib/python3.8/site-packages/airflow/example_dags/example_task_group_decorator.py took 0.049 seconds
[2026-03-26T22:56:22.459+0000] {processor.py:161} INFO - Started process (PID=526) to work on /home/airflow/.local/lib/python3.8/site-packages/airflow/example_dags/example_task_group_decorator.py
[2026-03-26T22:56:22.460+0000] {processor.py:830} INFO - Processing file /home/airflow/.local/lib/python3.8/site-packages/airflow/example_dags/example_task_group_decorator.py for tasks to queue
[2026-03-26T22:56:22.461+0000] {logging_mixin.py:188} INFO - [2026-03-26T22:56:22.461+0000] {dagbag.py:538} INFO - Filling up the DagBag from /home/airflow/.local/lib/python3.8/site-packages/airflow/example_dags/example_task_group_decorator.py
[2026-03-26T22:56:22.469+0000] {processor.py:840} INFO - DAG(s) 'example_task_group_decorator' retrieved from /home/airflow/.local/lib/python3.8/site-packages/airflow/example_dags/example_task_group_decorator.py
[2026-03-26T22:56:22.485+0000] {logging_mixin.py:188} INFO - [2026-03-26T22:56:22.485+0000] {dag.py:3036} INFO - Sync 1 DAGs
[2026-03-26T22:56:22.498+0000] {logging_mixin.py:188} INFO - [2026-03-26T22:56:22.498+0000] {dag.py:3823} INFO - Setting next_dagrun for example_task_group_decorator to 2026-03-25 00:00:00+00:00, run_after=2026-03-26 00:00:00+00:00
[2026-03-26T22:56:22.510+0000] {processor.py:183} INFO - Processing /home/airflow/.local/lib/python3.8/site-packages/airflow/example_dags/example_task_group_decorator.py took 0.053 seconds
[2026-03-26T22:56:53.135+0000] {processor.py:161} INFO - Started process (PID=581) to work on /home/airflow/.local/lib/python3.8/site-packages/airflow/example_dags/example_task_group_decorator.py
[2026-03-26T22:56:53.135+0000] {processor.py:830} INFO - Processing file /home/airflow/.local/lib/python3.8/site-packages/airflow/example_dags/example_task_group_decorator.py for tasks to queue
[2026-03-26T22:56:53.136+0000] {logging_mixin.py:188} INFO - [2026-03-26T22:56:53.136+0000] {dagbag.py:538} INFO - Filling up the DagBag from /home/airflow/.local/lib/python3.8/site-packages/airflow/example_dags/example_task_group_decorator.py
[2026-03-26T22:56:53.144+0000] {processor.py:840} INFO - DAG(s) 'example_task_group_decorator' retrieved from /home/airflow/.local/lib/python3.8/site-packages/airflow/example_dags/example_task_group_decorator.py
[2026-03-26T22:56:53.158+0000] {logging_mixin.py:188} INFO - [2026-03-26T22:56:53.158+0000] {dag.py:3036} INFO - Sync 1 DAGs
[2026-03-26T22:56:53.170+0000] {logging_mixin.py:188} INFO - [2026-03-26T22:56:53.170+0000] {dag.py:3823} INFO - Setting next_dagrun for example_task_group_decorator to 2026-03-25 00:00:00+00:00, run_after=2026-03-26 00:00:00+00:00
[2026-03-26T22:56:53.181+0000] {processor.py:183} INFO - Processing /home/airflow/.local/lib/python3.8/site-packages/airflow/example_dags/example_task_group_decorator.py took 0.049 seconds
[2026-03-26T22:57:23.813+0000] {processor.py:161} INFO - Started process (PID=636) to work on /home/airflow/.local/lib/python3.8/site-packages/airflow/example_dags/example_task_group_decorator.py
[2026-03-26T22:57:23.814+0000] {processor.py:830} INFO - Processing file /home/airflow/.local/lib/python3.8/site-packages/airflow/example_dags/example_task_group_decorator.py for tasks to queue
[2026-03-26T22:57:23.815+0000] {logging_mixin.py:188} INFO - [2026-03-26T22:57:23.815+0000] {dagbag.py:538} INFO - Filling up the DagBag from /home/airflow/.local/lib/python3.8/site-packages/airflow/example_dags/example_task_group_decorator.py
[2026-03-26T22:57:23.823+0000] {processor.py:840} INFO - DAG(s) 'example_task_group_decorator' retrieved from /home/airflow/.local/lib/python3.8/site-packages/airflow/example_dags/example_task_group_decorator.py
[2026-03-26T22:57:23.839+0000] {logging_mixin.py:188} INFO - [2026-03-26T22:57:23.839+0000] {dag.py:3036} INFO - Sync 1 DAGs
[2026-03-26T22:57:23.851+0000] {logging_mixin.py:188} INFO - [2026-03-26T22:57:23.851+0000] {dag.py:3823} INFO - Setting next_dagrun for example_task_group_decorator to 2026-03-25 00:00:00+00:00, run_after=2026-03-26 00:00:00+00:00
[2026-03-26T22:57:23.863+0000] {processor.py:183} INFO - Processing /home/airflow/.local/lib/python3.8/site-packages/airflow/example_dags/example_task_group_decorator.py took 0.053 seconds
[2026-03-26T22:57:54.399+0000] {processor.py:161} INFO - Started process (PID=691) to work on /home/airflow/.local/lib/python3.8/site-packages/airflow/example_dags/example_task_group_decorator.py
[2026-03-26T22:57:54.400+0000] {processor.py:830} INFO - Processing file /home/airflow/.local/lib/python3.8/site-packages/airflow/example_dags/example_task_group_decorator.py for tasks to queue
[2026-03-26T22:57:54.401+0000] {logging_mixin.py:188} INFO - [2026-03-26T22:57:54.401+0000] {dagbag.py:538} INFO - Filling up the DagBag from /home/airflow/.local/lib/python3.8/site-packages/airflow/example_dags/example_task_group_decorator.py
[2026-03-26T22:57:54.409+0000] {processor.py:840} INFO - DAG(s) 'example_task_group_decorator' retrieved from /home/airflow/.local/lib/python3.8/site-packages/airflow/example_dags/example_task_group_decorator.py
[2026-03-26T22:57:54.425+0000] {logging_mixin.py:188} INFO - [2026-03-26T22:57:54.425+0000] {dag.py:3036} INFO - Sync 1 DAGs
[2026-03-26T22:57:54.437+0000] {logging_mixin.py:188} INFO - [2026-03-26T22:57:54.437+0000] {dag.py:3823} INFO - Setting next_dagrun for example_task_group_decorator to 2026-03-25 00:00:00+00:00, run_after=2026-03-26 00:00:00+00:00
[2026-03-26T22:57:54.449+0000] {processor.py:183} INFO - Processing /home/airflow/.local/lib/python3.8/site-packages/airflow/example_dags/example_task_group_decorator.py took 0.052 seconds
[2026-03-26T22:58:25.077+0000] {processor.py:161} INFO - Started process (PID=746) to work on /home/airflow/.local/lib/python3.8/site-packages/airflow/example_dags/example_task_group_decorator.py
[2026-03-26T22:58:25.078+0000] {processor.py:830} INFO - Processing file /home/airflow/.local/lib/python3.8/site-packages/airflow/example_dags/example_task_group_decorator.py for tasks to queue
[2026-03-26T22:58:25.079+0000] {logging_mixin.py:188} INFO - [2026-03-26T22:58:25.079+0000] {dagbag.py:538} INFO - Filling up the DagBag from /home/airflow/.local/lib/python3.8/site-packages/airflow/example_dags/example_task_group_decorator.py
[2026-03-26T22:58:25.088+0000] {processor.py:840} INFO - DAG(s) 'example_task_group_decorator' retrieved from /home/airflow/.local/lib/python3.8/site-packages/airflow/example_dags/example_task_group_decorator.py
[2026-03-26T22:58:25.097+0000] {logging_mixin.py:188} INFO - [2026-03-26T22:58:25.097+0000] {dag.py:3036} INFO - Sync 1 DAGs
[2026-03-26T22:58:25.111+0000] {logging_mixin.py:188} INFO - [2026-03-26T22:58:25.111+0000] {dag.py:3823} INFO - Setting next_dagrun for example_task_group_decorator to 2026-03-25 00:00:00+00:00, run_after=2026-03-26 00:00:00+00:00
[2026-03-26T22:58:25.122+0000] {processor.py:183} INFO - Processing /home/airflow/.local/lib/python3.8/site-packages/airflow/example_dags/example_task_group_decorator.py took 0.047 seconds
