[2026-03-26T22:45:49.934+0000] {processor.py:161} INFO - Started process (PID=54) to work on /home/airflow/.local/lib/python3.8/site-packages/airflow/example_dags/tutorial_dag.py
[2026-03-26T22:45:49.934+0000] {processor.py:830} INFO - Processing file /home/airflow/.local/lib/python3.8/site-packages/airflow/example_dags/tutorial_dag.py for tasks to queue
[2026-03-26T22:45:49.939+0000] {logging_mixin.py:188} INFO - [2026-03-26T22:45:49.935+0000] {dagbag.py:538} INFO - Filling up the DagBag from /home/airflow/.local/lib/python3.8/site-packages/airflow/example_dags/tutorial_dag.py
[2026-03-26T22:45:49.957+0000] {processor.py:840} INFO - DAG(s) 'tutorial_dag' retrieved from /home/airflow/.local/lib/python3.8/site-packages/airflow/example_dags/tutorial_dag.py
[2026-03-26T22:45:49.968+0000] {logging_mixin.py:188} INFO - [2026-03-26T22:45:49.968+0000] {dag.py:3036} INFO - Sync 1 DAGs
[2026-03-26T22:45:49.976+0000] {logging_mixin.py:188} INFO - [2026-03-26T22:45:49.976+0000] {dag.py:3823} INFO - Setting next_dagrun for tutorial_dag to None, run_after=None
[2026-03-26T22:45:49.996+0000] {processor.py:183} INFO - Processing /home/airflow/.local/lib/python3.8/site-packages/airflow/example_dags/tutorial_dag.py took 0.065 seconds
[2026-03-26T22:46:21.665+0000] {processor.py:161} INFO - Started process (PID=109) to work on /home/airflow/.local/lib/python3.8/site-packages/airflow/example_dags/tutorial_dag.py
[2026-03-26T22:46:21.673+0000] {processor.py:830} INFO - Processing file /home/airflow/.local/lib/python3.8/site-packages/airflow/example_dags/tutorial_dag.py for tasks to queue
[2026-03-26T22:46:21.676+0000] {logging_mixin.py:188} INFO - [2026-03-26T22:46:21.676+0000] {dagbag.py:538} INFO - Filling up the DagBag from /home/airflow/.local/lib/python3.8/site-packages/airflow/example_dags/tutorial_dag.py
[2026-03-26T22:46:21.691+0000] {processor.py:840} INFO - DAG(s) 'tutorial_dag' retrieved from /home/airflow/.local/lib/python3.8/site-packages/airflow/example_dags/tutorial_dag.py
[2026-03-26T22:46:21.790+0000] {logging_mixin.py:188} INFO - [2026-03-26T22:46:21.790+0000] {dag.py:3036} INFO - Sync 1 DAGs
[2026-03-26T22:46:21.800+0000] {logging_mixin.py:188} INFO - [2026-03-26T22:46:21.800+0000] {dag.py:3823} INFO - Setting next_dagrun for tutorial_dag to None, run_after=None
[2026-03-26T22:46:21.820+0000] {processor.py:183} INFO - Processing /home/airflow/.local/lib/python3.8/site-packages/airflow/example_dags/tutorial_dag.py took 0.162 seconds
[2026-03-26T22:46:52.719+0000] {processor.py:161} INFO - Started process (PID=164) to work on /home/airflow/.local/lib/python3.8/site-packages/airflow/example_dags/tutorial_dag.py
[2026-03-26T22:46:52.719+0000] {processor.py:830} INFO - Processing file /home/airflow/.local/lib/python3.8/site-packages/airflow/example_dags/tutorial_dag.py for tasks to queue
[2026-03-26T22:46:52.721+0000] {logging_mixin.py:188} INFO - [2026-03-26T22:46:52.720+0000] {dagbag.py:538} INFO - Filling up the DagBag from /home/airflow/.local/lib/python3.8/site-packages/airflow/example_dags/tutorial_dag.py
[2026-03-26T22:46:52.725+0000] {processor.py:840} INFO - DAG(s) 'tutorial_dag' retrieved from /home/airflow/.local/lib/python3.8/site-packages/airflow/example_dags/tutorial_dag.py
[2026-03-26T22:46:52.740+0000] {logging_mixin.py:188} INFO - [2026-03-26T22:46:52.740+0000] {dag.py:3036} INFO - Sync 1 DAGs
[2026-03-26T22:46:52.747+0000] {logging_mixin.py:188} INFO - [2026-03-26T22:46:52.747+0000] {dag.py:3823} INFO - Setting next_dagrun for tutorial_dag to None, run_after=None
[2026-03-26T22:46:52.785+0000] {processor.py:183} INFO - Processing /home/airflow/.local/lib/python3.8/site-packages/airflow/example_dags/tutorial_dag.py took 0.069 seconds
[2026-03-26T22:47:22.850+0000] {processor.py:161} INFO - Started process (PID=219) to work on /home/airflow/.local/lib/python3.8/site-packages/airflow/example_dags/tutorial_dag.py
[2026-03-26T22:47:22.851+0000] {processor.py:830} INFO - Processing file /home/airflow/.local/lib/python3.8/site-packages/airflow/example_dags/tutorial_dag.py for tasks to queue
[2026-03-26T22:47:22.853+0000] {logging_mixin.py:188} INFO - [2026-03-26T22:47:22.852+0000] {dagbag.py:538} INFO - Filling up the DagBag from /home/airflow/.local/lib/python3.8/site-packages/airflow/example_dags/tutorial_dag.py
[2026-03-26T22:47:22.857+0000] {processor.py:840} INFO - DAG(s) 'tutorial_dag' retrieved from /home/airflow/.local/lib/python3.8/site-packages/airflow/example_dags/tutorial_dag.py
[2026-03-26T22:47:22.873+0000] {logging_mixin.py:188} INFO - [2026-03-26T22:47:22.873+0000] {dag.py:3036} INFO - Sync 1 DAGs
[2026-03-26T22:47:22.881+0000] {logging_mixin.py:188} INFO - [2026-03-26T22:47:22.881+0000] {dag.py:3823} INFO - Setting next_dagrun for tutorial_dag to None, run_after=None
[2026-03-26T22:47:22.901+0000] {processor.py:183} INFO - Processing /home/airflow/.local/lib/python3.8/site-packages/airflow/example_dags/tutorial_dag.py took 0.054 seconds
[2026-03-26T22:47:53.307+0000] {processor.py:161} INFO - Started process (PID=274) to work on /home/airflow/.local/lib/python3.8/site-packages/airflow/example_dags/tutorial_dag.py
[2026-03-26T22:47:53.308+0000] {processor.py:830} INFO - Processing file /home/airflow/.local/lib/python3.8/site-packages/airflow/example_dags/tutorial_dag.py for tasks to queue
[2026-03-26T22:47:53.309+0000] {logging_mixin.py:188} INFO - [2026-03-26T22:47:53.309+0000] {dagbag.py:538} INFO - Filling up the DagBag from /home/airflow/.local/lib/python3.8/site-packages/airflow/example_dags/tutorial_dag.py
[2026-03-26T22:47:53.312+0000] {processor.py:840} INFO - DAG(s) 'tutorial_dag' retrieved from /home/airflow/.local/lib/python3.8/site-packages/airflow/example_dags/tutorial_dag.py
[2026-03-26T22:47:53.326+0000] {logging_mixin.py:188} INFO - [2026-03-26T22:47:53.326+0000] {dag.py:3036} INFO - Sync 1 DAGs
[2026-03-26T22:47:53.334+0000] {logging_mixin.py:188} INFO - [2026-03-26T22:47:53.333+0000] {dag.py:3823} INFO - Setting next_dagrun for tutorial_dag to None, run_after=None
[2026-03-26T22:47:53.350+0000] {processor.py:183} INFO - Processing /home/airflow/.local/lib/python3.8/site-packages/airflow/example_dags/tutorial_dag.py took 0.046 seconds
[2026-03-26T22:48:23.825+0000] {processor.py:161} INFO - Started process (PID=329) to work on /home/airflow/.local/lib/python3.8/site-packages/airflow/example_dags/tutorial_dag.py
[2026-03-26T22:48:23.827+0000] {processor.py:830} INFO - Processing file /home/airflow/.local/lib/python3.8/site-packages/airflow/example_dags/tutorial_dag.py for tasks to queue
[2026-03-26T22:48:23.828+0000] {logging_mixin.py:188} INFO - [2026-03-26T22:48:23.828+0000] {dagbag.py:538} INFO - Filling up the DagBag from /home/airflow/.local/lib/python3.8/site-packages/airflow/example_dags/tutorial_dag.py
[2026-03-26T22:48:23.832+0000] {processor.py:840} INFO - DAG(s) 'tutorial_dag' retrieved from /home/airflow/.local/lib/python3.8/site-packages/airflow/example_dags/tutorial_dag.py
[2026-03-26T22:48:23.848+0000] {logging_mixin.py:188} INFO - [2026-03-26T22:48:23.848+0000] {dag.py:3036} INFO - Sync 1 DAGs
[2026-03-26T22:48:23.855+0000] {logging_mixin.py:188} INFO - [2026-03-26T22:48:23.855+0000] {dag.py:3823} INFO - Setting next_dagrun for tutorial_dag to None, run_after=None
[2026-03-26T22:48:23.865+0000] {processor.py:183} INFO - Processing /home/airflow/.local/lib/python3.8/site-packages/airflow/example_dags/tutorial_dag.py took 0.043 seconds
[2026-03-26T22:48:54.404+0000] {processor.py:161} INFO - Started process (PID=389) to work on /home/airflow/.local/lib/python3.8/site-packages/airflow/example_dags/tutorial_dag.py
[2026-03-26T22:48:54.405+0000] {processor.py:830} INFO - Processing file /home/airflow/.local/lib/python3.8/site-packages/airflow/example_dags/tutorial_dag.py for tasks to queue
[2026-03-26T22:48:54.406+0000] {logging_mixin.py:188} INFO - [2026-03-26T22:48:54.406+0000] {dagbag.py:538} INFO - Filling up the DagBag from /home/airflow/.local/lib/python3.8/site-packages/airflow/example_dags/tutorial_dag.py
[2026-03-26T22:48:54.409+0000] {processor.py:840} INFO - DAG(s) 'tutorial_dag' retrieved from /home/airflow/.local/lib/python3.8/site-packages/airflow/example_dags/tutorial_dag.py
[2026-03-26T22:48:54.424+0000] {logging_mixin.py:188} INFO - [2026-03-26T22:48:54.424+0000] {dag.py:3036} INFO - Sync 1 DAGs
[2026-03-26T22:48:54.431+0000] {logging_mixin.py:188} INFO - [2026-03-26T22:48:54.431+0000] {dag.py:3823} INFO - Setting next_dagrun for tutorial_dag to None, run_after=None
[2026-03-26T22:48:54.442+0000] {processor.py:183} INFO - Processing /home/airflow/.local/lib/python3.8/site-packages/airflow/example_dags/tutorial_dag.py took 0.040 seconds
[2026-03-26T22:49:24.875+0000] {processor.py:161} INFO - Started process (PID=443) to work on /home/airflow/.local/lib/python3.8/site-packages/airflow/example_dags/tutorial_dag.py
[2026-03-26T22:49:24.875+0000] {processor.py:830} INFO - Processing file /home/airflow/.local/lib/python3.8/site-packages/airflow/example_dags/tutorial_dag.py for tasks to queue
[2026-03-26T22:49:24.876+0000] {logging_mixin.py:188} INFO - [2026-03-26T22:49:24.876+0000] {dagbag.py:538} INFO - Filling up the DagBag from /home/airflow/.local/lib/python3.8/site-packages/airflow/example_dags/tutorial_dag.py
[2026-03-26T22:49:24.880+0000] {processor.py:840} INFO - DAG(s) 'tutorial_dag' retrieved from /home/airflow/.local/lib/python3.8/site-packages/airflow/example_dags/tutorial_dag.py
[2026-03-26T22:49:24.894+0000] {logging_mixin.py:188} INFO - [2026-03-26T22:49:24.894+0000] {dag.py:3036} INFO - Sync 1 DAGs
[2026-03-26T22:49:24.901+0000] {logging_mixin.py:188} INFO - [2026-03-26T22:49:24.901+0000] {dag.py:3823} INFO - Setting next_dagrun for tutorial_dag to None, run_after=None
[2026-03-26T22:49:24.913+0000] {processor.py:183} INFO - Processing /home/airflow/.local/lib/python3.8/site-packages/airflow/example_dags/tutorial_dag.py took 0.041 seconds
[2026-03-26T22:49:55.380+0000] {processor.py:161} INFO - Started process (PID=498) to work on /home/airflow/.local/lib/python3.8/site-packages/airflow/example_dags/tutorial_dag.py
[2026-03-26T22:49:55.381+0000] {processor.py:830} INFO - Processing file /home/airflow/.local/lib/python3.8/site-packages/airflow/example_dags/tutorial_dag.py for tasks to queue
[2026-03-26T22:49:55.382+0000] {logging_mixin.py:188} INFO - [2026-03-26T22:49:55.382+0000] {dagbag.py:538} INFO - Filling up the DagBag from /home/airflow/.local/lib/python3.8/site-packages/airflow/example_dags/tutorial_dag.py
[2026-03-26T22:49:55.386+0000] {processor.py:840} INFO - DAG(s) 'tutorial_dag' retrieved from /home/airflow/.local/lib/python3.8/site-packages/airflow/example_dags/tutorial_dag.py
[2026-03-26T22:49:55.401+0000] {logging_mixin.py:188} INFO - [2026-03-26T22:49:55.400+0000] {dag.py:3036} INFO - Sync 1 DAGs
[2026-03-26T22:49:55.407+0000] {logging_mixin.py:188} INFO - [2026-03-26T22:49:55.407+0000] {dag.py:3823} INFO - Setting next_dagrun for tutorial_dag to None, run_after=None
[2026-03-26T22:49:55.418+0000] {processor.py:183} INFO - Processing /home/airflow/.local/lib/python3.8/site-packages/airflow/example_dags/tutorial_dag.py took 0.040 seconds
[2026-03-26T22:50:26.014+0000] {processor.py:161} INFO - Started process (PID=553) to work on /home/airflow/.local/lib/python3.8/site-packages/airflow/example_dags/tutorial_dag.py
[2026-03-26T22:50:26.015+0000] {processor.py:830} INFO - Processing file /home/airflow/.local/lib/python3.8/site-packages/airflow/example_dags/tutorial_dag.py for tasks to queue
[2026-03-26T22:50:26.016+0000] {logging_mixin.py:188} INFO - [2026-03-26T22:50:26.016+0000] {dagbag.py:538} INFO - Filling up the DagBag from /home/airflow/.local/lib/python3.8/site-packages/airflow/example_dags/tutorial_dag.py
[2026-03-26T22:50:26.020+0000] {processor.py:840} INFO - DAG(s) 'tutorial_dag' retrieved from /home/airflow/.local/lib/python3.8/site-packages/airflow/example_dags/tutorial_dag.py
[2026-03-26T22:50:26.033+0000] {logging_mixin.py:188} INFO - [2026-03-26T22:50:26.033+0000] {dag.py:3036} INFO - Sync 1 DAGs
[2026-03-26T22:50:26.042+0000] {logging_mixin.py:188} INFO - [2026-03-26T22:50:26.042+0000] {dag.py:3823} INFO - Setting next_dagrun for tutorial_dag to None, run_after=None
[2026-03-26T22:50:26.052+0000] {processor.py:183} INFO - Processing /home/airflow/.local/lib/python3.8/site-packages/airflow/example_dags/tutorial_dag.py took 0.040 seconds
[2026-03-26T22:50:56.845+0000] {processor.py:161} INFO - Started process (PID=608) to work on /home/airflow/.local/lib/python3.8/site-packages/airflow/example_dags/tutorial_dag.py
[2026-03-26T22:50:56.846+0000] {processor.py:830} INFO - Processing file /home/airflow/.local/lib/python3.8/site-packages/airflow/example_dags/tutorial_dag.py for tasks to queue
[2026-03-26T22:50:56.848+0000] {logging_mixin.py:188} INFO - [2026-03-26T22:50:56.848+0000] {dagbag.py:538} INFO - Filling up the DagBag from /home/airflow/.local/lib/python3.8/site-packages/airflow/example_dags/tutorial_dag.py
[2026-03-26T22:50:56.853+0000] {processor.py:840} INFO - DAG(s) 'tutorial_dag' retrieved from /home/airflow/.local/lib/python3.8/site-packages/airflow/example_dags/tutorial_dag.py
[2026-03-26T22:50:56.869+0000] {logging_mixin.py:188} INFO - [2026-03-26T22:50:56.869+0000] {dag.py:3036} INFO - Sync 1 DAGs
[2026-03-26T22:50:56.876+0000] {logging_mixin.py:188} INFO - [2026-03-26T22:50:56.876+0000] {dag.py:3823} INFO - Setting next_dagrun for tutorial_dag to None, run_after=None
[2026-03-26T22:50:56.886+0000] {processor.py:183} INFO - Processing /home/airflow/.local/lib/python3.8/site-packages/airflow/example_dags/tutorial_dag.py took 0.043 seconds
[2026-03-26T22:51:27.427+0000] {processor.py:161} INFO - Started process (PID=663) to work on /home/airflow/.local/lib/python3.8/site-packages/airflow/example_dags/tutorial_dag.py
[2026-03-26T22:51:27.428+0000] {processor.py:830} INFO - Processing file /home/airflow/.local/lib/python3.8/site-packages/airflow/example_dags/tutorial_dag.py for tasks to queue
[2026-03-26T22:51:27.429+0000] {logging_mixin.py:188} INFO - [2026-03-26T22:51:27.429+0000] {dagbag.py:538} INFO - Filling up the DagBag from /home/airflow/.local/lib/python3.8/site-packages/airflow/example_dags/tutorial_dag.py
[2026-03-26T22:51:27.432+0000] {processor.py:840} INFO - DAG(s) 'tutorial_dag' retrieved from /home/airflow/.local/lib/python3.8/site-packages/airflow/example_dags/tutorial_dag.py
[2026-03-26T22:51:27.447+0000] {logging_mixin.py:188} INFO - [2026-03-26T22:51:27.447+0000] {dag.py:3036} INFO - Sync 1 DAGs
[2026-03-26T22:51:27.454+0000] {logging_mixin.py:188} INFO - [2026-03-26T22:51:27.454+0000] {dag.py:3823} INFO - Setting next_dagrun for tutorial_dag to None, run_after=None
[2026-03-26T22:51:27.464+0000] {processor.py:183} INFO - Processing /home/airflow/.local/lib/python3.8/site-packages/airflow/example_dags/tutorial_dag.py took 0.040 seconds
[2026-03-26T22:52:15.347+0000] {processor.py:161} INFO - Started process (PID=48) to work on /home/airflow/.local/lib/python3.8/site-packages/airflow/example_dags/tutorial_dag.py
[2026-03-26T22:52:15.348+0000] {processor.py:830} INFO - Processing file /home/airflow/.local/lib/python3.8/site-packages/airflow/example_dags/tutorial_dag.py for tasks to queue
[2026-03-26T22:52:15.349+0000] {logging_mixin.py:188} INFO - [2026-03-26T22:52:15.349+0000] {dagbag.py:538} INFO - Filling up the DagBag from /home/airflow/.local/lib/python3.8/site-packages/airflow/example_dags/tutorial_dag.py
[2026-03-26T22:52:15.357+0000] {processor.py:840} INFO - DAG(s) 'tutorial_dag' retrieved from /home/airflow/.local/lib/python3.8/site-packages/airflow/example_dags/tutorial_dag.py
[2026-03-26T22:52:15.367+0000] {logging_mixin.py:188} INFO - [2026-03-26T22:52:15.367+0000] {dag.py:3036} INFO - Sync 1 DAGs
[2026-03-26T22:52:15.376+0000] {logging_mixin.py:188} INFO - [2026-03-26T22:52:15.376+0000] {dag.py:3823} INFO - Setting next_dagrun for tutorial_dag to None, run_after=None
[2026-03-26T22:52:15.389+0000] {processor.py:183} INFO - Processing /home/airflow/.local/lib/python3.8/site-packages/airflow/example_dags/tutorial_dag.py took 0.046 seconds
[2026-03-26T22:52:45.812+0000] {processor.py:161} INFO - Started process (PID=109) to work on /home/airflow/.local/lib/python3.8/site-packages/airflow/example_dags/tutorial_dag.py
[2026-03-26T22:52:45.813+0000] {processor.py:830} INFO - Processing file /home/airflow/.local/lib/python3.8/site-packages/airflow/example_dags/tutorial_dag.py for tasks to queue
[2026-03-26T22:52:45.815+0000] {logging_mixin.py:188} INFO - [2026-03-26T22:52:45.815+0000] {dagbag.py:538} INFO - Filling up the DagBag from /home/airflow/.local/lib/python3.8/site-packages/airflow/example_dags/tutorial_dag.py
[2026-03-26T22:52:45.819+0000] {processor.py:840} INFO - DAG(s) 'tutorial_dag' retrieved from /home/airflow/.local/lib/python3.8/site-packages/airflow/example_dags/tutorial_dag.py
[2026-03-26T22:52:45.875+0000] {logging_mixin.py:188} INFO - [2026-03-26T22:52:45.875+0000] {dag.py:3036} INFO - Sync 1 DAGs
[2026-03-26T22:52:45.880+0000] {logging_mixin.py:188} INFO - [2026-03-26T22:52:45.880+0000] {dag.py:3823} INFO - Setting next_dagrun for tutorial_dag to None, run_after=None
[2026-03-26T22:52:45.891+0000] {processor.py:183} INFO - Processing /home/airflow/.local/lib/python3.8/site-packages/airflow/example_dags/tutorial_dag.py took 0.082 seconds
[2026-03-26T22:53:16.436+0000] {processor.py:161} INFO - Started process (PID=164) to work on /home/airflow/.local/lib/python3.8/site-packages/airflow/example_dags/tutorial_dag.py
[2026-03-26T22:53:16.437+0000] {processor.py:830} INFO - Processing file /home/airflow/.local/lib/python3.8/site-packages/airflow/example_dags/tutorial_dag.py for tasks to queue
[2026-03-26T22:53:16.438+0000] {logging_mixin.py:188} INFO - [2026-03-26T22:53:16.438+0000] {dagbag.py:538} INFO - Filling up the DagBag from /home/airflow/.local/lib/python3.8/site-packages/airflow/example_dags/tutorial_dag.py
[2026-03-26T22:53:16.442+0000] {processor.py:840} INFO - DAG(s) 'tutorial_dag' retrieved from /home/airflow/.local/lib/python3.8/site-packages/airflow/example_dags/tutorial_dag.py
[2026-03-26T22:53:16.455+0000] {logging_mixin.py:188} INFO - [2026-03-26T22:53:16.455+0000] {dag.py:3036} INFO - Sync 1 DAGs
[2026-03-26T22:53:16.464+0000] {logging_mixin.py:188} INFO - [2026-03-26T22:53:16.463+0000] {dag.py:3823} INFO - Setting next_dagrun for tutorial_dag to None, run_after=None
[2026-03-26T22:53:16.478+0000] {processor.py:183} INFO - Processing /home/airflow/.local/lib/python3.8/site-packages/airflow/example_dags/tutorial_dag.py took 0.046 seconds
[2026-03-26T22:53:46.681+0000] {processor.py:161} INFO - Started process (PID=219) to work on /home/airflow/.local/lib/python3.8/site-packages/airflow/example_dags/tutorial_dag.py
[2026-03-26T22:53:46.682+0000] {processor.py:830} INFO - Processing file /home/airflow/.local/lib/python3.8/site-packages/airflow/example_dags/tutorial_dag.py for tasks to queue
[2026-03-26T22:53:46.684+0000] {logging_mixin.py:188} INFO - [2026-03-26T22:53:46.684+0000] {dagbag.py:538} INFO - Filling up the DagBag from /home/airflow/.local/lib/python3.8/site-packages/airflow/example_dags/tutorial_dag.py
[2026-03-26T22:53:46.688+0000] {processor.py:840} INFO - DAG(s) 'tutorial_dag' retrieved from /home/airflow/.local/lib/python3.8/site-packages/airflow/example_dags/tutorial_dag.py
[2026-03-26T22:53:46.701+0000] {logging_mixin.py:188} INFO - [2026-03-26T22:53:46.701+0000] {dag.py:3036} INFO - Sync 1 DAGs
[2026-03-26T22:53:46.708+0000] {logging_mixin.py:188} INFO - [2026-03-26T22:53:46.708+0000] {dag.py:3823} INFO - Setting next_dagrun for tutorial_dag to None, run_after=None
[2026-03-26T22:53:46.721+0000] {processor.py:183} INFO - Processing /home/airflow/.local/lib/python3.8/site-packages/airflow/example_dags/tutorial_dag.py took 0.042 seconds
[2026-03-26T22:54:16.748+0000] {processor.py:161} INFO - Started process (PID=274) to work on /home/airflow/.local/lib/python3.8/site-packages/airflow/example_dags/tutorial_dag.py
[2026-03-26T22:54:16.750+0000] {processor.py:830} INFO - Processing file /home/airflow/.local/lib/python3.8/site-packages/airflow/example_dags/tutorial_dag.py for tasks to queue
[2026-03-26T22:54:16.751+0000] {logging_mixin.py:188} INFO - [2026-03-26T22:54:16.751+0000] {dagbag.py:538} INFO - Filling up the DagBag from /home/airflow/.local/lib/python3.8/site-packages/airflow/example_dags/tutorial_dag.py
[2026-03-26T22:54:16.755+0000] {processor.py:840} INFO - DAG(s) 'tutorial_dag' retrieved from /home/airflow/.local/lib/python3.8/site-packages/airflow/example_dags/tutorial_dag.py
[2026-03-26T22:54:16.766+0000] {logging_mixin.py:188} INFO - [2026-03-26T22:54:16.766+0000] {dag.py:3036} INFO - Sync 1 DAGs
[2026-03-26T22:54:16.773+0000] {logging_mixin.py:188} INFO - [2026-03-26T22:54:16.773+0000] {dag.py:3823} INFO - Setting next_dagrun for tutorial_dag to None, run_after=None
[2026-03-26T22:54:16.782+0000] {processor.py:183} INFO - Processing /home/airflow/.local/lib/python3.8/site-packages/airflow/example_dags/tutorial_dag.py took 0.036 seconds
[2026-03-26T22:54:47.537+0000] {processor.py:161} INFO - Started process (PID=329) to work on /home/airflow/.local/lib/python3.8/site-packages/airflow/example_dags/tutorial_dag.py
[2026-03-26T22:54:47.538+0000] {processor.py:830} INFO - Processing file /home/airflow/.local/lib/python3.8/site-packages/airflow/example_dags/tutorial_dag.py for tasks to queue
[2026-03-26T22:54:47.539+0000] {logging_mixin.py:188} INFO - [2026-03-26T22:54:47.539+0000] {dagbag.py:538} INFO - Filling up the DagBag from /home/airflow/.local/lib/python3.8/site-packages/airflow/example_dags/tutorial_dag.py
[2026-03-26T22:54:47.543+0000] {processor.py:840} INFO - DAG(s) 'tutorial_dag' retrieved from /home/airflow/.local/lib/python3.8/site-packages/airflow/example_dags/tutorial_dag.py
[2026-03-26T22:54:47.556+0000] {logging_mixin.py:188} INFO - [2026-03-26T22:54:47.555+0000] {dag.py:3036} INFO - Sync 1 DAGs
[2026-03-26T22:54:47.562+0000] {logging_mixin.py:188} INFO - [2026-03-26T22:54:47.562+0000] {dag.py:3823} INFO - Setting next_dagrun for tutorial_dag to None, run_after=None
[2026-03-26T22:54:47.573+0000] {processor.py:183} INFO - Processing /home/airflow/.local/lib/python3.8/site-packages/airflow/example_dags/tutorial_dag.py took 0.037 seconds
[2026-03-26T22:55:18.083+0000] {processor.py:161} INFO - Started process (PID=384) to work on /home/airflow/.local/lib/python3.8/site-packages/airflow/example_dags/tutorial_dag.py
[2026-03-26T22:55:18.084+0000] {processor.py:830} INFO - Processing file /home/airflow/.local/lib/python3.8/site-packages/airflow/example_dags/tutorial_dag.py for tasks to queue
[2026-03-26T22:55:18.086+0000] {logging_mixin.py:188} INFO - [2026-03-26T22:55:18.085+0000] {dagbag.py:538} INFO - Filling up the DagBag from /home/airflow/.local/lib/python3.8/site-packages/airflow/example_dags/tutorial_dag.py
[2026-03-26T22:55:18.089+0000] {processor.py:840} INFO - DAG(s) 'tutorial_dag' retrieved from /home/airflow/.local/lib/python3.8/site-packages/airflow/example_dags/tutorial_dag.py
[2026-03-26T22:55:18.106+0000] {logging_mixin.py:188} INFO - [2026-03-26T22:55:18.106+0000] {dag.py:3036} INFO - Sync 1 DAGs
[2026-03-26T22:55:18.114+0000] {logging_mixin.py:188} INFO - [2026-03-26T22:55:18.114+0000] {dag.py:3823} INFO - Setting next_dagrun for tutorial_dag to None, run_after=None
[2026-03-26T22:55:18.126+0000] {processor.py:183} INFO - Processing /home/airflow/.local/lib/python3.8/site-packages/airflow/example_dags/tutorial_dag.py took 0.045 seconds
[2026-03-26T22:55:48.648+0000] {processor.py:161} INFO - Started process (PID=439) to work on /home/airflow/.local/lib/python3.8/site-packages/airflow/example_dags/tutorial_dag.py
[2026-03-26T22:55:48.648+0000] {processor.py:830} INFO - Processing file /home/airflow/.local/lib/python3.8/site-packages/airflow/example_dags/tutorial_dag.py for tasks to queue
[2026-03-26T22:55:48.649+0000] {logging_mixin.py:188} INFO - [2026-03-26T22:55:48.649+0000] {dagbag.py:538} INFO - Filling up the DagBag from /home/airflow/.local/lib/python3.8/site-packages/airflow/example_dags/tutorial_dag.py
[2026-03-26T22:55:48.653+0000] {processor.py:840} INFO - DAG(s) 'tutorial_dag' retrieved from /home/airflow/.local/lib/python3.8/site-packages/airflow/example_dags/tutorial_dag.py
[2026-03-26T22:55:48.668+0000] {logging_mixin.py:188} INFO - [2026-03-26T22:55:48.668+0000] {dag.py:3036} INFO - Sync 1 DAGs
[2026-03-26T22:55:48.675+0000] {logging_mixin.py:188} INFO - [2026-03-26T22:55:48.675+0000] {dag.py:3823} INFO - Setting next_dagrun for tutorial_dag to None, run_after=None
[2026-03-26T22:55:48.687+0000] {processor.py:183} INFO - Processing /home/airflow/.local/lib/python3.8/site-packages/airflow/example_dags/tutorial_dag.py took 0.042 seconds
[2026-03-26T22:56:19.378+0000] {processor.py:161} INFO - Started process (PID=493) to work on /home/airflow/.local/lib/python3.8/site-packages/airflow/example_dags/tutorial_dag.py
[2026-03-26T22:56:19.379+0000] {processor.py:830} INFO - Processing file /home/airflow/.local/lib/python3.8/site-packages/airflow/example_dags/tutorial_dag.py for tasks to queue
[2026-03-26T22:56:19.380+0000] {logging_mixin.py:188} INFO - [2026-03-26T22:56:19.380+0000] {dagbag.py:538} INFO - Filling up the DagBag from /home/airflow/.local/lib/python3.8/site-packages/airflow/example_dags/tutorial_dag.py
[2026-03-26T22:56:19.384+0000] {processor.py:840} INFO - DAG(s) 'tutorial_dag' retrieved from /home/airflow/.local/lib/python3.8/site-packages/airflow/example_dags/tutorial_dag.py
[2026-03-26T22:56:19.397+0000] {logging_mixin.py:188} INFO - [2026-03-26T22:56:19.397+0000] {dag.py:3036} INFO - Sync 1 DAGs
[2026-03-26T22:56:19.404+0000] {logging_mixin.py:188} INFO - [2026-03-26T22:56:19.404+0000] {dag.py:3823} INFO - Setting next_dagrun for tutorial_dag to None, run_after=None
[2026-03-26T22:56:19.426+0000] {processor.py:183} INFO - Processing /home/airflow/.local/lib/python3.8/site-packages/airflow/example_dags/tutorial_dag.py took 0.050 seconds
[2026-03-26T22:56:50.060+0000] {processor.py:161} INFO - Started process (PID=548) to work on /home/airflow/.local/lib/python3.8/site-packages/airflow/example_dags/tutorial_dag.py
[2026-03-26T22:56:50.061+0000] {processor.py:830} INFO - Processing file /home/airflow/.local/lib/python3.8/site-packages/airflow/example_dags/tutorial_dag.py for tasks to queue
[2026-03-26T22:56:50.062+0000] {logging_mixin.py:188} INFO - [2026-03-26T22:56:50.062+0000] {dagbag.py:538} INFO - Filling up the DagBag from /home/airflow/.local/lib/python3.8/site-packages/airflow/example_dags/tutorial_dag.py
[2026-03-26T22:56:50.066+0000] {processor.py:840} INFO - DAG(s) 'tutorial_dag' retrieved from /home/airflow/.local/lib/python3.8/site-packages/airflow/example_dags/tutorial_dag.py
[2026-03-26T22:56:50.079+0000] {logging_mixin.py:188} INFO - [2026-03-26T22:56:50.079+0000] {dag.py:3036} INFO - Sync 1 DAGs
[2026-03-26T22:56:50.086+0000] {logging_mixin.py:188} INFO - [2026-03-26T22:56:50.086+0000] {dag.py:3823} INFO - Setting next_dagrun for tutorial_dag to None, run_after=None
[2026-03-26T22:56:50.107+0000] {processor.py:183} INFO - Processing /home/airflow/.local/lib/python3.8/site-packages/airflow/example_dags/tutorial_dag.py took 0.049 seconds
[2026-03-26T22:57:20.655+0000] {processor.py:161} INFO - Started process (PID=603) to work on /home/airflow/.local/lib/python3.8/site-packages/airflow/example_dags/tutorial_dag.py
[2026-03-26T22:57:20.656+0000] {processor.py:830} INFO - Processing file /home/airflow/.local/lib/python3.8/site-packages/airflow/example_dags/tutorial_dag.py for tasks to queue
[2026-03-26T22:57:20.657+0000] {logging_mixin.py:188} INFO - [2026-03-26T22:57:20.657+0000] {dagbag.py:538} INFO - Filling up the DagBag from /home/airflow/.local/lib/python3.8/site-packages/airflow/example_dags/tutorial_dag.py
[2026-03-26T22:57:20.663+0000] {processor.py:840} INFO - DAG(s) 'tutorial_dag' retrieved from /home/airflow/.local/lib/python3.8/site-packages/airflow/example_dags/tutorial_dag.py
[2026-03-26T22:57:20.676+0000] {logging_mixin.py:188} INFO - [2026-03-26T22:57:20.676+0000] {dag.py:3036} INFO - Sync 1 DAGs
[2026-03-26T22:57:20.683+0000] {logging_mixin.py:188} INFO - [2026-03-26T22:57:20.683+0000] {dag.py:3823} INFO - Setting next_dagrun for tutorial_dag to None, run_after=None
[2026-03-26T22:57:20.696+0000] {processor.py:183} INFO - Processing /home/airflow/.local/lib/python3.8/site-packages/airflow/example_dags/tutorial_dag.py took 0.043 seconds
[2026-03-26T22:57:51.354+0000] {processor.py:161} INFO - Started process (PID=658) to work on /home/airflow/.local/lib/python3.8/site-packages/airflow/example_dags/tutorial_dag.py
[2026-03-26T22:57:51.355+0000] {processor.py:830} INFO - Processing file /home/airflow/.local/lib/python3.8/site-packages/airflow/example_dags/tutorial_dag.py for tasks to queue
[2026-03-26T22:57:51.360+0000] {logging_mixin.py:188} INFO - [2026-03-26T22:57:51.356+0000] {dagbag.py:538} INFO - Filling up the DagBag from /home/airflow/.local/lib/python3.8/site-packages/airflow/example_dags/tutorial_dag.py
[2026-03-26T22:57:51.367+0000] {processor.py:840} INFO - DAG(s) 'tutorial_dag' retrieved from /home/airflow/.local/lib/python3.8/site-packages/airflow/example_dags/tutorial_dag.py
[2026-03-26T22:57:51.384+0000] {logging_mixin.py:188} INFO - [2026-03-26T22:57:51.383+0000] {dag.py:3036} INFO - Sync 1 DAGs
[2026-03-26T22:57:51.392+0000] {logging_mixin.py:188} INFO - [2026-03-26T22:57:51.392+0000] {dag.py:3823} INFO - Setting next_dagrun for tutorial_dag to None, run_after=None
[2026-03-26T22:57:51.404+0000] {processor.py:183} INFO - Processing /home/airflow/.local/lib/python3.8/site-packages/airflow/example_dags/tutorial_dag.py took 0.055 seconds
[2026-03-26T22:58:21.929+0000] {processor.py:161} INFO - Started process (PID=713) to work on /home/airflow/.local/lib/python3.8/site-packages/airflow/example_dags/tutorial_dag.py
[2026-03-26T22:58:21.930+0000] {processor.py:830} INFO - Processing file /home/airflow/.local/lib/python3.8/site-packages/airflow/example_dags/tutorial_dag.py for tasks to queue
[2026-03-26T22:58:21.931+0000] {logging_mixin.py:188} INFO - [2026-03-26T22:58:21.931+0000] {dagbag.py:538} INFO - Filling up the DagBag from /home/airflow/.local/lib/python3.8/site-packages/airflow/example_dags/tutorial_dag.py
[2026-03-26T22:58:21.935+0000] {processor.py:840} INFO - DAG(s) 'tutorial_dag' retrieved from /home/airflow/.local/lib/python3.8/site-packages/airflow/example_dags/tutorial_dag.py
[2026-03-26T22:58:21.948+0000] {logging_mixin.py:188} INFO - [2026-03-26T22:58:21.948+0000] {dag.py:3036} INFO - Sync 1 DAGs
[2026-03-26T22:58:21.955+0000] {logging_mixin.py:188} INFO - [2026-03-26T22:58:21.954+0000] {dag.py:3823} INFO - Setting next_dagrun for tutorial_dag to None, run_after=None
[2026-03-26T22:58:21.967+0000] {processor.py:183} INFO - Processing /home/airflow/.local/lib/python3.8/site-packages/airflow/example_dags/tutorial_dag.py took 0.040 seconds
