[2026-03-26T22:45:50.766+0000] {processor.py:161} INFO - Started process (PID=74) to work on /home/airflow/.local/lib/python3.8/site-packages/airflow/example_dags/tutorial.py
[2026-03-26T22:45:50.769+0000] {processor.py:830} INFO - Processing file /home/airflow/.local/lib/python3.8/site-packages/airflow/example_dags/tutorial.py for tasks to queue
[2026-03-26T22:45:50.771+0000] {logging_mixin.py:188} INFO - [2026-03-26T22:45:50.771+0000] {dagbag.py:538} INFO - Filling up the DagBag from /home/airflow/.local/lib/python3.8/site-packages/airflow/example_dags/tutorial.py
[2026-03-26T22:45:50.780+0000] {processor.py:840} INFO - DAG(s) 'tutorial' retrieved from /home/airflow/.local/lib/python3.8/site-packages/airflow/example_dags/tutorial.py
[2026-03-26T22:45:50.790+0000] {logging_mixin.py:188} INFO - [2026-03-26T22:45:50.790+0000] {dag.py:3036} INFO - Sync 1 DAGs
[2026-03-26T22:45:50.806+0000] {logging_mixin.py:188} INFO - [2026-03-26T22:45:50.805+0000] {dag.py:3823} INFO - Setting next_dagrun for tutorial to 2026-03-25 00:00:00+00:00, run_after=2026-03-26 00:00:00+00:00
[2026-03-26T22:45:50.818+0000] {processor.py:183} INFO - Processing /home/airflow/.local/lib/python3.8/site-packages/airflow/example_dags/tutorial.py took 0.060 seconds
[2026-03-26T22:46:23.148+0000] {processor.py:161} INFO - Started process (PID=129) to work on /home/airflow/.local/lib/python3.8/site-packages/airflow/example_dags/tutorial.py
[2026-03-26T22:46:23.149+0000] {processor.py:830} INFO - Processing file /home/airflow/.local/lib/python3.8/site-packages/airflow/example_dags/tutorial.py for tasks to queue
[2026-03-26T22:46:23.151+0000] {logging_mixin.py:188} INFO - [2026-03-26T22:46:23.150+0000] {dagbag.py:538} INFO - Filling up the DagBag from /home/airflow/.local/lib/python3.8/site-packages/airflow/example_dags/tutorial.py
[2026-03-26T22:46:23.155+0000] {processor.py:840} INFO - DAG(s) 'tutorial' retrieved from /home/airflow/.local/lib/python3.8/site-packages/airflow/example_dags/tutorial.py
[2026-03-26T22:46:23.211+0000] {logging_mixin.py:188} INFO - [2026-03-26T22:46:23.211+0000] {dag.py:3036} INFO - Sync 1 DAGs
[2026-03-26T22:46:23.221+0000] {logging_mixin.py:188} INFO - [2026-03-26T22:46:23.221+0000] {dag.py:3823} INFO - Setting next_dagrun for tutorial to 2026-03-25 00:00:00+00:00, run_after=2026-03-26 00:00:00+00:00
[2026-03-26T22:46:23.232+0000] {processor.py:183} INFO - Processing /home/airflow/.local/lib/python3.8/site-packages/airflow/example_dags/tutorial.py took 0.086 seconds
[2026-03-26T22:46:53.449+0000] {processor.py:161} INFO - Started process (PID=184) to work on /home/airflow/.local/lib/python3.8/site-packages/airflow/example_dags/tutorial.py
[2026-03-26T22:46:53.450+0000] {processor.py:830} INFO - Processing file /home/airflow/.local/lib/python3.8/site-packages/airflow/example_dags/tutorial.py for tasks to queue
[2026-03-26T22:46:53.451+0000] {logging_mixin.py:188} INFO - [2026-03-26T22:46:53.451+0000] {dagbag.py:538} INFO - Filling up the DagBag from /home/airflow/.local/lib/python3.8/site-packages/airflow/example_dags/tutorial.py
[2026-03-26T22:46:53.467+0000] {processor.py:840} INFO - DAG(s) 'tutorial' retrieved from /home/airflow/.local/lib/python3.8/site-packages/airflow/example_dags/tutorial.py
[2026-03-26T22:46:53.481+0000] {logging_mixin.py:188} INFO - [2026-03-26T22:46:53.481+0000] {dag.py:3036} INFO - Sync 1 DAGs
[2026-03-26T22:46:53.494+0000] {logging_mixin.py:188} INFO - [2026-03-26T22:46:53.494+0000] {dag.py:3823} INFO - Setting next_dagrun for tutorial to 2026-03-25 00:00:00+00:00, run_after=2026-03-26 00:00:00+00:00
[2026-03-26T22:46:53.516+0000] {processor.py:183} INFO - Processing /home/airflow/.local/lib/python3.8/site-packages/airflow/example_dags/tutorial.py took 0.069 seconds
[2026-03-26T22:47:24.201+0000] {processor.py:161} INFO - Started process (PID=245) to work on /home/airflow/.local/lib/python3.8/site-packages/airflow/example_dags/tutorial.py
[2026-03-26T22:47:24.202+0000] {processor.py:830} INFO - Processing file /home/airflow/.local/lib/python3.8/site-packages/airflow/example_dags/tutorial.py for tasks to queue
[2026-03-26T22:47:24.205+0000] {logging_mixin.py:188} INFO - [2026-03-26T22:47:24.204+0000] {dagbag.py:538} INFO - Filling up the DagBag from /home/airflow/.local/lib/python3.8/site-packages/airflow/example_dags/tutorial.py
[2026-03-26T22:47:24.210+0000] {processor.py:840} INFO - DAG(s) 'tutorial' retrieved from /home/airflow/.local/lib/python3.8/site-packages/airflow/example_dags/tutorial.py
[2026-03-26T22:47:24.227+0000] {logging_mixin.py:188} INFO - [2026-03-26T22:47:24.227+0000] {dag.py:3036} INFO - Sync 1 DAGs
[2026-03-26T22:47:24.241+0000] {logging_mixin.py:188} INFO - [2026-03-26T22:47:24.240+0000] {dag.py:3823} INFO - Setting next_dagrun for tutorial to 2026-03-25 00:00:00+00:00, run_after=2026-03-26 00:00:00+00:00
[2026-03-26T22:47:24.253+0000] {processor.py:183} INFO - Processing /home/airflow/.local/lib/python3.8/site-packages/airflow/example_dags/tutorial.py took 0.054 seconds
[2026-03-26T22:47:54.912+0000] {processor.py:161} INFO - Started process (PID=300) to work on /home/airflow/.local/lib/python3.8/site-packages/airflow/example_dags/tutorial.py
[2026-03-26T22:47:54.912+0000] {processor.py:830} INFO - Processing file /home/airflow/.local/lib/python3.8/site-packages/airflow/example_dags/tutorial.py for tasks to queue
[2026-03-26T22:47:54.913+0000] {logging_mixin.py:188} INFO - [2026-03-26T22:47:54.913+0000] {dagbag.py:538} INFO - Filling up the DagBag from /home/airflow/.local/lib/python3.8/site-packages/airflow/example_dags/tutorial.py
[2026-03-26T22:47:54.917+0000] {processor.py:840} INFO - DAG(s) 'tutorial' retrieved from /home/airflow/.local/lib/python3.8/site-packages/airflow/example_dags/tutorial.py
[2026-03-26T22:47:54.930+0000] {logging_mixin.py:188} INFO - [2026-03-26T22:47:54.929+0000] {dag.py:3036} INFO - Sync 1 DAGs
[2026-03-26T22:47:54.941+0000] {logging_mixin.py:188} INFO - [2026-03-26T22:47:54.941+0000] {dag.py:3823} INFO - Setting next_dagrun for tutorial to 2026-03-25 00:00:00+00:00, run_after=2026-03-26 00:00:00+00:00
[2026-03-26T22:47:54.951+0000] {processor.py:183} INFO - Processing /home/airflow/.local/lib/python3.8/site-packages/airflow/example_dags/tutorial.py took 0.041 seconds
[2026-03-26T22:48:25.403+0000] {processor.py:161} INFO - Started process (PID=354) to work on /home/airflow/.local/lib/python3.8/site-packages/airflow/example_dags/tutorial.py
[2026-03-26T22:48:25.404+0000] {processor.py:830} INFO - Processing file /home/airflow/.local/lib/python3.8/site-packages/airflow/example_dags/tutorial.py for tasks to queue
[2026-03-26T22:48:25.405+0000] {logging_mixin.py:188} INFO - [2026-03-26T22:48:25.405+0000] {dagbag.py:538} INFO - Filling up the DagBag from /home/airflow/.local/lib/python3.8/site-packages/airflow/example_dags/tutorial.py
[2026-03-26T22:48:25.409+0000] {processor.py:840} INFO - DAG(s) 'tutorial' retrieved from /home/airflow/.local/lib/python3.8/site-packages/airflow/example_dags/tutorial.py
[2026-03-26T22:48:25.425+0000] {logging_mixin.py:188} INFO - [2026-03-26T22:48:25.424+0000] {dag.py:3036} INFO - Sync 1 DAGs
[2026-03-26T22:48:25.437+0000] {logging_mixin.py:188} INFO - [2026-03-26T22:48:25.436+0000] {dag.py:3823} INFO - Setting next_dagrun for tutorial to 2026-03-25 00:00:00+00:00, run_after=2026-03-26 00:00:00+00:00
[2026-03-26T22:48:25.447+0000] {processor.py:183} INFO - Processing /home/airflow/.local/lib/python3.8/site-packages/airflow/example_dags/tutorial.py took 0.046 seconds
[2026-03-26T22:48:55.975+0000] {processor.py:161} INFO - Started process (PID=409) to work on /home/airflow/.local/lib/python3.8/site-packages/airflow/example_dags/tutorial.py
[2026-03-26T22:48:55.976+0000] {processor.py:830} INFO - Processing file /home/airflow/.local/lib/python3.8/site-packages/airflow/example_dags/tutorial.py for tasks to queue
[2026-03-26T22:48:55.977+0000] {logging_mixin.py:188} INFO - [2026-03-26T22:48:55.977+0000] {dagbag.py:538} INFO - Filling up the DagBag from /home/airflow/.local/lib/python3.8/site-packages/airflow/example_dags/tutorial.py
[2026-03-26T22:48:55.981+0000] {processor.py:840} INFO - DAG(s) 'tutorial' retrieved from /home/airflow/.local/lib/python3.8/site-packages/airflow/example_dags/tutorial.py
[2026-03-26T22:48:55.995+0000] {logging_mixin.py:188} INFO - [2026-03-26T22:48:55.995+0000] {dag.py:3036} INFO - Sync 1 DAGs
[2026-03-26T22:48:56.008+0000] {logging_mixin.py:188} INFO - [2026-03-26T22:48:56.008+0000] {dag.py:3823} INFO - Setting next_dagrun for tutorial to 2026-03-25 00:00:00+00:00, run_after=2026-03-26 00:00:00+00:00
[2026-03-26T22:48:56.017+0000] {processor.py:183} INFO - Processing /home/airflow/.local/lib/python3.8/site-packages/airflow/example_dags/tutorial.py took 0.045 seconds
[2026-03-26T22:49:26.486+0000] {processor.py:161} INFO - Started process (PID=463) to work on /home/airflow/.local/lib/python3.8/site-packages/airflow/example_dags/tutorial.py
[2026-03-26T22:49:26.486+0000] {processor.py:830} INFO - Processing file /home/airflow/.local/lib/python3.8/site-packages/airflow/example_dags/tutorial.py for tasks to queue
[2026-03-26T22:49:26.488+0000] {logging_mixin.py:188} INFO - [2026-03-26T22:49:26.487+0000] {dagbag.py:538} INFO - Filling up the DagBag from /home/airflow/.local/lib/python3.8/site-packages/airflow/example_dags/tutorial.py
[2026-03-26T22:49:26.492+0000] {processor.py:840} INFO - DAG(s) 'tutorial' retrieved from /home/airflow/.local/lib/python3.8/site-packages/airflow/example_dags/tutorial.py
[2026-03-26T22:49:26.505+0000] {logging_mixin.py:188} INFO - [2026-03-26T22:49:26.505+0000] {dag.py:3036} INFO - Sync 1 DAGs
[2026-03-26T22:49:26.518+0000] {logging_mixin.py:188} INFO - [2026-03-26T22:49:26.518+0000] {dag.py:3823} INFO - Setting next_dagrun for tutorial to 2026-03-25 00:00:00+00:00, run_after=2026-03-26 00:00:00+00:00
[2026-03-26T22:49:26.529+0000] {processor.py:183} INFO - Processing /home/airflow/.local/lib/python3.8/site-packages/airflow/example_dags/tutorial.py took 0.046 seconds
[2026-03-26T22:49:56.950+0000] {processor.py:161} INFO - Started process (PID=518) to work on /home/airflow/.local/lib/python3.8/site-packages/airflow/example_dags/tutorial.py
[2026-03-26T22:49:56.951+0000] {processor.py:830} INFO - Processing file /home/airflow/.local/lib/python3.8/site-packages/airflow/example_dags/tutorial.py for tasks to queue
[2026-03-26T22:49:56.952+0000] {logging_mixin.py:188} INFO - [2026-03-26T22:49:56.952+0000] {dagbag.py:538} INFO - Filling up the DagBag from /home/airflow/.local/lib/python3.8/site-packages/airflow/example_dags/tutorial.py
[2026-03-26T22:49:56.957+0000] {processor.py:840} INFO - DAG(s) 'tutorial' retrieved from /home/airflow/.local/lib/python3.8/site-packages/airflow/example_dags/tutorial.py
[2026-03-26T22:49:56.969+0000] {logging_mixin.py:188} INFO - [2026-03-26T22:49:56.969+0000] {dag.py:3036} INFO - Sync 1 DAGs
[2026-03-26T22:49:56.982+0000] {logging_mixin.py:188} INFO - [2026-03-26T22:49:56.982+0000] {dag.py:3823} INFO - Setting next_dagrun for tutorial to 2026-03-25 00:00:00+00:00, run_after=2026-03-26 00:00:00+00:00
[2026-03-26T22:49:56.992+0000] {processor.py:183} INFO - Processing /home/airflow/.local/lib/python3.8/site-packages/airflow/example_dags/tutorial.py took 0.044 seconds
[2026-03-26T22:50:27.619+0000] {processor.py:161} INFO - Started process (PID=573) to work on /home/airflow/.local/lib/python3.8/site-packages/airflow/example_dags/tutorial.py
[2026-03-26T22:50:27.620+0000] {processor.py:830} INFO - Processing file /home/airflow/.local/lib/python3.8/site-packages/airflow/example_dags/tutorial.py for tasks to queue
[2026-03-26T22:50:27.621+0000] {logging_mixin.py:188} INFO - [2026-03-26T22:50:27.621+0000] {dagbag.py:538} INFO - Filling up the DagBag from /home/airflow/.local/lib/python3.8/site-packages/airflow/example_dags/tutorial.py
[2026-03-26T22:50:27.625+0000] {processor.py:840} INFO - DAG(s) 'tutorial' retrieved from /home/airflow/.local/lib/python3.8/site-packages/airflow/example_dags/tutorial.py
[2026-03-26T22:50:27.639+0000] {logging_mixin.py:188} INFO - [2026-03-26T22:50:27.639+0000] {dag.py:3036} INFO - Sync 1 DAGs
[2026-03-26T22:50:27.651+0000] {logging_mixin.py:188} INFO - [2026-03-26T22:50:27.650+0000] {dag.py:3823} INFO - Setting next_dagrun for tutorial to 2026-03-25 00:00:00+00:00, run_after=2026-03-26 00:00:00+00:00
[2026-03-26T22:50:27.660+0000] {processor.py:183} INFO - Processing /home/airflow/.local/lib/python3.8/site-packages/airflow/example_dags/tutorial.py took 0.043 seconds
[2026-03-26T22:50:58.418+0000] {processor.py:161} INFO - Started process (PID=628) to work on /home/airflow/.local/lib/python3.8/site-packages/airflow/example_dags/tutorial.py
[2026-03-26T22:50:58.419+0000] {processor.py:830} INFO - Processing file /home/airflow/.local/lib/python3.8/site-packages/airflow/example_dags/tutorial.py for tasks to queue
[2026-03-26T22:50:58.420+0000] {logging_mixin.py:188} INFO - [2026-03-26T22:50:58.420+0000] {dagbag.py:538} INFO - Filling up the DagBag from /home/airflow/.local/lib/python3.8/site-packages/airflow/example_dags/tutorial.py
[2026-03-26T22:50:58.424+0000] {processor.py:840} INFO - DAG(s) 'tutorial' retrieved from /home/airflow/.local/lib/python3.8/site-packages/airflow/example_dags/tutorial.py
[2026-03-26T22:50:58.439+0000] {logging_mixin.py:188} INFO - [2026-03-26T22:50:58.438+0000] {dag.py:3036} INFO - Sync 1 DAGs
[2026-03-26T22:50:58.450+0000] {logging_mixin.py:188} INFO - [2026-03-26T22:50:58.450+0000] {dag.py:3823} INFO - Setting next_dagrun for tutorial to 2026-03-25 00:00:00+00:00, run_after=2026-03-26 00:00:00+00:00
[2026-03-26T22:50:58.461+0000] {processor.py:183} INFO - Processing /home/airflow/.local/lib/python3.8/site-packages/airflow/example_dags/tutorial.py took 0.045 seconds
[2026-03-26T22:51:28.996+0000] {processor.py:161} INFO - Started process (PID=683) to work on /home/airflow/.local/lib/python3.8/site-packages/airflow/example_dags/tutorial.py
[2026-03-26T22:51:28.997+0000] {processor.py:830} INFO - Processing file /home/airflow/.local/lib/python3.8/site-packages/airflow/example_dags/tutorial.py for tasks to queue
[2026-03-26T22:51:28.998+0000] {logging_mixin.py:188} INFO - [2026-03-26T22:51:28.998+0000] {dagbag.py:538} INFO - Filling up the DagBag from /home/airflow/.local/lib/python3.8/site-packages/airflow/example_dags/tutorial.py
[2026-03-26T22:51:29.001+0000] {processor.py:840} INFO - DAG(s) 'tutorial' retrieved from /home/airflow/.local/lib/python3.8/site-packages/airflow/example_dags/tutorial.py
[2026-03-26T22:51:29.018+0000] {logging_mixin.py:188} INFO - [2026-03-26T22:51:29.018+0000] {dag.py:3036} INFO - Sync 1 DAGs
[2026-03-26T22:51:29.030+0000] {logging_mixin.py:188} INFO - [2026-03-26T22:51:29.030+0000] {dag.py:3823} INFO - Setting next_dagrun for tutorial to 2026-03-25 00:00:00+00:00, run_after=2026-03-26 00:00:00+00:00
[2026-03-26T22:51:29.040+0000] {processor.py:183} INFO - Processing /home/airflow/.local/lib/python3.8/site-packages/airflow/example_dags/tutorial.py took 0.047 seconds
[2026-03-26T22:52:16.373+0000] {processor.py:161} INFO - Started process (PID=74) to work on /home/airflow/.local/lib/python3.8/site-packages/airflow/example_dags/tutorial.py
[2026-03-26T22:52:16.374+0000] {processor.py:830} INFO - Processing file /home/airflow/.local/lib/python3.8/site-packages/airflow/example_dags/tutorial.py for tasks to queue
[2026-03-26T22:52:16.375+0000] {logging_mixin.py:188} INFO - [2026-03-26T22:52:16.375+0000] {dagbag.py:538} INFO - Filling up the DagBag from /home/airflow/.local/lib/python3.8/site-packages/airflow/example_dags/tutorial.py
[2026-03-26T22:52:16.382+0000] {processor.py:840} INFO - DAG(s) 'tutorial' retrieved from /home/airflow/.local/lib/python3.8/site-packages/airflow/example_dags/tutorial.py
[2026-03-26T22:52:16.392+0000] {logging_mixin.py:188} INFO - [2026-03-26T22:52:16.392+0000] {dag.py:3036} INFO - Sync 1 DAGs
[2026-03-26T22:52:16.407+0000] {logging_mixin.py:188} INFO - [2026-03-26T22:52:16.407+0000] {dag.py:3823} INFO - Setting next_dagrun for tutorial to 2026-03-25 00:00:00+00:00, run_after=2026-03-26 00:00:00+00:00
[2026-03-26T22:52:16.422+0000] {processor.py:183} INFO - Processing /home/airflow/.local/lib/python3.8/site-packages/airflow/example_dags/tutorial.py took 0.052 seconds
[2026-03-26T22:52:46.965+0000] {processor.py:161} INFO - Started process (PID=129) to work on /home/airflow/.local/lib/python3.8/site-packages/airflow/example_dags/tutorial.py
[2026-03-26T22:52:46.966+0000] {processor.py:830} INFO - Processing file /home/airflow/.local/lib/python3.8/site-packages/airflow/example_dags/tutorial.py for tasks to queue
[2026-03-26T22:52:46.967+0000] {logging_mixin.py:188} INFO - [2026-03-26T22:52:46.967+0000] {dagbag.py:538} INFO - Filling up the DagBag from /home/airflow/.local/lib/python3.8/site-packages/airflow/example_dags/tutorial.py
[2026-03-26T22:52:46.971+0000] {processor.py:840} INFO - DAG(s) 'tutorial' retrieved from /home/airflow/.local/lib/python3.8/site-packages/airflow/example_dags/tutorial.py
[2026-03-26T22:52:47.029+0000] {logging_mixin.py:188} INFO - [2026-03-26T22:52:47.028+0000] {dag.py:3036} INFO - Sync 1 DAGs
[2026-03-26T22:52:47.039+0000] {logging_mixin.py:188} INFO - [2026-03-26T22:52:47.039+0000] {dag.py:3823} INFO - Setting next_dagrun for tutorial to 2026-03-25 00:00:00+00:00, run_after=2026-03-26 00:00:00+00:00
[2026-03-26T22:52:47.061+0000] {processor.py:183} INFO - Processing /home/airflow/.local/lib/python3.8/site-packages/airflow/example_dags/tutorial.py took 0.098 seconds
[2026-03-26T22:53:17.129+0000] {processor.py:161} INFO - Started process (PID=184) to work on /home/airflow/.local/lib/python3.8/site-packages/airflow/example_dags/tutorial.py
[2026-03-26T22:53:17.129+0000] {processor.py:830} INFO - Processing file /home/airflow/.local/lib/python3.8/site-packages/airflow/example_dags/tutorial.py for tasks to queue
[2026-03-26T22:53:17.131+0000] {logging_mixin.py:188} INFO - [2026-03-26T22:53:17.130+0000] {dagbag.py:538} INFO - Filling up the DagBag from /home/airflow/.local/lib/python3.8/site-packages/airflow/example_dags/tutorial.py
[2026-03-26T22:53:17.135+0000] {processor.py:840} INFO - DAG(s) 'tutorial' retrieved from /home/airflow/.local/lib/python3.8/site-packages/airflow/example_dags/tutorial.py
[2026-03-26T22:53:17.149+0000] {logging_mixin.py:188} INFO - [2026-03-26T22:53:17.149+0000] {dag.py:3036} INFO - Sync 1 DAGs
[2026-03-26T22:53:17.160+0000] {logging_mixin.py:188} INFO - [2026-03-26T22:53:17.160+0000] {dag.py:3823} INFO - Setting next_dagrun for tutorial to 2026-03-25 00:00:00+00:00, run_after=2026-03-26 00:00:00+00:00
[2026-03-26T22:53:17.170+0000] {processor.py:183} INFO - Processing /home/airflow/.local/lib/python3.8/site-packages/airflow/example_dags/tutorial.py took 0.044 seconds
[2026-03-26T22:53:47.686+0000] {processor.py:161} INFO - Started process (PID=239) to work on /home/airflow/.local/lib/python3.8/site-packages/airflow/example_dags/tutorial.py
[2026-03-26T22:53:47.687+0000] {processor.py:830} INFO - Processing file /home/airflow/.local/lib/python3.8/site-packages/airflow/example_dags/tutorial.py for tasks to queue
[2026-03-26T22:53:47.689+0000] {logging_mixin.py:188} INFO - [2026-03-26T22:53:47.688+0000] {dagbag.py:538} INFO - Filling up the DagBag from /home/airflow/.local/lib/python3.8/site-packages/airflow/example_dags/tutorial.py
[2026-03-26T22:53:47.693+0000] {processor.py:840} INFO - DAG(s) 'tutorial' retrieved from /home/airflow/.local/lib/python3.8/site-packages/airflow/example_dags/tutorial.py
[2026-03-26T22:53:47.709+0000] {logging_mixin.py:188} INFO - [2026-03-26T22:53:47.709+0000] {dag.py:3036} INFO - Sync 1 DAGs
[2026-03-26T22:53:47.722+0000] {logging_mixin.py:188} INFO - [2026-03-26T22:53:47.722+0000] {dag.py:3823} INFO - Setting next_dagrun for tutorial to 2026-03-25 00:00:00+00:00, run_after=2026-03-26 00:00:00+00:00
[2026-03-26T22:53:47.740+0000] {processor.py:183} INFO - Processing /home/airflow/.local/lib/python3.8/site-packages/airflow/example_dags/tutorial.py took 0.056 seconds
[2026-03-26T22:54:18.578+0000] {processor.py:161} INFO - Started process (PID=294) to work on /home/airflow/.local/lib/python3.8/site-packages/airflow/example_dags/tutorial.py
[2026-03-26T22:54:18.579+0000] {processor.py:830} INFO - Processing file /home/airflow/.local/lib/python3.8/site-packages/airflow/example_dags/tutorial.py for tasks to queue
[2026-03-26T22:54:18.580+0000] {logging_mixin.py:188} INFO - [2026-03-26T22:54:18.580+0000] {dagbag.py:538} INFO - Filling up the DagBag from /home/airflow/.local/lib/python3.8/site-packages/airflow/example_dags/tutorial.py
[2026-03-26T22:54:18.584+0000] {processor.py:840} INFO - DAG(s) 'tutorial' retrieved from /home/airflow/.local/lib/python3.8/site-packages/airflow/example_dags/tutorial.py
[2026-03-26T22:54:18.600+0000] {logging_mixin.py:188} INFO - [2026-03-26T22:54:18.600+0000] {dag.py:3036} INFO - Sync 1 DAGs
[2026-03-26T22:54:18.613+0000] {logging_mixin.py:188} INFO - [2026-03-26T22:54:18.612+0000] {dag.py:3823} INFO - Setting next_dagrun for tutorial to 2026-03-25 00:00:00+00:00, run_after=2026-03-26 00:00:00+00:00
[2026-03-26T22:54:18.624+0000] {processor.py:183} INFO - Processing /home/airflow/.local/lib/python3.8/site-packages/airflow/example_dags/tutorial.py took 0.048 seconds
[2026-03-26T22:54:49.156+0000] {processor.py:161} INFO - Started process (PID=349) to work on /home/airflow/.local/lib/python3.8/site-packages/airflow/example_dags/tutorial.py
[2026-03-26T22:54:49.157+0000] {processor.py:830} INFO - Processing file /home/airflow/.local/lib/python3.8/site-packages/airflow/example_dags/tutorial.py for tasks to queue
[2026-03-26T22:54:49.158+0000] {logging_mixin.py:188} INFO - [2026-03-26T22:54:49.158+0000] {dagbag.py:538} INFO - Filling up the DagBag from /home/airflow/.local/lib/python3.8/site-packages/airflow/example_dags/tutorial.py
[2026-03-26T22:54:49.162+0000] {processor.py:840} INFO - DAG(s) 'tutorial' retrieved from /home/airflow/.local/lib/python3.8/site-packages/airflow/example_dags/tutorial.py
[2026-03-26T22:54:49.175+0000] {logging_mixin.py:188} INFO - [2026-03-26T22:54:49.175+0000] {dag.py:3036} INFO - Sync 1 DAGs
[2026-03-26T22:54:49.187+0000] {logging_mixin.py:188} INFO - [2026-03-26T22:54:49.187+0000] {dag.py:3823} INFO - Setting next_dagrun for tutorial to 2026-03-25 00:00:00+00:00, run_after=2026-03-26 00:00:00+00:00
[2026-03-26T22:54:49.198+0000] {processor.py:183} INFO - Processing /home/airflow/.local/lib/python3.8/site-packages/airflow/example_dags/tutorial.py took 0.045 seconds
[2026-03-26T22:55:19.726+0000] {processor.py:161} INFO - Started process (PID=404) to work on /home/airflow/.local/lib/python3.8/site-packages/airflow/example_dags/tutorial.py
[2026-03-26T22:55:19.727+0000] {processor.py:830} INFO - Processing file /home/airflow/.local/lib/python3.8/site-packages/airflow/example_dags/tutorial.py for tasks to queue
[2026-03-26T22:55:19.728+0000] {logging_mixin.py:188} INFO - [2026-03-26T22:55:19.728+0000] {dagbag.py:538} INFO - Filling up the DagBag from /home/airflow/.local/lib/python3.8/site-packages/airflow/example_dags/tutorial.py
[2026-03-26T22:55:19.732+0000] {processor.py:840} INFO - DAG(s) 'tutorial' retrieved from /home/airflow/.local/lib/python3.8/site-packages/airflow/example_dags/tutorial.py
[2026-03-26T22:55:19.745+0000] {logging_mixin.py:188} INFO - [2026-03-26T22:55:19.745+0000] {dag.py:3036} INFO - Sync 1 DAGs
[2026-03-26T22:55:19.757+0000] {logging_mixin.py:188} INFO - [2026-03-26T22:55:19.757+0000] {dag.py:3823} INFO - Setting next_dagrun for tutorial to 2026-03-25 00:00:00+00:00, run_after=2026-03-26 00:00:00+00:00
[2026-03-26T22:55:19.767+0000] {processor.py:183} INFO - Processing /home/airflow/.local/lib/python3.8/site-packages/airflow/example_dags/tutorial.py took 0.043 seconds
[2026-03-26T22:55:50.307+0000] {processor.py:161} INFO - Started process (PID=459) to work on /home/airflow/.local/lib/python3.8/site-packages/airflow/example_dags/tutorial.py
[2026-03-26T22:55:50.308+0000] {processor.py:830} INFO - Processing file /home/airflow/.local/lib/python3.8/site-packages/airflow/example_dags/tutorial.py for tasks to queue
[2026-03-26T22:55:50.309+0000] {logging_mixin.py:188} INFO - [2026-03-26T22:55:50.309+0000] {dagbag.py:538} INFO - Filling up the DagBag from /home/airflow/.local/lib/python3.8/site-packages/airflow/example_dags/tutorial.py
[2026-03-26T22:55:50.313+0000] {processor.py:840} INFO - DAG(s) 'tutorial' retrieved from /home/airflow/.local/lib/python3.8/site-packages/airflow/example_dags/tutorial.py
[2026-03-26T22:55:50.327+0000] {logging_mixin.py:188} INFO - [2026-03-26T22:55:50.327+0000] {dag.py:3036} INFO - Sync 1 DAGs
[2026-03-26T22:55:50.340+0000] {logging_mixin.py:188} INFO - [2026-03-26T22:55:50.340+0000] {dag.py:3823} INFO - Setting next_dagrun for tutorial to 2026-03-25 00:00:00+00:00, run_after=2026-03-26 00:00:00+00:00
[2026-03-26T22:55:50.351+0000] {processor.py:183} INFO - Processing /home/airflow/.local/lib/python3.8/site-packages/airflow/example_dags/tutorial.py took 0.046 seconds
[2026-03-26T22:56:21.024+0000] {processor.py:161} INFO - Started process (PID=513) to work on /home/airflow/.local/lib/python3.8/site-packages/airflow/example_dags/tutorial.py
[2026-03-26T22:56:21.025+0000] {processor.py:830} INFO - Processing file /home/airflow/.local/lib/python3.8/site-packages/airflow/example_dags/tutorial.py for tasks to queue
[2026-03-26T22:56:21.026+0000] {logging_mixin.py:188} INFO - [2026-03-26T22:56:21.026+0000] {dagbag.py:538} INFO - Filling up the DagBag from /home/airflow/.local/lib/python3.8/site-packages/airflow/example_dags/tutorial.py
[2026-03-26T22:56:21.030+0000] {processor.py:840} INFO - DAG(s) 'tutorial' retrieved from /home/airflow/.local/lib/python3.8/site-packages/airflow/example_dags/tutorial.py
[2026-03-26T22:56:21.042+0000] {logging_mixin.py:188} INFO - [2026-03-26T22:56:21.042+0000] {dag.py:3036} INFO - Sync 1 DAGs
[2026-03-26T22:56:21.054+0000] {logging_mixin.py:188} INFO - [2026-03-26T22:56:21.054+0000] {dag.py:3823} INFO - Setting next_dagrun for tutorial to 2026-03-25 00:00:00+00:00, run_after=2026-03-26 00:00:00+00:00
[2026-03-26T22:56:21.064+0000] {processor.py:183} INFO - Processing /home/airflow/.local/lib/python3.8/site-packages/airflow/example_dags/tutorial.py took 0.042 seconds
[2026-03-26T22:56:51.704+0000] {processor.py:161} INFO - Started process (PID=568) to work on /home/airflow/.local/lib/python3.8/site-packages/airflow/example_dags/tutorial.py
[2026-03-26T22:56:51.705+0000] {processor.py:830} INFO - Processing file /home/airflow/.local/lib/python3.8/site-packages/airflow/example_dags/tutorial.py for tasks to queue
[2026-03-26T22:56:51.706+0000] {logging_mixin.py:188} INFO - [2026-03-26T22:56:51.706+0000] {dagbag.py:538} INFO - Filling up the DagBag from /home/airflow/.local/lib/python3.8/site-packages/airflow/example_dags/tutorial.py
[2026-03-26T22:56:51.710+0000] {processor.py:840} INFO - DAG(s) 'tutorial' retrieved from /home/airflow/.local/lib/python3.8/site-packages/airflow/example_dags/tutorial.py
[2026-03-26T22:56:51.724+0000] {logging_mixin.py:188} INFO - [2026-03-26T22:56:51.724+0000] {dag.py:3036} INFO - Sync 1 DAGs
[2026-03-26T22:56:51.736+0000] {logging_mixin.py:188} INFO - [2026-03-26T22:56:51.735+0000] {dag.py:3823} INFO - Setting next_dagrun for tutorial to 2026-03-25 00:00:00+00:00, run_after=2026-03-26 00:00:00+00:00
[2026-03-26T22:56:51.745+0000] {processor.py:183} INFO - Processing /home/airflow/.local/lib/python3.8/site-packages/airflow/example_dags/tutorial.py took 0.043 seconds
[2026-03-26T22:57:22.300+0000] {processor.py:161} INFO - Started process (PID=623) to work on /home/airflow/.local/lib/python3.8/site-packages/airflow/example_dags/tutorial.py
[2026-03-26T22:57:22.301+0000] {processor.py:830} INFO - Processing file /home/airflow/.local/lib/python3.8/site-packages/airflow/example_dags/tutorial.py for tasks to queue
[2026-03-26T22:57:22.302+0000] {logging_mixin.py:188} INFO - [2026-03-26T22:57:22.302+0000] {dagbag.py:538} INFO - Filling up the DagBag from /home/airflow/.local/lib/python3.8/site-packages/airflow/example_dags/tutorial.py
[2026-03-26T22:57:22.306+0000] {processor.py:840} INFO - DAG(s) 'tutorial' retrieved from /home/airflow/.local/lib/python3.8/site-packages/airflow/example_dags/tutorial.py
[2026-03-26T22:57:22.320+0000] {logging_mixin.py:188} INFO - [2026-03-26T22:57:22.320+0000] {dag.py:3036} INFO - Sync 1 DAGs
[2026-03-26T22:57:22.332+0000] {logging_mixin.py:188} INFO - [2026-03-26T22:57:22.332+0000] {dag.py:3823} INFO - Setting next_dagrun for tutorial to 2026-03-25 00:00:00+00:00, run_after=2026-03-26 00:00:00+00:00
[2026-03-26T22:57:22.343+0000] {processor.py:183} INFO - Processing /home/airflow/.local/lib/python3.8/site-packages/airflow/example_dags/tutorial.py took 0.046 seconds
[2026-03-26T22:57:52.988+0000] {processor.py:161} INFO - Started process (PID=678) to work on /home/airflow/.local/lib/python3.8/site-packages/airflow/example_dags/tutorial.py
[2026-03-26T22:57:52.988+0000] {processor.py:830} INFO - Processing file /home/airflow/.local/lib/python3.8/site-packages/airflow/example_dags/tutorial.py for tasks to queue
[2026-03-26T22:57:52.990+0000] {logging_mixin.py:188} INFO - [2026-03-26T22:57:52.990+0000] {dagbag.py:538} INFO - Filling up the DagBag from /home/airflow/.local/lib/python3.8/site-packages/airflow/example_dags/tutorial.py
[2026-03-26T22:57:52.994+0000] {processor.py:840} INFO - DAG(s) 'tutorial' retrieved from /home/airflow/.local/lib/python3.8/site-packages/airflow/example_dags/tutorial.py
[2026-03-26T22:57:53.006+0000] {logging_mixin.py:188} INFO - [2026-03-26T22:57:53.006+0000] {dag.py:3036} INFO - Sync 1 DAGs
[2026-03-26T22:57:53.018+0000] {logging_mixin.py:188} INFO - [2026-03-26T22:57:53.018+0000] {dag.py:3823} INFO - Setting next_dagrun for tutorial to 2026-03-25 00:00:00+00:00, run_after=2026-03-26 00:00:00+00:00
[2026-03-26T22:57:53.028+0000] {processor.py:183} INFO - Processing /home/airflow/.local/lib/python3.8/site-packages/airflow/example_dags/tutorial.py took 0.043 seconds
[2026-03-26T22:58:23.582+0000] {processor.py:161} INFO - Started process (PID=733) to work on /home/airflow/.local/lib/python3.8/site-packages/airflow/example_dags/tutorial.py
[2026-03-26T22:58:23.584+0000] {processor.py:830} INFO - Processing file /home/airflow/.local/lib/python3.8/site-packages/airflow/example_dags/tutorial.py for tasks to queue
[2026-03-26T22:58:23.585+0000] {logging_mixin.py:188} INFO - [2026-03-26T22:58:23.585+0000] {dagbag.py:538} INFO - Filling up the DagBag from /home/airflow/.local/lib/python3.8/site-packages/airflow/example_dags/tutorial.py
[2026-03-26T22:58:23.589+0000] {processor.py:840} INFO - DAG(s) 'tutorial' retrieved from /home/airflow/.local/lib/python3.8/site-packages/airflow/example_dags/tutorial.py
[2026-03-26T22:58:23.597+0000] {logging_mixin.py:188} INFO - [2026-03-26T22:58:23.597+0000] {dag.py:3036} INFO - Sync 1 DAGs
[2026-03-26T22:58:23.610+0000] {logging_mixin.py:188} INFO - [2026-03-26T22:58:23.609+0000] {dag.py:3823} INFO - Setting next_dagrun for tutorial to 2026-03-25 00:00:00+00:00, run_after=2026-03-26 00:00:00+00:00
[2026-03-26T22:58:23.620+0000] {processor.py:183} INFO - Processing /home/airflow/.local/lib/python3.8/site-packages/airflow/example_dags/tutorial.py took 0.040 seconds
