[2026-03-26T22:45:50.298+0000] {processor.py:161} INFO - Started process (PID=61) to work on /home/airflow/.local/lib/python3.8/site-packages/airflow/example_dags/tutorial_taskflow_api.py
[2026-03-26T22:45:50.299+0000] {processor.py:830} INFO - Processing file /home/airflow/.local/lib/python3.8/site-packages/airflow/example_dags/tutorial_taskflow_api.py for tasks to queue
[2026-03-26T22:45:50.300+0000] {logging_mixin.py:188} INFO - [2026-03-26T22:45:50.300+0000] {dagbag.py:538} INFO - Filling up the DagBag from /home/airflow/.local/lib/python3.8/site-packages/airflow/example_dags/tutorial_taskflow_api.py
[2026-03-26T22:45:50.309+0000] {processor.py:840} INFO - DAG(s) 'tutorial_taskflow_api' retrieved from /home/airflow/.local/lib/python3.8/site-packages/airflow/example_dags/tutorial_taskflow_api.py
[2026-03-26T22:45:50.318+0000] {logging_mixin.py:188} INFO - [2026-03-26T22:45:50.318+0000] {dag.py:3036} INFO - Sync 1 DAGs
[2026-03-26T22:45:50.326+0000] {logging_mixin.py:188} INFO - [2026-03-26T22:45:50.326+0000] {dag.py:3823} INFO - Setting next_dagrun for tutorial_taskflow_api to None, run_after=None
[2026-03-26T22:45:50.340+0000] {processor.py:183} INFO - Processing /home/airflow/.local/lib/python3.8/site-packages/airflow/example_dags/tutorial_taskflow_api.py took 0.044 seconds
[2026-03-26T22:46:22.207+0000] {processor.py:161} INFO - Started process (PID=116) to work on /home/airflow/.local/lib/python3.8/site-packages/airflow/example_dags/tutorial_taskflow_api.py
[2026-03-26T22:46:22.232+0000] {processor.py:830} INFO - Processing file /home/airflow/.local/lib/python3.8/site-packages/airflow/example_dags/tutorial_taskflow_api.py for tasks to queue
[2026-03-26T22:46:22.234+0000] {logging_mixin.py:188} INFO - [2026-03-26T22:46:22.234+0000] {dagbag.py:538} INFO - Filling up the DagBag from /home/airflow/.local/lib/python3.8/site-packages/airflow/example_dags/tutorial_taskflow_api.py
[2026-03-26T22:46:22.241+0000] {processor.py:840} INFO - DAG(s) 'tutorial_taskflow_api' retrieved from /home/airflow/.local/lib/python3.8/site-packages/airflow/example_dags/tutorial_taskflow_api.py
[2026-03-26T22:46:22.315+0000] {logging_mixin.py:188} INFO - [2026-03-26T22:46:22.315+0000] {dag.py:3036} INFO - Sync 1 DAGs
[2026-03-26T22:46:22.324+0000] {logging_mixin.py:188} INFO - [2026-03-26T22:46:22.324+0000] {dag.py:3823} INFO - Setting next_dagrun for tutorial_taskflow_api to None, run_after=None
[2026-03-26T22:46:22.338+0000] {processor.py:183} INFO - Processing /home/airflow/.local/lib/python3.8/site-packages/airflow/example_dags/tutorial_taskflow_api.py took 0.135 seconds
[2026-03-26T22:46:52.974+0000] {processor.py:161} INFO - Started process (PID=171) to work on /home/airflow/.local/lib/python3.8/site-packages/airflow/example_dags/tutorial_taskflow_api.py
[2026-03-26T22:46:52.974+0000] {processor.py:830} INFO - Processing file /home/airflow/.local/lib/python3.8/site-packages/airflow/example_dags/tutorial_taskflow_api.py for tasks to queue
[2026-03-26T22:46:52.976+0000] {logging_mixin.py:188} INFO - [2026-03-26T22:46:52.976+0000] {dagbag.py:538} INFO - Filling up the DagBag from /home/airflow/.local/lib/python3.8/site-packages/airflow/example_dags/tutorial_taskflow_api.py
[2026-03-26T22:46:52.992+0000] {processor.py:840} INFO - DAG(s) 'tutorial_taskflow_api' retrieved from /home/airflow/.local/lib/python3.8/site-packages/airflow/example_dags/tutorial_taskflow_api.py
[2026-03-26T22:46:53.005+0000] {logging_mixin.py:188} INFO - [2026-03-26T22:46:53.005+0000] {dag.py:3036} INFO - Sync 1 DAGs
[2026-03-26T22:46:53.017+0000] {logging_mixin.py:188} INFO - [2026-03-26T22:46:53.017+0000] {dag.py:3823} INFO - Setting next_dagrun for tutorial_taskflow_api to None, run_after=None
[2026-03-26T22:46:53.029+0000] {processor.py:183} INFO - Processing /home/airflow/.local/lib/python3.8/site-packages/airflow/example_dags/tutorial_taskflow_api.py took 0.058 seconds
[2026-03-26T22:47:23.171+0000] {processor.py:161} INFO - Started process (PID=226) to work on /home/airflow/.local/lib/python3.8/site-packages/airflow/example_dags/tutorial_taskflow_api.py
[2026-03-26T22:47:23.173+0000] {processor.py:830} INFO - Processing file /home/airflow/.local/lib/python3.8/site-packages/airflow/example_dags/tutorial_taskflow_api.py for tasks to queue
[2026-03-26T22:47:23.174+0000] {logging_mixin.py:188} INFO - [2026-03-26T22:47:23.174+0000] {dagbag.py:538} INFO - Filling up the DagBag from /home/airflow/.local/lib/python3.8/site-packages/airflow/example_dags/tutorial_taskflow_api.py
[2026-03-26T22:47:23.179+0000] {processor.py:840} INFO - DAG(s) 'tutorial_taskflow_api' retrieved from /home/airflow/.local/lib/python3.8/site-packages/airflow/example_dags/tutorial_taskflow_api.py
[2026-03-26T22:47:23.196+0000] {logging_mixin.py:188} INFO - [2026-03-26T22:47:23.195+0000] {dag.py:3036} INFO - Sync 1 DAGs
[2026-03-26T22:47:23.204+0000] {logging_mixin.py:188} INFO - [2026-03-26T22:47:23.203+0000] {dag.py:3823} INFO - Setting next_dagrun for tutorial_taskflow_api to None, run_after=None
[2026-03-26T22:47:23.222+0000] {processor.py:183} INFO - Processing /home/airflow/.local/lib/python3.8/site-packages/airflow/example_dags/tutorial_taskflow_api.py took 0.055 seconds
[2026-03-26T22:47:53.518+0000] {processor.py:161} INFO - Started process (PID=281) to work on /home/airflow/.local/lib/python3.8/site-packages/airflow/example_dags/tutorial_taskflow_api.py
[2026-03-26T22:47:53.518+0000] {processor.py:830} INFO - Processing file /home/airflow/.local/lib/python3.8/site-packages/airflow/example_dags/tutorial_taskflow_api.py for tasks to queue
[2026-03-26T22:47:53.519+0000] {logging_mixin.py:188} INFO - [2026-03-26T22:47:53.519+0000] {dagbag.py:538} INFO - Filling up the DagBag from /home/airflow/.local/lib/python3.8/site-packages/airflow/example_dags/tutorial_taskflow_api.py
[2026-03-26T22:47:53.524+0000] {processor.py:840} INFO - DAG(s) 'tutorial_taskflow_api' retrieved from /home/airflow/.local/lib/python3.8/site-packages/airflow/example_dags/tutorial_taskflow_api.py
[2026-03-26T22:47:53.537+0000] {logging_mixin.py:188} INFO - [2026-03-26T22:47:53.537+0000] {dag.py:3036} INFO - Sync 1 DAGs
[2026-03-26T22:47:53.544+0000] {logging_mixin.py:188} INFO - [2026-03-26T22:47:53.544+0000] {dag.py:3823} INFO - Setting next_dagrun for tutorial_taskflow_api to None, run_after=None
[2026-03-26T22:47:53.555+0000] {processor.py:183} INFO - Processing /home/airflow/.local/lib/python3.8/site-packages/airflow/example_dags/tutorial_taskflow_api.py took 0.040 seconds
[2026-03-26T22:48:24.031+0000] {processor.py:161} INFO - Started process (PID=336) to work on /home/airflow/.local/lib/python3.8/site-packages/airflow/example_dags/tutorial_taskflow_api.py
[2026-03-26T22:48:24.031+0000] {processor.py:830} INFO - Processing file /home/airflow/.local/lib/python3.8/site-packages/airflow/example_dags/tutorial_taskflow_api.py for tasks to queue
[2026-03-26T22:48:24.033+0000] {logging_mixin.py:188} INFO - [2026-03-26T22:48:24.033+0000] {dagbag.py:538} INFO - Filling up the DagBag from /home/airflow/.local/lib/python3.8/site-packages/airflow/example_dags/tutorial_taskflow_api.py
[2026-03-26T22:48:24.041+0000] {processor.py:840} INFO - DAG(s) 'tutorial_taskflow_api' retrieved from /home/airflow/.local/lib/python3.8/site-packages/airflow/example_dags/tutorial_taskflow_api.py
[2026-03-26T22:48:24.056+0000] {logging_mixin.py:188} INFO - [2026-03-26T22:48:24.056+0000] {dag.py:3036} INFO - Sync 1 DAGs
[2026-03-26T22:48:24.064+0000] {logging_mixin.py:188} INFO - [2026-03-26T22:48:24.064+0000] {dag.py:3823} INFO - Setting next_dagrun for tutorial_taskflow_api to None, run_after=None
[2026-03-26T22:48:24.076+0000] {processor.py:183} INFO - Processing /home/airflow/.local/lib/python3.8/site-packages/airflow/example_dags/tutorial_taskflow_api.py took 0.048 seconds
[2026-03-26T22:48:54.613+0000] {processor.py:161} INFO - Started process (PID=396) to work on /home/airflow/.local/lib/python3.8/site-packages/airflow/example_dags/tutorial_taskflow_api.py
[2026-03-26T22:48:54.613+0000] {processor.py:830} INFO - Processing file /home/airflow/.local/lib/python3.8/site-packages/airflow/example_dags/tutorial_taskflow_api.py for tasks to queue
[2026-03-26T22:48:54.614+0000] {logging_mixin.py:188} INFO - [2026-03-26T22:48:54.614+0000] {dagbag.py:538} INFO - Filling up the DagBag from /home/airflow/.local/lib/python3.8/site-packages/airflow/example_dags/tutorial_taskflow_api.py
[2026-03-26T22:48:54.618+0000] {processor.py:840} INFO - DAG(s) 'tutorial_taskflow_api' retrieved from /home/airflow/.local/lib/python3.8/site-packages/airflow/example_dags/tutorial_taskflow_api.py
[2026-03-26T22:48:54.633+0000] {logging_mixin.py:188} INFO - [2026-03-26T22:48:54.633+0000] {dag.py:3036} INFO - Sync 1 DAGs
[2026-03-26T22:48:54.640+0000] {logging_mixin.py:188} INFO - [2026-03-26T22:48:54.640+0000] {dag.py:3823} INFO - Setting next_dagrun for tutorial_taskflow_api to None, run_after=None
[2026-03-26T22:48:54.651+0000] {processor.py:183} INFO - Processing /home/airflow/.local/lib/python3.8/site-packages/airflow/example_dags/tutorial_taskflow_api.py took 0.041 seconds
[2026-03-26T22:49:25.087+0000] {processor.py:161} INFO - Started process (PID=450) to work on /home/airflow/.local/lib/python3.8/site-packages/airflow/example_dags/tutorial_taskflow_api.py
[2026-03-26T22:49:25.087+0000] {processor.py:830} INFO - Processing file /home/airflow/.local/lib/python3.8/site-packages/airflow/example_dags/tutorial_taskflow_api.py for tasks to queue
[2026-03-26T22:49:25.089+0000] {logging_mixin.py:188} INFO - [2026-03-26T22:49:25.089+0000] {dagbag.py:538} INFO - Filling up the DagBag from /home/airflow/.local/lib/python3.8/site-packages/airflow/example_dags/tutorial_taskflow_api.py
[2026-03-26T22:49:25.093+0000] {processor.py:840} INFO - DAG(s) 'tutorial_taskflow_api' retrieved from /home/airflow/.local/lib/python3.8/site-packages/airflow/example_dags/tutorial_taskflow_api.py
[2026-03-26T22:49:25.106+0000] {logging_mixin.py:188} INFO - [2026-03-26T22:49:25.106+0000] {dag.py:3036} INFO - Sync 1 DAGs
[2026-03-26T22:49:25.113+0000] {logging_mixin.py:188} INFO - [2026-03-26T22:49:25.113+0000] {dag.py:3823} INFO - Setting next_dagrun for tutorial_taskflow_api to None, run_after=None
[2026-03-26T22:49:25.125+0000] {processor.py:183} INFO - Processing /home/airflow/.local/lib/python3.8/site-packages/airflow/example_dags/tutorial_taskflow_api.py took 0.041 seconds
[2026-03-26T22:49:55.586+0000] {processor.py:161} INFO - Started process (PID=505) to work on /home/airflow/.local/lib/python3.8/site-packages/airflow/example_dags/tutorial_taskflow_api.py
[2026-03-26T22:49:55.587+0000] {processor.py:830} INFO - Processing file /home/airflow/.local/lib/python3.8/site-packages/airflow/example_dags/tutorial_taskflow_api.py for tasks to queue
[2026-03-26T22:49:55.588+0000] {logging_mixin.py:188} INFO - [2026-03-26T22:49:55.588+0000] {dagbag.py:538} INFO - Filling up the DagBag from /home/airflow/.local/lib/python3.8/site-packages/airflow/example_dags/tutorial_taskflow_api.py
[2026-03-26T22:49:55.593+0000] {processor.py:840} INFO - DAG(s) 'tutorial_taskflow_api' retrieved from /home/airflow/.local/lib/python3.8/site-packages/airflow/example_dags/tutorial_taskflow_api.py
[2026-03-26T22:49:55.607+0000] {logging_mixin.py:188} INFO - [2026-03-26T22:49:55.607+0000] {dag.py:3036} INFO - Sync 1 DAGs
[2026-03-26T22:49:55.614+0000] {logging_mixin.py:188} INFO - [2026-03-26T22:49:55.614+0000] {dag.py:3823} INFO - Setting next_dagrun for tutorial_taskflow_api to None, run_after=None
[2026-03-26T22:49:55.625+0000] {processor.py:183} INFO - Processing /home/airflow/.local/lib/python3.8/site-packages/airflow/example_dags/tutorial_taskflow_api.py took 0.041 seconds
[2026-03-26T22:50:26.221+0000] {processor.py:161} INFO - Started process (PID=560) to work on /home/airflow/.local/lib/python3.8/site-packages/airflow/example_dags/tutorial_taskflow_api.py
[2026-03-26T22:50:26.222+0000] {processor.py:830} INFO - Processing file /home/airflow/.local/lib/python3.8/site-packages/airflow/example_dags/tutorial_taskflow_api.py for tasks to queue
[2026-03-26T22:50:26.223+0000] {logging_mixin.py:188} INFO - [2026-03-26T22:50:26.223+0000] {dagbag.py:538} INFO - Filling up the DagBag from /home/airflow/.local/lib/python3.8/site-packages/airflow/example_dags/tutorial_taskflow_api.py
[2026-03-26T22:50:26.227+0000] {processor.py:840} INFO - DAG(s) 'tutorial_taskflow_api' retrieved from /home/airflow/.local/lib/python3.8/site-packages/airflow/example_dags/tutorial_taskflow_api.py
[2026-03-26T22:50:26.241+0000] {logging_mixin.py:188} INFO - [2026-03-26T22:50:26.241+0000] {dag.py:3036} INFO - Sync 1 DAGs
[2026-03-26T22:50:26.248+0000] {logging_mixin.py:188} INFO - [2026-03-26T22:50:26.248+0000] {dag.py:3823} INFO - Setting next_dagrun for tutorial_taskflow_api to None, run_after=None
[2026-03-26T22:50:26.258+0000] {processor.py:183} INFO - Processing /home/airflow/.local/lib/python3.8/site-packages/airflow/example_dags/tutorial_taskflow_api.py took 0.039 seconds
[2026-03-26T22:50:57.049+0000] {processor.py:161} INFO - Started process (PID=615) to work on /home/airflow/.local/lib/python3.8/site-packages/airflow/example_dags/tutorial_taskflow_api.py
[2026-03-26T22:50:57.050+0000] {processor.py:830} INFO - Processing file /home/airflow/.local/lib/python3.8/site-packages/airflow/example_dags/tutorial_taskflow_api.py for tasks to queue
[2026-03-26T22:50:57.051+0000] {logging_mixin.py:188} INFO - [2026-03-26T22:50:57.051+0000] {dagbag.py:538} INFO - Filling up the DagBag from /home/airflow/.local/lib/python3.8/site-packages/airflow/example_dags/tutorial_taskflow_api.py
[2026-03-26T22:50:57.055+0000] {processor.py:840} INFO - DAG(s) 'tutorial_taskflow_api' retrieved from /home/airflow/.local/lib/python3.8/site-packages/airflow/example_dags/tutorial_taskflow_api.py
[2026-03-26T22:50:57.068+0000] {logging_mixin.py:188} INFO - [2026-03-26T22:50:57.068+0000] {dag.py:3036} INFO - Sync 1 DAGs
[2026-03-26T22:50:57.074+0000] {logging_mixin.py:188} INFO - [2026-03-26T22:50:57.074+0000] {dag.py:3823} INFO - Setting next_dagrun for tutorial_taskflow_api to None, run_after=None
[2026-03-26T22:50:57.086+0000] {processor.py:183} INFO - Processing /home/airflow/.local/lib/python3.8/site-packages/airflow/example_dags/tutorial_taskflow_api.py took 0.039 seconds
[2026-03-26T22:51:27.630+0000] {processor.py:161} INFO - Started process (PID=670) to work on /home/airflow/.local/lib/python3.8/site-packages/airflow/example_dags/tutorial_taskflow_api.py
[2026-03-26T22:51:27.630+0000] {processor.py:830} INFO - Processing file /home/airflow/.local/lib/python3.8/site-packages/airflow/example_dags/tutorial_taskflow_api.py for tasks to queue
[2026-03-26T22:51:27.631+0000] {logging_mixin.py:188} INFO - [2026-03-26T22:51:27.631+0000] {dagbag.py:538} INFO - Filling up the DagBag from /home/airflow/.local/lib/python3.8/site-packages/airflow/example_dags/tutorial_taskflow_api.py
[2026-03-26T22:51:27.636+0000] {processor.py:840} INFO - DAG(s) 'tutorial_taskflow_api' retrieved from /home/airflow/.local/lib/python3.8/site-packages/airflow/example_dags/tutorial_taskflow_api.py
[2026-03-26T22:51:27.649+0000] {logging_mixin.py:188} INFO - [2026-03-26T22:51:27.649+0000] {dag.py:3036} INFO - Sync 1 DAGs
[2026-03-26T22:51:27.656+0000] {logging_mixin.py:188} INFO - [2026-03-26T22:51:27.656+0000] {dag.py:3823} INFO - Setting next_dagrun for tutorial_taskflow_api to None, run_after=None
[2026-03-26T22:51:27.668+0000] {processor.py:183} INFO - Processing /home/airflow/.local/lib/python3.8/site-packages/airflow/example_dags/tutorial_taskflow_api.py took 0.041 seconds
[2026-03-26T22:52:15.624+0000] {processor.py:161} INFO - Started process (PID=61) to work on /home/airflow/.local/lib/python3.8/site-packages/airflow/example_dags/tutorial_taskflow_api.py
[2026-03-26T22:52:15.625+0000] {processor.py:830} INFO - Processing file /home/airflow/.local/lib/python3.8/site-packages/airflow/example_dags/tutorial_taskflow_api.py for tasks to queue
[2026-03-26T22:52:15.627+0000] {logging_mixin.py:188} INFO - [2026-03-26T22:52:15.626+0000] {dagbag.py:538} INFO - Filling up the DagBag from /home/airflow/.local/lib/python3.8/site-packages/airflow/example_dags/tutorial_taskflow_api.py
[2026-03-26T22:52:15.634+0000] {processor.py:840} INFO - DAG(s) 'tutorial_taskflow_api' retrieved from /home/airflow/.local/lib/python3.8/site-packages/airflow/example_dags/tutorial_taskflow_api.py
[2026-03-26T22:52:15.645+0000] {logging_mixin.py:188} INFO - [2026-03-26T22:52:15.645+0000] {dag.py:3036} INFO - Sync 1 DAGs
[2026-03-26T22:52:15.654+0000] {logging_mixin.py:188} INFO - [2026-03-26T22:52:15.654+0000] {dag.py:3823} INFO - Setting next_dagrun for tutorial_taskflow_api to None, run_after=None
[2026-03-26T22:52:15.668+0000] {processor.py:183} INFO - Processing /home/airflow/.local/lib/python3.8/site-packages/airflow/example_dags/tutorial_taskflow_api.py took 0.047 seconds
[2026-03-26T22:52:46.130+0000] {processor.py:161} INFO - Started process (PID=116) to work on /home/airflow/.local/lib/python3.8/site-packages/airflow/example_dags/tutorial_taskflow_api.py
[2026-03-26T22:52:46.131+0000] {processor.py:830} INFO - Processing file /home/airflow/.local/lib/python3.8/site-packages/airflow/example_dags/tutorial_taskflow_api.py for tasks to queue
[2026-03-26T22:52:46.132+0000] {logging_mixin.py:188} INFO - [2026-03-26T22:52:46.132+0000] {dagbag.py:538} INFO - Filling up the DagBag from /home/airflow/.local/lib/python3.8/site-packages/airflow/example_dags/tutorial_taskflow_api.py
[2026-03-26T22:52:46.136+0000] {processor.py:840} INFO - DAG(s) 'tutorial_taskflow_api' retrieved from /home/airflow/.local/lib/python3.8/site-packages/airflow/example_dags/tutorial_taskflow_api.py
[2026-03-26T22:52:46.190+0000] {logging_mixin.py:188} INFO - [2026-03-26T22:52:46.190+0000] {dag.py:3036} INFO - Sync 1 DAGs
[2026-03-26T22:52:46.196+0000] {logging_mixin.py:188} INFO - [2026-03-26T22:52:46.196+0000] {dag.py:3823} INFO - Setting next_dagrun for tutorial_taskflow_api to None, run_after=None
[2026-03-26T22:52:46.206+0000] {processor.py:183} INFO - Processing /home/airflow/.local/lib/python3.8/site-packages/airflow/example_dags/tutorial_taskflow_api.py took 0.078 seconds
[2026-03-26T22:53:16.657+0000] {processor.py:161} INFO - Started process (PID=171) to work on /home/airflow/.local/lib/python3.8/site-packages/airflow/example_dags/tutorial_taskflow_api.py
[2026-03-26T22:53:16.658+0000] {processor.py:830} INFO - Processing file /home/airflow/.local/lib/python3.8/site-packages/airflow/example_dags/tutorial_taskflow_api.py for tasks to queue
[2026-03-26T22:53:16.660+0000] {logging_mixin.py:188} INFO - [2026-03-26T22:53:16.659+0000] {dagbag.py:538} INFO - Filling up the DagBag from /home/airflow/.local/lib/python3.8/site-packages/airflow/example_dags/tutorial_taskflow_api.py
[2026-03-26T22:53:16.666+0000] {processor.py:840} INFO - DAG(s) 'tutorial_taskflow_api' retrieved from /home/airflow/.local/lib/python3.8/site-packages/airflow/example_dags/tutorial_taskflow_api.py
[2026-03-26T22:53:16.681+0000] {logging_mixin.py:188} INFO - [2026-03-26T22:53:16.681+0000] {dag.py:3036} INFO - Sync 1 DAGs
[2026-03-26T22:53:16.690+0000] {logging_mixin.py:188} INFO - [2026-03-26T22:53:16.690+0000] {dag.py:3823} INFO - Setting next_dagrun for tutorial_taskflow_api to None, run_after=None
[2026-03-26T22:53:16.708+0000] {processor.py:183} INFO - Processing /home/airflow/.local/lib/python3.8/site-packages/airflow/example_dags/tutorial_taskflow_api.py took 0.053 seconds
[2026-03-26T22:53:46.992+0000] {processor.py:161} INFO - Started process (PID=226) to work on /home/airflow/.local/lib/python3.8/site-packages/airflow/example_dags/tutorial_taskflow_api.py
[2026-03-26T22:53:46.992+0000] {processor.py:830} INFO - Processing file /home/airflow/.local/lib/python3.8/site-packages/airflow/example_dags/tutorial_taskflow_api.py for tasks to queue
[2026-03-26T22:53:46.994+0000] {logging_mixin.py:188} INFO - [2026-03-26T22:53:46.993+0000] {dagbag.py:538} INFO - Filling up the DagBag from /home/airflow/.local/lib/python3.8/site-packages/airflow/example_dags/tutorial_taskflow_api.py
[2026-03-26T22:53:46.998+0000] {processor.py:840} INFO - DAG(s) 'tutorial_taskflow_api' retrieved from /home/airflow/.local/lib/python3.8/site-packages/airflow/example_dags/tutorial_taskflow_api.py
[2026-03-26T22:53:47.012+0000] {logging_mixin.py:188} INFO - [2026-03-26T22:53:47.012+0000] {dag.py:3036} INFO - Sync 1 DAGs
[2026-03-26T22:53:47.021+0000] {logging_mixin.py:188} INFO - [2026-03-26T22:53:47.020+0000] {dag.py:3823} INFO - Setting next_dagrun for tutorial_taskflow_api to None, run_after=None
[2026-03-26T22:53:47.040+0000] {processor.py:183} INFO - Processing /home/airflow/.local/lib/python3.8/site-packages/airflow/example_dags/tutorial_taskflow_api.py took 0.052 seconds
[2026-03-26T22:54:17.096+0000] {processor.py:161} INFO - Started process (PID=281) to work on /home/airflow/.local/lib/python3.8/site-packages/airflow/example_dags/tutorial_taskflow_api.py
[2026-03-26T22:54:17.097+0000] {processor.py:830} INFO - Processing file /home/airflow/.local/lib/python3.8/site-packages/airflow/example_dags/tutorial_taskflow_api.py for tasks to queue
[2026-03-26T22:54:17.099+0000] {logging_mixin.py:188} INFO - [2026-03-26T22:54:17.099+0000] {dagbag.py:538} INFO - Filling up the DagBag from /home/airflow/.local/lib/python3.8/site-packages/airflow/example_dags/tutorial_taskflow_api.py
[2026-03-26T22:54:17.103+0000] {processor.py:840} INFO - DAG(s) 'tutorial_taskflow_api' retrieved from /home/airflow/.local/lib/python3.8/site-packages/airflow/example_dags/tutorial_taskflow_api.py
[2026-03-26T22:54:17.117+0000] {logging_mixin.py:188} INFO - [2026-03-26T22:54:17.117+0000] {dag.py:3036} INFO - Sync 1 DAGs
[2026-03-26T22:54:17.124+0000] {logging_mixin.py:188} INFO - [2026-03-26T22:54:17.124+0000] {dag.py:3823} INFO - Setting next_dagrun for tutorial_taskflow_api to None, run_after=None
[2026-03-26T22:54:17.135+0000] {processor.py:183} INFO - Processing /home/airflow/.local/lib/python3.8/site-packages/airflow/example_dags/tutorial_taskflow_api.py took 0.041 seconds
[2026-03-26T22:54:47.727+0000] {processor.py:161} INFO - Started process (PID=336) to work on /home/airflow/.local/lib/python3.8/site-packages/airflow/example_dags/tutorial_taskflow_api.py
[2026-03-26T22:54:47.728+0000] {processor.py:830} INFO - Processing file /home/airflow/.local/lib/python3.8/site-packages/airflow/example_dags/tutorial_taskflow_api.py for tasks to queue
[2026-03-26T22:54:47.729+0000] {logging_mixin.py:188} INFO - [2026-03-26T22:54:47.729+0000] {dagbag.py:538} INFO - Filling up the DagBag from /home/airflow/.local/lib/python3.8/site-packages/airflow/example_dags/tutorial_taskflow_api.py
[2026-03-26T22:54:47.733+0000] {processor.py:840} INFO - DAG(s) 'tutorial_taskflow_api' retrieved from /home/airflow/.local/lib/python3.8/site-packages/airflow/example_dags/tutorial_taskflow_api.py
[2026-03-26T22:54:47.747+0000] {logging_mixin.py:188} INFO - [2026-03-26T22:54:47.747+0000] {dag.py:3036} INFO - Sync 1 DAGs
[2026-03-26T22:54:47.754+0000] {logging_mixin.py:188} INFO - [2026-03-26T22:54:47.754+0000] {dag.py:3823} INFO - Setting next_dagrun for tutorial_taskflow_api to None, run_after=None
[2026-03-26T22:54:47.765+0000] {processor.py:183} INFO - Processing /home/airflow/.local/lib/python3.8/site-packages/airflow/example_dags/tutorial_taskflow_api.py took 0.039 seconds
[2026-03-26T22:55:18.294+0000] {processor.py:161} INFO - Started process (PID=391) to work on /home/airflow/.local/lib/python3.8/site-packages/airflow/example_dags/tutorial_taskflow_api.py
[2026-03-26T22:55:18.295+0000] {processor.py:830} INFO - Processing file /home/airflow/.local/lib/python3.8/site-packages/airflow/example_dags/tutorial_taskflow_api.py for tasks to queue
[2026-03-26T22:55:18.296+0000] {logging_mixin.py:188} INFO - [2026-03-26T22:55:18.296+0000] {dagbag.py:538} INFO - Filling up the DagBag from /home/airflow/.local/lib/python3.8/site-packages/airflow/example_dags/tutorial_taskflow_api.py
[2026-03-26T22:55:18.300+0000] {processor.py:840} INFO - DAG(s) 'tutorial_taskflow_api' retrieved from /home/airflow/.local/lib/python3.8/site-packages/airflow/example_dags/tutorial_taskflow_api.py
[2026-03-26T22:55:18.315+0000] {logging_mixin.py:188} INFO - [2026-03-26T22:55:18.315+0000] {dag.py:3036} INFO - Sync 1 DAGs
[2026-03-26T22:55:18.322+0000] {logging_mixin.py:188} INFO - [2026-03-26T22:55:18.322+0000] {dag.py:3823} INFO - Setting next_dagrun for tutorial_taskflow_api to None, run_after=None
[2026-03-26T22:55:18.334+0000] {processor.py:183} INFO - Processing /home/airflow/.local/lib/python3.8/site-packages/airflow/example_dags/tutorial_taskflow_api.py took 0.043 seconds
[2026-03-26T22:55:48.859+0000] {processor.py:161} INFO - Started process (PID=446) to work on /home/airflow/.local/lib/python3.8/site-packages/airflow/example_dags/tutorial_taskflow_api.py
[2026-03-26T22:55:48.860+0000] {processor.py:830} INFO - Processing file /home/airflow/.local/lib/python3.8/site-packages/airflow/example_dags/tutorial_taskflow_api.py for tasks to queue
[2026-03-26T22:55:48.861+0000] {logging_mixin.py:188} INFO - [2026-03-26T22:55:48.861+0000] {dagbag.py:538} INFO - Filling up the DagBag from /home/airflow/.local/lib/python3.8/site-packages/airflow/example_dags/tutorial_taskflow_api.py
[2026-03-26T22:55:48.867+0000] {processor.py:840} INFO - DAG(s) 'tutorial_taskflow_api' retrieved from /home/airflow/.local/lib/python3.8/site-packages/airflow/example_dags/tutorial_taskflow_api.py
[2026-03-26T22:55:48.881+0000] {logging_mixin.py:188} INFO - [2026-03-26T22:55:48.881+0000] {dag.py:3036} INFO - Sync 1 DAGs
[2026-03-26T22:55:48.889+0000] {logging_mixin.py:188} INFO - [2026-03-26T22:55:48.889+0000] {dag.py:3823} INFO - Setting next_dagrun for tutorial_taskflow_api to None, run_after=None
[2026-03-26T22:55:48.902+0000] {processor.py:183} INFO - Processing /home/airflow/.local/lib/python3.8/site-packages/airflow/example_dags/tutorial_taskflow_api.py took 0.045 seconds
[2026-03-26T22:56:19.591+0000] {processor.py:161} INFO - Started process (PID=500) to work on /home/airflow/.local/lib/python3.8/site-packages/airflow/example_dags/tutorial_taskflow_api.py
[2026-03-26T22:56:19.592+0000] {processor.py:830} INFO - Processing file /home/airflow/.local/lib/python3.8/site-packages/airflow/example_dags/tutorial_taskflow_api.py for tasks to queue
[2026-03-26T22:56:19.593+0000] {logging_mixin.py:188} INFO - [2026-03-26T22:56:19.593+0000] {dagbag.py:538} INFO - Filling up the DagBag from /home/airflow/.local/lib/python3.8/site-packages/airflow/example_dags/tutorial_taskflow_api.py
[2026-03-26T22:56:19.597+0000] {processor.py:840} INFO - DAG(s) 'tutorial_taskflow_api' retrieved from /home/airflow/.local/lib/python3.8/site-packages/airflow/example_dags/tutorial_taskflow_api.py
[2026-03-26T22:56:19.611+0000] {logging_mixin.py:188} INFO - [2026-03-26T22:56:19.611+0000] {dag.py:3036} INFO - Sync 1 DAGs
[2026-03-26T22:56:19.618+0000] {logging_mixin.py:188} INFO - [2026-03-26T22:56:19.618+0000] {dag.py:3823} INFO - Setting next_dagrun for tutorial_taskflow_api to None, run_after=None
[2026-03-26T22:56:19.630+0000] {processor.py:183} INFO - Processing /home/airflow/.local/lib/python3.8/site-packages/airflow/example_dags/tutorial_taskflow_api.py took 0.042 seconds
[2026-03-26T22:56:50.267+0000] {processor.py:161} INFO - Started process (PID=555) to work on /home/airflow/.local/lib/python3.8/site-packages/airflow/example_dags/tutorial_taskflow_api.py
[2026-03-26T22:56:50.268+0000] {processor.py:830} INFO - Processing file /home/airflow/.local/lib/python3.8/site-packages/airflow/example_dags/tutorial_taskflow_api.py for tasks to queue
[2026-03-26T22:56:50.269+0000] {logging_mixin.py:188} INFO - [2026-03-26T22:56:50.269+0000] {dagbag.py:538} INFO - Filling up the DagBag from /home/airflow/.local/lib/python3.8/site-packages/airflow/example_dags/tutorial_taskflow_api.py
[2026-03-26T22:56:50.273+0000] {processor.py:840} INFO - DAG(s) 'tutorial_taskflow_api' retrieved from /home/airflow/.local/lib/python3.8/site-packages/airflow/example_dags/tutorial_taskflow_api.py
[2026-03-26T22:56:50.286+0000] {logging_mixin.py:188} INFO - [2026-03-26T22:56:50.286+0000] {dag.py:3036} INFO - Sync 1 DAGs
[2026-03-26T22:56:50.293+0000] {logging_mixin.py:188} INFO - [2026-03-26T22:56:50.292+0000] {dag.py:3823} INFO - Setting next_dagrun for tutorial_taskflow_api to None, run_after=None
[2026-03-26T22:56:50.303+0000] {processor.py:183} INFO - Processing /home/airflow/.local/lib/python3.8/site-packages/airflow/example_dags/tutorial_taskflow_api.py took 0.038 seconds
[2026-03-26T22:57:20.863+0000] {processor.py:161} INFO - Started process (PID=610) to work on /home/airflow/.local/lib/python3.8/site-packages/airflow/example_dags/tutorial_taskflow_api.py
[2026-03-26T22:57:20.864+0000] {processor.py:830} INFO - Processing file /home/airflow/.local/lib/python3.8/site-packages/airflow/example_dags/tutorial_taskflow_api.py for tasks to queue
[2026-03-26T22:57:20.865+0000] {logging_mixin.py:188} INFO - [2026-03-26T22:57:20.865+0000] {dagbag.py:538} INFO - Filling up the DagBag from /home/airflow/.local/lib/python3.8/site-packages/airflow/example_dags/tutorial_taskflow_api.py
[2026-03-26T22:57:20.870+0000] {processor.py:840} INFO - DAG(s) 'tutorial_taskflow_api' retrieved from /home/airflow/.local/lib/python3.8/site-packages/airflow/example_dags/tutorial_taskflow_api.py
[2026-03-26T22:57:20.883+0000] {logging_mixin.py:188} INFO - [2026-03-26T22:57:20.883+0000] {dag.py:3036} INFO - Sync 1 DAGs
[2026-03-26T22:57:20.890+0000] {logging_mixin.py:188} INFO - [2026-03-26T22:57:20.890+0000] {dag.py:3823} INFO - Setting next_dagrun for tutorial_taskflow_api to None, run_after=None
[2026-03-26T22:57:20.901+0000] {processor.py:183} INFO - Processing /home/airflow/.local/lib/python3.8/site-packages/airflow/example_dags/tutorial_taskflow_api.py took 0.040 seconds
[2026-03-26T22:57:51.565+0000] {processor.py:161} INFO - Started process (PID=665) to work on /home/airflow/.local/lib/python3.8/site-packages/airflow/example_dags/tutorial_taskflow_api.py
[2026-03-26T22:57:51.566+0000] {processor.py:830} INFO - Processing file /home/airflow/.local/lib/python3.8/site-packages/airflow/example_dags/tutorial_taskflow_api.py for tasks to queue
[2026-03-26T22:57:51.567+0000] {logging_mixin.py:188} INFO - [2026-03-26T22:57:51.567+0000] {dagbag.py:538} INFO - Filling up the DagBag from /home/airflow/.local/lib/python3.8/site-packages/airflow/example_dags/tutorial_taskflow_api.py
[2026-03-26T22:57:51.572+0000] {processor.py:840} INFO - DAG(s) 'tutorial_taskflow_api' retrieved from /home/airflow/.local/lib/python3.8/site-packages/airflow/example_dags/tutorial_taskflow_api.py
[2026-03-26T22:57:51.585+0000] {logging_mixin.py:188} INFO - [2026-03-26T22:57:51.585+0000] {dag.py:3036} INFO - Sync 1 DAGs
[2026-03-26T22:57:51.593+0000] {logging_mixin.py:188} INFO - [2026-03-26T22:57:51.593+0000] {dag.py:3823} INFO - Setting next_dagrun for tutorial_taskflow_api to None, run_after=None
[2026-03-26T22:57:51.604+0000] {processor.py:183} INFO - Processing /home/airflow/.local/lib/python3.8/site-packages/airflow/example_dags/tutorial_taskflow_api.py took 0.041 seconds
[2026-03-26T22:58:22.130+0000] {processor.py:161} INFO - Started process (PID=720) to work on /home/airflow/.local/lib/python3.8/site-packages/airflow/example_dags/tutorial_taskflow_api.py
[2026-03-26T22:58:22.131+0000] {processor.py:830} INFO - Processing file /home/airflow/.local/lib/python3.8/site-packages/airflow/example_dags/tutorial_taskflow_api.py for tasks to queue
[2026-03-26T22:58:22.132+0000] {logging_mixin.py:188} INFO - [2026-03-26T22:58:22.132+0000] {dagbag.py:538} INFO - Filling up the DagBag from /home/airflow/.local/lib/python3.8/site-packages/airflow/example_dags/tutorial_taskflow_api.py
[2026-03-26T22:58:22.137+0000] {processor.py:840} INFO - DAG(s) 'tutorial_taskflow_api' retrieved from /home/airflow/.local/lib/python3.8/site-packages/airflow/example_dags/tutorial_taskflow_api.py
[2026-03-26T22:58:22.150+0000] {logging_mixin.py:188} INFO - [2026-03-26T22:58:22.150+0000] {dag.py:3036} INFO - Sync 1 DAGs
[2026-03-26T22:58:22.157+0000] {logging_mixin.py:188} INFO - [2026-03-26T22:58:22.157+0000] {dag.py:3823} INFO - Setting next_dagrun for tutorial_taskflow_api to None, run_after=None
[2026-03-26T22:58:22.169+0000] {processor.py:183} INFO - Processing /home/airflow/.local/lib/python3.8/site-packages/airflow/example_dags/tutorial_taskflow_api.py took 0.042 seconds
